
[22:39:18.265] ------------------------------
[22:39:18.306] MelonLoader v0.7.0 Open-Beta
[22:39:18.307] OS: Windows 11
[22:39:18.308] Hash Code: F2DCA88FB1569FD6750096CED35BBB808C50BA273E0D295347A24385B0B764CA
[22:39:18.308] ------------------------------
[22:39:18.310] Game Type: MonoBleedingEdge
[22:39:18.311] Game Arch: x64
[22:39:18.311] ------------------------------
[22:39:18.311] Command-Line: 
[22:39:18.312] ------------------------------
[22:39:18.313] Core::BasePath = C:\Users\Pytho\Projects\SDFrameStatsMod\StellarDrive_0.6.5
[22:39:18.313] Game::BasePath = C:\Users\Pytho\Projects\SDFrameStatsMod\StellarDrive_0.6.5
[22:39:18.321] Game::DataPath = C:\Users\Pytho\Projects\SDFrameStatsMod\StellarDrive_0.6.5\StellarDrive_Data
[22:39:18.322] Game::ApplicationPath = C:\Users\Pytho\Projects\SDFrameStatsMod\StellarDrive_0.6.5\StellarDrive.exe
[22:39:18.322] Runtime Type: net35
[22:39:18.462] ------------------------------
[22:39:18.463] Game Name: StellarDrive
[22:39:18.464] Game Developer: CuriousOwlGames
[22:39:18.467] Unity Version: 2022.3.11f1
[22:39:18.467] Game Version: UNKNOWN
[22:39:18.468] ------------------------------

[22:39:18.916] Preferences Loaded!

[22:39:18.952] Loading UserLibs...
[22:39:19.155] ------------------------------
[22:39:19.162] Melon Assembly loaded: '.\UserLibs\HidSharp.dll'
[22:39:19.163] SHA256 Hash: '61EB2E22A5620D789A23D389F1AF9D38FAFF4D85F46ADEDBC28FB22CFEC61BF9'
[22:39:19.175] Melon Assembly loaded: '.\UserLibs\LibreHardwareMonitorLib.dll'
[22:39:19.176] SHA256 Hash: '99B39B0B0AC865C38A33DFF7DEE080FF17AAC3337B2332812CA2D7BB13C89460'
[22:39:19.177] Melon Assembly loaded: '.\UserLibs\Microsoft.Win32.Registry.dll'
[22:39:19.178] SHA256 Hash: 'D641EB0065BD5CDB541C5BF0D2FF976720D35D62416AB959727651ABF0ABA2CA'
[22:39:19.179] Melon Assembly loaded: '.\UserLibs\System.Buffers.dll'
[22:39:19.179] SHA256 Hash: 'C65FFF603B283DC966D1A8B730C11D5E5E750E8021BD24640612F6CC3F2C6FB7'
[22:39:19.183] Melon Assembly loaded: '.\UserLibs\System.CodeDom.dll'
[22:39:19.183] SHA256 Hash: 'CF18C822A341A3932FC8C08D7F21BF015F7E3C2696619560C94B63629341376A'
[22:39:19.185] Melon Assembly loaded: '.\UserLibs\System.IO.FileSystem.AccessControl.dll'
[22:39:19.185] SHA256 Hash: 'D2D6CD3FEF822959B68A68A6AF6096963BBE6493D90E16F0AF65FEDE25D85F32'
[22:39:19.188] Melon Assembly loaded: '.\UserLibs\System.IO.Ports.dll'
[22:39:19.188] SHA256 Hash: 'B1ECEF838C8B833BE76D1EF75AD8A0B1FAD805FC951136C9E5256FD3CF15FC1B'
[22:39:19.190] Melon Assembly loaded: '.\UserLibs\System.Management.dll'
[22:39:19.191] SHA256 Hash: '205BF789DD38D8ABC5FDC9CD8653469400ED9D6386B07384609848B9C95D7721'
[22:39:19.194] Melon Assembly loaded: '.\UserLibs\System.Memory.dll'
[22:39:19.194] SHA256 Hash: 'D2E3949FCF3A3B3A20BB9A568A4DA582D9A90D64F34C0BDC07C9029BFE8F1858'
[22:39:19.198] Melon Assembly loaded: '.\UserLibs\System.Numerics.Vectors.dll'
[22:39:19.200] SHA256 Hash: '2324EE5A35674269225E2AA20957CE8830DBCA0CFFB918BD593F7A3222DEE480'
[22:39:19.202] Melon Assembly loaded: '.\UserLibs\System.Runtime.CompilerServices.Unsafe.dll'
[22:39:19.202] SHA256 Hash: 'BFC8F02A96934786CA5A0514A3B657021C12542E215E94B78FDCC74BFEFFE3D3'
[22:39:19.204] Melon Assembly loaded: '.\UserLibs\System.Security.AccessControl.dll'
[22:39:19.205] SHA256 Hash: '93084849C17A21F641C13C9F17545CFE18C1EC097561F3F0EBBBE26F358BA120'
[22:39:19.207] Melon Assembly loaded: '.\UserLibs\System.Security.Principal.Windows.dll'
[22:39:19.207] SHA256 Hash: '7828DFD952A9FD49404477BAFF714849177D9F18C0654ADAFADBDCAFB4B21F47'
[22:39:19.246] Melon Assembly loaded: '.\UserLibs\UniverseLib.Mono.dll'
[22:39:19.246] SHA256 Hash: '3B10913FFEAC9A0744583F0BB18218A5CFAFCBA467A7F9F99FA731E801A5A880'
[22:39:19.247] ------------------------------
[22:39:19.248] 0 UserLibs loaded.

[22:39:19.248] Loading Plugins...
[22:39:19.250] 0 Plugins loaded.


[22:39:20.814] Loading Mods...
[22:39:20.825] ------------------------------
[22:39:20.828] Melon Assembly loaded: '.\Mods\FrameStats.dll'
[22:39:20.828] SHA256 Hash: '52BDEAFF9105149CBBC6B4DD9B677669C7A7CD14F0C292FC3665041B88A56882'
[22:39:20.866] Melon Assembly loaded: '.\Mods\UnityExplorer.ML.Mono.dll'
[22:39:20.866] SHA256 Hash: '7E6C95C5F0DB2D6B22F506AAD4D268A96250BD64D8E259B7E4073106250F36D2'

[22:39:20.928] ------------------------------
[22:39:20.929] FrameStats v1.0.0
[22:39:20.930] by oneshade
[22:39:20.930] Assembly: FrameStats.dll
[22:39:20.931] ------------------------------
[22:39:20.933] ------------------------------
[22:39:20.933] UnityExplorer v4.9.0
[22:39:20.933] by Sinai
[22:39:20.934] Assembly: UnityExplorer.ML.Mono.dll
[22:39:20.934] ------------------------------
[22:39:20.937] ------------------------------
[22:39:20.937] 2 Mods loaded.

[22:39:20.950] Support Module Loaded: C:\Users\Pytho\Projects\SDFrameStatsMod\StellarDrive_0.6.5\MelonLoader\Dependencies\SupportModules\Mono.dll
[22:39:20.969] [FrameStats] melon initialized
[22:39:23.881] [FrameStats] Hardware: Intel Core i9-14900HX
[22:39:23.885] [FrameStats] 	Sensor: CPU Core #1 Thread #1, value: 13.00424
[22:39:23.886] [FrameStats] 	Sensor: CPU Core #1 Thread #2, value: 31.20611
[22:39:23.886] [FrameStats] 	Sensor: CPU Core #2 Thread #1, value: 27.57901
[22:39:23.886] [FrameStats] 	Sensor: CPU Core #2 Thread #2, value: 0
[22:39:23.886] [FrameStats] 	Sensor: CPU Core #3 Thread #1, value: 6.402141
[22:39:23.887] [FrameStats] 	Sensor: CPU Core #3 Thread #2, value: 0
[22:39:23.888] [FrameStats] 	Sensor: CPU Core #4 Thread #1, value: 0
[22:39:23.888] [FrameStats] 	Sensor: CPU Core #4 Thread #2, value: 0
[22:39:23.888] [FrameStats] 	Sensor: CPU Core #5 Thread #1, value: 0
[22:39:23.888] [FrameStats] 	Sensor: CPU Core #5 Thread #2, value: 32.91768
[22:39:23.889] [FrameStats] 	Sensor: CPU Core #6 Thread #1, value: 30.63445
[22:39:23.889] [FrameStats] 	Sensor: CPU Core #6 Thread #2, value: 0
[22:39:23.889] [FrameStats] 	Sensor: CPU Core #7 Thread #1, value: 0
[22:39:23.889] [FrameStats] 	Sensor: CPU Core #7 Thread #2, value: 0
[22:39:23.890] [FrameStats] 	Sensor: CPU Core #8 Thread #1, value: 0
[22:39:23.890] [FrameStats] 	Sensor: CPU Core #8 Thread #2, value: 0
[22:39:23.890] [FrameStats] 	Sensor: CPU Core #9, value: 0
[22:39:23.890] [FrameStats] 	Sensor: CPU Core #10, value: 0
[22:39:23.890] [FrameStats] 	Sensor: CPU Core #11, value: 0
[22:39:23.890] [FrameStats] 	Sensor: CPU Core #12, value: 0
[22:39:23.890] [FrameStats] 	Sensor: CPU Core #13, value: 0
[22:39:23.890] [FrameStats] 	Sensor: CPU Core #14, value: 10.37375
[22:39:23.890] [FrameStats] 	Sensor: CPU Core #15, value: 6.798959
[22:39:23.890] [FrameStats] 	Sensor: CPU Core #16, value: 0
[22:39:23.890] [FrameStats] 	Sensor: CPU Core #17, value: 0
[22:39:23.890] [FrameStats] 	Sensor: CPU Core #18, value: 0
[22:39:23.890] [FrameStats] 	Sensor: CPU Core #19, value: 0
[22:39:23.890] [FrameStats] 	Sensor: CPU Core #20, value: 0
[22:39:23.891] [FrameStats] 	Sensor: CPU Core #21, value: 0
[22:39:23.891] [FrameStats] 	Sensor: CPU Core #22, value: 0
[22:39:23.891] [FrameStats] 	Sensor: CPU Core #23, value: 0
[22:39:23.891] [FrameStats] 	Sensor: CPU Core #24, value: 0
[22:39:23.891] [FrameStats] 	Sensor: CPU Total, value: 0
[22:39:23.891] [FrameStats] 	Sensor: CPU Core Max, value: 32.91768
[22:39:23.891] [FrameStats] 	Sensor: Core Max, value: 
[22:39:23.891] [FrameStats] 	Sensor: Core Average, value: 
[22:39:23.891] [FrameStats] 	Sensor: CPU Core #1, value: 
[22:39:23.891] [FrameStats] 	Sensor: CPU Core #2, value: 
[22:39:23.891] [FrameStats] 	Sensor: CPU Core #3, value: 
[22:39:23.891] [FrameStats] 	Sensor: CPU Core #4, value: 
[22:39:23.891] [FrameStats] 	Sensor: CPU Core #5, value: 
[22:39:23.892] [FrameStats] 	Sensor: CPU Core #6, value: 
[22:39:23.892] [FrameStats] 	Sensor: CPU Core #7, value: 
[22:39:23.892] [FrameStats] 	Sensor: CPU Core #8, value: 
[22:39:23.892] [FrameStats] 	Sensor: CPU Core #9, value: 
[22:39:23.892] [FrameStats] 	Sensor: CPU Core #10, value: 
[22:39:23.893] [FrameStats] 	Sensor: CPU Core #11, value: 
[22:39:23.893] [FrameStats] 	Sensor: CPU Core #12, value: 
[22:39:23.893] [FrameStats] 	Sensor: CPU Core #13, value: 
[22:39:23.893] [FrameStats] 	Sensor: CPU Core #14, value: 
[22:39:23.894] [FrameStats] 	Sensor: CPU Core #15, value: 
[22:39:23.894] [FrameStats] 	Sensor: CPU Core #16, value: 
[22:39:23.894] [FrameStats] 	Sensor: CPU Core #17, value: 
[22:39:23.894] [FrameStats] 	Sensor: CPU Core #18, value: 
[22:39:23.894] [FrameStats] 	Sensor: CPU Core #19, value: 
[22:39:23.894] [FrameStats] 	Sensor: CPU Core #20, value: 
[22:39:23.894] [FrameStats] 	Sensor: CPU Core #21, value: 
[22:39:23.894] [FrameStats] 	Sensor: CPU Core #22, value: 
[22:39:23.894] [FrameStats] 	Sensor: CPU Core #23, value: 
[22:39:23.894] [FrameStats] 	Sensor: CPU Core #24, value: 
[22:39:23.895] [FrameStats] 	Sensor: CPU Package, value: 
[22:39:23.895] [FrameStats] 	Sensor: CPU Core #1 Distance to TjMax, value: 
[22:39:23.895] [FrameStats] 	Sensor: CPU Core #2 Distance to TjMax, value: 
[22:39:23.895] [FrameStats] 	Sensor: CPU Core #3 Distance to TjMax, value: 
[22:39:23.895] [FrameStats] 	Sensor: CPU Core #4 Distance to TjMax, value: 
[22:39:23.895] [FrameStats] 	Sensor: CPU Core #5 Distance to TjMax, value: 
[22:39:23.895] [FrameStats] 	Sensor: CPU Core #6 Distance to TjMax, value: 
[22:39:23.895] [FrameStats] 	Sensor: CPU Core #7 Distance to TjMax, value: 
[22:39:23.895] [FrameStats] 	Sensor: CPU Core #8 Distance to TjMax, value: 
[22:39:23.895] [FrameStats] 	Sensor: CPU Core #9 Distance to TjMax, value: 
[22:39:23.895] [FrameStats] 	Sensor: CPU Core #10 Distance to TjMax, value: 
[22:39:23.895] [FrameStats] 	Sensor: CPU Core #11 Distance to TjMax, value: 
[22:39:23.895] [FrameStats] 	Sensor: CPU Core #12 Distance to TjMax, value: 
[22:39:23.895] [FrameStats] 	Sensor: CPU Core #13 Distance to TjMax, value: 
[22:39:23.895] [FrameStats] 	Sensor: CPU Core #14 Distance to TjMax, value: 
[22:39:23.896] [FrameStats] 	Sensor: CPU Core #15 Distance to TjMax, value: 
[22:39:23.896] [FrameStats] 	Sensor: CPU Core #16 Distance to TjMax, value: 
[22:39:23.896] [FrameStats] 	Sensor: CPU Core #17 Distance to TjMax, value: 
[22:39:23.896] [FrameStats] 	Sensor: CPU Core #18 Distance to TjMax, value: 
[22:39:23.896] [FrameStats] 	Sensor: CPU Core #19 Distance to TjMax, value: 
[22:39:23.896] [FrameStats] 	Sensor: CPU Core #20 Distance to TjMax, value: 
[22:39:23.896] [FrameStats] 	Sensor: CPU Core #21 Distance to TjMax, value: 
[22:39:23.896] [FrameStats] 	Sensor: CPU Core #22 Distance to TjMax, value: 
[22:39:23.896] [FrameStats] 	Sensor: CPU Core #23 Distance to TjMax, value: 
[22:39:23.896] [FrameStats] 	Sensor: CPU Core #24 Distance to TjMax, value: 
[22:39:23.896] [FrameStats] 	Sensor: CPU Core #1, value: 
[22:39:23.896] [FrameStats] 	Sensor: CPU Core #2, value: 
[22:39:23.896] [FrameStats] 	Sensor: CPU Core #3, value: 
[22:39:23.897] [FrameStats] 	Sensor: CPU Core #4, value: 
[22:39:23.897] [FrameStats] 	Sensor: CPU Core #5, value: 
[22:39:23.897] [FrameStats] 	Sensor: CPU Core #6, value: 
[22:39:23.897] [FrameStats] 	Sensor: CPU Core #7, value: 
[22:39:23.897] [FrameStats] 	Sensor: CPU Core #8, value: 
[22:39:23.897] [FrameStats] 	Sensor: CPU Core #9, value: 
[22:39:23.897] [FrameStats] 	Sensor: CPU Core #10, value: 
[22:39:23.897] [FrameStats] 	Sensor: CPU Core #11, value: 
[22:39:23.897] [FrameStats] 	Sensor: CPU Core #12, value: 
[22:39:23.897] [FrameStats] 	Sensor: CPU Core #13, value: 
[22:39:23.898] [FrameStats] 	Sensor: CPU Core #14, value: 
[22:39:23.898] [FrameStats] 	Sensor: CPU Core #15, value: 
[22:39:23.898] [FrameStats] 	Sensor: CPU Core #16, value: 
[22:39:23.898] [FrameStats] 	Sensor: CPU Core #17, value: 
[22:39:23.898] [FrameStats] 	Sensor: CPU Core #18, value: 
[22:39:23.898] [FrameStats] 	Sensor: CPU Core #19, value: 
[22:39:23.898] [FrameStats] 	Sensor: CPU Core #20, value: 
[22:39:23.898] [FrameStats] 	Sensor: CPU Core #21, value: 
[22:39:23.898] [FrameStats] 	Sensor: CPU Core #22, value: 
[22:39:23.898] [FrameStats] 	Sensor: CPU Core #23, value: 
[22:39:23.898] [FrameStats] 	Sensor: CPU Core #24, value: 
[22:39:23.898] [FrameStats] Hardware: Generic Memory
[22:39:23.899] [FrameStats] 	Sensor: Memory Used, value: 16.75449
[22:39:23.899] [FrameStats] 	Sensor: Memory Available, value: 14.96022
[22:39:23.899] [FrameStats] 	Sensor: Memory, value: 52.82876
[22:39:23.899] [FrameStats] 	Sensor: Virtual Memory Used, value: 34.07892
[22:39:23.900] [FrameStats] 	Sensor: Virtual Memory Available, value: 9.135796
[22:39:23.900] [FrameStats] 	Sensor: Virtual Memory, value: 78.85953
[22:39:23.900] [FrameStats] Hardware: NVIDIA GeForce RTX 4070 Laptop GPU
[22:39:23.900] [FrameStats] 	Sensor: GPU Core, value: 39
[22:39:23.901] [FrameStats] 	Sensor: GPU Core, value: 210
[22:39:23.901] [FrameStats] 	Sensor: GPU Memory, value: 405
[22:39:23.902] [FrameStats] 	Sensor: GPU Core, value: 0
[22:39:23.902] [FrameStats] 	Sensor: GPU Memory Controller, value: 0
[22:39:23.902] [FrameStats] 	Sensor: GPU Video Engine, value: 0
[22:39:23.908] [FrameStats] 	Sensor: GPU Bus, value: 0
[22:39:23.908] [FrameStats] 	Sensor: D3D Dedicated Memory Used, value: 482.3789
[22:39:23.908] [FrameStats] 	Sensor: D3D Shared Memory Used, value: 94.16797
[22:39:23.909] [FrameStats] 	Sensor: D3D 3D, value: 0
[22:39:23.909] [FrameStats] 	Sensor: D3D Overlay, value: 0
[22:39:23.909] [FrameStats] 	Sensor: D3D Video Decode, value: 0
[22:39:23.909] [FrameStats] 	Sensor: D3D Copy, value: 0
[22:39:23.909] [FrameStats] 	Sensor: D3D Copy, value: 0
[22:39:23.909] [FrameStats] 	Sensor: D3D Security, value: 0
[22:39:23.909] [FrameStats] 	Sensor: D3D Video Encode, value: 0
[22:39:23.910] [FrameStats] 	Sensor: D3D Video Processing, value: 0
[22:39:23.910] [FrameStats] 	Sensor: D3D VR, value: 0
[22:39:23.910] [FrameStats] 	Sensor: GPU Hot Spot, value: 46.5
[22:39:23.910] [FrameStats] 	Sensor: GPU Memory Total, value: 8188
[22:39:23.910] [FrameStats] 	Sensor: GPU Memory Free, value: 7470
[22:39:23.910] [FrameStats] 	Sensor: GPU Memory Used, value: 717
[22:39:23.911] [FrameStats] 	Sensor: GPU Memory, value: 8.760438
[22:39:23.911] [FrameStats] 	Sensor: GPU Package, value: 2.601
[22:39:23.911] [FrameStats] 	Sensor: GPU PCIe Rx, value: 0
[22:39:23.911] [FrameStats] 	Sensor: GPU PCIe Tx, value: 0
[22:39:23.912] [FrameStats] Hardware: Intel(R) UHD Graphics
[22:39:23.912] [FrameStats] 	Sensor: D3D Shared Memory Total, value: 16237.93
[22:39:23.912] [FrameStats] 	Sensor: D3D Shared Memory Free, value: 
[22:39:23.912] [FrameStats] 	Sensor: D3D Shared Memory Used, value: 1314.879
[22:39:23.913] [FrameStats] 	Sensor: D3D 3D, value: 0.376287
[22:39:23.913] [FrameStats] 	Sensor: D3D Video Decode, value: 0
[22:39:23.913] [FrameStats] 	Sensor: D3D Copy, value: 0
[22:39:23.914] [FrameStats] 	Sensor: D3D Video Processing, value: 0
[22:39:23.914] [FrameStats] 	Sensor: D3D Video Decode, value: 0
[22:39:23.914] [FrameStats] 	Sensor: D3D Other, value: 0
[22:39:23.915] [FrameStats] 	Sensor: D3D Other, value: 0
[22:39:23.915] [FrameStats] 	Sensor: D3D Other, value: 0
[22:39:23.915] [FrameStats] 	Sensor: D3D Other, value: 0
[22:39:23.915] [FrameStats] 	Sensor: D3D Other, value: 0
[22:39:23.916] [FrameStats] 	Sensor: D3D GDI Render, value: 0
[22:39:23.916] [FrameStats] 	Sensor: D3D Other, value: 0
[22:39:23.916] [FrameStats] 	Sensor: D3D Other, value: 0
[22:39:23.917] [FrameStats] Hardware: L23M4PC3 
[22:39:23.917] [FrameStats] 	Sensor: Designed Capacity, value: 99900
[22:39:23.917] [FrameStats] 	Sensor: Fully-Charged Capacity, value: 98670
[22:39:23.918] [FrameStats] 	Sensor: Degradation Level, value: 1.231231
[22:39:23.924] [FrameStats] 	Sensor: Remaining Capacity, value: 8650
[22:39:23.925] [FrameStats] 	Sensor: Charge Level, value: 8.766596
[22:39:23.925] [FrameStats] 	Sensor: Voltage, value: 14.167
[22:39:23.925] [FrameStats] 	Sensor: Discharge Current, value: 2.319969
[22:39:23.925] [FrameStats] 	Sensor: Discharge Rate, value: 32.867
[22:39:23.926] [FrameStats] 	Sensor: Remaining Time (Estimated), value: 947
[22:39:23.949] [UnityExplorer] UnityExplorer 4.9.0 initializing...
[22:39:23.985] [UnityExplorer] [UniverseLib] UniverseLib 1.5.1 initializing...
[22:39:24.646] [UnityExplorer] [UniverseLib] Finished UniverseLib initial setup.
[22:39:24.655] [UnityExplorer] Initialized UnityCrashPrevention for: Canvas.get_renderingDisplaySize
[22:39:27.342] [FrameStats] scene MainMenu loaded, index 0
[22:39:29.101] [UnityExplorer] [UniverseLib] Initialized new InputSystem support.
[22:39:29.209] [UnityExplorer] [UniverseLib] Loaded modern bundle for Unity 2022.3.11f1
[22:39:29.244] [UnityExplorer] [UniverseLib] UniverseLib 1.5.1 initialized.
[22:39:29.246] [UnityExplorer] Creating UI...
[22:39:30.162] [UnityExplorer] UnityExplorer 4.9.0 (Mono) initialized.
[22:40:01.673] Preferences Saved!
