
[15:38:38.182] ------------------------------
[15:38:38.206] MelonLoader v0.7.0 Open-Beta
[15:38:38.207] OS: Windows 11
[15:38:38.207] Hash Code: F2DCA88FB1569FD6750096CED35BBB808C50BA273E0D295347A24385B0B764CA
[15:38:38.207] ------------------------------
[15:38:38.208] Game Type: MonoBleedingEdge
[15:38:38.209] Game Arch: x64
[15:38:38.209] ------------------------------
[15:38:38.209] Command-Line: 
[15:38:38.209] ------------------------------
[15:38:38.210] Core::BasePath = C:\Users\Pytho\Projects\SDFrameStatsMod\StellarDrive_0.6.5
[15:38:38.210] Game::BasePath = C:\Users\Pytho\Projects\SDFrameStatsMod\StellarDrive_0.6.5
[15:38:38.211] Game::DataPath = C:\Users\Pytho\Projects\SDFrameStatsMod\StellarDrive_0.6.5\StellarDrive_Data
[15:38:38.211] Game::ApplicationPath = C:\Users\Pytho\Projects\SDFrameStatsMod\StellarDrive_0.6.5\StellarDrive.exe
[15:38:38.211] Runtime Type: net35
[15:38:38.279] ------------------------------
[15:38:38.280] Game Name: StellarDrive
[15:38:38.280] Game Developer: CuriousOwlGames
[15:38:38.282] Unity Version: 2022.3.11f1
[15:38:38.282] Game Version: UNKNOWN
[15:38:38.282] ------------------------------

[15:38:38.530] Preferences Loaded!

[15:38:38.551] Loading UserLibs...
[15:38:38.569] ------------------------------
[15:38:38.573] Melon Assembly loaded: '.\UserLibs\HidSharp.dll'
[15:38:38.574] SHA256 Hash: '61EB2E22A5620D789A23D389F1AF9D38FAFF4D85F46ADEDBC28FB22CFEC61BF9'
[15:38:38.580] Melon Assembly loaded: '.\UserLibs\LibreHardwareMonitorLib.dll'
[15:38:38.580] SHA256 Hash: '99B39B0B0AC865C38A33DFF7DEE080FF17AAC3337B2332812CA2D7BB13C89460'
[15:38:38.581] Melon Assembly loaded: '.\UserLibs\Microsoft.Win32.Registry.dll'
[15:38:38.581] SHA256 Hash: 'D641EB0065BD5CDB541C5BF0D2FF976720D35D62416AB959727651ABF0ABA2CA'
[15:38:38.582] Melon Assembly loaded: '.\UserLibs\System.Buffers.dll'
[15:38:38.582] SHA256 Hash: 'C65FFF603B283DC966D1A8B730C11D5E5E750E8021BD24640612F6CC3F2C6FB7'
[15:38:38.584] Melon Assembly loaded: '.\UserLibs\System.CodeDom.dll'
[15:38:38.584] SHA256 Hash: 'CF18C822A341A3932FC8C08D7F21BF015F7E3C2696619560C94B63629341376A'
[15:38:38.585] Melon Assembly loaded: '.\UserLibs\System.IO.FileSystem.AccessControl.dll'
[15:38:38.585] SHA256 Hash: 'D2D6CD3FEF822959B68A68A6AF6096963BBE6493D90E16F0AF65FEDE25D85F32'
[15:38:38.586] Melon Assembly loaded: '.\UserLibs\System.IO.Ports.dll'
[15:38:38.586] SHA256 Hash: 'B1ECEF838C8B833BE76D1EF75AD8A0B1FAD805FC951136C9E5256FD3CF15FC1B'
[15:38:38.588] Melon Assembly loaded: '.\UserLibs\System.Management.dll'
[15:38:38.589] SHA256 Hash: '205BF789DD38D8ABC5FDC9CD8653469400ED9D6386B07384609848B9C95D7721'
[15:38:38.590] Melon Assembly loaded: '.\UserLibs\System.Memory.dll'
[15:38:38.590] SHA256 Hash: 'D2E3949FCF3A3B3A20BB9A568A4DA582D9A90D64F34C0BDC07C9029BFE8F1858'
[15:38:38.592] Melon Assembly loaded: '.\UserLibs\System.Numerics.Vectors.dll'
[15:38:38.592] SHA256 Hash: '2324EE5A35674269225E2AA20957CE8830DBCA0CFFB918BD593F7A3222DEE480'
[15:38:38.593] Melon Assembly loaded: '.\UserLibs\System.Runtime.CompilerServices.Unsafe.dll'
[15:38:38.593] SHA256 Hash: 'BFC8F02A96934786CA5A0514A3B657021C12542E215E94B78FDCC74BFEFFE3D3'
[15:38:38.595] Melon Assembly loaded: '.\UserLibs\System.Security.AccessControl.dll'
[15:38:38.596] SHA256 Hash: '93084849C17A21F641C13C9F17545CFE18C1EC097561F3F0EBBBE26F358BA120'
[15:38:38.597] Melon Assembly loaded: '.\UserLibs\System.Security.Principal.Windows.dll'
[15:38:38.597] SHA256 Hash: '7828DFD952A9FD49404477BAFF714849177D9F18C0654ADAFADBDCAFB4B21F47'
[15:38:38.619] Melon Assembly loaded: '.\UserLibs\UniverseLib.Mono.dll'
[15:38:38.619] SHA256 Hash: '3B10913FFEAC9A0744583F0BB18218A5CFAFCBA467A7F9F99FA731E801A5A880'
[15:38:38.619] ------------------------------
[15:38:38.619] 0 UserLibs loaded.

[15:38:38.620] Loading Plugins...
[15:38:38.621] 0 Plugins loaded.


[15:38:39.377] Loading Mods...
[15:38:39.380] ------------------------------
[15:38:39.381] Melon Assembly loaded: '.\Mods\FrameStats.dll'
[15:38:39.381] SHA256 Hash: 'CC28F3EEED808E0C53228D95142F87245EA568A033335F33967F8EDDC7D3E7B8'
[15:38:39.397] Melon Assembly loaded: '.\Mods\UnityExplorer.ML.Mono.dll'
[15:38:39.397] SHA256 Hash: '7E6C95C5F0DB2D6B22F506AAD4D268A96250BD64D8E259B7E4073106250F36D2'

[15:38:39.422] ------------------------------
[15:38:39.422] FrameStats v1.0.0
[15:38:39.423] by oneshade
[15:38:39.423] Assembly: FrameStats.dll
[15:38:39.423] ------------------------------
[15:38:39.424] ------------------------------
[15:38:39.424] UnityExplorer v4.9.0
[15:38:39.424] by Sinai
[15:38:39.424] Assembly: UnityExplorer.ML.Mono.dll
[15:38:39.424] ------------------------------
[15:38:39.424] ------------------------------
[15:38:39.424] 2 Mods loaded.

[15:38:39.429] Support Module Loaded: C:\Users\Pytho\Projects\SDFrameStatsMod\StellarDrive_0.6.5\MelonLoader\Dependencies\SupportModules\Mono.dll
[15:38:39.452] [FrameStats] Loading asset bundle ui...
[15:38:39.466] [FrameStats]     Loaded asset FrameStatsPanel
[15:38:39.466] [FrameStats]     Loaded asset FrameStatsSettings
[15:38:39.469] [UnityExplorer] UnityExplorer 4.9.0 initializing...
[15:38:39.484] [UnityExplorer] [UniverseLib] UniverseLib 1.5.1 initializing...
[15:38:39.857] [UnityExplorer] [UniverseLib] Finished UniverseLib initial setup.
[15:38:39.861] [UnityExplorer] Initialized UnityCrashPrevention for: Canvas.get_renderingDisplaySize
[15:38:42.140] [FrameStats] scene MainMenu loaded, index 0
[15:38:43.747] [UnityExplorer] [UniverseLib] Initialized new InputSystem support.
[15:38:43.798] [UnityExplorer] [UniverseLib] Loaded modern bundle for Unity 2022.3.11f1
[15:38:43.815] [UnityExplorer] [UniverseLib] UniverseLib 1.5.1 initialized.
[15:38:43.817] [UnityExplorer] Creating UI...
[15:38:44.303] [UnityExplorer] UnityExplorer 4.9.0 (Mono) initialized.
[15:38:44.385] [FrameStats] have options menu
[15:38:44.388] [FrameStats] added stats setting option
[15:38:46.655] [FrameStats] Toggle: False
[15:38:48.342] Preferences Saved!
