
[15:55:34.476] ------------------------------
[15:55:34.499] MelonLoader v0.7.0 Open-Beta
[15:55:34.501] OS: Windows 11
[15:55:34.501] Hash Code: F2DCA88FB1569FD6750096CED35BBB808C50BA273E0D295347A24385B0B764CA
[15:55:34.501] ------------------------------
[15:55:34.502] Game Type: MonoBleedingEdge
[15:55:34.502] Game Arch: x64
[15:55:34.503] ------------------------------
[15:55:34.503] Command-Line: 
[15:55:34.503] ------------------------------
[15:55:34.504] Core::BasePath = C:\Users\Pytho\Projects\SDFrameStatsMod\StellarDrive_0.6.5
[15:55:34.504] Game::BasePath = C:\Users\Pytho\Projects\SDFrameStatsMod\StellarDrive_0.6.5
[15:55:34.512] Game::DataPath = C:\Users\Pytho\Projects\SDFrameStatsMod\StellarDrive_0.6.5\StellarDrive_Data
[15:55:34.512] Game::ApplicationPath = C:\Users\Pytho\Projects\SDFrameStatsMod\StellarDrive_0.6.5\StellarDrive.exe
[15:55:34.512] Runtime Type: net35
[15:55:34.582] ------------------------------
[15:55:34.582] Game Name: StellarDrive
[15:55:34.583] Game Developer: CuriousOwlGames
[15:55:34.585] Unity Version: 2022.3.11f1
[15:55:34.585] Game Version: UNKNOWN
[15:55:34.585] ------------------------------

[15:55:34.842] Preferences Loaded!

[15:55:34.862] Loading UserLibs...
[15:55:34.974] ------------------------------
[15:55:34.981] Melon Assembly loaded: '.\UserLibs\HidSharp.dll'
[15:55:34.981] SHA256 Hash: '61EB2E22A5620D789A23D389F1AF9D38FAFF4D85F46ADEDBC28FB22CFEC61BF9'
[15:55:34.990] Melon Assembly loaded: '.\UserLibs\LibreHardwareMonitorLib.dll'
[15:55:34.990] SHA256 Hash: '99B39B0B0AC865C38A33DFF7DEE080FF17AAC3337B2332812CA2D7BB13C89460'
[15:55:34.991] Melon Assembly loaded: '.\UserLibs\Microsoft.Win32.Registry.dll'
[15:55:34.991] SHA256 Hash: 'D641EB0065BD5CDB541C5BF0D2FF976720D35D62416AB959727651ABF0ABA2CA'
[15:55:34.992] Melon Assembly loaded: '.\UserLibs\System.Buffers.dll'
[15:55:34.992] SHA256 Hash: 'C65FFF603B283DC966D1A8B730C11D5E5E750E8021BD24640612F6CC3F2C6FB7'
[15:55:34.994] Melon Assembly loaded: '.\UserLibs\System.CodeDom.dll'
[15:55:34.994] SHA256 Hash: 'CF18C822A341A3932FC8C08D7F21BF015F7E3C2696619560C94B63629341376A'
[15:55:34.996] Melon Assembly loaded: '.\UserLibs\System.IO.FileSystem.AccessControl.dll'
[15:55:34.996] SHA256 Hash: 'D2D6CD3FEF822959B68A68A6AF6096963BBE6493D90E16F0AF65FEDE25D85F32'
[15:55:34.998] Melon Assembly loaded: '.\UserLibs\System.IO.Ports.dll'
[15:55:34.998] SHA256 Hash: 'B1ECEF838C8B833BE76D1EF75AD8A0B1FAD805FC951136C9E5256FD3CF15FC1B'
[15:55:35.000] Melon Assembly loaded: '.\UserLibs\System.Management.dll'
[15:55:35.000] SHA256 Hash: '205BF789DD38D8ABC5FDC9CD8653469400ED9D6386B07384609848B9C95D7721'
[15:55:35.002] Melon Assembly loaded: '.\UserLibs\System.Memory.dll'
[15:55:35.002] SHA256 Hash: 'D2E3949FCF3A3B3A20BB9A568A4DA582D9A90D64F34C0BDC07C9029BFE8F1858'
[15:55:35.004] Melon Assembly loaded: '.\UserLibs\System.Numerics.Vectors.dll'
[15:55:35.004] SHA256 Hash: '2324EE5A35674269225E2AA20957CE8830DBCA0CFFB918BD593F7A3222DEE480'
[15:55:35.005] Melon Assembly loaded: '.\UserLibs\System.Runtime.CompilerServices.Unsafe.dll'
[15:55:35.005] SHA256 Hash: 'BFC8F02A96934786CA5A0514A3B657021C12542E215E94B78FDCC74BFEFFE3D3'
[15:55:35.007] Melon Assembly loaded: '.\UserLibs\System.Security.AccessControl.dll'
[15:55:35.007] SHA256 Hash: '93084849C17A21F641C13C9F17545CFE18C1EC097561F3F0EBBBE26F358BA120'
[15:55:35.008] Melon Assembly loaded: '.\UserLibs\System.Security.Principal.Windows.dll'
[15:55:35.008] SHA256 Hash: '7828DFD952A9FD49404477BAFF714849177D9F18C0654ADAFADBDCAFB4B21F47'
[15:55:35.031] Melon Assembly loaded: '.\UserLibs\UniverseLib.Mono.dll'
[15:55:35.031] SHA256 Hash: '3B10913FFEAC9A0744583F0BB18218A5CFAFCBA467A7F9F99FA731E801A5A880'
[15:55:35.032] ------------------------------
[15:55:35.032] 0 UserLibs loaded.

[15:55:35.032] Loading Plugins...
[15:55:35.034] 0 Plugins loaded.


[15:55:35.813] Loading Mods...
[15:55:35.839] ------------------------------
[15:55:35.840] Melon Assembly loaded: '.\Mods\FrameStats.dll'
[15:55:35.840] SHA256 Hash: 'F53BDAA65075C7C1B2F2B587122075EB700AF52385F0C21A88D56CBD69A7A851'
[15:55:35.856] Melon Assembly loaded: '.\Mods\UnityExplorer.ML.Mono.dll'
[15:55:35.856] SHA256 Hash: '7E6C95C5F0DB2D6B22F506AAD4D268A96250BD64D8E259B7E4073106250F36D2'

[15:55:35.881] ------------------------------
[15:55:35.882] FrameStats v1.0.0
[15:55:35.882] by oneshade
[15:55:35.882] Assembly: FrameStats.dll
[15:55:35.882] ------------------------------
[15:55:35.883] ------------------------------
[15:55:35.883] UnityExplorer v4.9.0
[15:55:35.883] by Sinai
[15:55:35.883] Assembly: UnityExplorer.ML.Mono.dll
[15:55:35.883] ------------------------------
[15:55:35.883] ------------------------------
[15:55:35.883] 2 Mods loaded.

[15:55:35.889] Support Module Loaded: C:\Users\Pytho\Projects\SDFrameStatsMod\StellarDrive_0.6.5\MelonLoader\Dependencies\SupportModules\Mono.dll
[15:55:35.912] [FrameStats] Loading asset bundle ui...
[15:55:35.926] [FrameStats]     Loaded asset FrameStatsPanel
[15:55:35.926] [FrameStats]     Loaded asset FrameStatsSettings
[15:55:35.930] [UnityExplorer] UnityExplorer 4.9.0 initializing...
[15:55:35.945] [UnityExplorer] [UniverseLib] UniverseLib 1.5.1 initializing...
[15:55:36.319] [UnityExplorer] [UniverseLib] Finished UniverseLib initial setup.
[15:55:36.324] [UnityExplorer] Initialized UnityCrashPrevention for: Canvas.get_renderingDisplaySize
[15:55:38.605] [FrameStats] scene MainMenu loaded, index 0
[15:55:40.216] [UnityExplorer] [UniverseLib] Initialized new InputSystem support.
[15:55:40.271] [UnityExplorer] [UniverseLib] Loaded modern bundle for Unity 2022.3.11f1
[15:55:40.287] [UnityExplorer] [UniverseLib] UniverseLib 1.5.1 initialized.
[15:55:40.288] [UnityExplorer] Creating UI...
[15:55:40.779] [UnityExplorer] UnityExplorer 4.9.0 (Mono) initialized.
[15:55:40.865] [FrameStats] have options menu
[15:55:40.867] [FrameStats] added stats setting option
[15:55:42.525] [FrameStats] Toggle: False
[15:55:42.879] [FrameStats] Toggle: True
[15:55:44.145] [FrameStats] lost options menu
[15:55:48.969] [FrameStats] scene MainGame loaded, index 1
[15:55:57.391] [FrameStats] have options menu
[15:55:57.392] [FrameStats] added stats setting option
[15:55:58.617] [FrameStats] Toggle: False
[15:56:01.168] [FrameStats] lost options menu
[15:56:03.290] [FrameStats] have options menu
[15:56:03.291] [FrameStats] added stats setting option
[15:56:05.077] [FrameStats] Toggle: True
[15:56:05.656] [FrameStats] Toggle: False
[15:56:06.874] [FrameStats] scene MainMenu loaded, index 0
[15:56:07.346] [FrameStats] lost options menu
[15:56:08.436] [FrameStats] have options menu
[15:56:08.437] [FrameStats] added stats setting option
[15:56:09.638] [FrameStats] Toggle: True
[15:56:11.200] Preferences Saved!
