
[16:59:30.227] ------------------------------
[16:59:30.249] MelonLoader v0.7.0 Open-Beta
[16:59:30.250] OS: Windows 11
[16:59:30.250] Hash Code: F2DCA88FB1569FD6750096CED35BBB808C50BA273E0D295347A24385B0B764CA
[16:59:30.250] ------------------------------
[16:59:30.251] Game Type: MonoBleedingEdge
[16:59:30.252] Game Arch: x64
[16:59:30.252] ------------------------------
[16:59:30.252] Command-Line: 
[16:59:30.252] ------------------------------
[16:59:30.252] Core::BasePath = C:\Users\Pytho\Projects\SDFrameStatsMod\StellarDrive_0.6.5
[16:59:30.252] Game::BasePath = C:\Users\Pytho\Projects\SDFrameStatsMod\StellarDrive_0.6.5
[16:59:30.261] Game::DataPath = C:\Users\Pytho\Projects\SDFrameStatsMod\StellarDrive_0.6.5\StellarDrive_Data
[16:59:30.261] Game::ApplicationPath = C:\Users\Pytho\Projects\SDFrameStatsMod\StellarDrive_0.6.5\StellarDrive.exe
[16:59:30.261] Runtime Type: net35
[16:59:30.328] ------------------------------
[16:59:30.328] Game Name: StellarDrive
[16:59:30.329] Game Developer: CuriousOwlGames
[16:59:30.330] Unity Version: 2022.3.11f1
[16:59:30.331] Game Version: UNKNOWN
[16:59:30.331] ------------------------------

[16:59:30.588] Preferences Loaded!

[16:59:30.608] Loading UserLibs...
[16:59:30.725] ------------------------------
[16:59:30.730] Melon Assembly loaded: '.\UserLibs\HidSharp.dll'
[16:59:30.731] SHA256 Hash: '61EB2E22A5620D789A23D389F1AF9D38FAFF4D85F46ADEDBC28FB22CFEC61BF9'
[16:59:30.737] Melon Assembly loaded: '.\UserLibs\LibreHardwareMonitorLib.dll'
[16:59:30.737] SHA256 Hash: '99B39B0B0AC865C38A33DFF7DEE080FF17AAC3337B2332812CA2D7BB13C89460'
[16:59:30.739] Melon Assembly loaded: '.\UserLibs\Microsoft.Win32.Registry.dll'
[16:59:30.739] SHA256 Hash: '340933AD6701077AE9B8035E4671803D86074AB32F2DE8165ACFDB954BD260F6'
[16:59:30.740] Melon Assembly loaded: '.\UserLibs\System.Buffers.dll'
[16:59:30.741] SHA256 Hash: 'C65FFF603B283DC966D1A8B730C11D5E5E750E8021BD24640612F6CC3F2C6FB7'
[16:59:30.746] Melon Assembly loaded: '.\UserLibs\System.CodeDom.dll'
[16:59:30.746] SHA256 Hash: 'CF18C822A341A3932FC8C08D7F21BF015F7E3C2696619560C94B63629341376A'
[16:59:30.747] Melon Assembly loaded: '.\UserLibs\System.Diagnostics.PerformanceCounter.dll'
[16:59:30.747] SHA256 Hash: '07EAC5A1597295066EDF95A072BE377B881EE0F55CEFC7EB2C7CE65483DBBB62'
[16:59:30.749] Melon Assembly loaded: '.\UserLibs\System.IO.FileSystem.AccessControl.dll'
[16:59:30.749] SHA256 Hash: 'D2D6CD3FEF822959B68A68A6AF6096963BBE6493D90E16F0AF65FEDE25D85F32'
[16:59:30.750] Melon Assembly loaded: '.\UserLibs\System.IO.Ports.dll'
[16:59:30.751] SHA256 Hash: 'B1ECEF838C8B833BE76D1EF75AD8A0B1FAD805FC951136C9E5256FD3CF15FC1B'
[16:59:30.752] Melon Assembly loaded: '.\UserLibs\System.Management.dll'
[16:59:30.752] SHA256 Hash: '205BF789DD38D8ABC5FDC9CD8653469400ED9D6386B07384609848B9C95D7721'
[16:59:30.754] Melon Assembly loaded: '.\UserLibs\System.Memory.dll'
[16:59:30.754] SHA256 Hash: 'D2E3949FCF3A3B3A20BB9A568A4DA582D9A90D64F34C0BDC07C9029BFE8F1858'
[16:59:30.757] Melon Assembly loaded: '.\UserLibs\System.Numerics.Vectors.dll'
[16:59:30.757] SHA256 Hash: '2324EE5A35674269225E2AA20957CE8830DBCA0CFFB918BD593F7A3222DEE480'
[16:59:30.758] Melon Assembly loaded: '.\UserLibs\System.Runtime.CompilerServices.Unsafe.dll'
[16:59:30.758] SHA256 Hash: 'BFC8F02A96934786CA5A0514A3B657021C12542E215E94B78FDCC74BFEFFE3D3'
[16:59:30.759] Melon Assembly loaded: '.\UserLibs\System.Security.AccessControl.dll'
[16:59:30.760] SHA256 Hash: '93084849C17A21F641C13C9F17545CFE18C1EC097561F3F0EBBBE26F358BA120'
[16:59:30.761] Melon Assembly loaded: '.\UserLibs\System.Security.Principal.Windows.dll'
[16:59:30.761] SHA256 Hash: '7828DFD952A9FD49404477BAFF714849177D9F18C0654ADAFADBDCAFB4B21F47'
[16:59:30.784] Melon Assembly loaded: '.\UserLibs\UniverseLib.Mono.dll'
[16:59:30.784] SHA256 Hash: '3B10913FFEAC9A0744583F0BB18218A5CFAFCBA467A7F9F99FA731E801A5A880'
[16:59:30.785] ------------------------------
[16:59:30.785] 0 UserLibs loaded.

[16:59:30.785] Loading Plugins...
[16:59:30.787] 0 Plugins loaded.


[16:59:31.606] Loading Mods...
[16:59:31.610] ------------------------------
[16:59:31.611] Melon Assembly loaded: '.\Mods\FrameStats.dll'
[16:59:31.611] SHA256 Hash: '6351872AC544364A795C0E60D4F8892872F41B8659E657728D54F065AFAA995F'
[16:59:31.627] Melon Assembly loaded: '.\Mods\UnityExplorer.ML.Mono.dll'
[16:59:31.628] SHA256 Hash: '7E6C95C5F0DB2D6B22F506AAD4D268A96250BD64D8E259B7E4073106250F36D2'

[16:59:31.653] ------------------------------
[16:59:31.654] FrameStats v1.0.0
[16:59:31.654] by oneshade
[16:59:31.654] Assembly: FrameStats.dll
[16:59:31.654] ------------------------------
[16:59:31.655] ------------------------------
[16:59:31.655] UnityExplorer v4.9.0
[16:59:31.655] by Sinai
[16:59:31.656] Assembly: UnityExplorer.ML.Mono.dll
[16:59:31.656] ------------------------------
[16:59:31.657] ------------------------------
[16:59:31.659] 2 Mods loaded.

[16:59:31.665] Support Module Loaded: C:\Users\Pytho\Projects\SDFrameStatsMod\StellarDrive_0.6.5\MelonLoader\Dependencies\SupportModules\Mono.dll
[16:59:31.673] [FrameStats] melon initialized
[16:59:31.684] [FrameStats] System.PlatformNotSupportedException: Performance Counters are not supported on this platform.
  at System.Diagnostics.PerformanceCounter..ctor (System.String categoryName, System.String counterName, System.String instanceName) [0x0000b] in <ed54e6e3b6b94de7944997af21de82c1>:0 
  at (wrapper remoting-invoke-with-check) System.Diagnostics.PerformanceCounter..ctor(string,string,string)
  at FrameStats.Core.OnInitializeMelon () [0x00011] in <6dcbdb1e2a79432499556eeb79523dc2>:0 
  at MelonLoader.MelonBase.LoaderInitialized () [0x00000] in D:\a\MelonLoader\MelonLoader\MelonLoader\Melons\MelonBase.cs:447 
[16:59:31.687] [UnityExplorer] UnityExplorer 4.9.0 initializing...
[16:59:31.708] [UnityExplorer] [UniverseLib] UniverseLib 1.5.1 initializing...
[16:59:32.094] [UnityExplorer] [UniverseLib] Finished UniverseLib initial setup.
[16:59:32.098] [UnityExplorer] Initialized UnityCrashPrevention for: Canvas.get_renderingDisplaySize
[16:59:34.389] [FrameStats] scene MainMenu loaded, index 0
[16:59:35.996] [UnityExplorer] [UniverseLib] Initialized new InputSystem support.
[16:59:36.050] [UnityExplorer] [UniverseLib] Loaded modern bundle for Unity 2022.3.11f1
[16:59:36.069] [UnityExplorer] [UniverseLib] UniverseLib 1.5.1 initialized.
[16:59:36.070] [UnityExplorer] Creating UI...
[16:59:36.573] [UnityExplorer] UnityExplorer 4.9.0 (Mono) initialized.
[17:01:06.990] Preferences Saved!
