
[12:45:17.172] ------------------------------
[12:45:17.196] MelonLoader v0.7.0 Open-Beta
[12:45:17.197] OS: Windows 11
[12:45:17.197] Hash Code: F2DCA88FB1569FD6750096CED35BBB808C50BA273E0D295347A24385B0B764CA
[12:45:17.197] ------------------------------
[12:45:17.198] Game Type: MonoBleedingEdge
[12:45:17.198] Game Arch: x64
[12:45:17.198] ------------------------------
[12:45:17.199] Command-Line: 
[12:45:17.199] ------------------------------
[12:45:17.199] Core::BasePath = C:\Users\Pytho\Projects\SDFrameStatsMod\StellarDrive_0.6.5
[12:45:17.199] Game::BasePath = C:\Users\Pytho\Projects\SDFrameStatsMod\StellarDrive_0.6.5
[12:45:17.200] Game::DataPath = C:\Users\Pytho\Projects\SDFrameStatsMod\StellarDrive_0.6.5\StellarDrive_Data
[12:45:17.200] Game::ApplicationPath = C:\Users\Pytho\Projects\SDFrameStatsMod\StellarDrive_0.6.5\StellarDrive.exe
[12:45:17.200] Runtime Type: net35
[12:45:17.268] ------------------------------
[12:45:17.268] Game Name: StellarDrive
[12:45:17.269] Game Developer: CuriousOwlGames
[12:45:17.270] Unity Version: 2022.3.11f1
[12:45:17.271] Game Version: UNKNOWN
[12:45:17.271] ------------------------------

[12:45:17.516] Preferences Loaded!

[12:45:17.537] Loading UserLibs...
[12:45:17.646] ------------------------------
[12:45:17.651] Melon Assembly loaded: '.\UserLibs\HidSharp.dll'
[12:45:17.651] SHA256 Hash: '61EB2E22A5620D789A23D389F1AF9D38FAFF4D85F46ADEDBC28FB22CFEC61BF9'
[12:45:17.657] Melon Assembly loaded: '.\UserLibs\LibreHardwareMonitorLib.dll'
[12:45:17.657] SHA256 Hash: '99B39B0B0AC865C38A33DFF7DEE080FF17AAC3337B2332812CA2D7BB13C89460'
[12:45:17.658] Melon Assembly loaded: '.\UserLibs\Microsoft.Win32.Registry.dll'
[12:45:17.658] SHA256 Hash: 'D641EB0065BD5CDB541C5BF0D2FF976720D35D62416AB959727651ABF0ABA2CA'
[12:45:17.659] Melon Assembly loaded: '.\UserLibs\System.Buffers.dll'
[12:45:17.659] SHA256 Hash: 'C65FFF603B283DC966D1A8B730C11D5E5E750E8021BD24640612F6CC3F2C6FB7'
[12:45:17.661] Melon Assembly loaded: '.\UserLibs\System.CodeDom.dll'
[12:45:17.661] SHA256 Hash: 'CF18C822A341A3932FC8C08D7F21BF015F7E3C2696619560C94B63629341376A'
[12:45:17.662] Melon Assembly loaded: '.\UserLibs\System.IO.FileSystem.AccessControl.dll'
[12:45:17.662] SHA256 Hash: 'D2D6CD3FEF822959B68A68A6AF6096963BBE6493D90E16F0AF65FEDE25D85F32'
[12:45:17.663] Melon Assembly loaded: '.\UserLibs\System.IO.Ports.dll'
[12:45:17.663] SHA256 Hash: 'B1ECEF838C8B833BE76D1EF75AD8A0B1FAD805FC951136C9E5256FD3CF15FC1B'
[12:45:17.666] Melon Assembly loaded: '.\UserLibs\System.Management.dll'
[12:45:17.666] SHA256 Hash: '205BF789DD38D8ABC5FDC9CD8653469400ED9D6386B07384609848B9C95D7721'
[12:45:17.668] Melon Assembly loaded: '.\UserLibs\System.Memory.dll'
[12:45:17.668] SHA256 Hash: 'D2E3949FCF3A3B3A20BB9A568A4DA582D9A90D64F34C0BDC07C9029BFE8F1858'
[12:45:17.670] Melon Assembly loaded: '.\UserLibs\System.Numerics.Vectors.dll'
[12:45:17.670] SHA256 Hash: '2324EE5A35674269225E2AA20957CE8830DBCA0CFFB918BD593F7A3222DEE480'
[12:45:17.671] Melon Assembly loaded: '.\UserLibs\System.Runtime.CompilerServices.Unsafe.dll'
[12:45:17.671] SHA256 Hash: 'BFC8F02A96934786CA5A0514A3B657021C12542E215E94B78FDCC74BFEFFE3D3'
[12:45:17.672] Melon Assembly loaded: '.\UserLibs\System.Security.AccessControl.dll'
[12:45:17.673] SHA256 Hash: '93084849C17A21F641C13C9F17545CFE18C1EC097561F3F0EBBBE26F358BA120'
[12:45:17.674] Melon Assembly loaded: '.\UserLibs\System.Security.Principal.Windows.dll'
[12:45:17.674] SHA256 Hash: '7828DFD952A9FD49404477BAFF714849177D9F18C0654ADAFADBDCAFB4B21F47'
[12:45:17.696] Melon Assembly loaded: '.\UserLibs\UniverseLib.Mono.dll'
[12:45:17.697] SHA256 Hash: '3B10913FFEAC9A0744583F0BB18218A5CFAFCBA467A7F9F99FA731E801A5A880'
[12:45:17.697] ------------------------------
[12:45:17.697] 0 UserLibs loaded.

[12:45:17.697] Loading Plugins...
[12:45:17.699] 0 Plugins loaded.


[12:45:18.488] Loading Mods...
[12:45:18.514] ------------------------------
[12:45:18.515] Melon Assembly loaded: '.\Mods\FrameStats.dll'
[12:45:18.515] SHA256 Hash: '61C21392F21C9665EF41F29845FE91BB127CD5AD38508FAB1D3B57B3D0EDCF1F'
[12:45:18.531] Melon Assembly loaded: '.\Mods\UnityExplorer.ML.Mono.dll'
[12:45:18.532] SHA256 Hash: '7E6C95C5F0DB2D6B22F506AAD4D268A96250BD64D8E259B7E4073106250F36D2'

[12:45:18.555] ------------------------------
[12:45:18.556] FrameStats v1.0.0
[12:45:18.556] by oneshade
[12:45:18.556] Assembly: FrameStats.dll
[12:45:18.556] ------------------------------
[12:45:18.558] ------------------------------
[12:45:18.558] UnityExplorer v4.9.0
[12:45:18.558] by Sinai
[12:45:18.558] Assembly: UnityExplorer.ML.Mono.dll
[12:45:18.558] ------------------------------
[12:45:18.559] ------------------------------
[12:45:18.559] 2 Mods loaded.

[12:45:18.564] Support Module Loaded: C:\Users\Pytho\Projects\SDFrameStatsMod\StellarDrive_0.6.5\MelonLoader\Dependencies\SupportModules\Mono.dll
[12:45:18.586] [FrameStats] Loading asset bundle ui...
[12:45:18.600] [FrameStats]     Loaded asset FrameStatsPanel
[12:45:18.600] [FrameStats]     Loaded asset FrameStatsSettings
[12:45:18.603] [UnityExplorer] UnityExplorer 4.9.0 initializing...
[12:45:18.618] [UnityExplorer] [UniverseLib] UniverseLib 1.5.1 initializing...
[12:45:18.984] [UnityExplorer] [UniverseLib] Finished UniverseLib initial setup.
[12:45:18.990] [UnityExplorer] Initialized UnityCrashPrevention for: Canvas.get_renderingDisplaySize
[12:45:21.295] [FrameStats] scene MainMenu loaded, index 0
[12:45:22.905] [UnityExplorer] [UniverseLib] Initialized new InputSystem support.
[12:45:22.957] [UnityExplorer] [UniverseLib] Loaded modern bundle for Unity 2022.3.11f1
[12:45:22.972] [UnityExplorer] [UniverseLib] UniverseLib 1.5.1 initialized.
[12:45:22.973] [UnityExplorer] Creating UI...
[12:45:23.451] [UnityExplorer] UnityExplorer 4.9.0 (Mono) initialized.
[12:45:24.475] [FrameStats] have options menu
[12:45:24.476] [FrameStats] added stats setting option
[12:45:29.082] Preferences Saved!
