
[15:37:52.401] ------------------------------
[15:37:52.423] MelonLoader v0.7.0 Open-Beta
[15:37:52.423] OS: Windows 11
[15:37:52.423] Hash Code: F2DCA88FB1569FD6750096CED35BBB808C50BA273E0D295347A24385B0B764CA
[15:37:52.424] ------------------------------
[15:37:52.425] Game Type: MonoBleedingEdge
[15:37:52.425] Game Arch: x64
[15:37:52.425] ------------------------------
[15:37:52.425] Command-Line: 
[15:37:52.425] ------------------------------
[15:37:52.425] Core::BasePath = C:\Users\Pytho\Projects\SDFrameStatsMod\StellarDrive_0.6.5
[15:37:52.425] Game::BasePath = C:\Users\Pytho\Projects\SDFrameStatsMod\StellarDrive_0.6.5
[15:37:52.425] Game::DataPath = C:\Users\Pytho\Projects\SDFrameStatsMod\StellarDrive_0.6.5\StellarDrive_Data
[15:37:52.426] Game::ApplicationPath = C:\Users\Pytho\Projects\SDFrameStatsMod\StellarDrive_0.6.5\StellarDrive.exe
[15:37:52.426] Runtime Type: net35
[15:37:52.587] ------------------------------
[15:37:52.588] Game Name: StellarDrive
[15:37:52.588] Game Developer: CuriousOwlGames
[15:37:52.590] Unity Version: 2022.3.11f1
[15:37:52.590] Game Version: UNKNOWN
[15:37:52.590] ------------------------------

[15:37:53.283] Preferences Loaded!

[15:37:53.379] Loading UserLibs...
[15:37:53.678] ------------------------------
[15:37:53.682] Melon Assembly loaded: '.\UserLibs\HidSharp.dll'
[15:37:53.683] SHA256 Hash: '61EB2E22A5620D789A23D389F1AF9D38FAFF4D85F46ADEDBC28FB22CFEC61BF9'
[15:37:53.689] Melon Assembly loaded: '.\UserLibs\LibreHardwareMonitorLib.dll'
[15:37:53.690] SHA256 Hash: '99B39B0B0AC865C38A33DFF7DEE080FF17AAC3337B2332812CA2D7BB13C89460'
[15:37:53.691] Melon Assembly loaded: '.\UserLibs\Microsoft.Win32.Registry.dll'
[15:37:53.691] SHA256 Hash: 'D641EB0065BD5CDB541C5BF0D2FF976720D35D62416AB959727651ABF0ABA2CA'
[15:37:53.692] Melon Assembly loaded: '.\UserLibs\System.Buffers.dll'
[15:37:53.692] SHA256 Hash: 'C65FFF603B283DC966D1A8B730C11D5E5E750E8021BD24640612F6CC3F2C6FB7'
[15:37:53.694] Melon Assembly loaded: '.\UserLibs\System.CodeDom.dll'
[15:37:53.694] SHA256 Hash: 'CF18C822A341A3932FC8C08D7F21BF015F7E3C2696619560C94B63629341376A'
[15:37:53.695] Melon Assembly loaded: '.\UserLibs\System.IO.FileSystem.AccessControl.dll'
[15:37:53.695] SHA256 Hash: 'D2D6CD3FEF822959B68A68A6AF6096963BBE6493D90E16F0AF65FEDE25D85F32'
[15:37:53.696] Melon Assembly loaded: '.\UserLibs\System.IO.Ports.dll'
[15:37:53.697] SHA256 Hash: 'B1ECEF838C8B833BE76D1EF75AD8A0B1FAD805FC951136C9E5256FD3CF15FC1B'
[15:37:53.699] Melon Assembly loaded: '.\UserLibs\System.Management.dll'
[15:37:53.699] SHA256 Hash: '205BF789DD38D8ABC5FDC9CD8653469400ED9D6386B07384609848B9C95D7721'
[15:37:53.701] Melon Assembly loaded: '.\UserLibs\System.Memory.dll'
[15:37:53.701] SHA256 Hash: 'D2E3949FCF3A3B3A20BB9A568A4DA582D9A90D64F34C0BDC07C9029BFE8F1858'
[15:37:53.703] Melon Assembly loaded: '.\UserLibs\System.Numerics.Vectors.dll'
[15:37:53.703] SHA256 Hash: '2324EE5A35674269225E2AA20957CE8830DBCA0CFFB918BD593F7A3222DEE480'
[15:37:53.704] Melon Assembly loaded: '.\UserLibs\System.Runtime.CompilerServices.Unsafe.dll'
[15:37:53.704] SHA256 Hash: 'BFC8F02A96934786CA5A0514A3B657021C12542E215E94B78FDCC74BFEFFE3D3'
[15:37:53.705] Melon Assembly loaded: '.\UserLibs\System.Security.AccessControl.dll'
[15:37:53.705] SHA256 Hash: '93084849C17A21F641C13C9F17545CFE18C1EC097561F3F0EBBBE26F358BA120'
[15:37:53.706] Melon Assembly loaded: '.\UserLibs\System.Security.Principal.Windows.dll'
[15:37:53.706] SHA256 Hash: '7828DFD952A9FD49404477BAFF714849177D9F18C0654ADAFADBDCAFB4B21F47'
[15:37:53.729] Melon Assembly loaded: '.\UserLibs\UniverseLib.Mono.dll'
[15:37:53.729] SHA256 Hash: '3B10913FFEAC9A0744583F0BB18218A5CFAFCBA467A7F9F99FA731E801A5A880'
[15:37:53.730] ------------------------------
[15:37:53.730] 0 UserLibs loaded.

[15:37:53.730] Loading Plugins...
[15:37:53.732] 0 Plugins loaded.


[15:37:56.765] Loading Mods...
[15:37:56.795] ------------------------------
[15:37:56.796] Melon Assembly loaded: '.\Mods\FrameStats.dll'
[15:37:56.796] SHA256 Hash: 'CC28F3EEED808E0C53228D95142F87245EA568A033335F33967F8EDDC7D3E7B8'
[15:37:56.812] Melon Assembly loaded: '.\Mods\UnityExplorer.ML.Mono.dll'
[15:37:56.812] SHA256 Hash: '7E6C95C5F0DB2D6B22F506AAD4D268A96250BD64D8E259B7E4073106250F36D2'

[15:37:56.836] ------------------------------
[15:37:56.836] FrameStats v1.0.0
[15:37:56.837] by oneshade
[15:37:56.837] Assembly: FrameStats.dll
[15:37:56.837] ------------------------------
[15:37:56.838] ------------------------------
[15:37:56.838] UnityExplorer v4.9.0
[15:37:56.838] by Sinai
[15:37:56.838] Assembly: UnityExplorer.ML.Mono.dll
[15:37:56.839] ------------------------------
[15:37:56.839] ------------------------------
[15:37:56.839] 2 Mods loaded.

[15:37:56.873] Support Module Loaded: C:\Users\Pytho\Projects\SDFrameStatsMod\StellarDrive_0.6.5\MelonLoader\Dependencies\SupportModules\Mono.dll
[15:37:56.901] [FrameStats] Loading asset bundle ui...
[15:37:56.914] [FrameStats]     Loaded asset FrameStatsPanel
[15:37:56.914] [FrameStats]     Loaded asset FrameStatsSettings
[15:37:56.917] [UnityExplorer] UnityExplorer 4.9.0 initializing...
[15:37:56.940] [UnityExplorer] [UniverseLib] UniverseLib 1.5.1 initializing...
[15:37:57.633] [UnityExplorer] [UniverseLib] Finished UniverseLib initial setup.
[15:37:57.637] [UnityExplorer] Initialized UnityCrashPrevention for: Canvas.get_renderingDisplaySize
[15:37:59.938] [FrameStats] scene MainMenu loaded, index 0
[15:38:01.544] [UnityExplorer] [UniverseLib] Initialized new InputSystem support.
[15:38:01.597] [UnityExplorer] [UniverseLib] Loaded modern bundle for Unity 2022.3.11f1
[15:38:01.614] [UnityExplorer] [UniverseLib] UniverseLib 1.5.1 initialized.
[15:38:01.615] [UnityExplorer] Creating UI...
[15:38:02.724] [UnityExplorer] UnityExplorer 4.9.0 (Mono) initialized.
[15:38:03.810] [FrameStats] have options menu
[15:38:03.811] [FrameStats] added stats setting option
[15:38:07.586] [FrameStats] Toggle: True
[15:38:08.318] [FrameStats] Toggle: False
[15:38:08.884] [FrameStats] Toggle: True
[15:38:09.597] [FrameStats] Toggle: False
[15:38:11.147] [FrameStats] Toggle: True
[15:38:12.229] [FrameStats] lost options menu
[15:38:17.331] [FrameStats] scene MainGame loaded, index 1
[15:38:17.608] [FrameStats] hello from performance monitor
[15:38:17.639] [FrameStats] hello from performance monitor
[15:38:17.645] [FrameStats] hello from performance monitor
[15:38:17.659] [FrameStats] hello from performance monitor
[15:38:17.746] [FrameStats] hello from performance monitor
[15:38:17.746] [FrameStats] hello from performance monitor
[15:38:17.747] [FrameStats] hello from performance monitor
[15:38:17.747] [FrameStats] hello from performance monitor
[15:38:17.904] [FrameStats] hello from performance monitor
[15:38:17.908] [FrameStats] hello from performance monitor
[15:38:17.908] [FrameStats] hello from performance monitor
[15:38:17.908] [FrameStats] hello from performance monitor
[15:38:17.908] [FrameStats] hello from performance monitor
[15:38:17.908] [FrameStats] hello from performance monitor
[15:38:17.909] [FrameStats] hello from performance monitor
[15:38:17.909] [FrameStats] hello from performance monitor
[15:38:18.817] [FrameStats] hello from performance monitor
[15:38:18.826] [FrameStats] hello from performance monitor
[15:38:18.826] [FrameStats] hello from performance monitor
[15:38:18.826] [FrameStats] hello from performance monitor
[15:38:18.826] [FrameStats] hello from performance monitor
[15:38:18.826] [FrameStats] hello from performance monitor
[15:38:18.826] [FrameStats] hello from performance monitor
[15:38:18.827] [FrameStats] hello from performance monitor
[15:38:18.827] [FrameStats] hello from performance monitor
[15:38:18.827] [FrameStats] hello from performance monitor
[15:38:18.827] [FrameStats] hello from performance monitor
[15:38:18.827] [FrameStats] hello from performance monitor
[15:38:18.827] [FrameStats] hello from performance monitor
[15:38:18.827] [FrameStats] hello from performance monitor
[15:38:18.827] [FrameStats] hello from performance monitor
[15:38:18.827] [FrameStats] hello from performance monitor
[15:38:18.828] [FrameStats] hello from performance monitor
[15:38:18.828] [FrameStats] hello from performance monitor
[15:38:19.868] [FrameStats] hello from performance monitor
[15:38:19.869] [FrameStats] hello from performance monitor
[15:38:19.869] [FrameStats] hello from performance monitor
[15:38:19.869] [FrameStats] hello from performance monitor
[15:38:19.869] [FrameStats] hello from performance monitor
[15:38:19.869] [FrameStats] hello from performance monitor
[15:38:19.870] [FrameStats] hello from performance monitor
[15:38:19.870] [FrameStats] hello from performance monitor
[15:38:19.870] [FrameStats] hello from performance monitor
[15:38:19.870] [FrameStats] hello from performance monitor
[15:38:19.870] [FrameStats] hello from performance monitor
[15:38:19.870] [FrameStats] hello from performance monitor
[15:38:19.870] [FrameStats] hello from performance monitor
[15:38:19.870] [FrameStats] hello from performance monitor
[15:38:19.871] [FrameStats] hello from performance monitor
[15:38:19.871] [FrameStats] hello from performance monitor
[15:38:19.871] [FrameStats] hello from performance monitor
[15:38:19.942] [FrameStats] hello from performance monitor
[15:38:19.942] [FrameStats] hello from performance monitor
[15:38:19.943] [FrameStats] hello from performance monitor
[15:38:19.943] [FrameStats] hello from performance monitor
[15:38:19.962] [FrameStats] hello from performance monitor
[15:38:19.987] [FrameStats] hello from performance monitor
[15:38:20.008] [FrameStats] hello from performance monitor
[15:38:20.025] [FrameStats] hello from performance monitor
[15:38:20.043] [FrameStats] hello from performance monitor
[15:38:20.067] [FrameStats] hello from performance monitor
[15:38:20.086] [FrameStats] hello from performance monitor
[15:38:20.103] [FrameStats] hello from performance monitor
[15:38:20.121] [FrameStats] hello from performance monitor
[15:38:20.141] [FrameStats] hello from performance monitor
[15:38:20.167] [FrameStats] hello from performance monitor
[15:38:20.185] [FrameStats] hello from performance monitor
[15:38:20.206] [FrameStats] hello from performance monitor
[15:38:20.220] [FrameStats] hello from performance monitor
[15:38:20.241] [FrameStats] hello from performance monitor
[15:38:20.262] [FrameStats] hello from performance monitor
[15:38:20.284] [FrameStats] hello from performance monitor
[15:38:20.305] [FrameStats] hello from performance monitor
[15:38:20.320] [FrameStats] hello from performance monitor
[15:38:20.341] [FrameStats] hello from performance monitor
[15:38:20.366] [FrameStats] hello from performance monitor
[15:38:20.384] [FrameStats] hello from performance monitor
[15:38:20.405] [FrameStats] hello from performance monitor
[15:38:20.420] [FrameStats] hello from performance monitor
[15:38:20.441] [FrameStats] hello from performance monitor
[15:38:20.470] [FrameStats] hello from performance monitor
[15:38:20.482] [FrameStats] hello from performance monitor
[15:38:20.506] [FrameStats] hello from performance monitor
[15:38:20.520] [FrameStats] hello from performance monitor
[15:38:20.541] [FrameStats] hello from performance monitor
[15:38:20.565] [FrameStats] hello from performance monitor
[15:38:20.584] [FrameStats] hello from performance monitor
[15:38:20.606] [FrameStats] hello from performance monitor
[15:38:20.621] [FrameStats] hello from performance monitor
[15:38:20.641] [FrameStats] hello from performance monitor
[15:38:20.665] [FrameStats] hello from performance monitor
[15:38:20.683] [FrameStats] hello from performance monitor
[15:38:20.706] [FrameStats] hello from performance monitor
[15:38:20.721] [FrameStats] hello from performance monitor
[15:38:20.741] [FrameStats] hello from performance monitor
[15:38:20.766] [FrameStats] hello from performance monitor
[15:38:20.785] [FrameStats] hello from performance monitor
[15:38:20.807] [FrameStats] hello from performance monitor
[15:38:20.820] [FrameStats] hello from performance monitor
[15:38:20.841] [FrameStats] hello from performance monitor
[15:38:20.865] [FrameStats] hello from performance monitor
[15:38:20.886] [FrameStats] hello from performance monitor
[15:38:20.906] [FrameStats] hello from performance monitor
[15:38:20.920] [FrameStats] hello from performance monitor
[15:38:20.941] [FrameStats] hello from performance monitor
[15:38:20.965] [FrameStats] hello from performance monitor
[15:38:20.985] [FrameStats] hello from performance monitor
[15:38:21.004] [FrameStats] hello from performance monitor
[15:38:21.020] [FrameStats] hello from performance monitor
[15:38:21.041] [FrameStats] hello from performance monitor
[15:38:21.065] [FrameStats] hello from performance monitor
[15:38:21.086] [FrameStats] hello from performance monitor
[15:38:21.106] [FrameStats] hello from performance monitor
[15:38:21.120] [FrameStats] hello from performance monitor
[15:38:21.141] [FrameStats] hello from performance monitor
[15:38:21.165] [FrameStats] hello from performance monitor
[15:38:21.186] [FrameStats] hello from performance monitor
[15:38:21.207] [FrameStats] hello from performance monitor
[15:38:21.225] [FrameStats] hello from performance monitor
[15:38:21.242] [FrameStats] hello from performance monitor
[15:38:21.265] [FrameStats] hello from performance monitor
[15:38:21.287] [FrameStats] hello from performance monitor
[15:38:21.307] [FrameStats] hello from performance monitor
[15:38:21.321] [FrameStats] hello from performance monitor
[15:38:21.341] [FrameStats] hello from performance monitor
[15:38:21.366] [FrameStats] hello from performance monitor
[15:38:21.386] [FrameStats] hello from performance monitor
[15:38:21.407] [FrameStats] hello from performance monitor
[15:38:21.420] [FrameStats] hello from performance monitor
[15:38:21.441] [FrameStats] hello from performance monitor
[15:38:21.464] [FrameStats] hello from performance monitor
[15:38:21.484] [FrameStats] hello from performance monitor
[15:38:21.506] [FrameStats] hello from performance monitor
[15:38:21.520] [FrameStats] hello from performance monitor
[15:38:21.541] [FrameStats] hello from performance monitor
[15:38:21.564] [FrameStats] hello from performance monitor
[15:38:21.585] [FrameStats] hello from performance monitor
[15:38:21.605] [FrameStats] hello from performance monitor
[15:38:21.620] [FrameStats] hello from performance monitor
[15:38:21.641] [FrameStats] hello from performance monitor
[15:38:21.664] [FrameStats] hello from performance monitor
[15:38:21.684] [FrameStats] hello from performance monitor
[15:38:21.705] [FrameStats] hello from performance monitor
[15:38:21.720] [FrameStats] hello from performance monitor
[15:38:21.741] [FrameStats] hello from performance monitor
[15:38:21.764] [FrameStats] hello from performance monitor
[15:38:21.784] [FrameStats] hello from performance monitor
[15:38:21.806] [FrameStats] hello from performance monitor
[15:38:21.821] [FrameStats] hello from performance monitor
[15:38:21.841] [FrameStats] hello from performance monitor
[15:38:21.863] [FrameStats] hello from performance monitor
[15:38:21.885] [FrameStats] hello from performance monitor
[15:38:21.905] [FrameStats] hello from performance monitor
[15:38:21.921] [FrameStats] hello from performance monitor
[15:38:21.941] [FrameStats] hello from performance monitor
[15:38:21.965] [FrameStats] hello from performance monitor
[15:38:21.986] [FrameStats] hello from performance monitor
[15:38:22.007] [FrameStats] hello from performance monitor
[15:38:22.020] [FrameStats] hello from performance monitor
[15:38:22.041] [FrameStats] hello from performance monitor
[15:38:22.064] [FrameStats] hello from performance monitor
[15:38:22.086] [FrameStats] hello from performance monitor
[15:38:22.107] [FrameStats] hello from performance monitor
[15:38:22.121] [FrameStats] hello from performance monitor
[15:38:22.141] [FrameStats] hello from performance monitor
[15:38:22.165] [FrameStats] hello from performance monitor
[15:38:22.186] [FrameStats] hello from performance monitor
[15:38:22.206] [FrameStats] hello from performance monitor
[15:38:22.221] [FrameStats] hello from performance monitor
[15:38:22.241] [FrameStats] hello from performance monitor
[15:38:22.264] [FrameStats] hello from performance monitor
[15:38:22.285] [FrameStats] hello from performance monitor
[15:38:22.306] [FrameStats] hello from performance monitor
[15:38:22.320] [FrameStats] hello from performance monitor
[15:38:22.341] [FrameStats] hello from performance monitor
[15:38:22.364] [FrameStats] hello from performance monitor
[15:38:22.386] [FrameStats] hello from performance monitor
[15:38:22.406] [FrameStats] hello from performance monitor
[15:38:22.420] [FrameStats] hello from performance monitor
[15:38:22.442] [FrameStats] hello from performance monitor
[15:38:22.467] [FrameStats] hello from performance monitor
[15:38:22.487] [FrameStats] hello from performance monitor
[15:38:22.507] [FrameStats] hello from performance monitor
[15:38:22.521] [FrameStats] hello from performance monitor
[15:38:22.542] [FrameStats] hello from performance monitor
[15:38:22.565] [FrameStats] hello from performance monitor
[15:38:22.586] [FrameStats] hello from performance monitor
[15:38:22.607] [FrameStats] hello from performance monitor
[15:38:22.621] [FrameStats] hello from performance monitor
[15:38:22.641] [FrameStats] hello from performance monitor
[15:38:22.664] [FrameStats] hello from performance monitor
[15:38:22.686] [FrameStats] hello from performance monitor
[15:38:22.707] [FrameStats] hello from performance monitor
[15:38:22.721] [FrameStats] hello from performance monitor
[15:38:22.741] [FrameStats] hello from performance monitor
[15:38:22.764] [FrameStats] hello from performance monitor
[15:38:22.785] [FrameStats] hello from performance monitor
[15:38:22.806] [FrameStats] hello from performance monitor
[15:38:22.820] [FrameStats] hello from performance monitor
[15:38:22.841] [FrameStats] hello from performance monitor
[15:38:22.863] [FrameStats] hello from performance monitor
[15:38:22.883] [FrameStats] hello from performance monitor
[15:38:22.907] [FrameStats] hello from performance monitor
[15:38:22.920] [FrameStats] hello from performance monitor
[15:38:22.941] [FrameStats] hello from performance monitor
[15:38:22.965] [FrameStats] hello from performance monitor
[15:38:22.986] [FrameStats] hello from performance monitor
[15:38:23.006] [FrameStats] hello from performance monitor
[15:38:23.027] [FrameStats] hello from performance monitor
[15:38:23.041] [FrameStats] hello from performance monitor
[15:38:23.065] [FrameStats] hello from performance monitor
[15:38:23.085] [FrameStats] hello from performance monitor
[15:38:23.106] [FrameStats] hello from performance monitor
[15:38:23.126] [FrameStats] hello from performance monitor
[15:38:23.141] [FrameStats] hello from performance monitor
[15:38:23.164] [FrameStats] hello from performance monitor
[15:38:23.185] [FrameStats] hello from performance monitor
[15:38:23.206] [FrameStats] hello from performance monitor
[15:38:23.227] [FrameStats] hello from performance monitor
[15:38:23.241] [FrameStats] hello from performance monitor
[15:38:23.263] [FrameStats] hello from performance monitor
[15:38:23.285] [FrameStats] hello from performance monitor
[15:38:24.634] [FrameStats] have options menu
[15:38:24.634] [FrameStats] added stats setting option
[15:38:26.831] [FrameStats] Toggle: False
[15:38:27.422] [FrameStats] Toggle: True
[15:38:28.448] [FrameStats] Toggle: False
[15:38:28.905] [FrameStats] Toggle: True
[15:38:29.902] [FrameStats] lost options menu
[15:38:29.902] [FrameStats] hello from performance monitor
[15:38:29.925] [FrameStats] hello from performance monitor
[15:38:29.946] [FrameStats] hello from performance monitor
[15:38:29.961] [FrameStats] hello from performance monitor
[15:38:29.982] [FrameStats] hello from performance monitor
[15:38:30.004] [FrameStats] hello from performance monitor
[15:38:30.024] [FrameStats] hello from performance monitor
[15:38:30.048] [FrameStats] hello from performance monitor
[15:38:30.061] [FrameStats] hello from performance monitor
[15:38:30.083] [FrameStats] hello from performance monitor
[15:38:30.104] [FrameStats] hello from performance monitor
[15:38:30.125] [FrameStats] hello from performance monitor
[15:38:30.146] [FrameStats] hello from performance monitor
[15:38:30.161] [FrameStats] hello from performance monitor
[15:38:30.183] [FrameStats] hello from performance monitor
[15:38:30.204] [FrameStats] hello from performance monitor
[15:38:30.225] [FrameStats] hello from performance monitor
[15:38:30.246] [FrameStats] hello from performance monitor
[15:38:30.260] [FrameStats] hello from performance monitor
[15:38:30.283] [FrameStats] hello from performance monitor
[15:38:30.304] [FrameStats] hello from performance monitor
[15:38:30.325] [FrameStats] hello from performance monitor
[15:38:30.346] [FrameStats] hello from performance monitor
[15:38:30.360] [FrameStats] hello from performance monitor
[15:38:30.384] [FrameStats] hello from performance monitor
[15:38:30.404] [FrameStats] hello from performance monitor
[15:38:30.425] [FrameStats] hello from performance monitor
[15:38:30.446] [FrameStats] hello from performance monitor
[15:38:30.461] [FrameStats] hello from performance monitor
[15:38:30.484] [FrameStats] hello from performance monitor
[15:38:30.504] [FrameStats] hello from performance monitor
[15:38:30.526] [FrameStats] hello from performance monitor
[15:38:30.547] [FrameStats] hello from performance monitor
[15:38:30.561] [FrameStats] hello from performance monitor
[15:38:30.582] [FrameStats] hello from performance monitor
[15:38:30.604] [FrameStats] hello from performance monitor
[15:38:30.625] [FrameStats] hello from performance monitor
[15:38:30.647] [FrameStats] hello from performance monitor
[15:38:30.660] [FrameStats] hello from performance monitor
[15:38:30.681] [FrameStats] hello from performance monitor
[15:38:30.704] [FrameStats] hello from performance monitor
[15:38:30.725] [FrameStats] hello from performance monitor
[15:38:30.747] [FrameStats] hello from performance monitor
[15:38:30.761] [FrameStats] hello from performance monitor
[15:38:30.781] [FrameStats] hello from performance monitor
[15:38:30.804] [FrameStats] hello from performance monitor
[15:38:30.825] [FrameStats] hello from performance monitor
[15:38:30.846] [FrameStats] hello from performance monitor
[15:38:30.860] [FrameStats] hello from performance monitor
[15:38:30.881] [FrameStats] hello from performance monitor
[15:38:30.902] [FrameStats] hello from performance monitor
[15:38:30.925] [FrameStats] hello from performance monitor
[15:38:30.946] [FrameStats] hello from performance monitor
[15:38:30.961] [FrameStats] hello from performance monitor
[15:38:30.981] [FrameStats] hello from performance monitor
[15:38:31.005] [FrameStats] hello from performance monitor
[15:38:31.025] [FrameStats] hello from performance monitor
[15:38:31.046] [FrameStats] hello from performance monitor
[15:38:31.061] [FrameStats] hello from performance monitor
[15:38:32.428] [FrameStats] scene MainMenu loaded, index 0
[15:38:34.112] [FrameStats] have options menu
[15:38:34.113] [FrameStats] added stats setting option
[15:38:36.130] Preferences Saved!
