
[18:25:20.267] ------------------------------
[18:25:20.291] MelonLoader v0.7.0 Open-Beta
[18:25:20.292] OS: Windows 11
[18:25:20.293] Hash Code: F2DCA88FB1569FD6750096CED35BBB808C50BA273E0D295347A24385B0B764CA
[18:25:20.293] ------------------------------
[18:25:20.295] Game Type: MonoBleedingEdge
[18:25:20.295] Game Arch: x64
[18:25:20.295] ------------------------------
[18:25:20.295] Command-Line: 
[18:25:20.296] ------------------------------
[18:25:20.296] Core::BasePath = C:\Users\Pytho\Projects\SDFrameStatsMod\StellarDrive_0.6.5
[18:25:20.296] Game::BasePath = C:\Users\Pytho\Projects\SDFrameStatsMod\StellarDrive_0.6.5
[18:25:20.297] Game::DataPath = C:\Users\Pytho\Projects\SDFrameStatsMod\StellarDrive_0.6.5\StellarDrive_Data
[18:25:20.297] Game::ApplicationPath = C:\Users\Pytho\Projects\SDFrameStatsMod\StellarDrive_0.6.5\StellarDrive.exe
[18:25:20.297] Runtime Type: net35
[18:25:20.370] ------------------------------
[18:25:20.371] Game Name: StellarDrive
[18:25:20.371] Game Developer: CuriousOwlGames
[18:25:20.373] Unity Version: 2022.3.11f1
[18:25:20.373] Game Version: UNKNOWN
[18:25:20.373] ------------------------------

[18:25:20.617] Preferences Loaded!

[18:25:20.636] Loading UserLibs...
[18:25:20.655] ------------------------------
[18:25:20.659] Melon Assembly loaded: '.\UserLibs\HidSharp.dll'
[18:25:20.659] SHA256 Hash: '61EB2E22A5620D789A23D389F1AF9D38FAFF4D85F46ADEDBC28FB22CFEC61BF9'
[18:25:20.666] Melon Assembly loaded: '.\UserLibs\LibreHardwareMonitorLib.dll'
[18:25:20.666] SHA256 Hash: '99B39B0B0AC865C38A33DFF7DEE080FF17AAC3337B2332812CA2D7BB13C89460'
[18:25:20.667] Melon Assembly loaded: '.\UserLibs\Microsoft.Win32.Registry.dll'
[18:25:20.667] SHA256 Hash: 'D641EB0065BD5CDB541C5BF0D2FF976720D35D62416AB959727651ABF0ABA2CA'
[18:25:20.668] Melon Assembly loaded: '.\UserLibs\System.Buffers.dll'
[18:25:20.668] SHA256 Hash: 'C65FFF603B283DC966D1A8B730C11D5E5E750E8021BD24640612F6CC3F2C6FB7'
[18:25:20.670] Melon Assembly loaded: '.\UserLibs\System.CodeDom.dll'
[18:25:20.670] SHA256 Hash: 'CF18C822A341A3932FC8C08D7F21BF015F7E3C2696619560C94B63629341376A'
[18:25:20.671] Melon Assembly loaded: '.\UserLibs\System.IO.FileSystem.AccessControl.dll'
[18:25:20.671] SHA256 Hash: 'D2D6CD3FEF822959B68A68A6AF6096963BBE6493D90E16F0AF65FEDE25D85F32'
[18:25:20.672] Melon Assembly loaded: '.\UserLibs\System.IO.Ports.dll'
[18:25:20.672] SHA256 Hash: 'B1ECEF838C8B833BE76D1EF75AD8A0B1FAD805FC951136C9E5256FD3CF15FC1B'
[18:25:20.674] Melon Assembly loaded: '.\UserLibs\System.Management.dll'
[18:25:20.674] SHA256 Hash: '205BF789DD38D8ABC5FDC9CD8653469400ED9D6386B07384609848B9C95D7721'
[18:25:20.676] Melon Assembly loaded: '.\UserLibs\System.Memory.dll'
[18:25:20.676] SHA256 Hash: 'D2E3949FCF3A3B3A20BB9A568A4DA582D9A90D64F34C0BDC07C9029BFE8F1858'
[18:25:20.679] Melon Assembly loaded: '.\UserLibs\System.Numerics.Vectors.dll'
[18:25:20.679] SHA256 Hash: '2324EE5A35674269225E2AA20957CE8830DBCA0CFFB918BD593F7A3222DEE480'
[18:25:20.680] Melon Assembly loaded: '.\UserLibs\System.Runtime.CompilerServices.Unsafe.dll'
[18:25:20.681] SHA256 Hash: 'BFC8F02A96934786CA5A0514A3B657021C12542E215E94B78FDCC74BFEFFE3D3'
[18:25:20.682] Melon Assembly loaded: '.\UserLibs\System.Security.AccessControl.dll'
[18:25:20.682] SHA256 Hash: '93084849C17A21F641C13C9F17545CFE18C1EC097561F3F0EBBBE26F358BA120'
[18:25:20.683] Melon Assembly loaded: '.\UserLibs\System.Security.Principal.Windows.dll'
[18:25:20.684] SHA256 Hash: '7828DFD952A9FD49404477BAFF714849177D9F18C0654ADAFADBDCAFB4B21F47'
[18:25:20.706] Melon Assembly loaded: '.\UserLibs\UniverseLib.Mono.dll'
[18:25:20.706] SHA256 Hash: '3B10913FFEAC9A0744583F0BB18218A5CFAFCBA467A7F9F99FA731E801A5A880'
[18:25:20.706] ------------------------------
[18:25:20.706] 0 UserLibs loaded.

[18:25:20.706] Loading Plugins...
[18:25:20.708] 0 Plugins loaded.


[18:25:21.496] Loading Mods...
[18:25:21.498] ------------------------------
[18:25:21.499] Melon Assembly loaded: '.\Mods\FrameStats.dll'
[18:25:21.499] SHA256 Hash: '3973B27EF508F80B942E2453CE99208E10640F3E955523B7BAFEFB65F669813C'
[18:25:21.514] Melon Assembly loaded: '.\Mods\UnityExplorer.ML.Mono.dll'
[18:25:21.515] SHA256 Hash: '7E6C95C5F0DB2D6B22F506AAD4D268A96250BD64D8E259B7E4073106250F36D2'

[18:25:21.542] ------------------------------
[18:25:21.542] FrameStats v1.0.0
[18:25:21.542] by oneshade
[18:25:21.542] Assembly: FrameStats.dll
[18:25:21.542] ------------------------------
[18:25:21.543] ------------------------------
[18:25:21.543] UnityExplorer v4.9.0
[18:25:21.543] by Sinai
[18:25:21.544] Assembly: UnityExplorer.ML.Mono.dll
[18:25:21.544] ------------------------------
[18:25:21.545] ------------------------------
[18:25:21.545] 2 Mods loaded.

[18:25:21.551] Support Module Loaded: C:\Users\Pytho\Projects\SDFrameStatsMod\StellarDrive_0.6.5\MelonLoader\Dependencies\SupportModules\Mono.dll
[18:25:21.561] [UnityExplorer] UnityExplorer 4.9.0 initializing...
[18:25:21.579] [UnityExplorer] [UniverseLib] UniverseLib 1.5.1 initializing...
[18:25:21.944] [UnityExplorer] [UniverseLib] Finished UniverseLib initial setup.
[18:25:21.949] [UnityExplorer] Initialized UnityCrashPrevention for: Canvas.get_renderingDisplaySize
[18:25:24.226] [FrameStats] scene MainMenu loaded, index 0
[18:25:24.764] [FrameStats] failed to load ui asset bundle
[18:25:27.256] [FrameStats] Hardware: Intel Core i9-14900HX
[18:25:27.258] [FrameStats] 	Sensor: CPU Core #1 Thread #1, value: 12.70781
[18:25:27.258] [FrameStats] 	Sensor: CPU Core #1 Thread #2, value: 0
[18:25:27.259] [FrameStats] 	Sensor: CPU Core #2 Thread #1, value: 6.084311
[18:25:27.259] [FrameStats] 	Sensor: CPU Core #2 Thread #2, value: 0
[18:25:27.259] [FrameStats] 	Sensor: CPU Core #3 Thread #1, value: 0
[18:25:27.259] [FrameStats] 	Sensor: CPU Core #3 Thread #2, value: 0
[18:25:27.259] [FrameStats] 	Sensor: CPU Core #4 Thread #1, value: 0
[18:25:27.259] [FrameStats] 	Sensor: CPU Core #4 Thread #2, value: 0
[18:25:27.259] [FrameStats] 	Sensor: CPU Core #5 Thread #1, value: 38.11868
[18:25:27.259] [FrameStats] 	Sensor: CPU Core #5 Thread #2, value: 0
[18:25:27.259] [FrameStats] 	Sensor: CPU Core #6 Thread #1, value: 72.67221
[18:25:27.259] [FrameStats] 	Sensor: CPU Core #6 Thread #2, value: 0
[18:25:27.259] [FrameStats] 	Sensor: CPU Core #7 Thread #1, value: 0
[18:25:27.260] [FrameStats] 	Sensor: CPU Core #7 Thread #2, value: 0
[18:25:27.260] [FrameStats] 	Sensor: CPU Core #8 Thread #1, value: 49.38251
[18:25:27.260] [FrameStats] 	Sensor: CPU Core #8 Thread #2, value: 4.504961
[18:25:27.260] [FrameStats] 	Sensor: CPU Core #9, value: 0
[18:25:27.260] [FrameStats] 	Sensor: CPU Core #10, value: 0
[18:25:27.260] [FrameStats] 	Sensor: CPU Core #11, value: 0
[18:25:27.260] [FrameStats] 	Sensor: CPU Core #12, value: 0
[18:25:27.260] [FrameStats] 	Sensor: CPU Core #13, value: 0
[18:25:27.260] [FrameStats] 	Sensor: CPU Core #14, value: 0
[18:25:27.260] [FrameStats] 	Sensor: CPU Core #15, value: 0
[18:25:27.260] [FrameStats] 	Sensor: CPU Core #16, value: 0
[18:25:27.260] [FrameStats] 	Sensor: CPU Core #17, value: 0
[18:25:27.260] [FrameStats] 	Sensor: CPU Core #18, value: 0
[18:25:27.260] [FrameStats] 	Sensor: CPU Core #19, value: 0
[18:25:27.261] [FrameStats] 	Sensor: CPU Core #20, value: 0
[18:25:27.261] [FrameStats] 	Sensor: CPU Core #21, value: 0
[18:25:27.261] [FrameStats] 	Sensor: CPU Core #22, value: 0
[18:25:27.261] [FrameStats] 	Sensor: CPU Core #23, value: 0
[18:25:27.261] [FrameStats] 	Sensor: CPU Core #24, value: 0
[18:25:27.261] [FrameStats] 	Sensor: CPU Total, value: 0
[18:25:27.261] [FrameStats] 	Sensor: CPU Core Max, value: 72.67221
[18:25:27.261] [FrameStats] 	Sensor: Core Max, value: 
[18:25:27.261] [FrameStats] 	Sensor: Core Average, value: 
[18:25:27.261] [FrameStats] 	Sensor: CPU Core #1, value: 
[18:25:27.261] [FrameStats] 	Sensor: CPU Core #2, value: 
[18:25:27.261] [FrameStats] 	Sensor: CPU Core #3, value: 
[18:25:27.261] [FrameStats] 	Sensor: CPU Core #4, value: 
[18:25:27.261] [FrameStats] 	Sensor: CPU Core #5, value: 
[18:25:27.261] [FrameStats] 	Sensor: CPU Core #6, value: 
[18:25:27.261] [FrameStats] 	Sensor: CPU Core #7, value: 
[18:25:27.262] [FrameStats] 	Sensor: CPU Core #8, value: 
[18:25:27.262] [FrameStats] 	Sensor: CPU Core #9, value: 
[18:25:27.262] [FrameStats] 	Sensor: CPU Core #10, value: 
[18:25:27.262] [FrameStats] 	Sensor: CPU Core #11, value: 
[18:25:27.262] [FrameStats] 	Sensor: CPU Core #12, value: 
[18:25:27.262] [FrameStats] 	Sensor: CPU Core #13, value: 
[18:25:27.262] [FrameStats] 	Sensor: CPU Core #14, value: 
[18:25:27.262] [FrameStats] 	Sensor: CPU Core #15, value: 
[18:25:27.262] [FrameStats] 	Sensor: CPU Core #16, value: 
[18:25:27.262] [FrameStats] 	Sensor: CPU Core #17, value: 
[18:25:27.262] [FrameStats] 	Sensor: CPU Core #18, value: 
[18:25:27.262] [FrameStats] 	Sensor: CPU Core #19, value: 
[18:25:27.262] [FrameStats] 	Sensor: CPU Core #20, value: 
[18:25:27.262] [FrameStats] 	Sensor: CPU Core #21, value: 
[18:25:27.262] [FrameStats] 	Sensor: CPU Core #22, value: 
[18:25:27.263] [FrameStats] 	Sensor: CPU Core #23, value: 
[18:25:27.263] [FrameStats] 	Sensor: CPU Core #24, value: 
[18:25:27.263] [FrameStats] 	Sensor: CPU Package, value: 
[18:25:27.263] [FrameStats] 	Sensor: CPU Core #1 Distance to TjMax, value: 
[18:25:27.263] [FrameStats] 	Sensor: CPU Core #2 Distance to TjMax, value: 
[18:25:27.263] [FrameStats] 	Sensor: CPU Core #3 Distance to TjMax, value: 
[18:25:27.263] [FrameStats] 	Sensor: CPU Core #4 Distance to TjMax, value: 
[18:25:27.263] [FrameStats] 	Sensor: CPU Core #5 Distance to TjMax, value: 
[18:25:27.263] [FrameStats] 	Sensor: CPU Core #6 Distance to TjMax, value: 
[18:25:27.263] [FrameStats] 	Sensor: CPU Core #7 Distance to TjMax, value: 
[18:25:27.263] [FrameStats] 	Sensor: CPU Core #8 Distance to TjMax, value: 
[18:25:27.263] [FrameStats] 	Sensor: CPU Core #9 Distance to TjMax, value: 
[18:25:27.263] [FrameStats] 	Sensor: CPU Core #10 Distance to TjMax, value: 
[18:25:27.263] [FrameStats] 	Sensor: CPU Core #11 Distance to TjMax, value: 
[18:25:27.263] [FrameStats] 	Sensor: CPU Core #12 Distance to TjMax, value: 
[18:25:27.263] [FrameStats] 	Sensor: CPU Core #13 Distance to TjMax, value: 
[18:25:27.263] [FrameStats] 	Sensor: CPU Core #14 Distance to TjMax, value: 
[18:25:27.263] [FrameStats] 	Sensor: CPU Core #15 Distance to TjMax, value: 
[18:25:27.263] [FrameStats] 	Sensor: CPU Core #16 Distance to TjMax, value: 
[18:25:27.263] [FrameStats] 	Sensor: CPU Core #17 Distance to TjMax, value: 
[18:25:27.263] [FrameStats] 	Sensor: CPU Core #18 Distance to TjMax, value: 
[18:25:27.263] [FrameStats] 	Sensor: CPU Core #19 Distance to TjMax, value: 
[18:25:27.263] [FrameStats] 	Sensor: CPU Core #20 Distance to TjMax, value: 
[18:25:27.263] [FrameStats] 	Sensor: CPU Core #21 Distance to TjMax, value: 
[18:25:27.264] [FrameStats] 	Sensor: CPU Core #22 Distance to TjMax, value: 
[18:25:27.264] [FrameStats] 	Sensor: CPU Core #23 Distance to TjMax, value: 
[18:25:27.264] [FrameStats] 	Sensor: CPU Core #24 Distance to TjMax, value: 
[18:25:27.264] [FrameStats] 	Sensor: CPU Core #1, value: 
[18:25:27.264] [FrameStats] 	Sensor: CPU Core #2, value: 
[18:25:27.264] [FrameStats] 	Sensor: CPU Core #3, value: 
[18:25:27.264] [FrameStats] 	Sensor: CPU Core #4, value: 
[18:25:27.264] [FrameStats] 	Sensor: CPU Core #5, value: 
[18:25:27.264] [FrameStats] 	Sensor: CPU Core #6, value: 
[18:25:27.264] [FrameStats] 	Sensor: CPU Core #7, value: 
[18:25:27.264] [FrameStats] 	Sensor: CPU Core #8, value: 
[18:25:27.264] [FrameStats] 	Sensor: CPU Core #9, value: 
[18:25:27.264] [FrameStats] 	Sensor: CPU Core #10, value: 
[18:25:27.264] [FrameStats] 	Sensor: CPU Core #11, value: 
[18:25:27.264] [FrameStats] 	Sensor: CPU Core #12, value: 
[18:25:27.264] [FrameStats] 	Sensor: CPU Core #13, value: 
[18:25:27.264] [FrameStats] 	Sensor: CPU Core #14, value: 
[18:25:27.264] [FrameStats] 	Sensor: CPU Core #15, value: 
[18:25:27.264] [FrameStats] 	Sensor: CPU Core #16, value: 
[18:25:27.264] [FrameStats] 	Sensor: CPU Core #17, value: 
[18:25:27.264] [FrameStats] 	Sensor: CPU Core #18, value: 
[18:25:27.264] [FrameStats] 	Sensor: CPU Core #19, value: 
[18:25:27.264] [FrameStats] 	Sensor: CPU Core #20, value: 
[18:25:27.264] [FrameStats] 	Sensor: CPU Core #21, value: 
[18:25:27.264] [FrameStats] 	Sensor: CPU Core #22, value: 
[18:25:27.264] [FrameStats] 	Sensor: CPU Core #23, value: 
[18:25:27.265] [FrameStats] 	Sensor: CPU Core #24, value: 
[18:25:27.265] [FrameStats] Hardware: Generic Memory
[18:25:27.265] [FrameStats] 	Sensor: Memory Used, value: 20.01439
[18:25:27.265] [FrameStats] 	Sensor: Memory Available, value: 11.70032
[18:25:27.265] [FrameStats] 	Sensor: Memory, value: 63.10759
[18:25:27.265] [FrameStats] 	Sensor: Virtual Memory Used, value: 38.50661
[18:25:27.265] [FrameStats] 	Sensor: Virtual Memory Available, value: 7.671795
[18:25:27.265] [FrameStats] 	Sensor: Virtual Memory, value: 83.38662
[18:25:27.265] [FrameStats] Hardware: NVIDIA GeForce RTX 4070 Laptop GPU
[18:25:27.265] [FrameStats] 	Sensor: GPU Core, value: 53
[18:25:27.265] [FrameStats] 	Sensor: GPU Core, value: 330
[18:25:27.265] [FrameStats] 	Sensor: GPU Memory, value: 405
[18:25:27.265] [FrameStats] 	Sensor: GPU Core, value: 0
[18:25:27.265] [FrameStats] 	Sensor: GPU Memory Controller, value: 1
[18:25:27.265] [FrameStats] 	Sensor: GPU Video Engine, value: 6
[18:25:27.265] [FrameStats] 	Sensor: GPU Bus, value: 0
[18:25:27.265] [FrameStats] 	Sensor: D3D Dedicated Memory Used, value: 582.8203
[18:25:27.265] [FrameStats] 	Sensor: D3D Shared Memory Used, value: 187.1602
[18:25:27.265] [FrameStats] 	Sensor: D3D 3D, value: 0
[18:25:27.265] [FrameStats] 	Sensor: D3D Overlay, value: 0
[18:25:27.265] [FrameStats] 	Sensor: D3D Video Decode, value: 14.50231
[18:25:27.265] [FrameStats] 	Sensor: D3D Copy, value: 0
[18:25:27.265] [FrameStats] 	Sensor: D3D Copy, value: 0.4537724
[18:25:27.265] [FrameStats] 	Sensor: D3D Security, value: 0
[18:25:27.265] [FrameStats] 	Sensor: D3D Video Encode, value: 0
[18:25:27.265] [FrameStats] 	Sensor: D3D Video Processing, value: 0
[18:25:27.265] [FrameStats] 	Sensor: D3D VR, value: 0
[18:25:27.265] [FrameStats] 	Sensor: GPU Hot Spot, value: 60.78125
[18:25:27.266] [FrameStats] 	Sensor: GPU Memory Total, value: 8188
[18:25:27.266] [FrameStats] 	Sensor: GPU Memory Free, value: 7370
[18:25:27.266] [FrameStats] 	Sensor: GPU Memory Used, value: 817
[18:25:27.266] [FrameStats] 	Sensor: GPU Memory, value: 9.979257
[18:25:27.266] [FrameStats] 	Sensor: GPU Package, value: 4.733
[18:25:27.266] [FrameStats] 	Sensor: GPU PCIe Rx, value: 0
[18:25:27.266] [FrameStats] 	Sensor: GPU PCIe Tx, value: 0
[18:25:27.266] [FrameStats] Hardware: Intel(R) UHD Graphics
[18:25:27.266] [FrameStats] 	Sensor: D3D Shared Memory Total, value: 16237.93
[18:25:27.266] [FrameStats] 	Sensor: D3D Shared Memory Free, value: 
[18:25:27.266] [FrameStats] 	Sensor: D3D Shared Memory Used, value: 1657.164
[18:25:27.266] [FrameStats] 	Sensor: D3D 3D, value: 0
[18:25:27.266] [FrameStats] 	Sensor: D3D Video Decode, value: 0
[18:25:27.266] [FrameStats] 	Sensor: D3D Copy, value: 0
[18:25:27.266] [FrameStats] 	Sensor: D3D Video Processing, value: 0
[18:25:27.266] [FrameStats] 	Sensor: D3D Video Decode, value: 0
[18:25:27.266] [FrameStats] 	Sensor: D3D Other, value: 0
[18:25:27.266] [FrameStats] 	Sensor: D3D Other, value: 0
[18:25:27.266] [FrameStats] 	Sensor: D3D Other, value: 0
[18:25:27.266] [FrameStats] 	Sensor: D3D Other, value: 0
[18:25:27.266] [FrameStats] 	Sensor: D3D Other, value: 0
[18:25:27.266] [FrameStats] 	Sensor: D3D GDI Render, value: 0
[18:25:27.266] [FrameStats] 	Sensor: D3D Other, value: 0
[18:25:27.266] [FrameStats] 	Sensor: D3D Other, value: 0
[18:25:27.266] [FrameStats] Hardware: L23M4PC3 
[18:25:27.266] [FrameStats] 	Sensor: Designed Capacity, value: 99900
[18:25:27.266] [FrameStats] 	Sensor: Fully-Charged Capacity, value: 94430
[18:25:27.266] [FrameStats] 	Sensor: Degradation Level, value: 5.475475
[18:25:27.266] [FrameStats] 	Sensor: Remaining Capacity, value: 94090
[18:25:27.266] [FrameStats] 	Sensor: Charge Level, value: 99.63995
[18:25:27.266] [FrameStats] 	Sensor: Voltage, value: 17.459
[18:25:27.267] [FrameStats] 	Sensor: Charge/Discharge Current, value: 0
[18:25:27.267] [FrameStats] 	Sensor: Charge/Discharge Rate, value: 0
[18:25:28.355] [UnityExplorer] [UniverseLib] Initialized new InputSystem support.
[18:25:28.408] [UnityExplorer] [UniverseLib] Loaded modern bundle for Unity 2022.3.11f1
[18:25:28.427] [UnityExplorer] [UniverseLib] UniverseLib 1.5.1 initialized.
[18:25:28.428] [UnityExplorer] Creating UI...
[18:25:28.913] [UnityExplorer] UnityExplorer 4.9.0 (Mono) initialized.
[18:25:30.175] [FrameStats] have options menu
[18:25:30.176] [FrameStats] failed to load frame stats settings ui
[18:25:34.129] Preferences Saved!
