
[22:29:13.561] ------------------------------
[22:29:13.602] MelonLoader v0.7.0 Open-Beta
[22:29:13.604] OS: Windows 11
[22:29:13.604] Hash Code: F2DCA88FB1569FD6750096CED35BBB808C50BA273E0D295347A24385B0B764CA
[22:29:13.604] ------------------------------
[22:29:13.607] Game Type: MonoBleedingEdge
[22:29:13.607] Game Arch: x64
[22:29:13.607] ------------------------------
[22:29:13.608] Command-Line: 
[22:29:13.608] ------------------------------
[22:29:13.609] Core::BasePath = C:\Users\Pytho\Projects\SDFrameStatsMod\StellarDrive_0.6.5
[22:29:13.609] Game::BasePath = C:\Users\Pytho\Projects\SDFrameStatsMod\StellarDrive_0.6.5
[22:29:13.618] Game::DataPath = C:\Users\Pytho\Projects\SDFrameStatsMod\StellarDrive_0.6.5\StellarDrive_Data
[22:29:13.619] Game::ApplicationPath = C:\Users\Pytho\Projects\SDFrameStatsMod\StellarDrive_0.6.5\StellarDrive.exe
[22:29:13.619] Runtime Type: net35
[22:29:13.750] ------------------------------
[22:29:13.750] Game Name: StellarDrive
[22:29:13.750] Game Developer: CuriousOwlGames
[22:29:13.754] Unity Version: 2022.3.11f1
[22:29:13.755] Game Version: UNKNOWN
[22:29:13.755] ------------------------------

[22:29:14.208] Preferences Loaded!

[22:29:14.242] Loading UserLibs...
[22:29:14.712] ------------------------------
[22:29:14.719] Melon Assembly loaded: '.\UserLibs\HidSharp.dll'
[22:29:14.719] SHA256 Hash: '61EB2E22A5620D789A23D389F1AF9D38FAFF4D85F46ADEDBC28FB22CFEC61BF9'
[22:29:14.735] Melon Assembly loaded: '.\UserLibs\LibreHardwareMonitorLib.dll'
[22:29:14.736] SHA256 Hash: '99B39B0B0AC865C38A33DFF7DEE080FF17AAC3337B2332812CA2D7BB13C89460'
[22:29:14.738] Melon Assembly loaded: '.\UserLibs\Microsoft.Win32.Registry.dll'
[22:29:14.738] SHA256 Hash: 'D641EB0065BD5CDB541C5BF0D2FF976720D35D62416AB959727651ABF0ABA2CA'
[22:29:14.741] Melon Assembly loaded: '.\UserLibs\System.Buffers.dll'
[22:29:14.741] SHA256 Hash: 'C65FFF603B283DC966D1A8B730C11D5E5E750E8021BD24640612F6CC3F2C6FB7'
[22:29:14.746] Melon Assembly loaded: '.\UserLibs\System.CodeDom.dll'
[22:29:14.747] SHA256 Hash: 'CF18C822A341A3932FC8C08D7F21BF015F7E3C2696619560C94B63629341376A'
[22:29:14.749] Melon Assembly loaded: '.\UserLibs\System.IO.FileSystem.AccessControl.dll'
[22:29:14.750] SHA256 Hash: 'D2D6CD3FEF822959B68A68A6AF6096963BBE6493D90E16F0AF65FEDE25D85F32'
[22:29:14.752] Melon Assembly loaded: '.\UserLibs\System.IO.Ports.dll'
[22:29:14.753] SHA256 Hash: 'B1ECEF838C8B833BE76D1EF75AD8A0B1FAD805FC951136C9E5256FD3CF15FC1B'
[22:29:14.759] Melon Assembly loaded: '.\UserLibs\System.Management.dll'
[22:29:14.760] SHA256 Hash: '205BF789DD38D8ABC5FDC9CD8653469400ED9D6386B07384609848B9C95D7721'
[22:29:14.765] Melon Assembly loaded: '.\UserLibs\System.Memory.dll'
[22:29:14.765] SHA256 Hash: 'D2E3949FCF3A3B3A20BB9A568A4DA582D9A90D64F34C0BDC07C9029BFE8F1858'
[22:29:14.771] Melon Assembly loaded: '.\UserLibs\System.Numerics.Vectors.dll'
[22:29:14.772] SHA256 Hash: '2324EE5A35674269225E2AA20957CE8830DBCA0CFFB918BD593F7A3222DEE480'
[22:29:14.774] Melon Assembly loaded: '.\UserLibs\System.Runtime.CompilerServices.Unsafe.dll'
[22:29:14.776] SHA256 Hash: 'BFC8F02A96934786CA5A0514A3B657021C12542E215E94B78FDCC74BFEFFE3D3'
[22:29:14.779] Melon Assembly loaded: '.\UserLibs\System.Security.AccessControl.dll'
[22:29:14.779] SHA256 Hash: '93084849C17A21F641C13C9F17545CFE18C1EC097561F3F0EBBBE26F358BA120'
[22:29:14.782] Melon Assembly loaded: '.\UserLibs\System.Security.Principal.Windows.dll'
[22:29:14.782] SHA256 Hash: '7828DFD952A9FD49404477BAFF714849177D9F18C0654ADAFADBDCAFB4B21F47'
[22:29:14.835] Melon Assembly loaded: '.\UserLibs\UniverseLib.Mono.dll'
[22:29:14.835] SHA256 Hash: '3B10913FFEAC9A0744583F0BB18218A5CFAFCBA467A7F9F99FA731E801A5A880'
[22:29:14.837] ------------------------------
[22:29:14.837] 0 UserLibs loaded.

[22:29:14.838] Loading Plugins...
[22:29:14.841] 0 Plugins loaded.


[22:29:16.260] Loading Mods...
[22:29:16.271] ------------------------------
[22:29:16.273] Melon Assembly loaded: '.\Mods\FrameStats.dll'
[22:29:16.273] SHA256 Hash: '6215D25F22AFF28408F48F4BD4B963EF4BCA30179D73A8B241090E6D88DCAB98'
[22:29:16.305] Melon Assembly loaded: '.\Mods\UnityExplorer.ML.Mono.dll'
[22:29:16.306] SHA256 Hash: '7E6C95C5F0DB2D6B22F506AAD4D268A96250BD64D8E259B7E4073106250F36D2'

[22:29:16.359] ------------------------------
[22:29:16.360] FrameStats v1.0.0
[22:29:16.360] by oneshade
[22:29:16.361] Assembly: FrameStats.dll
[22:29:16.361] ------------------------------
[22:29:16.363] ------------------------------
[22:29:16.364] UnityExplorer v4.9.0
[22:29:16.364] by Sinai
[22:29:16.364] Assembly: UnityExplorer.ML.Mono.dll
[22:29:16.365] ------------------------------
[22:29:16.368] ------------------------------
[22:29:16.368] 2 Mods loaded.

[22:29:16.379] Support Module Loaded: C:\Users\Pytho\Projects\SDFrameStatsMod\StellarDrive_0.6.5\MelonLoader\Dependencies\SupportModules\Mono.dll
[22:29:16.396] [FrameStats] melon initialized
[22:29:19.328] [FrameStats] Hardware: Intel Core i9-14900HX
[22:29:19.333] [FrameStats] 	Sensor: CPU Core #1 Thread #1, value: 7.396221
[22:29:19.333] [FrameStats] 	Sensor: CPU Core #1 Thread #2, value: 0
[22:29:19.334] [FrameStats] 	Sensor: CPU Core #2 Thread #1, value: 0
[22:29:19.334] [FrameStats] 	Sensor: CPU Core #2 Thread #2, value: 0
[22:29:19.334] [FrameStats] 	Sensor: CPU Core #3 Thread #1, value: 0
[22:29:19.335] [FrameStats] 	Sensor: CPU Core #3 Thread #2, value: 18.9655
[22:29:19.335] [FrameStats] 	Sensor: CPU Core #4 Thread #1, value: 12.46478
[22:29:19.335] [FrameStats] 	Sensor: CPU Core #4 Thread #2, value: 0
[22:29:19.336] [FrameStats] 	Sensor: CPU Core #5 Thread #1, value: 0
[22:29:19.336] [FrameStats] 	Sensor: CPU Core #5 Thread #2, value: 30.00832
[22:29:19.336] [FrameStats] 	Sensor: CPU Core #6 Thread #1, value: 40.25558
[22:29:19.336] [FrameStats] 	Sensor: CPU Core #6 Thread #2, value: 0
[22:29:19.337] [FrameStats] 	Sensor: CPU Core #7 Thread #1, value: 5.397522
[22:29:19.337] [FrameStats] 	Sensor: CPU Core #7 Thread #2, value: 0
[22:29:19.337] [FrameStats] 	Sensor: CPU Core #8 Thread #1, value: 4.117471
[22:29:19.338] [FrameStats] 	Sensor: CPU Core #8 Thread #2, value: 0
[22:29:19.338] [FrameStats] 	Sensor: CPU Core #9, value: 0
[22:29:19.338] [FrameStats] 	Sensor: CPU Core #10, value: 1.231217
[22:29:19.338] [FrameStats] 	Sensor: CPU Core #11, value: 0
[22:29:19.339] [FrameStats] 	Sensor: CPU Core #12, value: 0
[22:29:19.339] [FrameStats] 	Sensor: CPU Core #13, value: 0
[22:29:19.339] [FrameStats] 	Sensor: CPU Core #14, value: 0
[22:29:19.339] [FrameStats] 	Sensor: CPU Core #15, value: 0
[22:29:19.339] [FrameStats] 	Sensor: CPU Core #16, value: 0
[22:29:19.340] [FrameStats] 	Sensor: CPU Core #17, value: 0
[22:29:19.340] [FrameStats] 	Sensor: CPU Core #18, value: 0
[22:29:19.340] [FrameStats] 	Sensor: CPU Core #19, value: 0
[22:29:19.341] [FrameStats] 	Sensor: CPU Core #20, value: 0
[22:29:19.341] [FrameStats] 	Sensor: CPU Core #21, value: 0
[22:29:19.342] [FrameStats] 	Sensor: CPU Core #22, value: 0
[22:29:19.342] [FrameStats] 	Sensor: CPU Core #23, value: 0
[22:29:19.342] [FrameStats] 	Sensor: CPU Core #24, value: 0
[22:29:19.342] [FrameStats] 	Sensor: CPU Total, value: 0
[22:29:19.343] [FrameStats] 	Sensor: CPU Core Max, value: 40.25558
[22:29:19.343] [FrameStats] 	Sensor: Core Max, value: 
[22:29:19.343] [FrameStats] 	Sensor: Core Average, value: 
[22:29:19.344] [FrameStats] 	Sensor: CPU Core #1, value: 
[22:29:19.344] [FrameStats] 	Sensor: CPU Core #2, value: 
[22:29:19.344] [FrameStats] 	Sensor: CPU Core #3, value: 
[22:29:19.345] [FrameStats] 	Sensor: CPU Core #4, value: 
[22:29:19.345] [FrameStats] 	Sensor: CPU Core #5, value: 
[22:29:19.345] [FrameStats] 	Sensor: CPU Core #6, value: 
[22:29:19.346] [FrameStats] 	Sensor: CPU Core #7, value: 
[22:29:19.347] [FrameStats] 	Sensor: CPU Core #8, value: 
[22:29:19.347] [FrameStats] 	Sensor: CPU Core #9, value: 
[22:29:19.348] [FrameStats] 	Sensor: CPU Core #10, value: 
[22:29:19.348] [FrameStats] 	Sensor: CPU Core #11, value: 
[22:29:19.348] [FrameStats] 	Sensor: CPU Core #12, value: 
[22:29:19.349] [FrameStats] 	Sensor: CPU Core #13, value: 
[22:29:19.349] [FrameStats] 	Sensor: CPU Core #14, value: 
[22:29:19.357] [FrameStats] 	Sensor: CPU Core #15, value: 
[22:29:19.357] [FrameStats] 	Sensor: CPU Core #16, value: 
[22:29:19.357] [FrameStats] 	Sensor: CPU Core #17, value: 
[22:29:19.358] [FrameStats] 	Sensor: CPU Core #18, value: 
[22:29:19.358] [FrameStats] 	Sensor: CPU Core #19, value: 
[22:29:19.359] [FrameStats] 	Sensor: CPU Core #20, value: 
[22:29:19.359] [FrameStats] 	Sensor: CPU Core #21, value: 
[22:29:19.359] [FrameStats] 	Sensor: CPU Core #22, value: 
[22:29:19.360] [FrameStats] 	Sensor: CPU Core #23, value: 
[22:29:19.360] [FrameStats] 	Sensor: CPU Core #24, value: 
[22:29:19.360] [FrameStats] 	Sensor: CPU Package, value: 
[22:29:19.361] [FrameStats] 	Sensor: CPU Core #1 Distance to TjMax, value: 
[22:29:19.361] [FrameStats] 	Sensor: CPU Core #2 Distance to TjMax, value: 
[22:29:19.361] [FrameStats] 	Sensor: CPU Core #3 Distance to TjMax, value: 
[22:29:19.361] [FrameStats] 	Sensor: CPU Core #4 Distance to TjMax, value: 
[22:29:19.362] [FrameStats] 	Sensor: CPU Core #5 Distance to TjMax, value: 
[22:29:19.362] [FrameStats] 	Sensor: CPU Core #6 Distance to TjMax, value: 
[22:29:19.362] [FrameStats] 	Sensor: CPU Core #7 Distance to TjMax, value: 
[22:29:19.363] [FrameStats] 	Sensor: CPU Core #8 Distance to TjMax, value: 
[22:29:19.363] [FrameStats] 	Sensor: CPU Core #9 Distance to TjMax, value: 
[22:29:19.363] [FrameStats] 	Sensor: CPU Core #10 Distance to TjMax, value: 
[22:29:19.364] [FrameStats] 	Sensor: CPU Core #11 Distance to TjMax, value: 
[22:29:19.364] [FrameStats] 	Sensor: CPU Core #12 Distance to TjMax, value: 
[22:29:19.365] [FrameStats] 	Sensor: CPU Core #13 Distance to TjMax, value: 
[22:29:19.370] [FrameStats] 	Sensor: CPU Core #14 Distance to TjMax, value: 
[22:29:19.371] [FrameStats] 	Sensor: CPU Core #15 Distance to TjMax, value: 
[22:29:19.371] [FrameStats] 	Sensor: CPU Core #16 Distance to TjMax, value: 
[22:29:19.371] [FrameStats] 	Sensor: CPU Core #17 Distance to TjMax, value: 
[22:29:19.372] [FrameStats] 	Sensor: CPU Core #18 Distance to TjMax, value: 
[22:29:19.372] [FrameStats] 	Sensor: CPU Core #19 Distance to TjMax, value: 
[22:29:19.372] [FrameStats] 	Sensor: CPU Core #20 Distance to TjMax, value: 
[22:29:19.373] [FrameStats] 	Sensor: CPU Core #21 Distance to TjMax, value: 
[22:29:19.373] [FrameStats] 	Sensor: CPU Core #22 Distance to TjMax, value: 
[22:29:19.373] [FrameStats] 	Sensor: CPU Core #23 Distance to TjMax, value: 
[22:29:19.373] [FrameStats] 	Sensor: CPU Core #24 Distance to TjMax, value: 
[22:29:19.374] [FrameStats] 	Sensor: CPU Core #1, value: 
[22:29:19.374] [FrameStats] 	Sensor: CPU Core #2, value: 
[22:29:19.374] [FrameStats] 	Sensor: CPU Core #3, value: 
[22:29:19.375] [FrameStats] 	Sensor: CPU Core #4, value: 
[22:29:19.375] [FrameStats] 	Sensor: CPU Core #5, value: 
[22:29:19.375] [FrameStats] 	Sensor: CPU Core #6, value: 
[22:29:19.375] [FrameStats] 	Sensor: CPU Core #7, value: 
[22:29:19.376] [FrameStats] 	Sensor: CPU Core #8, value: 
[22:29:19.376] [FrameStats] 	Sensor: CPU Core #9, value: 
[22:29:19.376] [FrameStats] 	Sensor: CPU Core #10, value: 
[22:29:19.377] [FrameStats] 	Sensor: CPU Core #11, value: 
[22:29:19.377] [FrameStats] 	Sensor: CPU Core #12, value: 
[22:29:19.377] [FrameStats] 	Sensor: CPU Core #13, value: 
[22:29:19.378] [FrameStats] 	Sensor: CPU Core #14, value: 
[22:29:19.378] [FrameStats] 	Sensor: CPU Core #15, value: 
[22:29:19.378] [FrameStats] 	Sensor: CPU Core #16, value: 
[22:29:19.379] [FrameStats] 	Sensor: CPU Core #17, value: 
[22:29:19.379] [FrameStats] 	Sensor: CPU Core #18, value: 
[22:29:19.379] [FrameStats] 	Sensor: CPU Core #19, value: 
[22:29:19.379] [FrameStats] 	Sensor: CPU Core #20, value: 
[22:29:19.380] [FrameStats] 	Sensor: CPU Core #21, value: 
[22:29:19.380] [FrameStats] 	Sensor: CPU Core #22, value: 
[22:29:19.380] [FrameStats] 	Sensor: CPU Core #23, value: 
[22:29:19.386] [FrameStats] 	Sensor: CPU Core #24, value: 
[22:29:19.387] [FrameStats] Hardware: Generic Memory
[22:29:19.387] [FrameStats] 	Sensor: Memory Used, value: 18.70372
[22:29:19.387] [FrameStats] 	Sensor: Memory Available, value: 13.01099
[22:29:19.387] [FrameStats] 	Sensor: Memory, value: 58.9749
[22:29:19.388] [FrameStats] 	Sensor: Virtual Memory Used, value: 36.64685
[22:29:19.388] [FrameStats] 	Sensor: Virtual Memory Available, value: 6.567867
[22:29:19.388] [FrameStats] 	Sensor: Virtual Memory, value: 84.80178
[22:29:19.389] [FrameStats] Hardware: NVIDIA GeForce RTX 4070 Laptop GPU
[22:29:19.389] [FrameStats] 	Sensor: GPU Core, value: 40
[22:29:19.389] [FrameStats] 	Sensor: GPU Core, value: 210
[22:29:19.389] [FrameStats] 	Sensor: GPU Memory, value: 405
[22:29:19.390] [FrameStats] 	Sensor: GPU Core, value: 0
[22:29:19.390] [FrameStats] 	Sensor: GPU Memory Controller, value: 0
[22:29:19.390] [FrameStats] 	Sensor: GPU Video Engine, value: 0
[22:29:19.391] [FrameStats] 	Sensor: GPU Bus, value: 0
[22:29:19.391] [FrameStats] 	Sensor: D3D Dedicated Memory Used, value: 387.3125
[22:29:19.391] [FrameStats] 	Sensor: D3D Shared Memory Used, value: 127.0664
[22:29:19.391] [FrameStats] 	Sensor: D3D 3D, value: 0
[22:29:19.392] [FrameStats] 	Sensor: D3D Overlay, value: 0
[22:29:19.392] [FrameStats] 	Sensor: D3D Video Decode, value: 0
[22:29:19.392] [FrameStats] 	Sensor: D3D Copy, value: 0
[22:29:19.393] [FrameStats] 	Sensor: D3D Copy, value: 0
[22:29:19.393] [FrameStats] 	Sensor: D3D Security, value: 0
[22:29:19.393] [FrameStats] 	Sensor: D3D Video Encode, value: 0
[22:29:19.394] [FrameStats] 	Sensor: D3D Video Processing, value: 0
[22:29:19.394] [FrameStats] 	Sensor: D3D VR, value: 0
[22:29:19.394] [FrameStats] 	Sensor: GPU Hot Spot, value: 47.59375
[22:29:19.394] [FrameStats] 	Sensor: GPU Memory Total, value: 8188
[22:29:19.395] [FrameStats] 	Sensor: GPU Memory Free, value: 7566
[22:29:19.395] [FrameStats] 	Sensor: GPU Memory Used, value: 621
[22:29:19.396] [FrameStats] 	Sensor: GPU Memory, value: 7.595624
[22:29:19.401] [FrameStats] 	Sensor: GPU Package, value: 2.595
[22:29:19.401] [FrameStats] 	Sensor: GPU PCIe Rx, value: 0
[22:29:19.401] [FrameStats] 	Sensor: GPU PCIe Tx, value: 0
[22:29:19.402] [FrameStats] Hardware: Intel(R) UHD Graphics
[22:29:19.402] [FrameStats] 	Sensor: D3D Shared Memory Total, value: 16237.93
[22:29:19.402] [FrameStats] 	Sensor: D3D Shared Memory Free, value: 
[22:29:19.402] [FrameStats] 	Sensor: D3D Shared Memory Used, value: 1781.738
[22:29:19.403] [FrameStats] 	Sensor: D3D 3D, value: 0.8642483
[22:29:19.403] [FrameStats] 	Sensor: D3D Video Decode, value: 0
[22:29:19.403] [FrameStats] 	Sensor: D3D Copy, value: 0
[22:29:19.403] [FrameStats] 	Sensor: D3D Video Processing, value: 0
[22:29:19.404] [FrameStats] 	Sensor: D3D Video Decode, value: 0
[22:29:19.404] [FrameStats] 	Sensor: D3D Other, value: 0
[22:29:19.404] [FrameStats] 	Sensor: D3D Other, value: 0
[22:29:19.404] [FrameStats] 	Sensor: D3D Other, value: 0
[22:29:19.405] [FrameStats] 	Sensor: D3D Other, value: 0
[22:29:19.405] [FrameStats] 	Sensor: D3D Other, value: 0
[22:29:19.405] [FrameStats] 	Sensor: D3D GDI Render, value: 0
[22:29:19.405] [FrameStats] 	Sensor: D3D Other, value: 0
[22:29:19.406] [FrameStats] 	Sensor: D3D Other, value: 0
[22:29:19.406] [FrameStats] Hardware: L23M4PC3 
[22:29:19.406] [FrameStats] 	Sensor: Designed Capacity, value: 99900
[22:29:19.406] [FrameStats] 	Sensor: Fully-Charged Capacity, value: 98670
[22:29:19.407] [FrameStats] 	Sensor: Degradation Level, value: 1.231231
[22:29:19.407] [FrameStats] 	Sensor: Remaining Capacity, value: 17360
[22:29:19.407] [FrameStats] 	Sensor: Charge Level, value: 17.594
[22:29:19.407] [FrameStats] 	Sensor: Voltage, value: 14.316
[22:29:19.408] [FrameStats] 	Sensor: Discharge Current, value: 2.535974
[22:29:19.408] [FrameStats] 	Sensor: Discharge Rate, value: 36.305
[22:29:19.408] [FrameStats] 	Sensor: Remaining Time (Estimated), value: 1721
[22:29:19.427] [UnityExplorer] UnityExplorer 4.9.0 initializing...
[22:29:19.457] [UnityExplorer] [UniverseLib] UniverseLib 1.5.1 initializing...
[22:29:20.116] [UnityExplorer] [UniverseLib] Finished UniverseLib initial setup.
[22:29:20.125] [UnityExplorer] Initialized UnityCrashPrevention for: Canvas.get_renderingDisplaySize
[22:29:22.670] [FrameStats] scene MainMenu loaded, index 0
[22:29:24.371] [UnityExplorer] [UniverseLib] Initialized new InputSystem support.
[22:29:24.470] [UnityExplorer] [UniverseLib] Loaded modern bundle for Unity 2022.3.11f1
[22:29:24.500] [UnityExplorer] [UniverseLib] UniverseLib 1.5.1 initialized.
[22:29:24.502] [UnityExplorer] Creating UI...
[22:29:25.597] [UnityExplorer] UnityExplorer 4.9.0 (Mono) initialized.
[22:34:57.025] Preferences Saved!
