
[19:40:54.474] ------------------------------
[19:40:54.496] MelonLoader v0.7.0 Open-Beta
[19:40:54.497] OS: Windows 11
[19:40:54.497] Hash Code: F2DCA88FB1569FD6750096CED35BBB808C50BA273E0D295347A24385B0B764CA
[19:40:54.497] ------------------------------
[19:40:54.498] Game Type: MonoBleedingEdge
[19:40:54.498] Game Arch: x64
[19:40:54.498] ------------------------------
[19:40:54.498] Command-Line: 
[19:40:54.499] ------------------------------
[19:40:54.499] Core::BasePath = C:\Users\Pytho\Projects\SDFrameStatsMod\StellarDrive_0.6.5
[19:40:54.499] Game::BasePath = C:\Users\Pytho\Projects\SDFrameStatsMod\StellarDrive_0.6.5
[19:40:54.500] Game::DataPath = C:\Users\Pytho\Projects\SDFrameStatsMod\StellarDrive_0.6.5\StellarDrive_Data
[19:40:54.500] Game::ApplicationPath = C:\Users\Pytho\Projects\SDFrameStatsMod\StellarDrive_0.6.5\StellarDrive.exe
[19:40:54.500] Runtime Type: net35
[19:40:54.570] ------------------------------
[19:40:54.570] Game Name: StellarDrive
[19:40:54.571] Game Developer: CuriousOwlGames
[19:40:54.572] Unity Version: 2022.3.11f1
[19:40:54.573] Game Version: UNKNOWN
[19:40:54.573] ------------------------------

[19:40:54.836] Preferences Loaded!

[19:40:54.860] Loading UserLibs...
[19:40:54.980] ------------------------------
[19:40:54.984] Melon Assembly loaded: '.\UserLibs\HidSharp.dll'
[19:40:54.984] SHA256 Hash: '61EB2E22A5620D789A23D389F1AF9D38FAFF4D85F46ADEDBC28FB22CFEC61BF9'
[19:40:54.994] Melon Assembly loaded: '.\UserLibs\LibreHardwareMonitorLib.dll'
[19:40:54.994] SHA256 Hash: '99B39B0B0AC865C38A33DFF7DEE080FF17AAC3337B2332812CA2D7BB13C89460'
[19:40:54.996] Melon Assembly loaded: '.\UserLibs\Microsoft.Win32.Registry.dll'
[19:40:54.996] SHA256 Hash: 'D641EB0065BD5CDB541C5BF0D2FF976720D35D62416AB959727651ABF0ABA2CA'
[19:40:54.996] Melon Assembly loaded: '.\UserLibs\System.Buffers.dll'
[19:40:54.997] SHA256 Hash: 'C65FFF603B283DC966D1A8B730C11D5E5E750E8021BD24640612F6CC3F2C6FB7'
[19:40:54.999] Melon Assembly loaded: '.\UserLibs\System.CodeDom.dll'
[19:40:54.999] SHA256 Hash: 'CF18C822A341A3932FC8C08D7F21BF015F7E3C2696619560C94B63629341376A'
[19:40:55.000] Melon Assembly loaded: '.\UserLibs\System.IO.FileSystem.AccessControl.dll'
[19:40:55.000] SHA256 Hash: 'D2D6CD3FEF822959B68A68A6AF6096963BBE6493D90E16F0AF65FEDE25D85F32'
[19:40:55.001] Melon Assembly loaded: '.\UserLibs\System.IO.Ports.dll'
[19:40:55.001] SHA256 Hash: 'B1ECEF838C8B833BE76D1EF75AD8A0B1FAD805FC951136C9E5256FD3CF15FC1B'
[19:40:55.004] Melon Assembly loaded: '.\UserLibs\System.Management.dll'
[19:40:55.004] SHA256 Hash: '205BF789DD38D8ABC5FDC9CD8653469400ED9D6386B07384609848B9C95D7721'
[19:40:55.006] Melon Assembly loaded: '.\UserLibs\System.Memory.dll'
[19:40:55.007] SHA256 Hash: 'D2E3949FCF3A3B3A20BB9A568A4DA582D9A90D64F34C0BDC07C9029BFE8F1858'
[19:40:55.012] Melon Assembly loaded: '.\UserLibs\System.Numerics.Vectors.dll'
[19:40:55.012] SHA256 Hash: '2324EE5A35674269225E2AA20957CE8830DBCA0CFFB918BD593F7A3222DEE480'
[19:40:55.013] Melon Assembly loaded: '.\UserLibs\System.Runtime.CompilerServices.Unsafe.dll'
[19:40:55.013] SHA256 Hash: 'BFC8F02A96934786CA5A0514A3B657021C12542E215E94B78FDCC74BFEFFE3D3'
[19:40:55.014] Melon Assembly loaded: '.\UserLibs\System.Security.AccessControl.dll'
[19:40:55.014] SHA256 Hash: '93084849C17A21F641C13C9F17545CFE18C1EC097561F3F0EBBBE26F358BA120'
[19:40:55.015] Melon Assembly loaded: '.\UserLibs\System.Security.Principal.Windows.dll'
[19:40:55.015] SHA256 Hash: '7828DFD952A9FD49404477BAFF714849177D9F18C0654ADAFADBDCAFB4B21F47'
[19:40:55.037] Melon Assembly loaded: '.\UserLibs\UniverseLib.Mono.dll'
[19:40:55.038] SHA256 Hash: '3B10913FFEAC9A0744583F0BB18218A5CFAFCBA467A7F9F99FA731E801A5A880'
[19:40:55.038] ------------------------------
[19:40:55.038] 0 UserLibs loaded.

[19:40:55.038] Loading Plugins...
[19:40:55.040] 0 Plugins loaded.


[19:40:55.804] Loading Mods...
[19:40:55.831] ------------------------------
[19:40:55.832] Melon Assembly loaded: '.\Mods\FrameStats.dll'
[19:40:55.832] SHA256 Hash: '0E4A6B83148EE46837A76661A7CB459C2A00FF8F63B5F6ADC74669AAEE9CE102'
[19:40:55.846] Melon Assembly loaded: '.\Mods\UnityExplorer.ML.Mono.dll'
[19:40:55.847] SHA256 Hash: '7E6C95C5F0DB2D6B22F506AAD4D268A96250BD64D8E259B7E4073106250F36D2'

[19:40:55.875] ------------------------------
[19:40:55.876] FrameStats v1.0.0
[19:40:55.876] by oneshade
[19:40:55.876] Assembly: FrameStats.dll
[19:40:55.876] ------------------------------
[19:40:55.878] ------------------------------
[19:40:55.878] UnityExplorer v4.9.0
[19:40:55.878] by Sinai
[19:40:55.878] Assembly: UnityExplorer.ML.Mono.dll
[19:40:55.878] ------------------------------
[19:40:55.879] ------------------------------
[19:40:55.879] 2 Mods loaded.

[19:40:55.885] Support Module Loaded: C:\Users\Pytho\Projects\SDFrameStatsMod\StellarDrive_0.6.5\MelonLoader\Dependencies\SupportModules\Mono.dll
[19:40:55.896] [UnityExplorer] UnityExplorer 4.9.0 initializing...
[19:40:55.914] [UnityExplorer] [UniverseLib] UniverseLib 1.5.1 initializing...
[19:40:56.282] [UnityExplorer] [UniverseLib] Finished UniverseLib initial setup.
[19:40:56.287] [UnityExplorer] Initialized UnityCrashPrevention for: Canvas.get_renderingDisplaySize
[19:40:58.557] [FrameStats] scene MainMenu loaded, index 0
[19:40:59.093] [FrameStats] Loading asset bundle ui...
[19:40:59.096] [FrameStats]     Loaded asset FrameStatsPanel
[19:40:59.096] [FrameStats]     Loaded asset FrameStatsSettings
[19:41:01.475] [FrameStats] Hardware: Intel Core i9-14900HX
[19:41:01.477] [FrameStats]     Sensor: CPU Core #1 Thread #1, value: 31.79501
[19:41:01.477] [FrameStats]     Sensor: CPU Core #1 Thread #2, value: 0
[19:41:01.477] [FrameStats]     Sensor: CPU Core #2 Thread #1, value: 0
[19:41:01.477] [FrameStats]     Sensor: CPU Core #2 Thread #2, value: 0
[19:41:01.477] [FrameStats]     Sensor: CPU Core #3 Thread #1, value: 0
[19:41:01.477] [FrameStats]     Sensor: CPU Core #3 Thread #2, value: 28.33691
[19:41:01.478] [FrameStats]     Sensor: CPU Core #4 Thread #1, value: 1.68848
[19:41:01.478] [FrameStats]     Sensor: CPU Core #4 Thread #2, value: 0
[19:41:01.478] [FrameStats]     Sensor: CPU Core #5 Thread #1, value: 0
[19:41:01.478] [FrameStats]     Sensor: CPU Core #5 Thread #2, value: 38.46012
[19:41:01.478] [FrameStats]     Sensor: CPU Core #6 Thread #1, value: 35.94741
[19:41:01.478] [FrameStats]     Sensor: CPU Core #6 Thread #2, value: 0
[19:41:01.478] [FrameStats]     Sensor: CPU Core #7 Thread #1, value: 0.240922
[19:41:01.478] [FrameStats]     Sensor: CPU Core #7 Thread #2, value: 0
[19:41:01.478] [FrameStats]     Sensor: CPU Core #8 Thread #1, value: 0
[19:41:01.478] [FrameStats]     Sensor: CPU Core #8 Thread #2, value: 0
[19:41:01.478] [FrameStats]     Sensor: CPU Core #9, value: 0
[19:41:01.478] [FrameStats]     Sensor: CPU Core #10, value: 1.216722
[19:41:01.478] [FrameStats]     Sensor: CPU Core #11, value: 0
[19:41:01.478] [FrameStats]     Sensor: CPU Core #12, value: 0
[19:41:01.478] [FrameStats]     Sensor: CPU Core #13, value: 0
[19:41:01.478] [FrameStats]     Sensor: CPU Core #14, value: 0
[19:41:01.478] [FrameStats]     Sensor: CPU Core #15, value: 0
[19:41:01.478] [FrameStats]     Sensor: CPU Core #16, value: 0
[19:41:01.478] [FrameStats]     Sensor: CPU Core #17, value: 0
[19:41:01.478] [FrameStats]     Sensor: CPU Core #18, value: 0
[19:41:01.478] [FrameStats]     Sensor: CPU Core #19, value: 0
[19:41:01.478] [FrameStats]     Sensor: CPU Core #20, value: 0
[19:41:01.478] [FrameStats]     Sensor: CPU Core #21, value: 0
[19:41:01.478] [FrameStats]     Sensor: CPU Core #22, value: 0
[19:41:01.479] [FrameStats]     Sensor: CPU Core #23, value: 0
[19:41:01.479] [FrameStats]     Sensor: CPU Core #24, value: 0
[19:41:01.479] [FrameStats]     Sensor: CPU Total, value: 1.705587
[19:41:01.479] [FrameStats]     Sensor: CPU Core Max, value: 38.46012
[19:41:01.479] [FrameStats]     Sensor: Core Max, value: 
[19:41:01.479] [FrameStats]     Sensor: Core Average, value: 
[19:41:01.479] [FrameStats]     Sensor: CPU Core #1, value: 
[19:41:01.479] [FrameStats]     Sensor: CPU Core #2, value: 
[19:41:01.479] [FrameStats]     Sensor: CPU Core #3, value: 
[19:41:01.479] [FrameStats]     Sensor: CPU Core #4, value: 
[19:41:01.479] [FrameStats]     Sensor: CPU Core #5, value: 
[19:41:01.479] [FrameStats]     Sensor: CPU Core #6, value: 
[19:41:01.479] [FrameStats]     Sensor: CPU Core #7, value: 
[19:41:01.479] [FrameStats]     Sensor: CPU Core #8, value: 
[19:41:01.479] [FrameStats]     Sensor: CPU Core #9, value: 
[19:41:01.479] [FrameStats]     Sensor: CPU Core #10, value: 
[19:41:01.479] [FrameStats]     Sensor: CPU Core #11, value: 
[19:41:01.479] [FrameStats]     Sensor: CPU Core #12, value: 
[19:41:01.479] [FrameStats]     Sensor: CPU Core #13, value: 
[19:41:01.479] [FrameStats]     Sensor: CPU Core #14, value: 
[19:41:01.479] [FrameStats]     Sensor: CPU Core #15, value: 
[19:41:01.480] [FrameStats]     Sensor: CPU Core #16, value: 
[19:41:01.480] [FrameStats]     Sensor: CPU Core #17, value: 
[19:41:01.480] [FrameStats]     Sensor: CPU Core #18, value: 
[19:41:01.480] [FrameStats]     Sensor: CPU Core #19, value: 
[19:41:01.480] [FrameStats]     Sensor: CPU Core #20, value: 
[19:41:01.480] [FrameStats]     Sensor: CPU Core #21, value: 
[19:41:01.480] [FrameStats]     Sensor: CPU Core #22, value: 
[19:41:01.480] [FrameStats]     Sensor: CPU Core #23, value: 
[19:41:01.480] [FrameStats]     Sensor: CPU Core #24, value: 
[19:41:01.480] [FrameStats]     Sensor: CPU Package, value: 
[19:41:01.480] [FrameStats]     Sensor: CPU Core #1 Distance to TjMax, value: 
[19:41:01.480] [FrameStats]     Sensor: CPU Core #2 Distance to TjMax, value: 
[19:41:01.480] [FrameStats]     Sensor: CPU Core #3 Distance to TjMax, value: 
[19:41:01.480] [FrameStats]     Sensor: CPU Core #4 Distance to TjMax, value: 
[19:41:01.480] [FrameStats]     Sensor: CPU Core #5 Distance to TjMax, value: 
[19:41:01.480] [FrameStats]     Sensor: CPU Core #6 Distance to TjMax, value: 
[19:41:01.480] [FrameStats]     Sensor: CPU Core #7 Distance to TjMax, value: 
[19:41:01.480] [FrameStats]     Sensor: CPU Core #8 Distance to TjMax, value: 
[19:41:01.480] [FrameStats]     Sensor: CPU Core #9 Distance to TjMax, value: 
[19:41:01.480] [FrameStats]     Sensor: CPU Core #10 Distance to TjMax, value: 
[19:41:01.480] [FrameStats]     Sensor: CPU Core #11 Distance to TjMax, value: 
[19:41:01.480] [FrameStats]     Sensor: CPU Core #12 Distance to TjMax, value: 
[19:41:01.480] [FrameStats]     Sensor: CPU Core #13 Distance to TjMax, value: 
[19:41:01.480] [FrameStats]     Sensor: CPU Core #14 Distance to TjMax, value: 
[19:41:01.480] [FrameStats]     Sensor: CPU Core #15 Distance to TjMax, value: 
[19:41:01.481] [FrameStats]     Sensor: CPU Core #16 Distance to TjMax, value: 
[19:41:01.481] [FrameStats]     Sensor: CPU Core #17 Distance to TjMax, value: 
[19:41:01.481] [FrameStats]     Sensor: CPU Core #18 Distance to TjMax, value: 
[19:41:01.481] [FrameStats]     Sensor: CPU Core #19 Distance to TjMax, value: 
[19:41:01.481] [FrameStats]     Sensor: CPU Core #20 Distance to TjMax, value: 
[19:41:01.481] [FrameStats]     Sensor: CPU Core #21 Distance to TjMax, value: 
[19:41:01.481] [FrameStats]     Sensor: CPU Core #22 Distance to TjMax, value: 
[19:41:01.481] [FrameStats]     Sensor: CPU Core #23 Distance to TjMax, value: 
[19:41:01.481] [FrameStats]     Sensor: CPU Core #24 Distance to TjMax, value: 
[19:41:01.481] [FrameStats]     Sensor: CPU Core #1, value: 
[19:41:01.481] [FrameStats]     Sensor: CPU Core #2, value: 
[19:41:01.481] [FrameStats]     Sensor: CPU Core #3, value: 
[19:41:01.481] [FrameStats]     Sensor: CPU Core #4, value: 
[19:41:01.481] [FrameStats]     Sensor: CPU Core #5, value: 
[19:41:01.481] [FrameStats]     Sensor: CPU Core #6, value: 
[19:41:01.481] [FrameStats]     Sensor: CPU Core #7, value: 
[19:41:01.481] [FrameStats]     Sensor: CPU Core #8, value: 
[19:41:01.481] [FrameStats]     Sensor: CPU Core #9, value: 
[19:41:01.481] [FrameStats]     Sensor: CPU Core #10, value: 
[19:41:01.481] [FrameStats]     Sensor: CPU Core #11, value: 
[19:41:01.481] [FrameStats]     Sensor: CPU Core #12, value: 
[19:41:01.481] [FrameStats]     Sensor: CPU Core #13, value: 
[19:41:01.481] [FrameStats]     Sensor: CPU Core #14, value: 
[19:41:01.481] [FrameStats]     Sensor: CPU Core #15, value: 
[19:41:01.481] [FrameStats]     Sensor: CPU Core #16, value: 
[19:41:01.481] [FrameStats]     Sensor: CPU Core #17, value: 
[19:41:01.481] [FrameStats]     Sensor: CPU Core #18, value: 
[19:41:01.482] [FrameStats]     Sensor: CPU Core #19, value: 
[19:41:01.482] [FrameStats]     Sensor: CPU Core #20, value: 
[19:41:01.482] [FrameStats]     Sensor: CPU Core #21, value: 
[19:41:01.482] [FrameStats]     Sensor: CPU Core #22, value: 
[19:41:01.482] [FrameStats]     Sensor: CPU Core #23, value: 
[19:41:01.482] [FrameStats]     Sensor: CPU Core #24, value: 
[19:41:01.482] [FrameStats] Hardware: Generic Memory
[19:41:01.482] [FrameStats]     Sensor: Memory Used, value: 20.19137
[19:41:01.482] [FrameStats]     Sensor: Memory Available, value: 11.52335
[19:41:01.482] [FrameStats]     Sensor: Memory, value: 63.66562
[19:41:01.482] [FrameStats]     Sensor: Virtual Memory Used, value: 39.04022
[19:41:01.482] [FrameStats]     Sensor: Virtual Memory Available, value: 7.138191
[19:41:01.482] [FrameStats]     Sensor: Virtual Memory, value: 84.54214
[19:41:01.482] [FrameStats] Hardware: NVIDIA GeForce RTX 4070 Laptop GPU
[19:41:01.482] [FrameStats]     Sensor: GPU Core, value: 48
[19:41:01.482] [FrameStats]     Sensor: GPU Core, value: 465
[19:41:01.482] [FrameStats]     Sensor: GPU Memory, value: 810
[19:41:01.482] [FrameStats]     Sensor: GPU Core, value: 0
[19:41:01.482] [FrameStats]     Sensor: GPU Memory Controller, value: 1
[19:41:01.482] [FrameStats]     Sensor: GPU Video Engine, value: 11
[19:41:01.482] [FrameStats]     Sensor: GPU Bus, value: 0
[19:41:01.482] [FrameStats]     Sensor: D3D Dedicated Memory Used, value: 572.7148
[19:41:01.483] [FrameStats]     Sensor: D3D Shared Memory Used, value: 184.8789
[19:41:01.483] [FrameStats]     Sensor: D3D 3D, value: 0
[19:41:01.483] [FrameStats]     Sensor: D3D Overlay, value: 0
[19:41:01.483] [FrameStats]     Sensor: D3D Video Decode, value: 0
[19:41:01.483] [FrameStats]     Sensor: D3D Copy, value: 0
[19:41:01.483] [FrameStats]     Sensor: D3D Copy, value: 0
[19:41:01.483] [FrameStats]     Sensor: D3D Security, value: 0
[19:41:01.483] [FrameStats]     Sensor: D3D Video Encode, value: 0
[19:41:01.483] [FrameStats]     Sensor: D3D Video Processing, value: 0
[19:41:01.483] [FrameStats]     Sensor: D3D VR, value: 0
[19:41:01.483] [FrameStats]     Sensor: GPU Hot Spot, value: 55.46875
[19:41:01.483] [FrameStats]     Sensor: GPU Memory Total, value: 8188
[19:41:01.483] [FrameStats]     Sensor: GPU Memory Free, value: 7380
[19:41:01.483] [FrameStats]     Sensor: GPU Memory Used, value: 807
[19:41:01.483] [FrameStats]     Sensor: GPU Memory, value: 9.856363
[19:41:01.483] [FrameStats]     Sensor: GPU Package, value: 5.706
[19:41:01.483] [FrameStats]     Sensor: GPU PCIe Rx, value: 1024
[19:41:01.483] [FrameStats]     Sensor: GPU PCIe Tx, value: 0
[19:41:01.483] [FrameStats] Hardware: Intel(R) UHD Graphics
[19:41:01.483] [FrameStats]     Sensor: D3D Shared Memory Total, value: 16237.93
[19:41:01.483] [FrameStats]     Sensor: D3D Shared Memory Free, value: 
[19:41:01.483] [FrameStats]     Sensor: D3D Shared Memory Used, value: 1641.609
[19:41:01.483] [FrameStats]     Sensor: D3D 3D, value: 0.7444659
[19:41:01.483] [FrameStats]     Sensor: D3D Video Decode, value: 0
[19:41:01.483] [FrameStats]     Sensor: D3D Copy, value: 0
[19:41:01.483] [FrameStats]     Sensor: D3D Video Processing, value: 0
[19:41:01.483] [FrameStats]     Sensor: D3D Video Decode, value: 0
[19:41:01.483] [FrameStats]     Sensor: D3D Other, value: 0
[19:41:01.483] [FrameStats]     Sensor: D3D Other, value: 0
[19:41:01.483] [FrameStats]     Sensor: D3D Other, value: 0
[19:41:01.483] [FrameStats]     Sensor: D3D Other, value: 0
[19:41:01.483] [FrameStats]     Sensor: D3D Other, value: 0
[19:41:01.484] [FrameStats]     Sensor: D3D GDI Render, value: 0
[19:41:01.484] [FrameStats]     Sensor: D3D Other, value: 0
[19:41:01.484] [FrameStats]     Sensor: D3D Other, value: 0
[19:41:01.484] [FrameStats] Hardware: L23M4PC3 
[19:41:01.484] [FrameStats]     Sensor: Designed Capacity, value: 99900
[19:41:01.484] [FrameStats]     Sensor: Fully-Charged Capacity, value: 94430
[19:41:01.484] [FrameStats]     Sensor: Degradation Level, value: 5.475475
[19:41:01.484] [FrameStats]     Sensor: Remaining Capacity, value: 94090
[19:41:01.484] [FrameStats]     Sensor: Charge Level, value: 99.63995
[19:41:01.484] [FrameStats]     Sensor: Voltage, value: 17.455
[19:41:01.484] [FrameStats]     Sensor: Charge/Discharge Current, value: 0
[19:41:01.484] [FrameStats]     Sensor: Charge/Discharge Rate, value: 0
[19:41:02.573] [UnityExplorer] [UniverseLib] Initialized new InputSystem support.
[19:41:02.627] [UnityExplorer] [UniverseLib] Loaded modern bundle for Unity 2022.3.11f1
[19:41:02.644] [UnityExplorer] [UniverseLib] UniverseLib 1.5.1 initialized.
[19:41:02.645] [UnityExplorer] Creating UI...
[19:41:03.137] [UnityExplorer] UnityExplorer 4.9.0 (Mono) initialized.
[19:41:25.667] [FrameStats] have options menu
[19:41:25.668] [FrameStats] added stats setting option
[19:42:33.987] Preferences Saved!
