
[22:58:17.522] ------------------------------
[22:58:17.545] MelonLoader v0.7.0 Open-Beta
[22:58:17.546] OS: Windows 11
[22:58:17.546] Hash Code: F2DCA88FB1569FD6750096CED35BBB808C50BA273E0D295347A24385B0B764CA
[22:58:17.546] ------------------------------
[22:58:17.547] Game Type: MonoBleedingEdge
[22:58:17.548] Game Arch: x64
[22:58:17.548] ------------------------------
[22:58:17.548] Command-Line: 
[22:58:17.548] ------------------------------
[22:58:17.548] Core::BasePath = C:\Users\Pytho\Projects\SDFrameStatsMod\StellarDrive_0.6.5
[22:58:17.548] Game::BasePath = C:\Users\Pytho\Projects\SDFrameStatsMod\StellarDrive_0.6.5
[22:58:17.549] Game::DataPath = C:\Users\Pytho\Projects\SDFrameStatsMod\StellarDrive_0.6.5\StellarDrive_Data
[22:58:17.550] Game::ApplicationPath = C:\Users\Pytho\Projects\SDFrameStatsMod\StellarDrive_0.6.5\StellarDrive.exe
[22:58:17.550] Runtime Type: net35
[22:58:17.622] ------------------------------
[22:58:17.622] Game Name: StellarDrive
[22:58:17.623] Game Developer: CuriousOwlGames
[22:58:17.624] Unity Version: 2022.3.11f1
[22:58:17.625] Game Version: UNKNOWN
[22:58:17.625] ------------------------------

[22:58:17.873] Preferences Loaded!

[22:58:17.892] Loading UserLibs...
[22:58:18.000] ------------------------------
[22:58:18.005] Melon Assembly loaded: '.\UserLibs\HidSharp.dll'
[22:58:18.005] SHA256 Hash: '61EB2E22A5620D789A23D389F1AF9D38FAFF4D85F46ADEDBC28FB22CFEC61BF9'
[22:58:18.011] Melon Assembly loaded: '.\UserLibs\LibreHardwareMonitorLib.dll'
[22:58:18.011] SHA256 Hash: '99B39B0B0AC865C38A33DFF7DEE080FF17AAC3337B2332812CA2D7BB13C89460'
[22:58:18.013] Melon Assembly loaded: '.\UserLibs\Microsoft.Win32.Registry.dll'
[22:58:18.013] SHA256 Hash: 'D641EB0065BD5CDB541C5BF0D2FF976720D35D62416AB959727651ABF0ABA2CA'
[22:58:18.013] Melon Assembly loaded: '.\UserLibs\System.Buffers.dll'
[22:58:18.014] SHA256 Hash: 'C65FFF603B283DC966D1A8B730C11D5E5E750E8021BD24640612F6CC3F2C6FB7'
[22:58:18.016] Melon Assembly loaded: '.\UserLibs\System.CodeDom.dll'
[22:58:18.016] SHA256 Hash: 'CF18C822A341A3932FC8C08D7F21BF015F7E3C2696619560C94B63629341376A'
[22:58:18.017] Melon Assembly loaded: '.\UserLibs\System.IO.FileSystem.AccessControl.dll'
[22:58:18.017] SHA256 Hash: 'D2D6CD3FEF822959B68A68A6AF6096963BBE6493D90E16F0AF65FEDE25D85F32'
[22:58:18.018] Melon Assembly loaded: '.\UserLibs\System.IO.Ports.dll'
[22:58:18.019] SHA256 Hash: 'B1ECEF838C8B833BE76D1EF75AD8A0B1FAD805FC951136C9E5256FD3CF15FC1B'
[22:58:18.021] Melon Assembly loaded: '.\UserLibs\System.Management.dll'
[22:58:18.022] SHA256 Hash: '205BF789DD38D8ABC5FDC9CD8653469400ED9D6386B07384609848B9C95D7721'
[22:58:18.024] Melon Assembly loaded: '.\UserLibs\System.Memory.dll'
[22:58:18.024] SHA256 Hash: 'D2E3949FCF3A3B3A20BB9A568A4DA582D9A90D64F34C0BDC07C9029BFE8F1858'
[22:58:18.027] Melon Assembly loaded: '.\UserLibs\System.Numerics.Vectors.dll'
[22:58:18.027] SHA256 Hash: '2324EE5A35674269225E2AA20957CE8830DBCA0CFFB918BD593F7A3222DEE480'
[22:58:18.028] Melon Assembly loaded: '.\UserLibs\System.Runtime.CompilerServices.Unsafe.dll'
[22:58:18.028] SHA256 Hash: 'BFC8F02A96934786CA5A0514A3B657021C12542E215E94B78FDCC74BFEFFE3D3'
[22:58:18.029] Melon Assembly loaded: '.\UserLibs\System.Security.AccessControl.dll'
[22:58:18.029] SHA256 Hash: '93084849C17A21F641C13C9F17545CFE18C1EC097561F3F0EBBBE26F358BA120'
[22:58:18.030] Melon Assembly loaded: '.\UserLibs\System.Security.Principal.Windows.dll'
[22:58:18.030] SHA256 Hash: '7828DFD952A9FD49404477BAFF714849177D9F18C0654ADAFADBDCAFB4B21F47'
[22:58:18.053] Melon Assembly loaded: '.\UserLibs\UniverseLib.Mono.dll'
[22:58:18.053] SHA256 Hash: '3B10913FFEAC9A0744583F0BB18218A5CFAFCBA467A7F9F99FA731E801A5A880'
[22:58:18.054] ------------------------------
[22:58:18.054] 0 UserLibs loaded.

[22:58:18.054] Loading Plugins...
[22:58:18.056] 0 Plugins loaded.


[22:58:18.840] Loading Mods...
[22:58:18.868] ------------------------------
[22:58:18.870] Melon Assembly loaded: '.\Mods\FrameStats.dll'
[22:58:18.870] SHA256 Hash: '4031BDA92FFE56BDA1C0F88C6AF03565383B04244FDEE0BE7EB956382B509971'
[22:58:18.885] Melon Assembly loaded: '.\Mods\UnityExplorer.ML.Mono.dll'
[22:58:18.885] SHA256 Hash: '7E6C95C5F0DB2D6B22F506AAD4D268A96250BD64D8E259B7E4073106250F36D2'

[22:58:18.910] ------------------------------
[22:58:18.911] FrameStats v1.0.0
[22:58:18.911] by oneshade
[22:58:18.911] Assembly: FrameStats.dll
[22:58:18.911] ------------------------------
[22:58:18.912] ------------------------------
[22:58:18.912] UnityExplorer v4.9.0
[22:58:18.912] by Sinai
[22:58:18.912] Assembly: UnityExplorer.ML.Mono.dll
[22:58:18.913] ------------------------------
[22:58:18.913] ------------------------------
[22:58:18.913] 2 Mods loaded.

[22:58:18.918] Support Module Loaded: C:\Users\Pytho\Projects\SDFrameStatsMod\StellarDrive_0.6.5\MelonLoader\Dependencies\SupportModules\Mono.dll
[22:58:18.943] [FrameStats] Loading asset bundle ui...
[22:58:18.958] [FrameStats]     Loaded asset FrameStatsPanel
[22:58:18.958] [FrameStats]     Loaded asset FrameStatsSettings
[22:58:18.962] [UnityExplorer] UnityExplorer 4.9.0 initializing...
[22:58:18.977] [UnityExplorer] [UniverseLib] UniverseLib 1.5.1 initializing...
[22:58:19.345] [UnityExplorer] [UniverseLib] Finished UniverseLib initial setup.
[22:58:19.350] [UnityExplorer] Initialized UnityCrashPrevention for: Canvas.get_renderingDisplaySize
[22:58:21.623] [FrameStats] scene MainMenu loaded, index 0
[22:58:23.235] [UnityExplorer] [UniverseLib] Initialized new InputSystem support.
[22:58:23.288] [UnityExplorer] [UniverseLib] Loaded modern bundle for Unity 2022.3.11f1
[22:58:23.303] [UnityExplorer] [UniverseLib] UniverseLib 1.5.1 initialized.
[22:58:23.304] [UnityExplorer] Creating UI...
[22:58:23.791] [UnityExplorer] UnityExplorer 4.9.0 (Mono) initialized.
[22:58:28.065] [FrameStats] scene MainGame loaded, index 1
[22:58:28.068] [FrameStats] frame stats updater awake
[22:58:28.069] [FrameStats] aaaaaaaaaaaaaaaaaaaaaaaa
[22:58:30.348] [FrameStats] bbbbbbbbbbbbbbbbbbbbbbbb
[22:58:30.349] [FrameStats] frame stats updates enabled
[22:58:30.352] [FrameStats] added frame stats panel
[22:58:30.602] [FrameStats] frame stats update
[22:58:30.621] [FrameStats] frame stats update
[22:58:30.657] [FrameStats] frame stats update
[22:58:30.696] [FrameStats] frame stats update
[22:58:30.709] [FrameStats] frame stats update
[22:58:30.710] [FrameStats] frame stats update
[22:58:30.797] [FrameStats] frame stats update
[22:58:30.798] [FrameStats] frame stats update
[22:58:30.963] [FrameStats] frame stats update
[22:58:30.965] [FrameStats] frame stats update
[22:58:31.911] [FrameStats] frame stats update
[22:58:31.917] [FrameStats] frame stats update
[22:58:31.933] [FrameStats] frame stats update
[22:58:32.696] [FrameStats] frame stats update
[22:58:32.756] [FrameStats] frame stats update
[22:58:32.908] [FrameStats] frame stats update
[22:58:32.958] [FrameStats] frame stats update
[22:58:32.965] [FrameStats] frame stats update
[22:58:32.970] [FrameStats] frame stats update
[22:58:32.977] [FrameStats] frame stats update
[22:58:32.982] [FrameStats] frame stats update
[22:58:32.993] [FrameStats] frame stats update
[22:58:32.997] [FrameStats] frame stats update
[22:58:33.003] [FrameStats] frame stats update
[22:58:33.009] [FrameStats] frame stats update
[22:58:33.015] [FrameStats] frame stats update
[22:58:33.021] [FrameStats] frame stats update
[22:58:33.030] [FrameStats] frame stats update
[22:58:33.035] [FrameStats] frame stats update
[22:58:33.042] [FrameStats] frame stats update
[22:58:33.046] [FrameStats] frame stats update
[22:58:33.055] [FrameStats] frame stats update
[22:58:33.060] [FrameStats] frame stats update
[22:58:33.065] [FrameStats] frame stats update
[22:58:33.072] [FrameStats] frame stats update
[22:58:33.076] [FrameStats] frame stats update
[22:58:33.082] [FrameStats] frame stats update
[22:58:33.086] [FrameStats] frame stats update
[22:58:33.094] [FrameStats] frame stats update
[22:58:33.099] [FrameStats] frame stats update
[22:58:33.103] [FrameStats] frame stats update
[22:58:33.109] [FrameStats] frame stats update
[22:58:33.115] [FrameStats] frame stats update
[22:58:33.120] [FrameStats] frame stats update
[22:58:33.124] [FrameStats] frame stats update
[22:58:33.131] [FrameStats] frame stats update
[22:58:33.136] [FrameStats] frame stats update
[22:58:33.140] [FrameStats] frame stats update
[22:58:33.151] [FrameStats] frame stats update
[22:58:33.154] [FrameStats] frame stats update
[22:58:33.161] [FrameStats] frame stats update
[22:58:33.165] [FrameStats] frame stats update
[22:58:33.176] [FrameStats] frame stats update
[22:58:33.180] [FrameStats] frame stats update
[22:58:33.186] [FrameStats] frame stats update
[22:58:33.192] [FrameStats] frame stats update
[22:58:33.196] [FrameStats] frame stats update
[22:58:33.203] [FrameStats] frame stats update
[22:58:33.209] [FrameStats] frame stats update
[22:58:33.215] [FrameStats] frame stats update
[22:58:33.219] [FrameStats] frame stats update
[22:58:33.223] [FrameStats] frame stats update
[22:58:33.229] [FrameStats] frame stats update
[22:58:33.233] [FrameStats] frame stats update
[22:58:33.240] [FrameStats] frame stats update
[22:58:33.244] [FrameStats] frame stats update
[22:58:33.250] [FrameStats] frame stats update
[22:58:33.253] [FrameStats] frame stats update
[22:58:33.261] [FrameStats] frame stats update
[22:58:33.265] [FrameStats] frame stats update
[22:58:33.271] [FrameStats] frame stats update
[22:58:33.278] [FrameStats] frame stats update
[22:58:33.282] [FrameStats] frame stats update
[22:58:33.286] [FrameStats] frame stats update
[22:58:33.292] [FrameStats] frame stats update
[22:58:33.296] [FrameStats] frame stats update
[22:58:33.303] [FrameStats] frame stats update
[22:58:33.308] [FrameStats] frame stats update
[22:58:33.312] [FrameStats] frame stats update
[22:58:33.319] [FrameStats] frame stats update
[22:58:33.323] [FrameStats] frame stats update
[22:58:33.329] [FrameStats] frame stats update
[22:58:33.332] [FrameStats] frame stats update
[22:58:33.340] [FrameStats] frame stats update
[22:58:33.344] [FrameStats] frame stats update
[22:58:33.350] [FrameStats] frame stats update
[22:58:33.353] [FrameStats] frame stats update
[22:58:33.361] [FrameStats] frame stats update
[22:58:33.365] [FrameStats] frame stats update
[22:58:33.371] [FrameStats] frame stats update
[22:58:33.374] [FrameStats] frame stats update
[22:58:33.382] [FrameStats] frame stats update
[22:58:33.386] [FrameStats] frame stats update
[22:58:33.392] [FrameStats] frame stats update
[22:58:33.395] [FrameStats] frame stats update
[22:58:33.403] [FrameStats] frame stats update
[22:58:33.408] [FrameStats] frame stats update
[22:58:33.412] [FrameStats] frame stats update
[22:58:33.419] [FrameStats] frame stats update
[22:58:33.424] [FrameStats] frame stats update
[22:58:33.429] [FrameStats] frame stats update
[22:58:33.433] [FrameStats] frame stats update
[22:58:33.440] [FrameStats] frame stats update
[22:58:33.445] [FrameStats] frame stats update
[22:58:33.454] [FrameStats] frame stats update
[22:58:33.458] [FrameStats] frame stats update
[22:58:33.465] [FrameStats] frame stats update
[22:58:33.471] [FrameStats] frame stats update
[22:58:33.474] [FrameStats] frame stats update
[22:58:33.482] [FrameStats] frame stats update
[22:58:33.486] [FrameStats] frame stats update
[22:58:33.497] [FrameStats] frame stats update
[22:58:33.501] [FrameStats] frame stats update
[22:58:33.509] [FrameStats] frame stats update
[22:58:33.513] [FrameStats] frame stats update
[22:58:33.520] [FrameStats] frame stats update
[22:58:33.524] [FrameStats] frame stats update
[22:58:33.530] [FrameStats] frame stats update
[22:58:33.533] [FrameStats] frame stats update
[22:58:33.541] [FrameStats] frame stats update
[22:58:33.545] [FrameStats] frame stats update
[22:58:33.556] [FrameStats] frame stats update
[22:58:33.565] [FrameStats] frame stats update
[22:58:33.572] [FrameStats] frame stats update
[22:58:33.576] [FrameStats] frame stats update
[22:58:33.582] [FrameStats] frame stats update
[22:58:33.586] [FrameStats] frame stats update
[22:58:33.592] [FrameStats] frame stats update
[22:58:33.599] [FrameStats] frame stats update
[22:58:33.603] [FrameStats] frame stats update
[22:58:33.610] [FrameStats] frame stats update
[22:58:33.614] [FrameStats] frame stats update
[22:58:33.620] [FrameStats] frame stats update
[22:58:33.623] [FrameStats] frame stats update
[22:58:33.630] [FrameStats] frame stats update
[22:58:33.634] [FrameStats] frame stats update
[22:58:33.641] [FrameStats] frame stats update
[22:58:33.644] [FrameStats] frame stats update
[22:58:33.652] [FrameStats] frame stats update
[22:58:33.655] [FrameStats] frame stats update
[22:58:33.661] [FrameStats] frame stats update
[22:58:33.665] [FrameStats] frame stats update
[22:58:33.672] [FrameStats] frame stats update
[22:58:33.676] [FrameStats] frame stats update
[22:58:33.682] [FrameStats] frame stats update
[22:58:33.686] [FrameStats] frame stats update
[22:58:33.693] [FrameStats] frame stats update
[22:58:33.697] [FrameStats] frame stats update
[22:58:33.703] [FrameStats] frame stats update
[22:58:33.709] [FrameStats] frame stats update
[22:58:33.713] [FrameStats] frame stats update
[22:58:33.720] [FrameStats] frame stats update
[22:58:33.724] [FrameStats] frame stats update
[22:58:33.730] [FrameStats] frame stats update
[22:58:33.734] [FrameStats] frame stats update
[22:58:33.740] [FrameStats] frame stats update
[22:58:33.744] [FrameStats] frame stats update
[22:58:33.752] [FrameStats] frame stats update
[22:58:33.755] [FrameStats] frame stats update
[22:58:33.761] [FrameStats] frame stats update
[22:58:33.765] [FrameStats] frame stats update
[22:58:33.777] [FrameStats] frame stats update
[22:58:33.786] [FrameStats] frame stats update
[22:58:33.793] [FrameStats] frame stats update
[22:58:33.797] [FrameStats] frame stats update
[22:58:33.803] [FrameStats] frame stats update
[22:58:33.810] [FrameStats] frame stats update
[22:58:33.816] [FrameStats] frame stats update
[22:58:33.819] [FrameStats] frame stats update
[22:58:33.824] [FrameStats] frame stats update
[22:58:33.831] [FrameStats] frame stats update
[22:58:33.835] [FrameStats] frame stats update
[22:58:33.840] [FrameStats] frame stats update
[22:58:33.845] [FrameStats] frame stats update
[22:58:33.852] [FrameStats] frame stats update
[22:58:33.855] [FrameStats] frame stats update
[22:58:33.861] [FrameStats] frame stats update
[22:58:33.865] [FrameStats] frame stats update
[22:58:33.872] [FrameStats] frame stats update
[22:58:33.876] [FrameStats] frame stats update
[22:58:33.882] [FrameStats] frame stats update
[22:58:33.886] [FrameStats] frame stats update
[22:58:33.893] [FrameStats] frame stats update
[22:58:33.897] [FrameStats] frame stats update
[22:58:33.903] [FrameStats] frame stats update
[22:58:33.910] [FrameStats] frame stats update
[22:58:33.913] [FrameStats] frame stats update
[22:58:33.924] [FrameStats] frame stats update
[22:58:33.932] [FrameStats] frame stats update
[22:58:33.938] [FrameStats] frame stats update
[22:58:33.942] [FrameStats] frame stats update
[22:58:33.952] [FrameStats] frame stats update
[22:58:33.955] [FrameStats] frame stats update
[22:58:33.961] [FrameStats] frame stats update
[22:58:33.965] [FrameStats] frame stats update
[22:58:33.972] [FrameStats] frame stats update
[22:58:33.977] [FrameStats] frame stats update
[22:58:33.982] [FrameStats] frame stats update
[22:58:33.986] [FrameStats] frame stats update
[22:58:33.993] [FrameStats] frame stats update
[22:58:33.997] [FrameStats] frame stats update
[22:58:34.002] [FrameStats] frame stats update
[22:58:34.010] [FrameStats] frame stats update
[22:58:34.013] [FrameStats] frame stats update
[22:58:34.019] [FrameStats] frame stats update
[22:58:34.023] [FrameStats] frame stats update
[22:58:34.030] [FrameStats] frame stats update
[22:58:34.034] [FrameStats] frame stats update
[22:58:34.040] [FrameStats] frame stats update
[22:58:34.044] [FrameStats] frame stats update
[22:58:34.051] [FrameStats] frame stats update
[22:58:34.055] [FrameStats] frame stats update
[22:58:34.061] [FrameStats] frame stats update
[22:58:34.065] [FrameStats] frame stats update
[22:58:34.073] [FrameStats] frame stats update
[22:58:34.077] [FrameStats] frame stats update
[22:58:34.082] [FrameStats] frame stats update
[22:58:34.086] [FrameStats] frame stats update
[22:58:34.098] [FrameStats] frame stats update
[22:58:34.102] [FrameStats] frame stats update
[22:58:34.109] [FrameStats] frame stats update
[22:58:34.113] [FrameStats] frame stats update
[22:58:34.120] [FrameStats] frame stats update
[22:58:34.124] [FrameStats] frame stats update
[22:58:34.135] [FrameStats] frame stats update
[22:58:34.139] [FrameStats] frame stats update
[22:58:34.144] [FrameStats] frame stats update
[22:58:34.151] [FrameStats] frame stats update
[22:58:34.155] [FrameStats] frame stats update
[22:58:34.161] [FrameStats] frame stats update
[22:58:34.165] [FrameStats] frame stats update
[22:58:34.172] [FrameStats] frame stats update
[22:58:34.176] [FrameStats] frame stats update
[22:58:34.182] [FrameStats] frame stats update
[22:58:34.186] [FrameStats] frame stats update
[22:58:34.197] [FrameStats] frame stats update
[22:58:34.201] [FrameStats] frame stats update
[22:58:34.207] [FrameStats] frame stats update
[22:58:34.213] [FrameStats] frame stats update
[22:58:34.220] [FrameStats] frame stats update
[22:58:34.223] [FrameStats] frame stats update
[22:58:34.235] [FrameStats] frame stats update
[22:58:34.238] [FrameStats] frame stats update
[22:58:34.245] [FrameStats] frame stats update
[22:58:34.251] [FrameStats] frame stats update
[22:58:34.257] [FrameStats] frame stats update
[22:58:34.261] [FrameStats] frame stats update
[22:58:34.273] [FrameStats] frame stats update
[22:58:34.276] [FrameStats] frame stats update
[22:58:34.282] [FrameStats] frame stats update
[22:58:34.286] [FrameStats] frame stats update
[22:58:34.293] [FrameStats] frame stats update
[22:58:34.299] [FrameStats] frame stats update
[22:58:34.303] [FrameStats] frame stats update
[22:58:34.307] [FrameStats] frame stats update
[22:58:34.314] [FrameStats] frame stats update
[22:58:34.319] [FrameStats] frame stats update
[22:58:34.323] [FrameStats] frame stats update
[22:58:34.335] [FrameStats] frame stats update
[22:58:34.339] [FrameStats] frame stats update
[22:58:34.344] [FrameStats] frame stats update
[22:58:34.352] [FrameStats] frame stats update
[22:58:34.356] [FrameStats] frame stats update
[22:58:34.361] [FrameStats] frame stats update
[22:58:34.365] [FrameStats] frame stats update
[22:58:34.376] [FrameStats] frame stats update
[22:58:34.380] [FrameStats] frame stats update
[22:58:34.386] [FrameStats] frame stats update
[22:58:34.393] [FrameStats] frame stats update
[22:58:34.397] [FrameStats] frame stats update
[22:58:34.403] [FrameStats] frame stats update
[22:58:34.407] [FrameStats] frame stats update
[22:58:34.418] [FrameStats] frame stats update
[22:58:34.421] [FrameStats] frame stats update
[22:58:34.430] [FrameStats] frame stats update
[22:58:34.434] [FrameStats] frame stats update
[22:58:34.440] [FrameStats] frame stats update
[22:58:34.445] [FrameStats] frame stats update
[22:58:34.451] [FrameStats] frame stats update
[22:58:34.457] [FrameStats] frame stats update
[22:58:34.461] [FrameStats] frame stats update
[22:58:34.465] [FrameStats] frame stats update
[22:58:34.472] [FrameStats] frame stats update
[22:58:34.477] [FrameStats] frame stats update
[22:58:34.482] [FrameStats] frame stats update
[22:58:34.486] [FrameStats] frame stats update
[22:58:34.499] [FrameStats] frame stats update
[22:58:34.503] [FrameStats] frame stats update
[22:58:34.514] [FrameStats] frame stats update
[22:58:34.518] [FrameStats] frame stats update
[22:58:34.524] [FrameStats] frame stats update
[22:58:34.530] [FrameStats] frame stats update
[22:58:34.534] [FrameStats] frame stats update
[22:58:34.540] [FrameStats] frame stats update
[22:58:34.544] [FrameStats] frame stats update
[22:58:34.555] [FrameStats] frame stats update
[22:58:34.559] [FrameStats] frame stats update
[22:58:34.565] [FrameStats] frame stats update
[22:58:34.572] [FrameStats] frame stats update
[22:58:34.577] [FrameStats] frame stats update
[22:58:34.582] [FrameStats] frame stats update
[22:58:34.586] [FrameStats] frame stats update
[22:58:34.592] [FrameStats] frame stats update
[22:58:34.596] [FrameStats] frame stats update
[22:58:34.603] [FrameStats] frame stats update
[22:58:34.607] [FrameStats] frame stats update
[22:58:34.617] [FrameStats] frame stats update
[22:58:34.621] [FrameStats] frame stats update
[22:58:34.631] [FrameStats] frame stats update
[22:58:34.634] [FrameStats] frame stats update
[22:58:34.640] [FrameStats] frame stats update
[22:58:34.644] [FrameStats] frame stats update
[22:58:34.651] [FrameStats] frame stats update
[22:58:34.654] [FrameStats] frame stats update
[22:58:34.661] [FrameStats] frame stats update
[22:58:34.665] [FrameStats] frame stats update
[22:58:34.672] [FrameStats] frame stats update
[22:58:34.677] [FrameStats] frame stats update
[22:58:34.682] [FrameStats] frame stats update
[22:58:34.686] [FrameStats] frame stats update
[22:58:34.693] [FrameStats] frame stats update
[22:58:34.697] [FrameStats] frame stats update
[22:58:34.703] [FrameStats] frame stats update
[22:58:34.707] [FrameStats] frame stats update
[22:58:34.718] [FrameStats] frame stats update
[22:58:34.722] [FrameStats] frame stats update
[22:58:34.730] [FrameStats] frame stats update
[22:58:34.734] [FrameStats] frame stats update
[22:58:34.740] [FrameStats] frame stats update
[22:58:34.744] [FrameStats] frame stats update
[22:58:34.751] [FrameStats] frame stats update
[22:58:34.756] [FrameStats] frame stats update
[22:58:34.761] [FrameStats] frame stats update
[22:58:34.765] [FrameStats] frame stats update
[22:58:34.771] [FrameStats] frame stats update
[22:58:34.775] [FrameStats] frame stats update
[22:58:34.782] [FrameStats] frame stats update
[22:58:34.786] [FrameStats] frame stats update
[22:58:34.793] [FrameStats] frame stats update
[22:58:34.796] [FrameStats] frame stats update
[22:58:34.802] [FrameStats] frame stats update
[22:58:34.807] [FrameStats] frame stats update
[22:58:34.814] [FrameStats] frame stats update
[22:58:34.818] [FrameStats] frame stats update
[22:58:34.823] [FrameStats] frame stats update
[22:58:34.830] [FrameStats] frame stats update
[22:58:34.836] [FrameStats] frame stats update
[22:58:34.840] [FrameStats] frame stats update
[22:58:34.851] [FrameStats] frame stats update
[22:58:34.855] [FrameStats] frame stats update
[22:58:34.861] [FrameStats] frame stats update
[22:58:34.865] [FrameStats] frame stats update
[22:58:34.871] [FrameStats] frame stats update
[22:58:34.876] [FrameStats] frame stats update
[22:58:34.882] [FrameStats] frame stats update
[22:58:34.886] [FrameStats] frame stats update
[22:58:34.893] [FrameStats] frame stats update
[22:58:34.897] [FrameStats] frame stats update
[22:58:34.903] [FrameStats] frame stats update
[22:58:34.907] [FrameStats] frame stats update
[22:58:34.918] [FrameStats] frame stats update
[22:58:34.922] [FrameStats] frame stats update
[22:58:34.930] [FrameStats] frame stats update
[22:58:34.934] [FrameStats] frame stats update
[22:58:34.940] [FrameStats] frame stats update
[22:58:34.944] [FrameStats] frame stats update
[22:58:34.951] [FrameStats] frame stats update
[22:58:34.954] [FrameStats] frame stats update
[22:58:34.961] [FrameStats] frame stats update
[22:58:34.965] [FrameStats] frame stats update
[22:58:34.972] [FrameStats] frame stats update
[22:58:34.977] [FrameStats] frame stats update
[22:58:34.982] [FrameStats] frame stats update
[22:58:34.986] [FrameStats] frame stats update
[22:58:34.997] [FrameStats] frame stats update
[22:58:35.001] [FrameStats] frame stats update
[22:58:35.007] [FrameStats] frame stats update
[22:58:35.013] [FrameStats] frame stats update
[22:58:35.017] [FrameStats] frame stats update
[22:58:35.023] [FrameStats] frame stats update
[22:58:35.030] [FrameStats] frame stats update
[22:58:35.034] [FrameStats] frame stats update
[22:58:35.040] [FrameStats] frame stats update
[22:58:35.044] [FrameStats] frame stats update
[22:58:35.051] [FrameStats] frame stats update
[22:58:35.055] [FrameStats] frame stats update
[22:58:35.061] [FrameStats] frame stats update
[22:58:35.065] [FrameStats] frame stats update
[22:58:35.071] [FrameStats] frame stats update
[22:58:35.075] [FrameStats] frame stats update
[22:58:35.082] [FrameStats] frame stats update
[22:58:35.086] [FrameStats] frame stats update
[22:58:35.093] [FrameStats] frame stats update
[22:58:35.097] [FrameStats] frame stats update
[22:58:35.103] [FrameStats] frame stats update
[22:58:35.107] [FrameStats] frame stats update
[22:58:35.113] [FrameStats] frame stats update
[22:58:35.117] [FrameStats] frame stats update
[22:58:35.123] [FrameStats] frame stats update
[22:58:35.130] [FrameStats] frame stats update
[22:58:35.134] [FrameStats] frame stats update
[22:58:35.140] [FrameStats] frame stats update
[22:58:35.151] [FrameStats] frame stats update
[22:58:35.159] [FrameStats] frame stats update
[22:58:35.163] [FrameStats] frame stats update
[22:58:35.172] [FrameStats] frame stats update
[22:58:35.175] [FrameStats] frame stats update
[22:58:35.182] [FrameStats] frame stats update
[22:58:35.186] [FrameStats] frame stats update
[22:58:35.193] [FrameStats] frame stats update
[22:58:35.197] [FrameStats] frame stats update
[22:58:35.204] [FrameStats] frame stats update
[22:58:35.218] [FrameStats] have options menu
[22:58:35.220] [FrameStats] added frame stats settings
[22:58:35.223] [FrameStats] frame stats update
[22:58:35.227] [FrameStats] frame stats update
[22:58:35.239] [FrameStats] frame stats update
[22:58:35.243] [FrameStats] frame stats update
[22:58:35.248] [FrameStats] frame stats update
[22:58:35.259] [FrameStats] frame stats update
[22:58:35.263] [FrameStats] frame stats update
[22:58:35.271] [FrameStats] frame stats update
[22:58:35.275] [FrameStats] frame stats update
[22:58:35.282] [FrameStats] frame stats update
[22:58:35.286] [FrameStats] frame stats update
[22:58:35.293] [FrameStats] frame stats update
[22:58:35.297] [FrameStats] frame stats update
[22:58:35.302] [FrameStats] frame stats update
[22:58:35.306] [FrameStats] frame stats update
[22:58:35.313] [FrameStats] frame stats update
[22:58:35.317] [FrameStats] frame stats update
[22:58:35.323] [FrameStats] frame stats update
[22:58:35.330] [FrameStats] frame stats update
[22:58:35.334] [FrameStats] frame stats update
[22:58:35.340] [FrameStats] frame stats update
[22:58:35.344] [FrameStats] frame stats update
[22:58:35.351] [FrameStats] frame stats update
[22:58:35.354] [FrameStats] frame stats update
[22:58:35.361] [FrameStats] frame stats update
[22:58:35.365] [FrameStats] frame stats update
[22:58:35.371] [FrameStats] frame stats update
[22:58:35.375] [FrameStats] frame stats update
[22:58:35.382] [FrameStats] frame stats update
[22:58:35.386] [FrameStats] frame stats update
[22:58:35.393] [FrameStats] frame stats update
[22:58:35.397] [FrameStats] frame stats update
[22:58:35.402] [FrameStats] frame stats update
[22:58:35.406] [FrameStats] frame stats update
[22:58:35.418] [FrameStats] frame stats update
[22:58:35.422] [FrameStats] frame stats update
[22:58:35.430] [FrameStats] frame stats update
[22:58:35.434] [FrameStats] frame stats update
[22:58:35.440] [FrameStats] frame stats update
[22:58:35.444] [FrameStats] frame stats update
[22:58:35.451] [FrameStats] frame stats update
[22:58:35.454] [FrameStats] frame stats update
[22:58:35.461] [FrameStats] frame stats update
[22:58:35.465] [FrameStats] frame stats update
[22:58:35.472] [FrameStats] frame stats update
[22:58:35.475] [FrameStats] frame stats update
[22:58:35.482] [FrameStats] frame stats update
[22:58:35.486] [FrameStats] frame stats update
[22:58:35.493] [FrameStats] frame stats update
[22:58:35.496] [FrameStats] frame stats update
[22:58:35.502] [FrameStats] frame stats update
[22:58:35.506] [FrameStats] frame stats update
[22:58:35.513] [FrameStats] frame stats update
[22:58:35.517] [FrameStats] frame stats update
[22:58:35.524] [FrameStats] frame stats update
[22:58:35.531] [FrameStats] frame stats update
[22:58:35.536] [FrameStats] frame stats update
[22:58:35.540] [FrameStats] frame stats update
[22:58:35.551] [FrameStats] frame stats update
[22:58:35.555] [FrameStats] frame stats update
[22:58:35.561] [FrameStats] frame stats update
[22:58:35.569] [FrameStats] frame stats update
[22:58:35.575] [FrameStats] frame stats update
[22:58:35.579] [FrameStats] frame stats update
[22:58:35.586] [FrameStats] frame stats update
[22:58:35.592] [FrameStats] frame stats update
[22:58:35.599] [FrameStats] frame stats update
[22:58:35.603] [FrameStats] frame stats update
[22:58:35.613] [FrameStats] frame stats update
[22:58:35.616] [FrameStats] frame stats update
[22:58:35.624] [FrameStats] frame stats update
[22:58:35.630] [FrameStats] frame stats update
[22:58:35.637] [FrameStats] frame stats update
[22:58:35.640] [FrameStats] frame stats update
[22:58:35.650] [FrameStats] frame stats update
[22:58:35.655] [FrameStats] frame stats update
[22:58:35.661] [FrameStats] frame stats update
[22:58:35.665] [FrameStats] frame stats update
[22:58:35.676] [FrameStats] frame stats update
[22:58:35.679] [FrameStats] frame stats update
[22:58:35.686] [FrameStats] frame stats update
[22:58:35.692] [FrameStats] frame stats update
[22:58:35.699] [FrameStats] frame stats update
[22:58:35.702] [FrameStats] frame stats update
[22:58:35.713] [FrameStats] frame stats update
[22:58:35.717] [FrameStats] frame stats update
[22:58:35.723] [FrameStats] frame stats update
[22:58:35.729] [FrameStats] frame stats update
[22:58:35.733] [FrameStats] frame stats update
[22:58:35.740] [FrameStats] frame stats update
[22:58:35.745] [FrameStats] frame stats update
[22:58:35.750] [FrameStats] frame stats update
[22:58:35.757] [FrameStats] frame stats update
[22:58:35.761] [FrameStats] frame stats update
[22:58:35.772] [FrameStats] frame stats update
[22:58:35.776] [FrameStats] frame stats update
[22:58:35.782] [FrameStats] frame stats update
[22:58:35.786] [FrameStats] frame stats update
[22:58:35.796] [FrameStats] frame stats update
[22:58:35.800] [FrameStats] frame stats update
[22:58:35.807] [FrameStats] frame stats update
[22:58:35.813] [FrameStats] frame stats update
[22:58:35.819] [FrameStats] frame stats update
[22:58:35.823] [FrameStats] frame stats update
[22:58:35.831] [FrameStats] frame stats update
[22:58:35.836] [FrameStats] frame stats update
[22:58:35.840] [FrameStats] frame stats update
[22:58:35.851] [FrameStats] frame stats update
[22:58:35.855] [FrameStats] frame stats update
[22:58:35.861] [FrameStats] frame stats update
[22:58:35.865] [FrameStats] frame stats update
[22:58:35.871] [FrameStats] frame stats update
[22:58:35.875] [FrameStats] frame stats update
[22:58:35.882] [FrameStats] frame stats update
[22:58:35.886] [FrameStats] frame stats update
[22:58:35.896] [FrameStats] frame stats update
[22:58:35.900] [FrameStats] frame stats update
[22:58:35.907] [FrameStats] frame stats update
[22:58:35.913] [FrameStats] frame stats update
[22:58:35.920] [FrameStats] frame stats update
[22:58:35.923] [FrameStats] frame stats update
[22:58:35.934] [FrameStats] frame stats update
[22:58:35.938] [FrameStats] frame stats update
[22:58:35.944] [FrameStats] frame stats update
[22:58:35.950] [FrameStats] frame stats update
[22:58:35.956] [FrameStats] frame stats update
[22:58:35.961] [FrameStats] frame stats update
[22:58:35.965] [FrameStats] frame stats update
[22:58:35.975] [FrameStats] frame stats update
[22:58:35.979] [FrameStats] frame stats update
[22:58:35.986] [FrameStats] frame stats update
[22:58:35.992] [FrameStats] frame stats update
[22:58:35.996] [FrameStats] frame stats update
[22:58:36.003] [FrameStats] frame stats update
[22:58:36.007] [FrameStats] frame stats update
[22:58:36.017] [FrameStats] frame stats update
[22:58:36.022] [FrameStats] frame stats update
[22:58:36.029] [FrameStats] frame stats update
[22:58:36.033] [FrameStats] frame stats update
[22:58:36.040] [FrameStats] frame stats update
[22:58:36.044] [FrameStats] frame stats update
[22:58:36.056] [FrameStats] frame stats update
[22:58:36.059] [FrameStats] frame stats update
[22:58:36.065] [FrameStats] frame stats update
[22:58:36.071] [FrameStats] frame stats update
[22:58:36.078] [FrameStats] frame stats update
[22:58:36.082] [FrameStats] frame stats update
[22:58:36.086] [FrameStats] frame stats update
[22:58:36.096] [FrameStats] frame stats update
[22:58:36.100] [FrameStats] frame stats update
[22:58:36.107] [FrameStats] frame stats update
[22:58:36.113] [FrameStats] frame stats update
[22:58:36.117] [FrameStats] frame stats update
[22:58:36.124] [FrameStats] frame stats update
[22:58:36.129] [FrameStats] frame stats update
[22:58:36.136] [FrameStats] frame stats update
[22:58:36.140] [FrameStats] frame stats update
[22:58:36.150] [FrameStats] frame stats update
[22:58:36.154] [FrameStats] frame stats update
[22:58:36.161] [FrameStats] frame stats update
[22:58:36.165] [FrameStats] frame stats update
[22:58:36.175] [FrameStats] frame stats update
[22:58:36.179] [FrameStats] frame stats update
[22:58:36.186] [FrameStats] frame stats update
[22:58:36.192] [FrameStats] frame stats update
[22:58:36.198] [FrameStats] frame stats update
[22:58:36.202] [FrameStats] frame stats update
[22:58:36.207] [FrameStats] frame stats update
[22:58:36.212] [FrameStats] frame stats update
[22:58:36.219] [FrameStats] frame stats update
[22:58:36.223] [FrameStats] frame stats update
[22:58:36.233] [FrameStats] frame stats update
[22:58:36.237] [FrameStats] frame stats update
[22:58:36.244] [FrameStats] frame stats update
[22:58:36.250] [FrameStats] frame stats update
[22:58:36.254] [FrameStats] frame stats update
[22:58:36.261] [FrameStats] frame stats update
[22:58:36.265] [FrameStats] frame stats update
[22:58:36.271] [FrameStats] frame stats update
[22:58:36.277] [FrameStats] frame stats update
[22:58:36.281] [FrameStats] frame stats update
[22:58:36.286] [FrameStats] frame stats update
[22:58:36.292] [FrameStats] frame stats update
[22:58:36.295] [FrameStats] frame stats update
[22:58:36.302] [FrameStats] frame stats update
[22:58:36.306] [FrameStats] frame stats update
[22:58:36.313] [FrameStats] frame stats update
[22:58:36.317] [FrameStats] frame stats update
[22:58:36.323] [FrameStats] frame stats update
[22:58:36.329] [FrameStats] frame stats update
[22:58:36.333] [FrameStats] frame stats update
[22:58:36.340] [FrameStats] frame stats update
[22:58:36.344] [FrameStats] frame stats update
[22:58:36.355] [FrameStats] frame stats update
[22:58:36.359] [FrameStats] frame stats update
[22:58:36.365] [FrameStats] frame stats update
[22:58:36.371] [FrameStats] frame stats update
[22:58:36.375] [FrameStats] frame stats update
[22:58:36.382] [FrameStats] frame stats update
[22:58:36.386] [FrameStats] frame stats update
[22:58:36.397] [FrameStats] frame stats update
[22:58:36.401] [FrameStats] frame stats update
[22:58:36.406] [FrameStats] frame stats update
[22:58:36.413] [FrameStats] frame stats update
[22:58:36.417] [FrameStats] frame stats update
[22:58:36.423] [FrameStats] frame stats update
[22:58:36.429] [FrameStats] frame stats update
[22:58:36.433] [FrameStats] frame stats update
[22:58:36.440] [FrameStats] frame stats update
[22:58:36.444] [FrameStats] frame stats update
[22:58:36.450] [FrameStats] frame stats update
[22:58:36.454] [FrameStats] frame stats update
[22:58:36.461] [FrameStats] frame stats update
[22:58:36.465] [FrameStats] frame stats update
[22:58:36.471] [FrameStats] frame stats update
[22:58:36.477] [FrameStats] frame stats update
[22:58:36.481] [FrameStats] frame stats update
[22:58:36.486] [FrameStats] frame stats update
[22:58:36.491] [FrameStats] frame stats update
[22:58:36.498] [FrameStats] frame stats update
[22:58:36.502] [FrameStats] frame stats update
[22:58:36.512] [FrameStats] frame stats update
[22:58:36.517] [FrameStats] frame stats update
[22:58:36.523] [FrameStats] frame stats update
[22:58:36.529] [FrameStats] frame stats update
[22:58:36.532] [FrameStats] frame stats update
[22:58:36.541] [FrameStats] frame stats update
[22:58:36.544] [FrameStats] frame stats update
[22:58:36.554] [FrameStats] frame stats update
[22:58:36.558] [FrameStats] frame stats update
[22:58:36.565] [FrameStats] frame stats update
[22:58:36.571] [FrameStats] frame stats update
[22:58:36.574] [FrameStats] frame stats update
[22:58:36.582] [FrameStats] frame stats update
[22:58:36.586] [FrameStats] frame stats update
[22:58:36.592] [FrameStats] frame stats update
[22:58:36.595] [FrameStats] frame stats update
[22:58:36.602] [FrameStats] frame stats update
[22:58:36.606] [FrameStats] frame stats update
[22:58:36.612] [FrameStats] frame stats update
[22:58:36.619] [FrameStats] frame stats update
[22:58:36.623] [FrameStats] frame stats update
[22:58:36.629] [FrameStats] frame stats update
[22:58:36.633] [FrameStats] frame stats update
[22:58:36.646] [FrameStats] frame stats updates disabled
[22:58:36.646] [FrameStats] Toggle: False
[22:58:38.560] [FrameStats] aaaaaaaaaaaaaaaaaaaaaaaa
[22:58:40.709] [FrameStats] bbbbbbbbbbbbbbbbbbbbbbbb
[22:58:40.709] [FrameStats] frame stats updates enabled
[22:58:40.710] [FrameStats] Toggle: True
[22:58:40.714] [FrameStats] frame stats update
[22:58:40.737] [FrameStats] frame stats update
[22:58:40.830] [FrameStats] frame stats update
[22:58:40.836] [FrameStats] frame stats update
[22:58:40.847] [FrameStats] frame stats update
[22:58:40.865] [FrameStats] frame stats update
[22:58:40.874] [FrameStats] frame stats update
[22:58:40.885] [FrameStats] frame stats update
[22:58:40.899] [FrameStats] frame stats update
[22:58:40.906] [FrameStats] frame stats update
[22:58:40.920] [FrameStats] frame stats update
[22:58:40.932] [FrameStats] frame stats update
[22:58:40.939] [FrameStats] frame stats update
[22:58:40.953] [FrameStats] frame stats update
[22:58:40.964] [FrameStats] frame stats update
[22:58:40.979] [FrameStats] frame stats update
[22:58:40.985] [FrameStats] frame stats update
[22:58:40.999] [FrameStats] frame stats update
[22:58:41.012] [FrameStats] frame stats update
[22:58:41.023] [FrameStats] frame stats update
[22:58:41.033] [FrameStats] frame stats update
[22:58:41.043] [FrameStats] frame stats update
[22:58:41.058] [FrameStats] frame stats update
[22:58:41.070] [FrameStats] frame stats update
[22:58:41.073] [FrameStats] frame stats update
[22:58:41.081] [FrameStats] frame stats update
[22:58:41.085] [FrameStats] frame stats update
[22:58:41.095] [FrameStats] frame stats update
[22:58:41.099] [FrameStats] frame stats update
[22:58:41.106] [FrameStats] frame stats update
[22:58:41.112] [FrameStats] frame stats update
[22:58:41.119] [FrameStats] frame stats update
[22:58:41.123] [FrameStats] frame stats update
[22:58:41.132] [FrameStats] frame stats update
[22:58:41.136] [FrameStats] frame stats update
[22:58:41.143] [FrameStats] frame stats update
[22:58:41.149] [FrameStats] frame stats update
[22:58:41.156] [FrameStats] frame stats update
[22:58:41.160] [FrameStats] frame stats update
[22:58:41.170] [FrameStats] frame stats update
[22:58:41.174] [FrameStats] frame stats update
[22:58:41.181] [FrameStats] frame stats update
[22:58:41.185] [FrameStats] frame stats update
[22:58:41.195] [FrameStats] frame stats update
[22:58:41.199] [FrameStats] frame stats update
[22:58:41.206] [FrameStats] frame stats update
[22:58:41.211] [FrameStats] frame stats update
[22:58:41.219] [FrameStats] frame stats update
[22:58:41.222] [FrameStats] frame stats update
[22:58:41.233] [FrameStats] frame stats update
[22:58:41.236] [FrameStats] frame stats update
[22:58:41.244] [FrameStats] frame stats update
[22:58:41.250] [FrameStats] frame stats update
[22:58:41.256] [FrameStats] frame stats update
[22:58:41.260] [FrameStats] frame stats update
[22:58:41.270] [FrameStats] frame stats update
[22:58:41.273] [FrameStats] frame stats update
[22:58:41.281] [FrameStats] frame stats update
[22:58:41.285] [FrameStats] frame stats update
[22:58:41.290] [FrameStats] frame stats update
[22:58:41.295] [FrameStats] frame stats update
[22:58:41.302] [FrameStats] frame stats update
[22:58:41.306] [FrameStats] frame stats update
[22:58:41.312] [FrameStats] frame stats update
[22:58:41.318] [FrameStats] frame stats update
[22:58:41.322] [FrameStats] frame stats update
[22:58:41.327] [FrameStats] frame stats update
[22:58:41.337] [FrameStats] frame stats update
[22:58:41.341] [FrameStats] frame stats update
[22:58:41.349] [FrameStats] frame stats update
[22:58:41.353] [FrameStats] frame stats update
[22:58:41.360] [FrameStats] frame stats update
[22:58:41.364] [FrameStats] frame stats update
[22:58:41.370] [FrameStats] frame stats update
[22:58:41.373] [FrameStats] frame stats update
[22:58:41.381] [FrameStats] frame stats update
[22:58:41.385] [FrameStats] frame stats update
[22:58:41.391] [FrameStats] frame stats update
[22:58:41.394] [FrameStats] frame stats update
[22:58:41.402] [FrameStats] frame stats update
[22:58:41.406] [FrameStats] frame stats update
[22:58:41.416] [FrameStats] frame stats update
[22:58:41.419] [FrameStats] frame stats update
[22:58:41.427] [FrameStats] frame stats update
[22:58:41.432] [FrameStats] frame stats update
[22:58:41.439] [FrameStats] frame stats update
[22:58:41.443] [FrameStats] frame stats update
[22:58:41.449] [FrameStats] frame stats update
[22:58:41.453] [FrameStats] frame stats update
[22:58:41.460] [FrameStats] frame stats update
[22:58:41.464] [FrameStats] frame stats update
[22:58:41.470] [FrameStats] frame stats update
[22:58:41.473] [FrameStats] frame stats update
[22:58:41.481] [FrameStats] frame stats update
[22:58:41.485] [FrameStats] frame stats update
[22:58:41.491] [FrameStats] frame stats update
[22:58:41.494] [FrameStats] frame stats update
[22:58:41.503] [FrameStats] frame stats update
[22:58:41.507] [FrameStats] frame stats update
[22:58:41.517] [FrameStats] frame stats update
[22:58:41.521] [FrameStats] frame stats update
[22:58:41.527] [FrameStats] frame stats update
[22:58:41.533] [FrameStats] frame stats update
[22:58:41.540] [FrameStats] frame stats update
[22:58:41.543] [FrameStats] frame stats update
[22:58:41.554] [FrameStats] frame stats update
[22:58:41.558] [FrameStats] frame stats update
[22:58:41.565] [FrameStats] frame stats update
[22:58:41.570] [FrameStats] frame stats update
[22:58:41.577] [FrameStats] frame stats update
[22:58:41.581] [FrameStats] frame stats update
[22:58:41.591] [FrameStats] frame stats update
[22:58:41.595] [FrameStats] frame stats update
[22:58:41.602] [FrameStats] frame stats update
[22:58:41.606] [FrameStats] frame stats update
[22:58:41.616] [FrameStats] frame stats update
[22:58:41.620] [FrameStats] frame stats update
[22:58:41.627] [FrameStats] frame stats update
[22:58:41.632] [FrameStats] frame stats update
[22:58:41.636] [FrameStats] frame stats update
[22:58:41.643] [FrameStats] frame stats update
[22:58:41.649] [FrameStats] frame stats update
[22:58:41.653] [FrameStats] frame stats update
[22:58:41.660] [FrameStats] frame stats update
[22:58:41.665] [FrameStats] frame stats update
[22:58:41.674] [FrameStats] frame stats update
[22:58:41.678] [FrameStats] frame stats update
[22:58:41.685] [FrameStats] frame stats update
[22:58:41.690] [FrameStats] frame stats update
[22:58:41.694] [FrameStats] frame stats update
[22:58:41.702] [FrameStats] frame stats update
[22:58:41.706] [FrameStats] frame stats update
[22:58:41.711] [FrameStats] frame stats update
[22:58:41.715] [FrameStats] frame stats update
[22:58:41.723] [FrameStats] frame stats update
[22:58:41.726] [FrameStats] frame stats update
[22:58:41.732] [FrameStats] frame stats update
[22:58:41.736] [FrameStats] frame stats update
[22:58:41.743] [FrameStats] frame stats update
[22:58:41.749] [FrameStats] frame stats update
[22:58:41.753] [FrameStats] frame stats update
[22:58:41.760] [FrameStats] frame stats update
[22:58:41.764] [FrameStats] frame stats update
[22:58:41.770] [FrameStats] frame stats update
[22:58:41.773] [FrameStats] frame stats update
[22:58:41.781] [FrameStats] frame stats update
[22:58:41.785] [FrameStats] frame stats update
[22:58:41.791] [FrameStats] frame stats update
[22:58:41.794] [FrameStats] frame stats update
[22:58:41.802] [FrameStats] frame stats update
[22:58:41.806] [FrameStats] frame stats update
[22:58:41.811] [FrameStats] frame stats update
[22:58:41.815] [FrameStats] frame stats update
[22:58:41.822] [FrameStats] frame stats update
[22:58:41.826] [FrameStats] frame stats update
[22:58:41.832] [FrameStats] frame stats update
[22:58:41.835] [FrameStats] frame stats update
[22:58:41.843] [FrameStats] frame stats update
[22:58:41.849] [FrameStats] frame stats update
[22:58:41.852] [FrameStats] frame stats update
[22:58:41.860] [FrameStats] frame stats update
[22:58:41.864] [FrameStats] frame stats update
[22:58:41.869] [FrameStats] frame stats update
[22:58:41.873] [FrameStats] frame stats update
[22:58:41.881] [FrameStats] frame stats update
[22:58:41.885] [FrameStats] frame stats update
[22:58:41.890] [FrameStats] frame stats update
[22:58:41.894] [FrameStats] frame stats update
[22:58:41.902] [FrameStats] frame stats update
[22:58:41.906] [FrameStats] frame stats update
[22:58:41.911] [FrameStats] frame stats update
[22:58:41.915] [FrameStats] frame stats update
[22:58:41.922] [FrameStats] frame stats update
[22:58:41.927] [FrameStats] frame stats update
[22:58:41.932] [FrameStats] frame stats update
[22:58:41.935] [FrameStats] frame stats update
[22:58:41.943] [FrameStats] frame stats update
[22:58:41.949] [FrameStats] frame stats update
[22:58:41.952] [FrameStats] frame stats update
[22:58:41.960] [FrameStats] frame stats update
[22:58:41.970] [FrameStats] frame stats update
[22:58:41.978] [FrameStats] frame stats update
[22:58:41.981] [FrameStats] frame stats update
[22:58:41.991] [FrameStats] frame stats update
[22:58:41.994] [FrameStats] frame stats update
[22:58:42.001] [FrameStats] frame stats update
[22:58:42.006] [FrameStats] frame stats update
[22:58:42.011] [FrameStats] frame stats update
[22:58:42.015] [FrameStats] frame stats update
[22:58:42.022] [FrameStats] frame stats update
[22:58:42.026] [FrameStats] frame stats update
[22:58:42.032] [FrameStats] frame stats update
[22:58:42.035] [FrameStats] frame stats update
[22:58:42.043] [FrameStats] frame stats update
[22:58:42.049] [FrameStats] frame stats update
[22:58:42.052] [FrameStats] frame stats update
[22:58:42.060] [FrameStats] frame stats update
[22:58:42.064] [FrameStats] frame stats update
[22:58:42.070] [FrameStats] frame stats update
[22:58:42.073] [FrameStats] frame stats update
[22:58:42.081] [FrameStats] frame stats update
[22:58:42.085] [FrameStats] frame stats update
[22:58:42.095] [FrameStats] frame stats update
[22:58:42.098] [FrameStats] frame stats update
[22:58:42.106] [FrameStats] frame stats update
[22:58:42.111] [FrameStats] frame stats update
[22:58:42.115] [FrameStats] frame stats update
[22:58:42.122] [FrameStats] frame stats update
[22:58:42.127] [FrameStats] frame stats update
[22:58:42.132] [FrameStats] frame stats update
[22:58:42.140] [FrameStats] frame stats update
[22:58:42.143] [FrameStats] frame stats update
[22:58:42.153] [FrameStats] frame stats update
[22:58:42.157] [FrameStats] frame stats update
[22:58:42.164] [FrameStats] frame stats update
[22:58:42.170] [FrameStats] frame stats update
[22:58:42.175] [FrameStats] frame stats update
[22:58:42.181] [FrameStats] frame stats update
[22:58:42.185] [FrameStats] frame stats update
[22:58:42.192] [FrameStats] frame stats update
[22:58:42.195] [FrameStats] frame stats update
[22:58:42.202] [FrameStats] frame stats update
[22:58:42.206] [FrameStats] frame stats update
[22:58:42.212] [FrameStats] frame stats update
[22:58:42.215] [FrameStats] frame stats update
[22:58:42.222] [FrameStats] frame stats update
[22:58:42.227] [FrameStats] frame stats update
[22:58:42.233] [FrameStats] frame stats update
[22:58:42.237] [FrameStats] frame stats update
[22:58:42.243] [FrameStats] frame stats update
[22:58:42.250] [FrameStats] frame stats update
[22:58:42.254] [FrameStats] frame stats update
[22:58:42.260] [FrameStats] frame stats update
[22:58:42.265] [FrameStats] frame stats update
[22:58:42.275] [FrameStats] frame stats update
[22:58:42.279] [FrameStats] frame stats update
[22:58:42.285] [FrameStats] frame stats update
[22:58:42.291] [FrameStats] frame stats update
[22:58:42.296] [FrameStats] frame stats update
[22:58:42.302] [FrameStats] frame stats update
[22:58:42.306] [FrameStats] frame stats update
[22:58:42.317] [FrameStats] frame stats update
[22:58:42.321] [FrameStats] frame stats update
[22:58:42.326] [FrameStats] frame stats update
[22:58:42.332] [FrameStats] frame stats update
[22:58:42.336] [FrameStats] frame stats update
[22:58:42.344] [FrameStats] frame stats update
[22:58:42.349] [FrameStats] frame stats update
[22:58:42.356] [FrameStats] frame stats update
[22:58:42.360] [FrameStats] frame stats update
[22:58:42.364] [FrameStats] frame stats update
[22:58:42.370] [FrameStats] frame stats update
[22:58:42.373] [FrameStats] frame stats update
[22:58:42.381] [FrameStats] frame stats update
[22:58:42.385] [FrameStats] frame stats update
[22:58:42.396] [FrameStats] frame stats update
[22:58:42.399] [FrameStats] frame stats update
[22:58:42.406] [FrameStats] frame stats update
[22:58:42.412] [FrameStats] frame stats update
[22:58:42.416] [FrameStats] frame stats update
[22:58:42.422] [FrameStats] frame stats update
[22:58:42.427] [FrameStats] frame stats update
[22:58:42.432] [FrameStats] frame stats update
[22:58:42.436] [FrameStats] frame stats update
[22:58:42.443] [FrameStats] frame stats update
[22:58:42.449] [FrameStats] frame stats update
[22:58:42.456] [FrameStats] frame stats update
[22:58:42.460] [FrameStats] frame stats update
[22:58:42.471] [FrameStats] frame stats update
[22:58:42.475] [FrameStats] frame stats update
[22:58:42.480] [FrameStats] frame stats update
[22:58:42.485] [FrameStats] frame stats update
[22:58:42.492] [FrameStats] frame stats update
[22:58:42.497] [FrameStats] frame stats update
[22:58:42.501] [FrameStats] frame stats update
[22:58:42.506] [FrameStats] frame stats update
[22:58:42.511] [FrameStats] frame stats update
[22:58:42.518] [FrameStats] frame stats update
[22:58:42.522] [FrameStats] frame stats update
[22:58:42.526] [FrameStats] frame stats update
[22:58:42.532] [FrameStats] frame stats update
[22:58:42.536] [FrameStats] frame stats update
[22:58:42.543] [FrameStats] frame stats update
[22:58:42.549] [FrameStats] frame stats update
[22:58:42.553] [FrameStats] frame stats update
[22:58:42.560] [FrameStats] frame stats update
[22:58:42.564] [FrameStats] frame stats update
[22:58:42.570] [FrameStats] frame stats update
[22:58:42.574] [FrameStats] frame stats update
[22:58:42.581] [FrameStats] frame stats update
[22:58:42.585] [FrameStats] frame stats update
[22:58:42.757] [FrameStats] frame stats update
[22:58:42.763] [FrameStats] frame stats update
[22:58:42.777] [FrameStats] frame stats update
[22:58:42.800] [FrameStats] frame stats update
[22:58:42.809] [FrameStats] frame stats update
[22:58:42.823] [FrameStats] frame stats update
[22:58:42.840] [FrameStats] frame stats update
[22:58:42.855] [FrameStats] frame stats update
[22:58:42.870] [FrameStats] frame stats update
[22:58:42.885] [FrameStats] frame stats update
[22:58:42.900] [FrameStats] frame stats update
[22:58:42.918] [FrameStats] frame stats update
[22:58:42.934] [FrameStats] frame stats update
[22:58:42.947] [FrameStats] frame stats update
[22:58:42.964] [FrameStats] frame stats update
[22:58:42.976] [FrameStats] frame stats update
[22:58:42.993] [FrameStats] frame stats update
[22:58:43.008] [FrameStats] frame stats update
[22:58:43.022] [FrameStats] frame stats update
[22:58:43.026] [FrameStats] frame stats update
[22:58:43.030] [FrameStats] frame stats update
[22:58:43.041] [FrameStats] frame stats update
[22:58:43.044] [FrameStats] frame stats update
[22:58:43.053] [FrameStats] frame stats update
[22:58:43.057] [FrameStats] frame stats update
[22:58:43.064] [FrameStats] frame stats update
[22:58:43.070] [FrameStats] frame stats update
[22:58:43.073] [FrameStats] frame stats update
[22:58:43.080] [FrameStats] frame stats update
[22:58:43.085] [FrameStats] frame stats update
[22:58:43.090] [FrameStats] frame stats update
[22:58:43.094] [FrameStats] frame stats update
[22:58:43.102] [FrameStats] frame stats update
[22:58:43.105] [FrameStats] frame stats update
[22:58:43.111] [FrameStats] frame stats update
[22:58:43.114] [FrameStats] frame stats update
[22:58:43.122] [FrameStats] frame stats update
[22:58:43.126] [FrameStats] frame stats update
[22:58:43.132] [FrameStats] frame stats update
[22:58:43.136] [FrameStats] frame stats update
[22:58:43.143] [FrameStats] frame stats update
[22:58:43.149] [FrameStats] frame stats update
[22:58:43.152] [FrameStats] frame stats update
[22:58:43.160] [FrameStats] frame stats update
[22:58:43.164] [FrameStats] frame stats update
[22:58:43.169] [FrameStats] frame stats update
[22:58:43.173] [FrameStats] frame stats update
[22:58:43.181] [FrameStats] frame stats update
[22:58:43.185] [FrameStats] frame stats update
[22:58:43.195] [FrameStats] frame stats update
[22:58:43.198] [FrameStats] frame stats update
[22:58:43.206] [FrameStats] frame stats update
[22:58:43.211] [FrameStats] frame stats update
[22:58:43.215] [FrameStats] frame stats update
[22:58:43.222] [FrameStats] frame stats update
[22:58:43.226] [FrameStats] frame stats update
[22:58:43.232] [FrameStats] frame stats update
[22:58:43.235] [FrameStats] frame stats update
[22:58:43.243] [FrameStats] frame stats update
[22:58:43.248] [FrameStats] frame stats update
[22:58:43.252] [FrameStats] frame stats update
[22:58:43.260] [FrameStats] frame stats update
[22:58:43.264] [FrameStats] frame stats update
[22:58:43.274] [FrameStats] frame stats update
[22:58:43.278] [FrameStats] frame stats update
[22:58:43.285] [FrameStats] frame stats update
[22:58:43.290] [FrameStats] frame stats update
[22:58:43.297] [FrameStats] frame stats update
[22:58:43.301] [FrameStats] frame stats update
[22:58:43.306] [FrameStats] frame stats update
[22:58:43.316] [FrameStats] frame stats update
[22:58:43.326] [FrameStats] frame stats update
[22:58:43.332] [FrameStats] frame stats update
[22:58:43.336] [FrameStats] frame stats update
[22:58:43.343] [FrameStats] frame stats update
[22:58:43.348] [FrameStats] frame stats update
[22:58:43.356] [FrameStats] frame stats update
[22:58:43.360] [FrameStats] frame stats update
[22:58:43.364] [FrameStats] frame stats update
[22:58:43.369] [FrameStats] frame stats update
[22:58:43.373] [FrameStats] frame stats update
[22:58:43.381] [FrameStats] frame stats update
[22:58:43.385] [FrameStats] frame stats update
[22:58:43.395] [FrameStats] frame stats update
[22:58:43.399] [FrameStats] frame stats update
[22:58:43.406] [FrameStats] frame stats update
[22:58:43.411] [FrameStats] frame stats update
[22:58:43.419] [FrameStats] frame stats update
[22:58:43.427] [FrameStats] frame stats update
[22:58:43.432] [FrameStats] frame stats update
[22:58:43.440] [FrameStats] frame stats update
[22:58:43.443] [FrameStats] frame stats update
[22:58:43.453] [FrameStats] frame stats update
[22:58:43.458] [FrameStats] frame stats update
[22:58:43.464] [FrameStats] frame stats update
[22:58:43.470] [FrameStats] frame stats update
[22:58:43.477] [FrameStats] frame stats update
[22:58:43.481] [FrameStats] frame stats update
[22:58:43.491] [FrameStats] frame stats update
[22:58:43.496] [FrameStats] frame stats update
[22:58:43.501] [FrameStats] frame stats update
[22:58:43.507] [FrameStats] frame stats update
[22:58:43.516] [FrameStats] frame stats update
[22:58:43.520] [FrameStats] frame stats update
[22:58:43.526] [FrameStats] frame stats update
[22:58:43.532] [FrameStats] frame stats update
[22:58:43.540] [FrameStats] frame stats update
[22:58:43.543] [FrameStats] frame stats update
[22:58:43.554] [FrameStats] frame stats update
[22:58:43.558] [FrameStats] frame stats update
[22:58:43.564] [FrameStats] frame stats update
[22:58:43.570] [FrameStats] frame stats update
[22:58:43.574] [FrameStats] frame stats update
[22:58:43.581] [FrameStats] frame stats update
[22:58:43.586] [FrameStats] frame stats update
[22:58:43.595] [FrameStats] frame stats update
[22:58:43.599] [FrameStats] frame stats update
[22:58:43.607] [FrameStats] frame stats update
[22:58:43.612] [FrameStats] frame stats update
[22:58:43.619] [FrameStats] frame stats update
[22:58:43.622] [FrameStats] frame stats update
[22:58:43.632] [FrameStats] frame stats update
[22:58:43.636] [FrameStats] frame stats update
[22:58:43.644] [FrameStats] frame stats update
[22:58:43.649] [FrameStats] frame stats update
[22:58:43.656] [FrameStats] frame stats update
[22:58:43.660] [FrameStats] frame stats update
[22:58:43.670] [FrameStats] frame stats update
[22:58:43.674] [FrameStats] frame stats update
[22:58:43.681] [FrameStats] frame stats update
[22:58:43.685] [FrameStats] frame stats update
[22:58:43.696] [FrameStats] frame stats update
[22:58:43.699] [FrameStats] frame stats update
[22:58:43.706] [FrameStats] frame stats update
[22:58:43.711] [FrameStats] frame stats update
[22:58:43.719] [FrameStats] frame stats update
[22:58:43.723] [FrameStats] frame stats update
[22:58:43.732] [FrameStats] frame stats update
[22:58:43.736] [FrameStats] frame stats update
[22:58:43.744] [FrameStats] frame stats update
[22:58:43.750] [FrameStats] frame stats update
[22:58:43.757] [FrameStats] frame stats update
[22:58:43.760] [FrameStats] frame stats update
[22:58:43.770] [FrameStats] frame stats update
[22:58:43.773] [FrameStats] frame stats update
[22:58:43.781] [FrameStats] frame stats update
[22:58:43.785] [FrameStats] frame stats update
[22:58:43.794] [FrameStats] frame stats update
[22:58:43.798] [FrameStats] frame stats update
[22:58:43.806] [FrameStats] frame stats update
[22:58:43.812] [FrameStats] frame stats update
[22:58:43.818] [FrameStats] frame stats update
[22:58:43.822] [FrameStats] frame stats update
[22:58:43.826] [FrameStats] frame stats update
[22:58:43.832] [FrameStats] frame stats update
[22:58:43.839] [FrameStats] frame stats update
[22:58:43.843] [FrameStats] frame stats update
[22:58:43.854] [FrameStats] frame stats update
[22:58:43.857] [FrameStats] frame stats update
[22:58:43.864] [FrameStats] frame stats update
[22:58:43.869] [FrameStats] frame stats update
[22:58:43.873] [FrameStats] frame stats update
[22:58:43.880] [FrameStats] frame stats update
[22:58:43.884] [FrameStats] frame stats update
[22:58:43.890] [FrameStats] frame stats update
[22:58:43.894] [FrameStats] frame stats update
[22:58:43.901] [FrameStats] frame stats update
[22:58:43.906] [FrameStats] frame stats update
[22:58:43.911] [FrameStats] frame stats update
[22:58:43.915] [FrameStats] frame stats update
[22:58:43.922] [FrameStats] frame stats update
[22:58:43.926] [FrameStats] frame stats update
[22:58:43.932] [FrameStats] frame stats update
[22:58:43.936] [FrameStats] frame stats update
[22:58:43.943] [FrameStats] frame stats update
[22:58:43.949] [FrameStats] frame stats update
[22:58:44.384] [FrameStats] frame stats updates disabled
[22:58:44.386] [FrameStats] frame stats updater destroyed
[22:58:44.446] Preferences Saved!
