
[21:38:19.667] ------------------------------
[21:38:19.688] MelonLoader v0.7.0 Open-Beta
[21:38:19.689] OS: Windows 11
[21:38:19.689] Hash Code: F2DCA88FB1569FD6750096CED35BBB808C50BA273E0D295347A24385B0B764CA
[21:38:19.690] ------------------------------
[21:38:19.691] Game Type: MonoBleedingEdge
[21:38:19.691] Game Arch: x64
[21:38:19.691] ------------------------------
[21:38:19.691] Command-Line: 
[21:38:19.691] ------------------------------
[21:38:19.692] Core::BasePath = C:\Users\Pytho\Projects\SDFrameStatsMod\StellarDrive_0.6.5
[21:38:19.692] Game::BasePath = C:\Users\Pytho\Projects\SDFrameStatsMod\StellarDrive_0.6.5
[21:38:19.700] Game::DataPath = C:\Users\Pytho\Projects\SDFrameStatsMod\StellarDrive_0.6.5\StellarDrive_Data
[21:38:19.700] Game::ApplicationPath = C:\Users\Pytho\Projects\SDFrameStatsMod\StellarDrive_0.6.5\StellarDrive.exe
[21:38:19.700] Runtime Type: net35
[21:38:19.768] ------------------------------
[21:38:19.768] Game Name: StellarDrive
[21:38:19.768] Game Developer: CuriousOwlGames
[21:38:19.770] Unity Version: 2022.3.11f1
[21:38:19.770] Game Version: UNKNOWN
[21:38:19.770] ------------------------------

[21:38:20.011] Preferences Loaded!

[21:38:20.030] Loading UserLibs...
[21:38:20.143] ------------------------------
[21:38:20.147] Melon Assembly loaded: '.\UserLibs\HidSharp.dll'
[21:38:20.148] SHA256 Hash: '61EB2E22A5620D789A23D389F1AF9D38FAFF4D85F46ADEDBC28FB22CFEC61BF9'
[21:38:20.154] Melon Assembly loaded: '.\UserLibs\LibreHardwareMonitorLib.dll'
[21:38:20.154] SHA256 Hash: '99B39B0B0AC865C38A33DFF7DEE080FF17AAC3337B2332812CA2D7BB13C89460'
[21:38:20.155] Melon Assembly loaded: '.\UserLibs\Microsoft.Win32.Registry.dll'
[21:38:20.156] SHA256 Hash: 'D641EB0065BD5CDB541C5BF0D2FF976720D35D62416AB959727651ABF0ABA2CA'
[21:38:20.157] Melon Assembly loaded: '.\UserLibs\System.Buffers.dll'
[21:38:20.157] SHA256 Hash: 'C65FFF603B283DC966D1A8B730C11D5E5E750E8021BD24640612F6CC3F2C6FB7'
[21:38:20.159] Melon Assembly loaded: '.\UserLibs\System.CodeDom.dll'
[21:38:20.159] SHA256 Hash: 'CF18C822A341A3932FC8C08D7F21BF015F7E3C2696619560C94B63629341376A'
[21:38:20.160] Melon Assembly loaded: '.\UserLibs\System.IO.FileSystem.AccessControl.dll'
[21:38:20.160] SHA256 Hash: 'D2D6CD3FEF822959B68A68A6AF6096963BBE6493D90E16F0AF65FEDE25D85F32'
[21:38:20.162] Melon Assembly loaded: '.\UserLibs\System.IO.Ports.dll'
[21:38:20.162] SHA256 Hash: 'B1ECEF838C8B833BE76D1EF75AD8A0B1FAD805FC951136C9E5256FD3CF15FC1B'
[21:38:20.164] Melon Assembly loaded: '.\UserLibs\System.Management.dll'
[21:38:20.164] SHA256 Hash: '205BF789DD38D8ABC5FDC9CD8653469400ED9D6386B07384609848B9C95D7721'
[21:38:20.166] Melon Assembly loaded: '.\UserLibs\System.Memory.dll'
[21:38:20.166] SHA256 Hash: 'D2E3949FCF3A3B3A20BB9A568A4DA582D9A90D64F34C0BDC07C9029BFE8F1858'
[21:38:20.168] Melon Assembly loaded: '.\UserLibs\System.Numerics.Vectors.dll'
[21:38:20.168] SHA256 Hash: '2324EE5A35674269225E2AA20957CE8830DBCA0CFFB918BD593F7A3222DEE480'
[21:38:20.169] Melon Assembly loaded: '.\UserLibs\System.Runtime.CompilerServices.Unsafe.dll'
[21:38:20.169] SHA256 Hash: 'BFC8F02A96934786CA5A0514A3B657021C12542E215E94B78FDCC74BFEFFE3D3'
[21:38:20.170] Melon Assembly loaded: '.\UserLibs\System.Security.AccessControl.dll'
[21:38:20.170] SHA256 Hash: '93084849C17A21F641C13C9F17545CFE18C1EC097561F3F0EBBBE26F358BA120'
[21:38:20.171] Melon Assembly loaded: '.\UserLibs\System.Security.Principal.Windows.dll'
[21:38:20.172] SHA256 Hash: '7828DFD952A9FD49404477BAFF714849177D9F18C0654ADAFADBDCAFB4B21F47'
[21:38:20.195] Melon Assembly loaded: '.\UserLibs\UniverseLib.Mono.dll'
[21:38:20.195] SHA256 Hash: '3B10913FFEAC9A0744583F0BB18218A5CFAFCBA467A7F9F99FA731E801A5A880'
[21:38:20.195] ------------------------------
[21:38:20.195] 0 UserLibs loaded.

[21:38:20.196] Loading Plugins...
[21:38:20.197] 0 Plugins loaded.


[21:38:20.993] Loading Mods...
[21:38:21.021] ------------------------------
[21:38:21.022] Melon Assembly loaded: '.\Mods\FrameStats.dll'
[21:38:21.022] SHA256 Hash: '6FA695CFF51A8C59761008268EB9BCC288F4A5A91DA43D2A8085F88EED945D46'
[21:38:21.038] Melon Assembly loaded: '.\Mods\UnityExplorer.ML.Mono.dll'
[21:38:21.038] SHA256 Hash: '7E6C95C5F0DB2D6B22F506AAD4D268A96250BD64D8E259B7E4073106250F36D2'

[21:38:21.065] ------------------------------
[21:38:21.065] FrameStats v1.0.0
[21:38:21.065] by oneshade
[21:38:21.066] Assembly: FrameStats.dll
[21:38:21.066] ------------------------------
[21:38:21.067] ------------------------------
[21:38:21.067] UnityExplorer v4.9.0
[21:38:21.067] by Sinai
[21:38:21.067] Assembly: UnityExplorer.ML.Mono.dll
[21:38:21.067] ------------------------------
[21:38:21.068] ------------------------------
[21:38:21.068] 2 Mods loaded.

[21:38:21.074] Support Module Loaded: C:\Users\Pytho\Projects\SDFrameStatsMod\StellarDrive_0.6.5\MelonLoader\Dependencies\SupportModules\Mono.dll
[21:38:21.084] [UnityExplorer] UnityExplorer 4.9.0 initializing...
[21:38:21.104] [UnityExplorer] [UniverseLib] UniverseLib 1.5.1 initializing...
[21:38:21.466] [UnityExplorer] [UniverseLib] Finished UniverseLib initial setup.
[21:38:21.471] [UnityExplorer] Initialized UnityCrashPrevention for: Canvas.get_renderingDisplaySize
[21:38:23.733] [FrameStats] scene MainMenu loaded, index 0
[21:38:24.283] [FrameStats] Loading asset bundle ui...
[21:38:24.286] [FrameStats]     Loaded asset FrameStatsPanel
[21:38:24.287] [FrameStats]     Loaded asset FrameStatsSettings
[21:38:26.578] [FrameStats] Hardware: Intel Core i9-14900HX
[21:38:26.579] [FrameStats]     Sensor: CPU Core #1 Thread #1, value: 37.99168
[21:38:26.580] [FrameStats]     Sensor: CPU Core #1 Thread #2, value: 0
[21:38:26.580] [FrameStats]     Sensor: CPU Core #2 Thread #1, value: 18.18112
[21:38:26.580] [FrameStats]     Sensor: CPU Core #2 Thread #2, value: 0
[21:38:26.580] [FrameStats]     Sensor: CPU Core #3 Thread #1, value: 11.88234
[21:38:26.580] [FrameStats]     Sensor: CPU Core #3 Thread #2, value: 0
[21:38:26.580] [FrameStats]     Sensor: CPU Core #4 Thread #1, value: 3.990698
[21:38:26.580] [FrameStats]     Sensor: CPU Core #4 Thread #2, value: 0
[21:38:26.580] [FrameStats]     Sensor: CPU Core #5 Thread #1, value: 29.58144
[21:38:26.580] [FrameStats]     Sensor: CPU Core #5 Thread #2, value: 0
[21:38:26.580] [FrameStats]     Sensor: CPU Core #6 Thread #1, value: 58.09309
[21:38:26.580] [FrameStats]     Sensor: CPU Core #6 Thread #2, value: 0
[21:38:26.580] [FrameStats]     Sensor: CPU Core #7 Thread #1, value: 0
[21:38:26.580] [FrameStats]     Sensor: CPU Core #7 Thread #2, value: 0
[21:38:26.580] [FrameStats]     Sensor: CPU Core #8 Thread #1, value: 0
[21:38:26.580] [FrameStats]     Sensor: CPU Core #8 Thread #2, value: 0
[21:38:26.580] [FrameStats]     Sensor: CPU Core #9, value: 0
[21:38:26.580] [FrameStats]     Sensor: CPU Core #10, value: 0
[21:38:26.580] [FrameStats]     Sensor: CPU Core #11, value: 0
[21:38:26.580] [FrameStats]     Sensor: CPU Core #12, value: 0
[21:38:26.580] [FrameStats]     Sensor: CPU Core #13, value: 0
[21:38:26.580] [FrameStats]     Sensor: CPU Core #14, value: 0
[21:38:26.580] [FrameStats]     Sensor: CPU Core #15, value: 0
[21:38:26.580] [FrameStats]     Sensor: CPU Core #16, value: 0
[21:38:26.580] [FrameStats]     Sensor: CPU Core #17, value: 0
[21:38:26.580] [FrameStats]     Sensor: CPU Core #18, value: 0
[21:38:26.580] [FrameStats]     Sensor: CPU Core #19, value: 0
[21:38:26.580] [FrameStats]     Sensor: CPU Core #20, value: 0
[21:38:26.580] [FrameStats]     Sensor: CPU Core #21, value: 7.458562
[21:38:26.580] [FrameStats]     Sensor: CPU Core #22, value: 0
[21:38:26.580] [FrameStats]     Sensor: CPU Core #23, value: 0
[21:38:26.580] [FrameStats]     Sensor: CPU Core #24, value: 0
[21:38:26.580] [FrameStats]     Sensor: CPU Total, value: 0
[21:38:26.580] [FrameStats]     Sensor: CPU Core Max, value: 58.09309
[21:38:26.581] [FrameStats]     Sensor: Core Max, value: 
[21:38:26.581] [FrameStats]     Sensor: Core Average, value: 
[21:38:26.581] [FrameStats]     Sensor: CPU Core #1, value: 
[21:38:26.581] [FrameStats]     Sensor: CPU Core #2, value: 
[21:38:26.581] [FrameStats]     Sensor: CPU Core #3, value: 
[21:38:26.581] [FrameStats]     Sensor: CPU Core #4, value: 
[21:38:26.581] [FrameStats]     Sensor: CPU Core #5, value: 
[21:38:26.581] [FrameStats]     Sensor: CPU Core #6, value: 
[21:38:26.581] [FrameStats]     Sensor: CPU Core #7, value: 
[21:38:26.581] [FrameStats]     Sensor: CPU Core #8, value: 
[21:38:26.581] [FrameStats]     Sensor: CPU Core #9, value: 
[21:38:26.581] [FrameStats]     Sensor: CPU Core #10, value: 
[21:38:26.581] [FrameStats]     Sensor: CPU Core #11, value: 
[21:38:26.581] [FrameStats]     Sensor: CPU Core #12, value: 
[21:38:26.581] [FrameStats]     Sensor: CPU Core #13, value: 
[21:38:26.581] [FrameStats]     Sensor: CPU Core #14, value: 
[21:38:26.581] [FrameStats]     Sensor: CPU Core #15, value: 
[21:38:26.581] [FrameStats]     Sensor: CPU Core #16, value: 
[21:38:26.581] [FrameStats]     Sensor: CPU Core #17, value: 
[21:38:26.581] [FrameStats]     Sensor: CPU Core #18, value: 
[21:38:26.581] [FrameStats]     Sensor: CPU Core #19, value: 
[21:38:26.581] [FrameStats]     Sensor: CPU Core #20, value: 
[21:38:26.581] [FrameStats]     Sensor: CPU Core #21, value: 
[21:38:26.581] [FrameStats]     Sensor: CPU Core #22, value: 
[21:38:26.581] [FrameStats]     Sensor: CPU Core #23, value: 
[21:38:26.581] [FrameStats]     Sensor: CPU Core #24, value: 
[21:38:26.581] [FrameStats]     Sensor: CPU Package, value: 
[21:38:26.581] [FrameStats]     Sensor: CPU Core #1 Distance to TjMax, value: 
[21:38:26.581] [FrameStats]     Sensor: CPU Core #2 Distance to TjMax, value: 
[21:38:26.581] [FrameStats]     Sensor: CPU Core #3 Distance to TjMax, value: 
[21:38:26.581] [FrameStats]     Sensor: CPU Core #4 Distance to TjMax, value: 
[21:38:26.581] [FrameStats]     Sensor: CPU Core #5 Distance to TjMax, value: 
[21:38:26.582] [FrameStats]     Sensor: CPU Core #6 Distance to TjMax, value: 
[21:38:26.582] [FrameStats]     Sensor: CPU Core #7 Distance to TjMax, value: 
[21:38:26.582] [FrameStats]     Sensor: CPU Core #8 Distance to TjMax, value: 
[21:38:26.582] [FrameStats]     Sensor: CPU Core #9 Distance to TjMax, value: 
[21:38:26.582] [FrameStats]     Sensor: CPU Core #10 Distance to TjMax, value: 
[21:38:26.582] [FrameStats]     Sensor: CPU Core #11 Distance to TjMax, value: 
[21:38:26.582] [FrameStats]     Sensor: CPU Core #12 Distance to TjMax, value: 
[21:38:26.582] [FrameStats]     Sensor: CPU Core #13 Distance to TjMax, value: 
[21:38:26.582] [FrameStats]     Sensor: CPU Core #14 Distance to TjMax, value: 
[21:38:26.582] [FrameStats]     Sensor: CPU Core #15 Distance to TjMax, value: 
[21:38:26.582] [FrameStats]     Sensor: CPU Core #16 Distance to TjMax, value: 
[21:38:26.582] [FrameStats]     Sensor: CPU Core #17 Distance to TjMax, value: 
[21:38:26.582] [FrameStats]     Sensor: CPU Core #18 Distance to TjMax, value: 
[21:38:26.582] [FrameStats]     Sensor: CPU Core #19 Distance to TjMax, value: 
[21:38:26.582] [FrameStats]     Sensor: CPU Core #20 Distance to TjMax, value: 
[21:38:26.582] [FrameStats]     Sensor: CPU Core #21 Distance to TjMax, value: 
[21:38:26.582] [FrameStats]     Sensor: CPU Core #22 Distance to TjMax, value: 
[21:38:26.582] [FrameStats]     Sensor: CPU Core #23 Distance to TjMax, value: 
[21:38:26.582] [FrameStats]     Sensor: CPU Core #24 Distance to TjMax, value: 
[21:38:26.582] [FrameStats]     Sensor: CPU Core #1, value: 
[21:38:26.582] [FrameStats]     Sensor: CPU Core #2, value: 
[21:38:26.582] [FrameStats]     Sensor: CPU Core #3, value: 
[21:38:26.582] [FrameStats]     Sensor: CPU Core #4, value: 
[21:38:26.582] [FrameStats]     Sensor: CPU Core #5, value: 
[21:38:26.582] [FrameStats]     Sensor: CPU Core #6, value: 
[21:38:26.582] [FrameStats]     Sensor: CPU Core #7, value: 
[21:38:26.582] [FrameStats]     Sensor: CPU Core #8, value: 
[21:38:26.582] [FrameStats]     Sensor: CPU Core #9, value: 
[21:38:26.582] [FrameStats]     Sensor: CPU Core #10, value: 
[21:38:26.582] [FrameStats]     Sensor: CPU Core #11, value: 
[21:38:26.582] [FrameStats]     Sensor: CPU Core #12, value: 
[21:38:26.582] [FrameStats]     Sensor: CPU Core #13, value: 
[21:38:26.582] [FrameStats]     Sensor: CPU Core #14, value: 
[21:38:26.582] [FrameStats]     Sensor: CPU Core #15, value: 
[21:38:26.582] [FrameStats]     Sensor: CPU Core #16, value: 
[21:38:26.582] [FrameStats]     Sensor: CPU Core #17, value: 
[21:38:26.582] [FrameStats]     Sensor: CPU Core #18, value: 
[21:38:26.583] [FrameStats]     Sensor: CPU Core #19, value: 
[21:38:26.583] [FrameStats]     Sensor: CPU Core #20, value: 
[21:38:26.583] [FrameStats]     Sensor: CPU Core #21, value: 
[21:38:26.583] [FrameStats]     Sensor: CPU Core #22, value: 
[21:38:26.583] [FrameStats]     Sensor: CPU Core #23, value: 
[21:38:26.583] [FrameStats]     Sensor: CPU Core #24, value: 
[21:38:26.583] [FrameStats] Hardware: Generic Memory
[21:38:26.583] [FrameStats]     Sensor: Memory Used, value: 19.46846
[21:38:26.583] [FrameStats]     Sensor: Memory Available, value: 12.24626
[21:38:26.583] [FrameStats]     Sensor: Memory, value: 61.3862
[21:38:26.583] [FrameStats]     Sensor: Virtual Memory Used, value: 39.74112
[21:38:26.583] [FrameStats]     Sensor: Virtual Memory Available, value: 6.437286
[21:38:26.583] [FrameStats]     Sensor: Virtual Memory, value: 86.05997
[21:38:26.583] [FrameStats] Hardware: NVIDIA GeForce RTX 4070 Laptop GPU
[21:38:26.583] [FrameStats]     Sensor: GPU Core, value: 51
[21:38:26.583] [FrameStats]     Sensor: GPU Core, value: 735
[21:38:26.583] [FrameStats]     Sensor: GPU Memory, value: 810
[21:38:26.583] [FrameStats]     Sensor: GPU Core, value: 0
[21:38:26.583] [FrameStats]     Sensor: GPU Memory Controller, value: 1
[21:38:26.583] [FrameStats]     Sensor: GPU Video Engine, value: 8
[21:38:26.583] [FrameStats]     Sensor: GPU Bus, value: 0
[21:38:26.583] [FrameStats]     Sensor: D3D Dedicated Memory Used, value: 571.4258
[21:38:26.583] [FrameStats]     Sensor: D3D Shared Memory Used, value: 186.8516
[21:38:26.583] [FrameStats]     Sensor: D3D 3D, value: 0
[21:38:26.583] [FrameStats]     Sensor: D3D Overlay, value: 0
[21:38:26.583] [FrameStats]     Sensor: D3D Video Decode, value: 0
[21:38:26.583] [FrameStats]     Sensor: D3D Copy, value: 0
[21:38:26.583] [FrameStats]     Sensor: D3D Copy, value: 0
[21:38:26.583] [FrameStats]     Sensor: D3D Security, value: 0
[21:38:26.583] [FrameStats]     Sensor: D3D Video Encode, value: 0
[21:38:26.583] [FrameStats]     Sensor: D3D Video Processing, value: 0
[21:38:26.583] [FrameStats]     Sensor: D3D VR, value: 0
[21:38:26.583] [FrameStats]     Sensor: GPU Hot Spot, value: 59
[21:38:26.583] [FrameStats]     Sensor: GPU Memory Total, value: 8188
[21:38:26.584] [FrameStats]     Sensor: GPU Memory Free, value: 7382
[21:38:26.584] [FrameStats]     Sensor: GPU Memory Used, value: 805
[21:38:26.584] [FrameStats]     Sensor: GPU Memory, value: 9.840429
[21:38:26.584] [FrameStats]     Sensor: GPU Package, value: 9.428
[21:38:26.584] [FrameStats]     Sensor: GPU PCIe Rx, value: 3072
[21:38:26.584] [FrameStats]     Sensor: GPU PCIe Tx, value: 0
[21:38:26.584] [FrameStats] Hardware: Intel(R) UHD Graphics
[21:38:26.584] [FrameStats]     Sensor: D3D Shared Memory Total, value: 16237.93
[21:38:26.584] [FrameStats]     Sensor: D3D Shared Memory Free, value: 
[21:38:26.584] [FrameStats]     Sensor: D3D Shared Memory Used, value: 1662.691
[21:38:26.584] [FrameStats]     Sensor: D3D 3D, value: 0
[21:38:26.584] [FrameStats]     Sensor: D3D Video Decode, value: 0
[21:38:26.584] [FrameStats]     Sensor: D3D Copy, value: 0
[21:38:26.584] [FrameStats]     Sensor: D3D Video Processing, value: 0
[21:38:26.584] [FrameStats]     Sensor: D3D Video Decode, value: 0
[21:38:26.584] [FrameStats]     Sensor: D3D Other, value: 0
[21:38:26.584] [FrameStats]     Sensor: D3D Other, value: 0
[21:38:26.584] [FrameStats]     Sensor: D3D Other, value: 0
[21:38:26.584] [FrameStats]     Sensor: D3D Other, value: 0
[21:38:26.584] [FrameStats]     Sensor: D3D Other, value: 0
[21:38:26.584] [FrameStats]     Sensor: D3D GDI Render, value: 0
[21:38:26.584] [FrameStats]     Sensor: D3D Other, value: 0
[21:38:26.584] [FrameStats]     Sensor: D3D Other, value: 0
[21:38:26.584] [FrameStats] Hardware: L23M4PC3 
[21:38:26.584] [FrameStats]     Sensor: Designed Capacity, value: 99900
[21:38:26.584] [FrameStats]     Sensor: Fully-Charged Capacity, value: 94430
[21:38:26.584] [FrameStats]     Sensor: Degradation Level, value: 5.475475
[21:38:26.584] [FrameStats]     Sensor: Remaining Capacity, value: 94090
[21:38:26.584] [FrameStats]     Sensor: Charge Level, value: 99.63995
[21:38:26.584] [FrameStats]     Sensor: Voltage, value: 17.449
[21:38:26.585] [FrameStats]     Sensor: Charge/Discharge Current, value: 0
[21:38:26.585] [FrameStats]     Sensor: Charge/Discharge Rate, value: 0
[21:38:27.673] [UnityExplorer] [UniverseLib] Initialized new InputSystem support.
[21:38:27.728] [UnityExplorer] [UniverseLib] Loaded modern bundle for Unity 2022.3.11f1
[21:38:27.745] [UnityExplorer] [UniverseLib] UniverseLib 1.5.1 initialized.
[21:38:27.746] [UnityExplorer] Creating UI...
[21:38:28.233] [UnityExplorer] UnityExplorer 4.9.0 (Mono) initialized.
[21:38:28.322] [FrameStats] have options menu
[21:38:28.323] [FrameStats] added stats setting option
[21:38:32.318] Preferences Saved!
