
[21:38:40.971] ------------------------------
[21:38:40.995] MelonLoader v0.7.0 Open-Beta
[21:38:40.996] OS: Windows 11
[21:38:40.996] Hash Code: F2DCA88FB1569FD6750096CED35BBB808C50BA273E0D295347A24385B0B764CA
[21:38:40.996] ------------------------------
[21:38:40.997] Game Type: MonoBleedingEdge
[21:38:40.997] Game Arch: x64
[21:38:40.997] ------------------------------
[21:38:40.997] Command-Line: 
[21:38:40.998] ------------------------------
[21:38:40.999] Core::BasePath = C:\Users\Pytho\Projects\SDFrameStatsMod\StellarDrive_0.6.5
[21:38:40.999] Game::BasePath = C:\Users\Pytho\Projects\SDFrameStatsMod\StellarDrive_0.6.5
[21:38:41.001] Game::DataPath = C:\Users\Pytho\Projects\SDFrameStatsMod\StellarDrive_0.6.5\StellarDrive_Data
[21:38:41.001] Game::ApplicationPath = C:\Users\Pytho\Projects\SDFrameStatsMod\StellarDrive_0.6.5\StellarDrive.exe
[21:38:41.001] Runtime Type: net35
[21:38:41.076] ------------------------------
[21:38:41.076] Game Name: StellarDrive
[21:38:41.076] Game Developer: CuriousOwlGames
[21:38:41.078] Unity Version: 2022.3.11f1
[21:38:41.078] Game Version: UNKNOWN
[21:38:41.079] ------------------------------

[21:38:41.331] Preferences Loaded!

[21:38:41.349] Loading UserLibs...
[21:38:41.459] ------------------------------
[21:38:41.464] Melon Assembly loaded: '.\UserLibs\HidSharp.dll'
[21:38:41.464] SHA256 Hash: '61EB2E22A5620D789A23D389F1AF9D38FAFF4D85F46ADEDBC28FB22CFEC61BF9'
[21:38:41.471] Melon Assembly loaded: '.\UserLibs\LibreHardwareMonitorLib.dll'
[21:38:41.471] SHA256 Hash: '99B39B0B0AC865C38A33DFF7DEE080FF17AAC3337B2332812CA2D7BB13C89460'
[21:38:41.472] Melon Assembly loaded: '.\UserLibs\Microsoft.Win32.Registry.dll'
[21:38:41.472] SHA256 Hash: 'D641EB0065BD5CDB541C5BF0D2FF976720D35D62416AB959727651ABF0ABA2CA'
[21:38:41.473] Melon Assembly loaded: '.\UserLibs\System.Buffers.dll'
[21:38:41.473] SHA256 Hash: 'C65FFF603B283DC966D1A8B730C11D5E5E750E8021BD24640612F6CC3F2C6FB7'
[21:38:41.475] Melon Assembly loaded: '.\UserLibs\System.CodeDom.dll'
[21:38:41.475] SHA256 Hash: 'CF18C822A341A3932FC8C08D7F21BF015F7E3C2696619560C94B63629341376A'
[21:38:41.476] Melon Assembly loaded: '.\UserLibs\System.IO.FileSystem.AccessControl.dll'
[21:38:41.476] SHA256 Hash: 'D2D6CD3FEF822959B68A68A6AF6096963BBE6493D90E16F0AF65FEDE25D85F32'
[21:38:41.478] Melon Assembly loaded: '.\UserLibs\System.IO.Ports.dll'
[21:38:41.479] SHA256 Hash: 'B1ECEF838C8B833BE76D1EF75AD8A0B1FAD805FC951136C9E5256FD3CF15FC1B'
[21:38:41.481] Melon Assembly loaded: '.\UserLibs\System.Management.dll'
[21:38:41.481] SHA256 Hash: '205BF789DD38D8ABC5FDC9CD8653469400ED9D6386B07384609848B9C95D7721'
[21:38:41.482] Melon Assembly loaded: '.\UserLibs\System.Memory.dll'
[21:38:41.483] SHA256 Hash: 'D2E3949FCF3A3B3A20BB9A568A4DA582D9A90D64F34C0BDC07C9029BFE8F1858'
[21:38:41.485] Melon Assembly loaded: '.\UserLibs\System.Numerics.Vectors.dll'
[21:38:41.485] SHA256 Hash: '2324EE5A35674269225E2AA20957CE8830DBCA0CFFB918BD593F7A3222DEE480'
[21:38:41.486] Melon Assembly loaded: '.\UserLibs\System.Runtime.CompilerServices.Unsafe.dll'
[21:38:41.486] SHA256 Hash: 'BFC8F02A96934786CA5A0514A3B657021C12542E215E94B78FDCC74BFEFFE3D3'
[21:38:41.487] Melon Assembly loaded: '.\UserLibs\System.Security.AccessControl.dll'
[21:38:41.487] SHA256 Hash: '93084849C17A21F641C13C9F17545CFE18C1EC097561F3F0EBBBE26F358BA120'
[21:38:41.488] Melon Assembly loaded: '.\UserLibs\System.Security.Principal.Windows.dll'
[21:38:41.489] SHA256 Hash: '7828DFD952A9FD49404477BAFF714849177D9F18C0654ADAFADBDCAFB4B21F47'
[21:38:41.511] Melon Assembly loaded: '.\UserLibs\UniverseLib.Mono.dll'
[21:38:41.511] SHA256 Hash: '3B10913FFEAC9A0744583F0BB18218A5CFAFCBA467A7F9F99FA731E801A5A880'
[21:38:41.512] ------------------------------
[21:38:41.512] 0 UserLibs loaded.

[21:38:41.513] Loading Plugins...
[21:38:41.514] 0 Plugins loaded.


[21:38:42.284] Loading Mods...
[21:38:42.310] ------------------------------
[21:38:42.312] Melon Assembly loaded: '.\Mods\FrameStats.dll'
[21:38:42.312] SHA256 Hash: 'BA92BC20C66A75D118327578F2FC3459A365A6E7A91DE333CA2536BF25EF3B13'
[21:38:42.328] Melon Assembly loaded: '.\Mods\UnityExplorer.ML.Mono.dll'
[21:38:42.328] SHA256 Hash: '7E6C95C5F0DB2D6B22F506AAD4D268A96250BD64D8E259B7E4073106250F36D2'

[21:38:42.355] ------------------------------
[21:38:42.355] FrameStats v1.0.0
[21:38:42.355] by oneshade
[21:38:42.355] Assembly: FrameStats.dll
[21:38:42.356] ------------------------------
[21:38:42.357] ------------------------------
[21:38:42.358] UnityExplorer v4.9.0
[21:38:42.358] by Sinai
[21:38:42.358] Assembly: UnityExplorer.ML.Mono.dll
[21:38:42.358] ------------------------------
[21:38:42.359] ------------------------------
[21:38:42.359] 2 Mods loaded.

[21:38:42.365] Support Module Loaded: C:\Users\Pytho\Projects\SDFrameStatsMod\StellarDrive_0.6.5\MelonLoader\Dependencies\SupportModules\Mono.dll
[21:38:42.376] [UnityExplorer] UnityExplorer 4.9.0 initializing...
[21:38:42.394] [UnityExplorer] [UniverseLib] UniverseLib 1.5.1 initializing...
[21:38:42.769] [UnityExplorer] [UniverseLib] Finished UniverseLib initial setup.
[21:38:42.774] [UnityExplorer] Initialized UnityCrashPrevention for: Canvas.get_renderingDisplaySize
[21:38:45.044] [FrameStats] scene MainMenu loaded, index 0
[21:38:45.577] [FrameStats] Loading asset bundle ui...
[21:38:45.581] [FrameStats]     Loaded asset FrameStatsPanel
[21:38:45.581] [FrameStats]     Loaded asset FrameStatsSettings
[21:38:47.973] [FrameStats] Hardware: Intel Core i9-14900HX
[21:38:47.976] [FrameStats]     Sensor: CPU Core #1 Thread #1, value: 25.83194
[21:38:47.976] [FrameStats]     Sensor: CPU Core #1 Thread #2, value: 3.29054
[21:38:47.976] [FrameStats]     Sensor: CPU Core #2 Thread #1, value: 14.91132
[21:38:47.976] [FrameStats]     Sensor: CPU Core #2 Thread #2, value: 3.296554
[21:38:47.976] [FrameStats]     Sensor: CPU Core #3 Thread #1, value: 8.587349
[21:38:47.976] [FrameStats]     Sensor: CPU Core #3 Thread #2, value: 3.289133
[21:38:47.976] [FrameStats]     Sensor: CPU Core #4 Thread #1, value: 10.704
[21:38:47.976] [FrameStats]     Sensor: CPU Core #4 Thread #2, value: 3.307265
[21:38:47.976] [FrameStats]     Sensor: CPU Core #5 Thread #1, value: 30.34206
[21:38:47.976] [FrameStats]     Sensor: CPU Core #5 Thread #2, value: 0
[21:38:47.976] [FrameStats]     Sensor: CPU Core #6 Thread #1, value: 52.70404
[21:38:47.976] [FrameStats]     Sensor: CPU Core #6 Thread #2, value: 3.327101
[21:38:47.976] [FrameStats]     Sensor: CPU Core #7 Thread #1, value: 3.471619
[21:38:47.976] [FrameStats]     Sensor: CPU Core #7 Thread #2, value: 3.268349
[21:38:47.977] [FrameStats]     Sensor: CPU Core #8 Thread #1, value: 3.418493
[21:38:47.977] [FrameStats]     Sensor: CPU Core #8 Thread #2, value: 3.268099
[21:38:47.977] [FrameStats]     Sensor: CPU Core #9, value: 4.029953
[21:38:47.977] [FrameStats]     Sensor: CPU Core #10, value: 3.29715
[21:38:47.977] [FrameStats]     Sensor: CPU Core #11, value: 3.296894
[21:38:47.977] [FrameStats]     Sensor: CPU Core #12, value: 3.296554
[21:38:47.977] [FrameStats]     Sensor: CPU Core #13, value: 3.393751
[21:38:47.977] [FrameStats]     Sensor: CPU Core #14, value: 3.296942
[21:38:47.977] [FrameStats]     Sensor: CPU Core #15, value: 3.295743
[21:38:47.977] [FrameStats]     Sensor: CPU Core #16, value: 3.296041
[21:38:47.977] [FrameStats]     Sensor: CPU Core #17, value: 3.431636
[21:38:47.977] [FrameStats]     Sensor: CPU Core #18, value: 3.296381
[21:38:47.977] [FrameStats]     Sensor: CPU Core #19, value: 3.295702
[21:38:47.977] [FrameStats]     Sensor: CPU Core #20, value: 3.295702
[21:38:47.977] [FrameStats]     Sensor: CPU Core #21, value: 7.18084
[21:38:47.977] [FrameStats]     Sensor: CPU Core #22, value: 3.296173
[21:38:47.977] [FrameStats]     Sensor: CPU Core #23, value: 3.296214
[21:38:47.977] [FrameStats]     Sensor: CPU Core #24, value: 3.374851
[21:38:47.978] [FrameStats]     Sensor: CPU Total, value: 7.095945
[21:38:47.978] [FrameStats]     Sensor: CPU Core Max, value: 52.70404
[21:38:47.978] [FrameStats]     Sensor: Core Max, value: 
[21:38:47.978] [FrameStats]     Sensor: Core Average, value: 
[21:38:47.978] [FrameStats]     Sensor: CPU Core #1, value: 
[21:38:47.978] [FrameStats]     Sensor: CPU Core #2, value: 
[21:38:47.978] [FrameStats]     Sensor: CPU Core #3, value: 
[21:38:47.978] [FrameStats]     Sensor: CPU Core #4, value: 
[21:38:47.978] [FrameStats]     Sensor: CPU Core #5, value: 
[21:38:47.978] [FrameStats]     Sensor: CPU Core #6, value: 
[21:38:47.978] [FrameStats]     Sensor: CPU Core #7, value: 
[21:38:47.978] [FrameStats]     Sensor: CPU Core #8, value: 
[21:38:47.978] [FrameStats]     Sensor: CPU Core #9, value: 
[21:38:47.978] [FrameStats]     Sensor: CPU Core #10, value: 
[21:38:47.978] [FrameStats]     Sensor: CPU Core #11, value: 
[21:38:47.978] [FrameStats]     Sensor: CPU Core #12, value: 
[21:38:47.979] [FrameStats]     Sensor: CPU Core #13, value: 
[21:38:47.979] [FrameStats]     Sensor: CPU Core #14, value: 
[21:38:47.979] [FrameStats]     Sensor: CPU Core #15, value: 
[21:38:47.979] [FrameStats]     Sensor: CPU Core #16, value: 
[21:38:47.979] [FrameStats]     Sensor: CPU Core #17, value: 
[21:38:47.979] [FrameStats]     Sensor: CPU Core #18, value: 
[21:38:47.979] [FrameStats]     Sensor: CPU Core #19, value: 
[21:38:47.979] [FrameStats]     Sensor: CPU Core #20, value: 
[21:38:47.979] [FrameStats]     Sensor: CPU Core #21, value: 
[21:38:47.979] [FrameStats]     Sensor: CPU Core #22, value: 
[21:38:47.979] [FrameStats]     Sensor: CPU Core #23, value: 
[21:38:47.979] [FrameStats]     Sensor: CPU Core #24, value: 
[21:38:47.979] [FrameStats]     Sensor: CPU Package, value: 
[21:38:47.979] [FrameStats]     Sensor: CPU Core #1 Distance to TjMax, value: 
[21:38:47.979] [FrameStats]     Sensor: CPU Core #2 Distance to TjMax, value: 
[21:38:47.979] [FrameStats]     Sensor: CPU Core #3 Distance to TjMax, value: 
[21:38:47.979] [FrameStats]     Sensor: CPU Core #4 Distance to TjMax, value: 
[21:38:47.979] [FrameStats]     Sensor: CPU Core #5 Distance to TjMax, value: 
[21:38:47.979] [FrameStats]     Sensor: CPU Core #6 Distance to TjMax, value: 
[21:38:47.979] [FrameStats]     Sensor: CPU Core #7 Distance to TjMax, value: 
[21:38:47.979] [FrameStats]     Sensor: CPU Core #8 Distance to TjMax, value: 
[21:38:47.979] [FrameStats]     Sensor: CPU Core #9 Distance to TjMax, value: 
[21:38:47.979] [FrameStats]     Sensor: CPU Core #10 Distance to TjMax, value: 
[21:38:47.979] [FrameStats]     Sensor: CPU Core #11 Distance to TjMax, value: 
[21:38:47.979] [FrameStats]     Sensor: CPU Core #12 Distance to TjMax, value: 
[21:38:47.979] [FrameStats]     Sensor: CPU Core #13 Distance to TjMax, value: 
[21:38:47.979] [FrameStats]     Sensor: CPU Core #14 Distance to TjMax, value: 
[21:38:47.979] [FrameStats]     Sensor: CPU Core #15 Distance to TjMax, value: 
[21:38:47.979] [FrameStats]     Sensor: CPU Core #16 Distance to TjMax, value: 
[21:38:47.979] [FrameStats]     Sensor: CPU Core #17 Distance to TjMax, value: 
[21:38:47.979] [FrameStats]     Sensor: CPU Core #18 Distance to TjMax, value: 
[21:38:47.979] [FrameStats]     Sensor: CPU Core #19 Distance to TjMax, value: 
[21:38:47.979] [FrameStats]     Sensor: CPU Core #20 Distance to TjMax, value: 
[21:38:47.979] [FrameStats]     Sensor: CPU Core #21 Distance to TjMax, value: 
[21:38:47.979] [FrameStats]     Sensor: CPU Core #22 Distance to TjMax, value: 
[21:38:47.979] [FrameStats]     Sensor: CPU Core #23 Distance to TjMax, value: 
[21:38:47.979] [FrameStats]     Sensor: CPU Core #24 Distance to TjMax, value: 
[21:38:47.980] [FrameStats]     Sensor: CPU Core #1, value: 
[21:38:47.980] [FrameStats]     Sensor: CPU Core #2, value: 
[21:38:47.980] [FrameStats]     Sensor: CPU Core #3, value: 
[21:38:47.980] [FrameStats]     Sensor: CPU Core #4, value: 
[21:38:47.980] [FrameStats]     Sensor: CPU Core #5, value: 
[21:38:47.980] [FrameStats]     Sensor: CPU Core #6, value: 
[21:38:47.980] [FrameStats]     Sensor: CPU Core #7, value: 
[21:38:47.980] [FrameStats]     Sensor: CPU Core #8, value: 
[21:38:47.980] [FrameStats]     Sensor: CPU Core #9, value: 
[21:38:47.980] [FrameStats]     Sensor: CPU Core #10, value: 
[21:38:47.980] [FrameStats]     Sensor: CPU Core #11, value: 
[21:38:47.980] [FrameStats]     Sensor: CPU Core #12, value: 
[21:38:47.980] [FrameStats]     Sensor: CPU Core #13, value: 
[21:38:47.980] [FrameStats]     Sensor: CPU Core #14, value: 
[21:38:47.980] [FrameStats]     Sensor: CPU Core #15, value: 
[21:38:47.980] [FrameStats]     Sensor: CPU Core #16, value: 
[21:38:47.980] [FrameStats]     Sensor: CPU Core #17, value: 
[21:38:47.980] [FrameStats]     Sensor: CPU Core #18, value: 
[21:38:47.980] [FrameStats]     Sensor: CPU Core #19, value: 
[21:38:47.980] [FrameStats]     Sensor: CPU Core #20, value: 
[21:38:47.980] [FrameStats]     Sensor: CPU Core #21, value: 
[21:38:47.980] [FrameStats]     Sensor: CPU Core #22, value: 
[21:38:47.980] [FrameStats]     Sensor: CPU Core #23, value: 
[21:38:47.980] [FrameStats]     Sensor: CPU Core #24, value: 
[21:38:47.980] [FrameStats] Hardware: Generic Memory
[21:38:47.980] [FrameStats]     Sensor: Memory Used, value: 19.49326
[21:38:47.980] [FrameStats]     Sensor: Memory Available, value: 12.22146
[21:38:47.980] [FrameStats]     Sensor: Memory, value: 61.46439
[21:38:47.980] [FrameStats]     Sensor: Virtual Memory Used, value: 39.75198
[21:38:47.980] [FrameStats]     Sensor: Virtual Memory Available, value: 6.426426
[21:38:47.980] [FrameStats]     Sensor: Virtual Memory, value: 86.08348
[21:38:47.980] [FrameStats] Hardware: NVIDIA GeForce RTX 4070 Laptop GPU
[21:38:47.980] [FrameStats]     Sensor: GPU Core, value: 50
[21:38:47.980] [FrameStats]     Sensor: GPU Core, value: 690
[21:38:47.981] [FrameStats]     Sensor: GPU Memory, value: 810
[21:38:47.981] [FrameStats]     Sensor: GPU Core, value: 0
[21:38:47.981] [FrameStats]     Sensor: GPU Memory Controller, value: 1
[21:38:47.981] [FrameStats]     Sensor: GPU Video Engine, value: 9
[21:38:47.981] [FrameStats]     Sensor: GPU Bus, value: 0
[21:38:47.981] [FrameStats]     Sensor: D3D Dedicated Memory Used, value: 571.4141
[21:38:47.981] [FrameStats]     Sensor: D3D Shared Memory Used, value: 186.7695
[21:38:47.981] [FrameStats]     Sensor: D3D 3D, value: 0
[21:38:47.981] [FrameStats]     Sensor: D3D Overlay, value: 0
[21:38:47.981] [FrameStats]     Sensor: D3D Video Decode, value: 4.971543
[21:38:47.981] [FrameStats]     Sensor: D3D Copy, value: 0
[21:38:47.981] [FrameStats]     Sensor: D3D Copy, value: 0.01171923
[21:38:47.981] [FrameStats]     Sensor: D3D Security, value: 0
[21:38:47.981] [FrameStats]     Sensor: D3D Video Encode, value: 0
[21:38:47.981] [FrameStats]     Sensor: D3D Video Processing, value: 0
[21:38:47.981] [FrameStats]     Sensor: D3D VR, value: 0
[21:38:47.981] [FrameStats]     Sensor: GPU Hot Spot, value: 57.34375
[21:38:47.981] [FrameStats]     Sensor: GPU Memory Total, value: 8188
[21:38:47.981] [FrameStats]     Sensor: GPU Memory Free, value: 7382
[21:38:47.981] [FrameStats]     Sensor: GPU Memory Used, value: 805
[21:38:47.981] [FrameStats]     Sensor: GPU Memory, value: 9.840429
[21:38:47.981] [FrameStats]     Sensor: GPU Package, value: 7.891
[21:38:47.981] [FrameStats]     Sensor: GPU PCIe Rx, value: 0
[21:38:47.981] [FrameStats]     Sensor: GPU PCIe Tx, value: 0
[21:38:47.981] [FrameStats] Hardware: Intel(R) UHD Graphics
[21:38:47.981] [FrameStats]     Sensor: D3D Shared Memory Total, value: 16237.93
[21:38:47.981] [FrameStats]     Sensor: D3D Shared Memory Free, value: 
[21:38:47.981] [FrameStats]     Sensor: D3D Shared Memory Used, value: 1659.754
[21:38:47.981] [FrameStats]     Sensor: D3D 3D, value: 0
[21:38:47.981] [FrameStats]     Sensor: D3D Video Decode, value: 0
[21:38:47.982] [FrameStats]     Sensor: D3D Copy, value: 0
[21:38:47.982] [FrameStats]     Sensor: D3D Video Processing, value: 0
[21:38:47.982] [FrameStats]     Sensor: D3D Video Decode, value: 0
[21:38:47.982] [FrameStats]     Sensor: D3D Other, value: 0
[21:38:47.982] [FrameStats]     Sensor: D3D Other, value: 0
[21:38:47.982] [FrameStats]     Sensor: D3D Other, value: 0
[21:38:47.982] [FrameStats]     Sensor: D3D Other, value: 0
[21:38:47.982] [FrameStats]     Sensor: D3D Other, value: 0
[21:38:47.982] [FrameStats]     Sensor: D3D GDI Render, value: 0
[21:38:47.982] [FrameStats]     Sensor: D3D Other, value: 0
[21:38:47.982] [FrameStats]     Sensor: D3D Other, value: 0
[21:38:47.982] [FrameStats] Hardware: L23M4PC3 
[21:38:47.982] [FrameStats]     Sensor: Designed Capacity, value: 99900
[21:38:47.982] [FrameStats]     Sensor: Fully-Charged Capacity, value: 94430
[21:38:47.982] [FrameStats]     Sensor: Degradation Level, value: 5.475475
[21:38:47.982] [FrameStats]     Sensor: Remaining Capacity, value: 94090
[21:38:47.982] [FrameStats]     Sensor: Charge Level, value: 99.63995
[21:38:47.983] [FrameStats]     Sensor: Voltage, value: 17.449
[21:38:47.983] [FrameStats]     Sensor: Charge/Discharge Current, value: 0
[21:38:47.984] [FrameStats]     Sensor: Charge/Discharge Rate, value: 0
[21:38:49.078] [UnityExplorer] [UniverseLib] Initialized new InputSystem support.
[21:38:49.131] [UnityExplorer] [UniverseLib] Loaded modern bundle for Unity 2022.3.11f1
[21:38:49.148] [UnityExplorer] [UniverseLib] UniverseLib 1.5.1 initialized.
[21:38:49.150] [UnityExplorer] Creating UI...
[21:38:49.637] [UnityExplorer] UnityExplorer 4.9.0 (Mono) initialized.
[21:38:49.718] [FrameStats] have options menu
[21:38:49.720] [FrameStats] added stats setting option
[21:38:57.288] [FrameStats] lost options menu
[21:38:58.020] [FrameStats] have options menu
[21:38:58.020] [FrameStats] added stats setting option
[21:38:59.002] [FrameStats] lost options menu
[21:38:59.645] [FrameStats] have options menu
[21:38:59.645] [FrameStats] added stats setting option
[21:40:30.460] Preferences Saved!
