
[20:50:12.371] ------------------------------
[20:50:12.393] MelonLoader v0.7.0 Open-Beta
[20:50:12.394] OS: Windows 11
[20:50:12.394] Hash Code: F2DCA88FB1569FD6750096CED35BBB808C50BA273E0D295347A24385B0B764CA
[20:50:12.395] ------------------------------
[20:50:12.396] Game Type: MonoBleedingEdge
[20:50:12.396] Game Arch: x64
[20:50:12.396] ------------------------------
[20:50:12.396] Command-Line: 
[20:50:12.397] ------------------------------
[20:50:12.397] Core::BasePath = C:\Users\Pytho\Projects\SDFrameStatsMod\StellarDrive_0.6.5
[20:50:12.397] Game::BasePath = C:\Users\Pytho\Projects\SDFrameStatsMod\StellarDrive_0.6.5
[20:50:12.405] Game::DataPath = C:\Users\Pytho\Projects\SDFrameStatsMod\StellarDrive_0.6.5\StellarDrive_Data
[20:50:12.406] Game::ApplicationPath = C:\Users\Pytho\Projects\SDFrameStatsMod\StellarDrive_0.6.5\StellarDrive.exe
[20:50:12.406] Runtime Type: net35
[20:50:12.474] ------------------------------
[20:50:12.475] Game Name: StellarDrive
[20:50:12.475] Game Developer: CuriousOwlGames
[20:50:12.477] Unity Version: 2022.3.11f1
[20:50:12.477] Game Version: UNKNOWN
[20:50:12.477] ------------------------------

[20:50:12.723] Preferences Loaded!

[20:50:12.743] Loading UserLibs...
[20:50:12.762] ------------------------------
[20:50:12.766] Melon Assembly loaded: '.\UserLibs\HidSharp.dll'
[20:50:12.766] SHA256 Hash: '61EB2E22A5620D789A23D389F1AF9D38FAFF4D85F46ADEDBC28FB22CFEC61BF9'
[20:50:12.773] Melon Assembly loaded: '.\UserLibs\LibreHardwareMonitorLib.dll'
[20:50:12.774] SHA256 Hash: '99B39B0B0AC865C38A33DFF7DEE080FF17AAC3337B2332812CA2D7BB13C89460'
[20:50:12.775] Melon Assembly loaded: '.\UserLibs\Microsoft.Win32.Registry.dll'
[20:50:12.775] SHA256 Hash: 'D641EB0065BD5CDB541C5BF0D2FF976720D35D62416AB959727651ABF0ABA2CA'
[20:50:12.776] Melon Assembly loaded: '.\UserLibs\System.Buffers.dll'
[20:50:12.776] SHA256 Hash: 'C65FFF603B283DC966D1A8B730C11D5E5E750E8021BD24640612F6CC3F2C6FB7'
[20:50:12.778] Melon Assembly loaded: '.\UserLibs\System.CodeDom.dll'
[20:50:12.779] SHA256 Hash: 'CF18C822A341A3932FC8C08D7F21BF015F7E3C2696619560C94B63629341376A'
[20:50:12.781] Melon Assembly loaded: '.\UserLibs\System.IO.FileSystem.AccessControl.dll'
[20:50:12.781] SHA256 Hash: 'D2D6CD3FEF822959B68A68A6AF6096963BBE6493D90E16F0AF65FEDE25D85F32'
[20:50:12.783] Melon Assembly loaded: '.\UserLibs\System.IO.Ports.dll'
[20:50:12.783] SHA256 Hash: 'B1ECEF838C8B833BE76D1EF75AD8A0B1FAD805FC951136C9E5256FD3CF15FC1B'
[20:50:12.784] Melon Assembly loaded: '.\UserLibs\System.Management.dll'
[20:50:12.785] SHA256 Hash: '205BF789DD38D8ABC5FDC9CD8653469400ED9D6386B07384609848B9C95D7721'
[20:50:12.786] Melon Assembly loaded: '.\UserLibs\System.Memory.dll'
[20:50:12.787] SHA256 Hash: 'D2E3949FCF3A3B3A20BB9A568A4DA582D9A90D64F34C0BDC07C9029BFE8F1858'
[20:50:12.789] Melon Assembly loaded: '.\UserLibs\System.Numerics.Vectors.dll'
[20:50:12.789] SHA256 Hash: '2324EE5A35674269225E2AA20957CE8830DBCA0CFFB918BD593F7A3222DEE480'
[20:50:12.790] Melon Assembly loaded: '.\UserLibs\System.Runtime.CompilerServices.Unsafe.dll'
[20:50:12.790] SHA256 Hash: 'BFC8F02A96934786CA5A0514A3B657021C12542E215E94B78FDCC74BFEFFE3D3'
[20:50:12.791] Melon Assembly loaded: '.\UserLibs\System.Security.AccessControl.dll'
[20:50:12.791] SHA256 Hash: '93084849C17A21F641C13C9F17545CFE18C1EC097561F3F0EBBBE26F358BA120'
[20:50:12.792] Melon Assembly loaded: '.\UserLibs\System.Security.Principal.Windows.dll'
[20:50:12.793] SHA256 Hash: '7828DFD952A9FD49404477BAFF714849177D9F18C0654ADAFADBDCAFB4B21F47'
[20:50:12.817] Melon Assembly loaded: '.\UserLibs\UniverseLib.Mono.dll'
[20:50:12.817] SHA256 Hash: '3B10913FFEAC9A0744583F0BB18218A5CFAFCBA467A7F9F99FA731E801A5A880'
[20:50:12.818] ------------------------------
[20:50:12.819] 0 UserLibs loaded.

[20:50:12.819] Loading Plugins...
[20:50:12.820] 0 Plugins loaded.


[20:50:13.582] Loading Mods...
[20:50:13.584] ------------------------------
[20:50:13.586] Melon Assembly loaded: '.\Mods\FrameStats.dll'
[20:50:13.586] SHA256 Hash: '601E73AA34A5384BC3E4F823068E1DEA82BC90B73904CB1EB68E57134BE12D2F'
[20:50:13.602] Melon Assembly loaded: '.\Mods\UnityExplorer.ML.Mono.dll'
[20:50:13.603] SHA256 Hash: '7E6C95C5F0DB2D6B22F506AAD4D268A96250BD64D8E259B7E4073106250F36D2'

[20:50:13.629] ------------------------------
[20:50:13.630] FrameStats v1.0.0
[20:50:13.630] by oneshade
[20:50:13.630] Assembly: FrameStats.dll
[20:50:13.633] ------------------------------
[20:50:13.635] ------------------------------
[20:50:13.635] UnityExplorer v4.9.0
[20:50:13.635] by Sinai
[20:50:13.635] Assembly: UnityExplorer.ML.Mono.dll
[20:50:13.635] ------------------------------
[20:50:13.636] ------------------------------
[20:50:13.636] 2 Mods loaded.

[20:50:13.642] Support Module Loaded: C:\Users\Pytho\Projects\SDFrameStatsMod\StellarDrive_0.6.5\MelonLoader\Dependencies\SupportModules\Mono.dll
[20:50:13.653] [UnityExplorer] UnityExplorer 4.9.0 initializing...
[20:50:13.674] [UnityExplorer] [UniverseLib] UniverseLib 1.5.1 initializing...
[20:50:14.053] [UnityExplorer] [UniverseLib] Finished UniverseLib initial setup.
[20:50:14.058] [UnityExplorer] Initialized UnityCrashPrevention for: Canvas.get_renderingDisplaySize
[20:50:16.323] [FrameStats] scene MainMenu loaded, index 0
[20:50:16.858] [FrameStats] Loading asset bundle ui...
[20:50:16.861] [FrameStats]     Loaded asset FrameStatsPanel
[20:50:16.862] [FrameStats]     Loaded asset FrameStatsSettings
[20:50:19.253] [FrameStats] Hardware: Intel Core i9-14900HX
[20:50:19.256] [FrameStats]     Sensor: CPU Core #1 Thread #1, value: 15.57332
[20:50:19.257] [FrameStats]     Sensor: CPU Core #1 Thread #2, value: 18.76642
[20:50:19.257] [FrameStats]     Sensor: CPU Core #2 Thread #1, value: 0
[20:50:19.257] [FrameStats]     Sensor: CPU Core #2 Thread #2, value: 0
[20:50:19.258] [FrameStats]     Sensor: CPU Core #3 Thread #1, value: 0
[20:50:19.258] [FrameStats]     Sensor: CPU Core #3 Thread #2, value: 0
[20:50:19.258] [FrameStats]     Sensor: CPU Core #4 Thread #1, value: 0
[20:50:19.258] [FrameStats]     Sensor: CPU Core #4 Thread #2, value: 0
[20:50:19.259] [FrameStats]     Sensor: CPU Core #5 Thread #1, value: 21.7567
[20:50:19.259] [FrameStats]     Sensor: CPU Core #5 Thread #2, value: 0
[20:50:19.259] [FrameStats]     Sensor: CPU Core #6 Thread #1, value: 0
[20:50:19.260] [FrameStats]     Sensor: CPU Core #6 Thread #2, value: 59.1389
[20:50:19.260] [FrameStats]     Sensor: CPU Core #7 Thread #1, value: 0
[20:50:19.260] [FrameStats]     Sensor: CPU Core #7 Thread #2, value: 0
[20:50:19.260] [FrameStats]     Sensor: CPU Core #8 Thread #1, value: 0
[20:50:19.260] [FrameStats]     Sensor: CPU Core #8 Thread #2, value: 10.67293
[20:50:19.260] [FrameStats]     Sensor: CPU Core #9, value: 0
[20:50:19.261] [FrameStats]     Sensor: CPU Core #10, value: 0
[20:50:19.261] [FrameStats]     Sensor: CPU Core #11, value: 0
[20:50:19.261] [FrameStats]     Sensor: CPU Core #12, value: 0
[20:50:19.261] [FrameStats]     Sensor: CPU Core #13, value: 0
[20:50:19.261] [FrameStats]     Sensor: CPU Core #14, value: 0
[20:50:19.261] [FrameStats]     Sensor: CPU Core #15, value: 0
[20:50:19.261] [FrameStats]     Sensor: CPU Core #16, value: 0
[20:50:19.261] [FrameStats]     Sensor: CPU Core #17, value: 0
[20:50:19.261] [FrameStats]     Sensor: CPU Core #18, value: 0
[20:50:19.261] [FrameStats]     Sensor: CPU Core #19, value: 0
[20:50:19.262] [FrameStats]     Sensor: CPU Core #20, value: 17.05531
[20:50:19.262] [FrameStats]     Sensor: CPU Core #21, value: 0
[20:50:19.262] [FrameStats]     Sensor: CPU Core #22, value: 0
[20:50:19.262] [FrameStats]     Sensor: CPU Core #23, value: 0
[20:50:19.262] [FrameStats]     Sensor: CPU Core #24, value: 0
[20:50:19.262] [FrameStats]     Sensor: CPU Total, value: 0
[20:50:19.262] [FrameStats]     Sensor: CPU Core Max, value: 59.1389
[20:50:19.263] [FrameStats]     Sensor: Core Max, value: 
[20:50:19.263] [FrameStats]     Sensor: Core Average, value: 
[20:50:19.263] [FrameStats]     Sensor: CPU Core #1, value: 
[20:50:19.263] [FrameStats]     Sensor: CPU Core #2, value: 
[20:50:19.263] [FrameStats]     Sensor: CPU Core #3, value: 
[20:50:19.263] [FrameStats]     Sensor: CPU Core #4, value: 
[20:50:19.263] [FrameStats]     Sensor: CPU Core #5, value: 
[20:50:19.263] [FrameStats]     Sensor: CPU Core #6, value: 
[20:50:19.263] [FrameStats]     Sensor: CPU Core #7, value: 
[20:50:19.264] [FrameStats]     Sensor: CPU Core #8, value: 
[20:50:19.264] [FrameStats]     Sensor: CPU Core #9, value: 
[20:50:19.264] [FrameStats]     Sensor: CPU Core #10, value: 
[20:50:19.264] [FrameStats]     Sensor: CPU Core #11, value: 
[20:50:19.264] [FrameStats]     Sensor: CPU Core #12, value: 
[20:50:19.264] [FrameStats]     Sensor: CPU Core #13, value: 
[20:50:19.264] [FrameStats]     Sensor: CPU Core #14, value: 
[20:50:19.264] [FrameStats]     Sensor: CPU Core #15, value: 
[20:50:19.264] [FrameStats]     Sensor: CPU Core #16, value: 
[20:50:19.264] [FrameStats]     Sensor: CPU Core #17, value: 
[20:50:19.267] [FrameStats]     Sensor: CPU Core #18, value: 
[20:50:19.267] [FrameStats]     Sensor: CPU Core #19, value: 
[20:50:19.267] [FrameStats]     Sensor: CPU Core #20, value: 
[20:50:19.267] [FrameStats]     Sensor: CPU Core #21, value: 
[20:50:19.267] [FrameStats]     Sensor: CPU Core #22, value: 
[20:50:19.267] [FrameStats]     Sensor: CPU Core #23, value: 
[20:50:19.267] [FrameStats]     Sensor: CPU Core #24, value: 
[20:50:19.267] [FrameStats]     Sensor: CPU Package, value: 
[20:50:19.267] [FrameStats]     Sensor: CPU Core #1 Distance to TjMax, value: 
[20:50:19.267] [FrameStats]     Sensor: CPU Core #2 Distance to TjMax, value: 
[20:50:19.267] [FrameStats]     Sensor: CPU Core #3 Distance to TjMax, value: 
[20:50:19.267] [FrameStats]     Sensor: CPU Core #4 Distance to TjMax, value: 
[20:50:19.267] [FrameStats]     Sensor: CPU Core #5 Distance to TjMax, value: 
[20:50:19.267] [FrameStats]     Sensor: CPU Core #6 Distance to TjMax, value: 
[20:50:19.267] [FrameStats]     Sensor: CPU Core #7 Distance to TjMax, value: 
[20:50:19.267] [FrameStats]     Sensor: CPU Core #8 Distance to TjMax, value: 
[20:50:19.267] [FrameStats]     Sensor: CPU Core #9 Distance to TjMax, value: 
[20:50:19.268] [FrameStats]     Sensor: CPU Core #10 Distance to TjMax, value: 
[20:50:19.268] [FrameStats]     Sensor: CPU Core #11 Distance to TjMax, value: 
[20:50:19.268] [FrameStats]     Sensor: CPU Core #12 Distance to TjMax, value: 
[20:50:19.268] [FrameStats]     Sensor: CPU Core #13 Distance to TjMax, value: 
[20:50:19.268] [FrameStats]     Sensor: CPU Core #14 Distance to TjMax, value: 
[20:50:19.268] [FrameStats]     Sensor: CPU Core #15 Distance to TjMax, value: 
[20:50:19.268] [FrameStats]     Sensor: CPU Core #16 Distance to TjMax, value: 
[20:50:19.268] [FrameStats]     Sensor: CPU Core #17 Distance to TjMax, value: 
[20:50:19.268] [FrameStats]     Sensor: CPU Core #18 Distance to TjMax, value: 
[20:50:19.268] [FrameStats]     Sensor: CPU Core #19 Distance to TjMax, value: 
[20:50:19.268] [FrameStats]     Sensor: CPU Core #20 Distance to TjMax, value: 
[20:50:19.268] [FrameStats]     Sensor: CPU Core #21 Distance to TjMax, value: 
[20:50:19.268] [FrameStats]     Sensor: CPU Core #22 Distance to TjMax, value: 
[20:50:19.268] [FrameStats]     Sensor: CPU Core #23 Distance to TjMax, value: 
[20:50:19.268] [FrameStats]     Sensor: CPU Core #24 Distance to TjMax, value: 
[20:50:19.268] [FrameStats]     Sensor: CPU Core #1, value: 
[20:50:19.268] [FrameStats]     Sensor: CPU Core #2, value: 
[20:50:19.268] [FrameStats]     Sensor: CPU Core #3, value: 
[20:50:19.269] [FrameStats]     Sensor: CPU Core #4, value: 
[20:50:19.269] [FrameStats]     Sensor: CPU Core #5, value: 
[20:50:19.269] [FrameStats]     Sensor: CPU Core #6, value: 
[20:50:19.269] [FrameStats]     Sensor: CPU Core #7, value: 
[20:50:19.269] [FrameStats]     Sensor: CPU Core #8, value: 
[20:50:19.269] [FrameStats]     Sensor: CPU Core #9, value: 
[20:50:19.269] [FrameStats]     Sensor: CPU Core #10, value: 
[20:50:19.269] [FrameStats]     Sensor: CPU Core #11, value: 
[20:50:19.269] [FrameStats]     Sensor: CPU Core #12, value: 
[20:50:19.269] [FrameStats]     Sensor: CPU Core #13, value: 
[20:50:19.269] [FrameStats]     Sensor: CPU Core #14, value: 
[20:50:19.269] [FrameStats]     Sensor: CPU Core #15, value: 
[20:50:19.269] [FrameStats]     Sensor: CPU Core #16, value: 
[20:50:19.269] [FrameStats]     Sensor: CPU Core #17, value: 
[20:50:19.269] [FrameStats]     Sensor: CPU Core #18, value: 
[20:50:19.269] [FrameStats]     Sensor: CPU Core #19, value: 
[20:50:19.270] [FrameStats]     Sensor: CPU Core #20, value: 
[20:50:19.270] [FrameStats]     Sensor: CPU Core #21, value: 
[20:50:19.270] [FrameStats]     Sensor: CPU Core #22, value: 
[20:50:19.270] [FrameStats]     Sensor: CPU Core #23, value: 
[20:50:19.270] [FrameStats]     Sensor: CPU Core #24, value: 
[20:50:19.270] [FrameStats] Hardware: Generic Memory
[20:50:19.270] [FrameStats]     Sensor: Memory Used, value: 21.32095
[20:50:19.270] [FrameStats]     Sensor: Memory Available, value: 10.39377
[20:50:19.270] [FrameStats]     Sensor: Memory, value: 67.2273
[20:50:19.270] [FrameStats]     Sensor: Virtual Memory Used, value: 40.95879
[20:50:19.270] [FrameStats]     Sensor: Virtual Memory Available, value: 5.219624
[20:50:19.270] [FrameStats]     Sensor: Virtual Memory, value: 88.69683
[20:50:19.270] [FrameStats] Hardware: NVIDIA GeForce RTX 4070 Laptop GPU
[20:50:19.270] [FrameStats]     Sensor: GPU Core, value: 50
[20:50:19.270] [FrameStats]     Sensor: GPU Core, value: 480
[20:50:19.271] [FrameStats]     Sensor: GPU Memory, value: 810
[20:50:19.271] [FrameStats]     Sensor: GPU Core, value: 0
[20:50:19.271] [FrameStats]     Sensor: GPU Memory Controller, value: 1
[20:50:19.271] [FrameStats]     Sensor: GPU Video Engine, value: 10
[20:50:19.271] [FrameStats]     Sensor: GPU Bus, value: 0
[20:50:19.271] [FrameStats]     Sensor: D3D Dedicated Memory Used, value: 781.2344
[20:50:19.271] [FrameStats]     Sensor: D3D Shared Memory Used, value: 189.3711
[20:50:19.271] [FrameStats]     Sensor: D3D 3D, value: 0
[20:50:19.271] [FrameStats]     Sensor: D3D Overlay, value: 0
[20:50:19.271] [FrameStats]     Sensor: D3D Video Decode, value: 24.15855
[20:50:19.271] [FrameStats]     Sensor: D3D Copy, value: 0
[20:50:19.271] [FrameStats]     Sensor: D3D Copy, value: 0.445575
[20:50:19.271] [FrameStats]     Sensor: D3D Security, value: 0
[20:50:19.271] [FrameStats]     Sensor: D3D Video Encode, value: 0
[20:50:19.272] [FrameStats]     Sensor: D3D Video Processing, value: 0
[20:50:19.272] [FrameStats]     Sensor: D3D VR, value: 0
[20:50:19.272] [FrameStats]     Sensor: GPU Hot Spot, value: 57.96875
[20:50:19.272] [FrameStats]     Sensor: GPU Memory Total, value: 8188
[20:50:19.272] [FrameStats]     Sensor: GPU Memory Free, value: 7172
[20:50:19.272] [FrameStats]     Sensor: GPU Memory Used, value: 1015
[20:50:19.272] [FrameStats]     Sensor: GPU Memory, value: 12.39948
[20:50:19.272] [FrameStats]     Sensor: GPU Package, value: 5.73
[20:50:19.272] [FrameStats]     Sensor: GPU PCIe Rx, value: 0
[20:50:19.272] [FrameStats]     Sensor: GPU PCIe Tx, value: 0
[20:50:19.272] [FrameStats] Hardware: Intel(R) UHD Graphics
[20:50:19.272] [FrameStats]     Sensor: D3D Shared Memory Total, value: 16237.93
[20:50:19.272] [FrameStats]     Sensor: D3D Shared Memory Free, value: 
[20:50:19.272] [FrameStats]     Sensor: D3D Shared Memory Used, value: 1794.723
[20:50:19.272] [FrameStats]     Sensor: D3D 3D, value: 0
[20:50:19.272] [FrameStats]     Sensor: D3D Video Decode, value: 0
[20:50:19.273] [FrameStats]     Sensor: D3D Copy, value: 0
[20:50:19.273] [FrameStats]     Sensor: D3D Video Processing, value: 0
[20:50:19.273] [FrameStats]     Sensor: D3D Video Decode, value: 0
[20:50:19.273] [FrameStats]     Sensor: D3D Other, value: 0
[20:50:19.273] [FrameStats]     Sensor: D3D Other, value: 0
[20:50:19.273] [FrameStats]     Sensor: D3D Other, value: 0
[20:50:19.273] [FrameStats]     Sensor: D3D Other, value: 0
[20:50:19.273] [FrameStats]     Sensor: D3D Other, value: 0
[20:50:19.273] [FrameStats]     Sensor: D3D GDI Render, value: 0
[20:50:19.273] [FrameStats]     Sensor: D3D Other, value: 0
[20:50:19.273] [FrameStats]     Sensor: D3D Other, value: 0
[20:50:19.273] [FrameStats] Hardware: L23M4PC3 
[20:50:19.273] [FrameStats]     Sensor: Designed Capacity, value: 99900
[20:50:19.274] [FrameStats]     Sensor: Fully-Charged Capacity, value: 94430
[20:50:19.274] [FrameStats]     Sensor: Degradation Level, value: 5.475475
[20:50:19.274] [FrameStats]     Sensor: Remaining Capacity, value: 94090
[20:50:19.274] [FrameStats]     Sensor: Charge Level, value: 99.63995
[20:50:19.274] [FrameStats]     Sensor: Voltage, value: 17.45
[20:50:19.274] [FrameStats]     Sensor: Charge/Discharge Current, value: 0
[20:50:19.274] [FrameStats]     Sensor: Charge/Discharge Rate, value: 0
[20:50:20.358] [UnityExplorer] [UniverseLib] Initialized new InputSystem support.
[20:50:20.412] [UnityExplorer] [UniverseLib] Loaded modern bundle for Unity 2022.3.11f1
[20:50:20.428] [UnityExplorer] [UniverseLib] UniverseLib 1.5.1 initialized.
[20:50:20.429] [UnityExplorer] Creating UI...
[20:50:20.902] [UnityExplorer] UnityExplorer 4.9.0 (Mono) initialized.
[20:50:20.985] [FrameStats] have options menu
[20:50:20.987] [FrameStats] localScale: (1.00, 1.00, 1.00)
[20:50:20.988] [FrameStats] added stats setting option
[20:50:32.860] [UnityExplorer] [UniverseLib] System.ArgumentOutOfRangeException: Index was out of range. Must be non-negative and less than the size of the collection.
Parameter name: index
  at System.Collections.Generic.List`1[T].get_Item (System.Int32 index) [0x00009] in <834b2ded5dad441e8c7a4287897d63c7>:0 
  at UniverseLib.UI.Widgets.ScrollView.DataHeightCache`1[T].get_Item (System.Int32 index) [0x00000] in <13219c455bef4bba9562f5c7455e13df>:0 
  at UniverseLib.UI.Widgets.ScrollView.ScrollPool`1[T].UpdateSliderHandle () [0x000f9] in <13219c455bef4bba9562f5c7455e13df>:0 
  at UniverseLib.UI.Widgets.ScrollView.ScrollPool`1[T].OnValueChangedListener (UnityEngine.Vector2 val) [0x0011a] in <13219c455bef4bba9562f5c7455e13df>:0 
  at UniverseLib.UI.Widgets.ScrollView.ScrollPool`1[T].Update () [0x000a6] in <13219c455bef4bba9562f5c7455e13df>:0 
  at UniverseLib.UI.Models.UIBehaviourModel.UpdateInstances () [0x00065] in <13219c455bef4bba9562f5c7455e13df>:0 
[20:51:07.923] Preferences Saved!
