
[19:29:41.159] ------------------------------
[19:29:41.182] MelonLoader v0.7.0 Open-Beta
[19:29:41.183] OS: Windows 11
[19:29:41.183] Hash Code: F2DCA88FB1569FD6750096CED35BBB808C50BA273E0D295347A24385B0B764CA
[19:29:41.183] ------------------------------
[19:29:41.184] Game Type: MonoBleedingEdge
[19:29:41.184] Game Arch: x64
[19:29:41.184] ------------------------------
[19:29:41.184] Command-Line: 
[19:29:41.185] ------------------------------
[19:29:41.185] Core::BasePath = C:\Users\Pytho\Projects\SDFrameStatsMod\StellarDrive_0.6.5
[19:29:41.185] Game::BasePath = C:\Users\Pytho\Projects\SDFrameStatsMod\StellarDrive_0.6.5
[19:29:41.187] Game::DataPath = C:\Users\Pytho\Projects\SDFrameStatsMod\StellarDrive_0.6.5\StellarDrive_Data
[19:29:41.187] Game::ApplicationPath = C:\Users\Pytho\Projects\SDFrameStatsMod\StellarDrive_0.6.5\StellarDrive.exe
[19:29:41.187] Runtime Type: net35
[19:29:41.258] ------------------------------
[19:29:41.259] Game Name: StellarDrive
[19:29:41.259] Game Developer: CuriousOwlGames
[19:29:41.261] Unity Version: 2022.3.11f1
[19:29:41.261] Game Version: UNKNOWN
[19:29:41.261] ------------------------------

[19:29:41.508] Preferences Loaded!

[19:29:41.527] Loading UserLibs...
[19:29:41.635] ------------------------------
[19:29:41.639] Melon Assembly loaded: '.\UserLibs\HidSharp.dll'
[19:29:41.640] SHA256 Hash: '61EB2E22A5620D789A23D389F1AF9D38FAFF4D85F46ADEDBC28FB22CFEC61BF9'
[19:29:41.646] Melon Assembly loaded: '.\UserLibs\LibreHardwareMonitorLib.dll'
[19:29:41.646] SHA256 Hash: '99B39B0B0AC865C38A33DFF7DEE080FF17AAC3337B2332812CA2D7BB13C89460'
[19:29:41.647] Melon Assembly loaded: '.\UserLibs\Microsoft.Win32.Registry.dll'
[19:29:41.647] SHA256 Hash: 'D641EB0065BD5CDB541C5BF0D2FF976720D35D62416AB959727651ABF0ABA2CA'
[19:29:41.648] Melon Assembly loaded: '.\UserLibs\System.Buffers.dll'
[19:29:41.648] SHA256 Hash: 'C65FFF603B283DC966D1A8B730C11D5E5E750E8021BD24640612F6CC3F2C6FB7'
[19:29:41.650] Melon Assembly loaded: '.\UserLibs\System.CodeDom.dll'
[19:29:41.651] SHA256 Hash: 'CF18C822A341A3932FC8C08D7F21BF015F7E3C2696619560C94B63629341376A'
[19:29:41.652] Melon Assembly loaded: '.\UserLibs\System.IO.FileSystem.AccessControl.dll'
[19:29:41.652] SHA256 Hash: 'D2D6CD3FEF822959B68A68A6AF6096963BBE6493D90E16F0AF65FEDE25D85F32'
[19:29:41.653] Melon Assembly loaded: '.\UserLibs\System.IO.Ports.dll'
[19:29:41.653] SHA256 Hash: 'B1ECEF838C8B833BE76D1EF75AD8A0B1FAD805FC951136C9E5256FD3CF15FC1B'
[19:29:41.655] Melon Assembly loaded: '.\UserLibs\System.Management.dll'
[19:29:41.655] SHA256 Hash: '205BF789DD38D8ABC5FDC9CD8653469400ED9D6386B07384609848B9C95D7721'
[19:29:41.657] Melon Assembly loaded: '.\UserLibs\System.Memory.dll'
[19:29:41.657] SHA256 Hash: 'D2E3949FCF3A3B3A20BB9A568A4DA582D9A90D64F34C0BDC07C9029BFE8F1858'
[19:29:41.659] Melon Assembly loaded: '.\UserLibs\System.Numerics.Vectors.dll'
[19:29:41.660] SHA256 Hash: '2324EE5A35674269225E2AA20957CE8830DBCA0CFFB918BD593F7A3222DEE480'
[19:29:41.660] Melon Assembly loaded: '.\UserLibs\System.Runtime.CompilerServices.Unsafe.dll'
[19:29:41.661] SHA256 Hash: 'BFC8F02A96934786CA5A0514A3B657021C12542E215E94B78FDCC74BFEFFE3D3'
[19:29:41.662] Melon Assembly loaded: '.\UserLibs\System.Security.AccessControl.dll'
[19:29:41.662] SHA256 Hash: '93084849C17A21F641C13C9F17545CFE18C1EC097561F3F0EBBBE26F358BA120'
[19:29:41.663] Melon Assembly loaded: '.\UserLibs\System.Security.Principal.Windows.dll'
[19:29:41.663] SHA256 Hash: '7828DFD952A9FD49404477BAFF714849177D9F18C0654ADAFADBDCAFB4B21F47'
[19:29:41.686] Melon Assembly loaded: '.\UserLibs\UniverseLib.Mono.dll'
[19:29:41.686] SHA256 Hash: '3B10913FFEAC9A0744583F0BB18218A5CFAFCBA467A7F9F99FA731E801A5A880'
[19:29:41.686] ------------------------------
[19:29:41.686] 0 UserLibs loaded.

[19:29:41.686] Loading Plugins...
[19:29:41.688] 0 Plugins loaded.


[19:29:42.437] Loading Mods...
[19:29:42.463] ------------------------------
[19:29:42.464] Melon Assembly loaded: '.\Mods\FrameStats.dll'
[19:29:42.465] SHA256 Hash: '8C5AE4ABDB7976F17BC72F0CB2166316F593E170354968735006E8F159BE7641'
[19:29:42.481] Melon Assembly loaded: '.\Mods\UnityExplorer.ML.Mono.dll'
[19:29:42.481] SHA256 Hash: '7E6C95C5F0DB2D6B22F506AAD4D268A96250BD64D8E259B7E4073106250F36D2'

[19:29:42.508] ------------------------------
[19:29:42.509] FrameStats v1.0.0
[19:29:42.509] by oneshade
[19:29:42.509] Assembly: FrameStats.dll
[19:29:42.509] ------------------------------
[19:29:42.510] ------------------------------
[19:29:42.510] UnityExplorer v4.9.0
[19:29:42.510] by Sinai
[19:29:42.511] Assembly: UnityExplorer.ML.Mono.dll
[19:29:42.511] ------------------------------
[19:29:42.511] ------------------------------
[19:29:42.511] 2 Mods loaded.

[19:29:42.518] Support Module Loaded: C:\Users\Pytho\Projects\SDFrameStatsMod\StellarDrive_0.6.5\MelonLoader\Dependencies\SupportModules\Mono.dll
[19:29:42.530] [UnityExplorer] UnityExplorer 4.9.0 initializing...
[19:29:42.548] [UnityExplorer] [UniverseLib] UniverseLib 1.5.1 initializing...
[19:29:42.929] [UnityExplorer] [UniverseLib] Finished UniverseLib initial setup.
[19:29:42.934] [UnityExplorer] Initialized UnityCrashPrevention for: Canvas.get_renderingDisplaySize
[19:29:45.217] [FrameStats] scene MainMenu loaded, index 0
[19:29:45.752] [FrameStats] Loading asset bundle ui...
[19:29:45.755] [FrameStats]     Loaded asset FrameStatsPanel
[19:29:45.755] [FrameStats]     Loaded asset FrameStatsSettings
[19:29:48.044] [FrameStats] Hardware: Intel Core i9-14900HX
[19:29:48.047] [FrameStats] 	Sensor: CPU Core #1 Thread #1, value: 37.84763
[19:29:48.047] [FrameStats] 	Sensor: CPU Core #1 Thread #2, value: 0
[19:29:48.047] [FrameStats] 	Sensor: CPU Core #2 Thread #1, value: 0
[19:29:48.047] [FrameStats] 	Sensor: CPU Core #2 Thread #2, value: 0
[19:29:48.047] [FrameStats] 	Sensor: CPU Core #3 Thread #1, value: 0
[19:29:48.047] [FrameStats] 	Sensor: CPU Core #3 Thread #2, value: 0
[19:29:48.048] [FrameStats] 	Sensor: CPU Core #4 Thread #1, value: 29.62133
[19:29:48.048] [FrameStats] 	Sensor: CPU Core #4 Thread #2, value: 0
[19:29:48.048] [FrameStats] 	Sensor: CPU Core #5 Thread #1, value: 31.44192
[19:29:48.048] [FrameStats] 	Sensor: CPU Core #5 Thread #2, value: 0
[19:29:48.048] [FrameStats] 	Sensor: CPU Core #6 Thread #1, value: 42.4441
[19:29:48.048] [FrameStats] 	Sensor: CPU Core #6 Thread #2, value: 0
[19:29:48.048] [FrameStats] 	Sensor: CPU Core #7 Thread #1, value: 0
[19:29:48.048] [FrameStats] 	Sensor: CPU Core #7 Thread #2, value: 0
[19:29:48.048] [FrameStats] 	Sensor: CPU Core #8 Thread #1, value: 0
[19:29:48.048] [FrameStats] 	Sensor: CPU Core #8 Thread #2, value: 0
[19:29:48.048] [FrameStats] 	Sensor: CPU Core #9, value: 0
[19:29:48.049] [FrameStats] 	Sensor: CPU Core #10, value: 0
[19:29:48.049] [FrameStats] 	Sensor: CPU Core #11, value: 0
[19:29:48.049] [FrameStats] 	Sensor: CPU Core #12, value: 0
[19:29:48.049] [FrameStats] 	Sensor: CPU Core #13, value: 0
[19:29:48.049] [FrameStats] 	Sensor: CPU Core #14, value: 0
[19:29:48.049] [FrameStats] 	Sensor: CPU Core #15, value: 0
[19:29:48.049] [FrameStats] 	Sensor: CPU Core #16, value: 0
[19:29:48.049] [FrameStats] 	Sensor: CPU Core #17, value: 0
[19:29:48.049] [FrameStats] 	Sensor: CPU Core #18, value: 0
[19:29:48.049] [FrameStats] 	Sensor: CPU Core #19, value: 19.70519
[19:29:48.049] [FrameStats] 	Sensor: CPU Core #20, value: 0
[19:29:48.049] [FrameStats] 	Sensor: CPU Core #21, value: 0
[19:29:48.049] [FrameStats] 	Sensor: CPU Core #22, value: 0
[19:29:48.049] [FrameStats] 	Sensor: CPU Core #23, value: 0
[19:29:48.049] [FrameStats] 	Sensor: CPU Core #24, value: 0
[19:29:48.049] [FrameStats] 	Sensor: CPU Total, value: 0
[19:29:48.049] [FrameStats] 	Sensor: CPU Core Max, value: 42.4441
[19:29:48.049] [FrameStats] 	Sensor: Core Max, value: 
[19:29:48.049] [FrameStats] 	Sensor: Core Average, value: 
[19:29:48.050] [FrameStats] 	Sensor: CPU Core #1, value: 
[19:29:48.050] [FrameStats] 	Sensor: CPU Core #2, value: 
[19:29:48.050] [FrameStats] 	Sensor: CPU Core #3, value: 
[19:29:48.050] [FrameStats] 	Sensor: CPU Core #4, value: 
[19:29:48.050] [FrameStats] 	Sensor: CPU Core #5, value: 
[19:29:48.050] [FrameStats] 	Sensor: CPU Core #6, value: 
[19:29:48.050] [FrameStats] 	Sensor: CPU Core #7, value: 
[19:29:48.050] [FrameStats] 	Sensor: CPU Core #8, value: 
[19:29:48.050] [FrameStats] 	Sensor: CPU Core #9, value: 
[19:29:48.050] [FrameStats] 	Sensor: CPU Core #10, value: 
[19:29:48.050] [FrameStats] 	Sensor: CPU Core #11, value: 
[19:29:48.050] [FrameStats] 	Sensor: CPU Core #12, value: 
[19:29:48.050] [FrameStats] 	Sensor: CPU Core #13, value: 
[19:29:48.050] [FrameStats] 	Sensor: CPU Core #14, value: 
[19:29:48.050] [FrameStats] 	Sensor: CPU Core #15, value: 
[19:29:48.050] [FrameStats] 	Sensor: CPU Core #16, value: 
[19:29:48.050] [FrameStats] 	Sensor: CPU Core #17, value: 
[19:29:48.050] [FrameStats] 	Sensor: CPU Core #18, value: 
[19:29:48.050] [FrameStats] 	Sensor: CPU Core #19, value: 
[19:29:48.050] [FrameStats] 	Sensor: CPU Core #20, value: 
[19:29:48.050] [FrameStats] 	Sensor: CPU Core #21, value: 
[19:29:48.050] [FrameStats] 	Sensor: CPU Core #22, value: 
[19:29:48.050] [FrameStats] 	Sensor: CPU Core #23, value: 
[19:29:48.050] [FrameStats] 	Sensor: CPU Core #24, value: 
[19:29:48.050] [FrameStats] 	Sensor: CPU Package, value: 
[19:29:48.050] [FrameStats] 	Sensor: CPU Core #1 Distance to TjMax, value: 
[19:29:48.050] [FrameStats] 	Sensor: CPU Core #2 Distance to TjMax, value: 
[19:29:48.050] [FrameStats] 	Sensor: CPU Core #3 Distance to TjMax, value: 
[19:29:48.051] [FrameStats] 	Sensor: CPU Core #4 Distance to TjMax, value: 
[19:29:48.051] [FrameStats] 	Sensor: CPU Core #5 Distance to TjMax, value: 
[19:29:48.051] [FrameStats] 	Sensor: CPU Core #6 Distance to TjMax, value: 
[19:29:48.051] [FrameStats] 	Sensor: CPU Core #7 Distance to TjMax, value: 
[19:29:48.051] [FrameStats] 	Sensor: CPU Core #8 Distance to TjMax, value: 
[19:29:48.051] [FrameStats] 	Sensor: CPU Core #9 Distance to TjMax, value: 
[19:29:48.051] [FrameStats] 	Sensor: CPU Core #10 Distance to TjMax, value: 
[19:29:48.051] [FrameStats] 	Sensor: CPU Core #11 Distance to TjMax, value: 
[19:29:48.051] [FrameStats] 	Sensor: CPU Core #12 Distance to TjMax, value: 
[19:29:48.051] [FrameStats] 	Sensor: CPU Core #13 Distance to TjMax, value: 
[19:29:48.051] [FrameStats] 	Sensor: CPU Core #14 Distance to TjMax, value: 
[19:29:48.051] [FrameStats] 	Sensor: CPU Core #15 Distance to TjMax, value: 
[19:29:48.051] [FrameStats] 	Sensor: CPU Core #16 Distance to TjMax, value: 
[19:29:48.051] [FrameStats] 	Sensor: CPU Core #17 Distance to TjMax, value: 
[19:29:48.051] [FrameStats] 	Sensor: CPU Core #18 Distance to TjMax, value: 
[19:29:48.051] [FrameStats] 	Sensor: CPU Core #19 Distance to TjMax, value: 
[19:29:48.051] [FrameStats] 	Sensor: CPU Core #20 Distance to TjMax, value: 
[19:29:48.051] [FrameStats] 	Sensor: CPU Core #21 Distance to TjMax, value: 
[19:29:48.051] [FrameStats] 	Sensor: CPU Core #22 Distance to TjMax, value: 
[19:29:48.051] [FrameStats] 	Sensor: CPU Core #23 Distance to TjMax, value: 
[19:29:48.051] [FrameStats] 	Sensor: CPU Core #24 Distance to TjMax, value: 
[19:29:48.051] [FrameStats] 	Sensor: CPU Core #1, value: 
[19:29:48.051] [FrameStats] 	Sensor: CPU Core #2, value: 
[19:29:48.051] [FrameStats] 	Sensor: CPU Core #3, value: 
[19:29:48.051] [FrameStats] 	Sensor: CPU Core #4, value: 
[19:29:48.051] [FrameStats] 	Sensor: CPU Core #5, value: 
[19:29:48.051] [FrameStats] 	Sensor: CPU Core #6, value: 
[19:29:48.051] [FrameStats] 	Sensor: CPU Core #7, value: 
[19:29:48.051] [FrameStats] 	Sensor: CPU Core #8, value: 
[19:29:48.051] [FrameStats] 	Sensor: CPU Core #9, value: 
[19:29:48.051] [FrameStats] 	Sensor: CPU Core #10, value: 
[19:29:48.051] [FrameStats] 	Sensor: CPU Core #11, value: 
[19:29:48.051] [FrameStats] 	Sensor: CPU Core #12, value: 
[19:29:48.051] [FrameStats] 	Sensor: CPU Core #13, value: 
[19:29:48.051] [FrameStats] 	Sensor: CPU Core #14, value: 
[19:29:48.051] [FrameStats] 	Sensor: CPU Core #15, value: 
[19:29:48.051] [FrameStats] 	Sensor: CPU Core #16, value: 
[19:29:48.052] [FrameStats] 	Sensor: CPU Core #17, value: 
[19:29:48.052] [FrameStats] 	Sensor: CPU Core #18, value: 
[19:29:48.052] [FrameStats] 	Sensor: CPU Core #19, value: 
[19:29:48.052] [FrameStats] 	Sensor: CPU Core #20, value: 
[19:29:48.052] [FrameStats] 	Sensor: CPU Core #21, value: 
[19:29:48.052] [FrameStats] 	Sensor: CPU Core #22, value: 
[19:29:48.052] [FrameStats] 	Sensor: CPU Core #23, value: 
[19:29:48.052] [FrameStats] 	Sensor: CPU Core #24, value: 
[19:29:48.052] [FrameStats] Hardware: Generic Memory
[19:29:48.052] [FrameStats] 	Sensor: Memory Used, value: 20.23179
[19:29:48.052] [FrameStats] 	Sensor: Memory Available, value: 11.48292
[19:29:48.052] [FrameStats] 	Sensor: Memory, value: 63.79308
[19:29:48.052] [FrameStats] 	Sensor: Virtual Memory Used, value: 39.08702
[19:29:48.052] [FrameStats] 	Sensor: Virtual Memory Available, value: 7.091389
[19:29:48.052] [FrameStats] 	Sensor: Virtual Memory, value: 84.64349
[19:29:48.052] [FrameStats] Hardware: NVIDIA GeForce RTX 4070 Laptop GPU
[19:29:48.052] [FrameStats] 	Sensor: GPU Core, value: 53
[19:29:48.052] [FrameStats] 	Sensor: GPU Core, value: 435
[19:29:48.052] [FrameStats] 	Sensor: GPU Memory, value: 810
[19:29:48.052] [FrameStats] 	Sensor: GPU Core, value: 0
[19:29:48.052] [FrameStats] 	Sensor: GPU Memory Controller, value: 0
[19:29:48.053] [FrameStats] 	Sensor: GPU Video Engine, value: 0
[19:29:48.053] [FrameStats] 	Sensor: GPU Bus, value: 0
[19:29:48.053] [FrameStats] 	Sensor: D3D Dedicated Memory Used, value: 606.4219
[19:29:48.053] [FrameStats] 	Sensor: D3D Shared Memory Used, value: 185.6055
[19:29:48.053] [FrameStats] 	Sensor: D3D 3D, value: 0
[19:29:48.053] [FrameStats] 	Sensor: D3D Overlay, value: 0
[19:29:48.053] [FrameStats] 	Sensor: D3D Video Decode, value: 0
[19:29:48.053] [FrameStats] 	Sensor: D3D Copy, value: 0
[19:29:48.053] [FrameStats] 	Sensor: D3D Copy, value: 0
[19:29:48.053] [FrameStats] 	Sensor: D3D Security, value: 0
[19:29:48.053] [FrameStats] 	Sensor: D3D Video Encode, value: 0
[19:29:48.053] [FrameStats] 	Sensor: D3D Video Processing, value: 0
[19:29:48.053] [FrameStats] 	Sensor: D3D VR, value: 0
[19:29:48.053] [FrameStats] 	Sensor: GPU Hot Spot, value: 60.40625
[19:29:48.053] [FrameStats] 	Sensor: GPU Memory Total, value: 8188
[19:29:48.053] [FrameStats] 	Sensor: GPU Memory Free, value: 7347
[19:29:48.053] [FrameStats] 	Sensor: GPU Memory Used, value: 840
[19:29:48.053] [FrameStats] 	Sensor: GPU Memory, value: 10.26703
[19:29:48.053] [FrameStats] 	Sensor: GPU Package, value: 16.287
[19:29:48.053] [FrameStats] 	Sensor: GPU PCIe Rx, value: 4096
[19:29:48.053] [FrameStats] 	Sensor: GPU PCIe Tx, value: 0
[19:29:48.053] [FrameStats] Hardware: Intel(R) UHD Graphics
[19:29:48.053] [FrameStats] 	Sensor: D3D Shared Memory Total, value: 16237.93
[19:29:48.053] [FrameStats] 	Sensor: D3D Shared Memory Free, value: 
[19:29:48.053] [FrameStats] 	Sensor: D3D Shared Memory Used, value: 1642.293
[19:29:48.053] [FrameStats] 	Sensor: D3D 3D, value: 5.659526
[19:29:48.053] [FrameStats] 	Sensor: D3D Video Decode, value: 0
[19:29:48.053] [FrameStats] 	Sensor: D3D Copy, value: 0
[19:29:48.053] [FrameStats] 	Sensor: D3D Video Processing, value: 0
[19:29:48.053] [FrameStats] 	Sensor: D3D Video Decode, value: 0
[19:29:48.053] [FrameStats] 	Sensor: D3D Other, value: 0
[19:29:48.054] [FrameStats] 	Sensor: D3D Other, value: 0
[19:29:48.054] [FrameStats] 	Sensor: D3D Other, value: 0
[19:29:48.054] [FrameStats] 	Sensor: D3D Other, value: 0
[19:29:48.054] [FrameStats] 	Sensor: D3D Other, value: 0
[19:29:48.054] [FrameStats] 	Sensor: D3D GDI Render, value: 0
[19:29:48.054] [FrameStats] 	Sensor: D3D Other, value: 0
[19:29:48.054] [FrameStats] 	Sensor: D3D Other, value: 0
[19:29:48.054] [FrameStats] Hardware: L23M4PC3 
[19:29:48.054] [FrameStats] 	Sensor: Designed Capacity, value: 99900
[19:29:48.054] [FrameStats] 	Sensor: Fully-Charged Capacity, value: 94430
[19:29:48.054] [FrameStats] 	Sensor: Degradation Level, value: 5.475475
[19:29:48.054] [FrameStats] 	Sensor: Remaining Capacity, value: 94090
[19:29:48.054] [FrameStats] 	Sensor: Charge Level, value: 99.63995
[19:29:48.056] [FrameStats] 	Sensor: Voltage, value: 17.454
[19:29:48.056] [FrameStats] 	Sensor: Charge/Discharge Current, value: 0
[19:29:48.056] [FrameStats] 	Sensor: Charge/Discharge Rate, value: 0
