
[19:28:58.596] ------------------------------
[19:28:58.618] MelonLoader v0.7.0 Open-Beta
[19:28:58.620] OS: Windows 11
[19:28:58.620] Hash Code: F2DCA88FB1569FD6750096CED35BBB808C50BA273E0D295347A24385B0B764CA
[19:28:58.620] ------------------------------
[19:28:58.621] Game Type: MonoBleedingEdge
[19:28:58.621] Game Arch: x64
[19:28:58.621] ------------------------------
[19:28:58.621] Command-Line: 
[19:28:58.622] ------------------------------
[19:28:58.622] Core::BasePath = C:\Users\Pytho\Projects\SDFrameStatsMod\StellarDrive_0.6.5
[19:28:58.622] Game::BasePath = C:\Users\Pytho\Projects\SDFrameStatsMod\StellarDrive_0.6.5
[19:28:58.623] Game::DataPath = C:\Users\Pytho\Projects\SDFrameStatsMod\StellarDrive_0.6.5\StellarDrive_Data
[19:28:58.623] Game::ApplicationPath = C:\Users\Pytho\Projects\SDFrameStatsMod\StellarDrive_0.6.5\StellarDrive.exe
[19:28:58.623] Runtime Type: net35
[19:28:58.692] ------------------------------
[19:28:58.693] Game Name: StellarDrive
[19:28:58.693] Game Developer: CuriousOwlGames
[19:28:58.695] Unity Version: 2022.3.11f1
[19:28:58.695] Game Version: UNKNOWN
[19:28:58.695] ------------------------------

[19:28:58.941] Preferences Loaded!

[19:28:58.960] Loading UserLibs...
[19:28:59.070] ------------------------------
[19:28:59.074] Melon Assembly loaded: '.\UserLibs\HidSharp.dll'
[19:28:59.074] SHA256 Hash: '61EB2E22A5620D789A23D389F1AF9D38FAFF4D85F46ADEDBC28FB22CFEC61BF9'
[19:28:59.080] Melon Assembly loaded: '.\UserLibs\LibreHardwareMonitorLib.dll'
[19:28:59.080] SHA256 Hash: '99B39B0B0AC865C38A33DFF7DEE080FF17AAC3337B2332812CA2D7BB13C89460'
[19:28:59.081] Melon Assembly loaded: '.\UserLibs\Microsoft.Win32.Registry.dll'
[19:28:59.081] SHA256 Hash: 'D641EB0065BD5CDB541C5BF0D2FF976720D35D62416AB959727651ABF0ABA2CA'
[19:28:59.082] Melon Assembly loaded: '.\UserLibs\System.Buffers.dll'
[19:28:59.083] SHA256 Hash: 'C65FFF603B283DC966D1A8B730C11D5E5E750E8021BD24640612F6CC3F2C6FB7'
[19:28:59.085] Melon Assembly loaded: '.\UserLibs\System.CodeDom.dll'
[19:28:59.085] SHA256 Hash: 'CF18C822A341A3932FC8C08D7F21BF015F7E3C2696619560C94B63629341376A'
[19:28:59.086] Melon Assembly loaded: '.\UserLibs\System.IO.FileSystem.AccessControl.dll'
[19:28:59.087] SHA256 Hash: 'D2D6CD3FEF822959B68A68A6AF6096963BBE6493D90E16F0AF65FEDE25D85F32'
[19:28:59.088] Melon Assembly loaded: '.\UserLibs\System.IO.Ports.dll'
[19:28:59.088] SHA256 Hash: 'B1ECEF838C8B833BE76D1EF75AD8A0B1FAD805FC951136C9E5256FD3CF15FC1B'
[19:28:59.090] Melon Assembly loaded: '.\UserLibs\System.Management.dll'
[19:28:59.090] SHA256 Hash: '205BF789DD38D8ABC5FDC9CD8653469400ED9D6386B07384609848B9C95D7721'
[19:28:59.092] Melon Assembly loaded: '.\UserLibs\System.Memory.dll'
[19:28:59.092] SHA256 Hash: 'D2E3949FCF3A3B3A20BB9A568A4DA582D9A90D64F34C0BDC07C9029BFE8F1858'
[19:28:59.094] Melon Assembly loaded: '.\UserLibs\System.Numerics.Vectors.dll'
[19:28:59.095] SHA256 Hash: '2324EE5A35674269225E2AA20957CE8830DBCA0CFFB918BD593F7A3222DEE480'
[19:28:59.096] Melon Assembly loaded: '.\UserLibs\System.Runtime.CompilerServices.Unsafe.dll'
[19:28:59.096] SHA256 Hash: 'BFC8F02A96934786CA5A0514A3B657021C12542E215E94B78FDCC74BFEFFE3D3'
[19:28:59.097] Melon Assembly loaded: '.\UserLibs\System.Security.AccessControl.dll'
[19:28:59.097] SHA256 Hash: '93084849C17A21F641C13C9F17545CFE18C1EC097561F3F0EBBBE26F358BA120'
[19:28:59.098] Melon Assembly loaded: '.\UserLibs\System.Security.Principal.Windows.dll'
[19:28:59.100] SHA256 Hash: '7828DFD952A9FD49404477BAFF714849177D9F18C0654ADAFADBDCAFB4B21F47'
[19:28:59.121] Melon Assembly loaded: '.\UserLibs\UniverseLib.Mono.dll'
[19:28:59.122] SHA256 Hash: '3B10913FFEAC9A0744583F0BB18218A5CFAFCBA467A7F9F99FA731E801A5A880'
[19:28:59.122] ------------------------------
[19:28:59.122] 0 UserLibs loaded.

[19:28:59.122] Loading Plugins...
[19:28:59.124] 0 Plugins loaded.


[19:28:59.879] Loading Mods...
[19:28:59.907] ------------------------------
[19:28:59.908] Melon Assembly loaded: '.\Mods\FrameStats.dll'
[19:28:59.908] SHA256 Hash: '9E2D129136E11D21ED6CE9BD3737648B502378350024EFF2E3ACA7E11D9ECC10'
[19:28:59.923] Melon Assembly loaded: '.\Mods\UnityExplorer.ML.Mono.dll'
[19:28:59.924] SHA256 Hash: '7E6C95C5F0DB2D6B22F506AAD4D268A96250BD64D8E259B7E4073106250F36D2'

[19:28:59.950] ------------------------------
[19:28:59.951] FrameStats v1.0.0
[19:28:59.951] by oneshade
[19:28:59.951] Assembly: FrameStats.dll
[19:28:59.951] ------------------------------
[19:28:59.953] ------------------------------
[19:28:59.953] UnityExplorer v4.9.0
[19:28:59.953] by Sinai
[19:28:59.954] Assembly: UnityExplorer.ML.Mono.dll
[19:28:59.955] ------------------------------
[19:28:59.955] ------------------------------
[19:28:59.955] 2 Mods loaded.

[19:28:59.960] Support Module Loaded: C:\Users\Pytho\Projects\SDFrameStatsMod\StellarDrive_0.6.5\MelonLoader\Dependencies\SupportModules\Mono.dll
[19:28:59.971] [UnityExplorer] UnityExplorer 4.9.0 initializing...
[19:28:59.989] [UnityExplorer] [UniverseLib] UniverseLib 1.5.1 initializing...
[19:29:00.363] [UnityExplorer] [UniverseLib] Finished UniverseLib initial setup.
[19:29:00.368] [UnityExplorer] Initialized UnityCrashPrevention for: Canvas.get_renderingDisplaySize
[19:29:02.642] [FrameStats] scene MainMenu loaded, index 0
[19:29:03.177] [FrameStats] Loading asset bundle ui...
[19:29:05.546] [FrameStats] Hardware: Intel Core i9-14900HX
[19:29:05.548] [FrameStats] 	Sensor: CPU Core #1 Thread #1, value: 22.45696
[19:29:05.548] [FrameStats] 	Sensor: CPU Core #1 Thread #2, value: 0
[19:29:05.548] [FrameStats] 	Sensor: CPU Core #2 Thread #1, value: 0
[19:29:05.548] [FrameStats] 	Sensor: CPU Core #2 Thread #2, value: 3.759468
[19:29:05.548] [FrameStats] 	Sensor: CPU Core #3 Thread #1, value: 0
[19:29:05.548] [FrameStats] 	Sensor: CPU Core #3 Thread #2, value: 28.54352
[19:29:05.549] [FrameStats] 	Sensor: CPU Core #4 Thread #1, value: 30.88176
[19:29:05.549] [FrameStats] 	Sensor: CPU Core #4 Thread #2, value: 0
[19:29:05.549] [FrameStats] 	Sensor: CPU Core #5 Thread #1, value: 0
[19:29:05.549] [FrameStats] 	Sensor: CPU Core #5 Thread #2, value: 30.29328
[19:29:05.549] [FrameStats] 	Sensor: CPU Core #6 Thread #1, value: 42.09333
[19:29:05.549] [FrameStats] 	Sensor: CPU Core #6 Thread #2, value: 11.18577
[19:29:05.549] [FrameStats] 	Sensor: CPU Core #7 Thread #1, value: 0
[19:29:05.549] [FrameStats] 	Sensor: CPU Core #7 Thread #2, value: 3.783256
[19:29:05.549] [FrameStats] 	Sensor: CPU Core #8 Thread #1, value: 0
[19:29:05.549] [FrameStats] 	Sensor: CPU Core #8 Thread #2, value: 3.782719
[19:29:05.549] [FrameStats] 	Sensor: CPU Core #9, value: 0
[19:29:05.549] [FrameStats] 	Sensor: CPU Core #10, value: 0
[19:29:05.550] [FrameStats] 	Sensor: CPU Core #11, value: 0
[19:29:05.550] [FrameStats] 	Sensor: CPU Core #12, value: 0
[19:29:05.550] [FrameStats] 	Sensor: CPU Core #13, value: 0
[19:29:05.550] [FrameStats] 	Sensor: CPU Core #14, value: 0
[19:29:05.550] [FrameStats] 	Sensor: CPU Core #15, value: 0
[19:29:05.550] [FrameStats] 	Sensor: CPU Core #16, value: 0
[19:29:05.550] [FrameStats] 	Sensor: CPU Core #17, value: 0
[19:29:05.550] [FrameStats] 	Sensor: CPU Core #18, value: 0
[19:29:05.550] [FrameStats] 	Sensor: CPU Core #19, value: 0
[19:29:05.550] [FrameStats] 	Sensor: CPU Core #20, value: 0
[19:29:05.550] [FrameStats] 	Sensor: CPU Core #21, value: 0
[19:29:05.550] [FrameStats] 	Sensor: CPU Core #22, value: 0
[19:29:05.550] [FrameStats] 	Sensor: CPU Core #23, value: 0
[19:29:05.550] [FrameStats] 	Sensor: CPU Core #24, value: 0
[19:29:05.550] [FrameStats] 	Sensor: CPU Total, value: 0.9595871
[19:29:05.550] [FrameStats] 	Sensor: CPU Core Max, value: 42.09333
[19:29:05.551] [FrameStats] 	Sensor: Core Max, value: 
[19:29:05.551] [FrameStats] 	Sensor: Core Average, value: 
[19:29:05.551] [FrameStats] 	Sensor: CPU Core #1, value: 
[19:29:05.551] [FrameStats] 	Sensor: CPU Core #2, value: 
[19:29:05.551] [FrameStats] 	Sensor: CPU Core #3, value: 
[19:29:05.551] [FrameStats] 	Sensor: CPU Core #4, value: 
[19:29:05.551] [FrameStats] 	Sensor: CPU Core #5, value: 
[19:29:05.551] [FrameStats] 	Sensor: CPU Core #6, value: 
[19:29:05.551] [FrameStats] 	Sensor: CPU Core #7, value: 
[19:29:05.551] [FrameStats] 	Sensor: CPU Core #8, value: 
[19:29:05.551] [FrameStats] 	Sensor: CPU Core #9, value: 
[19:29:05.551] [FrameStats] 	Sensor: CPU Core #10, value: 
[19:29:05.551] [FrameStats] 	Sensor: CPU Core #11, value: 
[19:29:05.551] [FrameStats] 	Sensor: CPU Core #12, value: 
[19:29:05.551] [FrameStats] 	Sensor: CPU Core #13, value: 
[19:29:05.551] [FrameStats] 	Sensor: CPU Core #14, value: 
[19:29:05.551] [FrameStats] 	Sensor: CPU Core #15, value: 
[19:29:05.551] [FrameStats] 	Sensor: CPU Core #16, value: 
[19:29:05.551] [FrameStats] 	Sensor: CPU Core #17, value: 
[19:29:05.551] [FrameStats] 	Sensor: CPU Core #18, value: 
[19:29:05.551] [FrameStats] 	Sensor: CPU Core #19, value: 
[19:29:05.551] [FrameStats] 	Sensor: CPU Core #20, value: 
[19:29:05.551] [FrameStats] 	Sensor: CPU Core #21, value: 
[19:29:05.551] [FrameStats] 	Sensor: CPU Core #22, value: 
[19:29:05.551] [FrameStats] 	Sensor: CPU Core #23, value: 
[19:29:05.551] [FrameStats] 	Sensor: CPU Core #24, value: 
[19:29:05.551] [FrameStats] 	Sensor: CPU Package, value: 
[19:29:05.552] [FrameStats] 	Sensor: CPU Core #1 Distance to TjMax, value: 
[19:29:05.552] [FrameStats] 	Sensor: CPU Core #2 Distance to TjMax, value: 
[19:29:05.552] [FrameStats] 	Sensor: CPU Core #3 Distance to TjMax, value: 
[19:29:05.552] [FrameStats] 	Sensor: CPU Core #4 Distance to TjMax, value: 
[19:29:05.552] [FrameStats] 	Sensor: CPU Core #5 Distance to TjMax, value: 
[19:29:05.552] [FrameStats] 	Sensor: CPU Core #6 Distance to TjMax, value: 
[19:29:05.552] [FrameStats] 	Sensor: CPU Core #7 Distance to TjMax, value: 
[19:29:05.552] [FrameStats] 	Sensor: CPU Core #8 Distance to TjMax, value: 
[19:29:05.552] [FrameStats] 	Sensor: CPU Core #9 Distance to TjMax, value: 
[19:29:05.552] [FrameStats] 	Sensor: CPU Core #10 Distance to TjMax, value: 
[19:29:05.552] [FrameStats] 	Sensor: CPU Core #11 Distance to TjMax, value: 
[19:29:05.552] [FrameStats] 	Sensor: CPU Core #12 Distance to TjMax, value: 
[19:29:05.552] [FrameStats] 	Sensor: CPU Core #13 Distance to TjMax, value: 
[19:29:05.552] [FrameStats] 	Sensor: CPU Core #14 Distance to TjMax, value: 
[19:29:05.552] [FrameStats] 	Sensor: CPU Core #15 Distance to TjMax, value: 
[19:29:05.552] [FrameStats] 	Sensor: CPU Core #16 Distance to TjMax, value: 
[19:29:05.552] [FrameStats] 	Sensor: CPU Core #17 Distance to TjMax, value: 
[19:29:05.552] [FrameStats] 	Sensor: CPU Core #18 Distance to TjMax, value: 
[19:29:05.552] [FrameStats] 	Sensor: CPU Core #19 Distance to TjMax, value: 
[19:29:05.552] [FrameStats] 	Sensor: CPU Core #20 Distance to TjMax, value: 
[19:29:05.552] [FrameStats] 	Sensor: CPU Core #21 Distance to TjMax, value: 
[19:29:05.552] [FrameStats] 	Sensor: CPU Core #22 Distance to TjMax, value: 
[19:29:05.552] [FrameStats] 	Sensor: CPU Core #23 Distance to TjMax, value: 
[19:29:05.552] [FrameStats] 	Sensor: CPU Core #24 Distance to TjMax, value: 
[19:29:05.552] [FrameStats] 	Sensor: CPU Core #1, value: 
[19:29:05.552] [FrameStats] 	Sensor: CPU Core #2, value: 
[19:29:05.552] [FrameStats] 	Sensor: CPU Core #3, value: 
[19:29:05.552] [FrameStats] 	Sensor: CPU Core #4, value: 
[19:29:05.552] [FrameStats] 	Sensor: CPU Core #5, value: 
[19:29:05.552] [FrameStats] 	Sensor: CPU Core #6, value: 
[19:29:05.552] [FrameStats] 	Sensor: CPU Core #7, value: 
[19:29:05.552] [FrameStats] 	Sensor: CPU Core #8, value: 
[19:29:05.552] [FrameStats] 	Sensor: CPU Core #9, value: 
[19:29:05.552] [FrameStats] 	Sensor: CPU Core #10, value: 
[19:29:05.552] [FrameStats] 	Sensor: CPU Core #11, value: 
[19:29:05.552] [FrameStats] 	Sensor: CPU Core #12, value: 
[19:29:05.553] [FrameStats] 	Sensor: CPU Core #13, value: 
[19:29:05.553] [FrameStats] 	Sensor: CPU Core #14, value: 
[19:29:05.553] [FrameStats] 	Sensor: CPU Core #15, value: 
[19:29:05.553] [FrameStats] 	Sensor: CPU Core #16, value: 
[19:29:05.553] [FrameStats] 	Sensor: CPU Core #17, value: 
[19:29:05.553] [FrameStats] 	Sensor: CPU Core #18, value: 
[19:29:05.553] [FrameStats] 	Sensor: CPU Core #19, value: 
[19:29:05.553] [FrameStats] 	Sensor: CPU Core #20, value: 
[19:29:05.553] [FrameStats] 	Sensor: CPU Core #21, value: 
[19:29:05.553] [FrameStats] 	Sensor: CPU Core #22, value: 
[19:29:05.553] [FrameStats] 	Sensor: CPU Core #23, value: 
[19:29:05.553] [FrameStats] 	Sensor: CPU Core #24, value: 
[19:29:05.553] [FrameStats] Hardware: Generic Memory
[19:29:05.553] [FrameStats] 	Sensor: Memory Used, value: 20.26992
[19:29:05.553] [FrameStats] 	Sensor: Memory Available, value: 11.4448
[19:29:05.553] [FrameStats] 	Sensor: Memory, value: 63.91329
[19:29:05.553] [FrameStats] 	Sensor: Virtual Memory Used, value: 39.16801
[19:29:05.553] [FrameStats] 	Sensor: Virtual Memory Available, value: 7.010395
[19:29:05.553] [FrameStats] 	Sensor: Virtual Memory, value: 84.81889
[19:29:05.553] [FrameStats] Hardware: NVIDIA GeForce RTX 4070 Laptop GPU
[19:29:05.553] [FrameStats] 	Sensor: GPU Core, value: 60
[19:29:05.553] [FrameStats] 	Sensor: GPU Core, value: 480
[19:29:05.553] [FrameStats] 	Sensor: GPU Memory, value: 810
[19:29:05.553] [FrameStats] 	Sensor: GPU Core, value: 0
[19:29:05.553] [FrameStats] 	Sensor: GPU Memory Controller, value: 1
[19:29:05.553] [FrameStats] 	Sensor: GPU Video Engine, value: 11
[19:29:05.553] [FrameStats] 	Sensor: GPU Bus, value: 0
[19:29:05.553] [FrameStats] 	Sensor: D3D Dedicated Memory Used, value: 606.4219
[19:29:05.553] [FrameStats] 	Sensor: D3D Shared Memory Used, value: 185.5898
[19:29:05.553] [FrameStats] 	Sensor: D3D 3D, value: 0
[19:29:05.553] [FrameStats] 	Sensor: D3D Overlay, value: 0
[19:29:05.554] [FrameStats] 	Sensor: D3D Video Decode, value: 0
[19:29:05.554] [FrameStats] 	Sensor: D3D Copy, value: 0
[19:29:05.554] [FrameStats] 	Sensor: D3D Copy, value: 0
[19:29:05.554] [FrameStats] 	Sensor: D3D Security, value: 0
[19:29:05.554] [FrameStats] 	Sensor: D3D Video Encode, value: 0
[19:29:05.554] [FrameStats] 	Sensor: D3D Video Processing, value: 0
[19:29:05.554] [FrameStats] 	Sensor: D3D VR, value: 0
[19:29:05.554] [FrameStats] 	Sensor: GPU Hot Spot, value: 68.34375
[19:29:05.554] [FrameStats] 	Sensor: GPU Memory Total, value: 8188
[19:29:05.554] [FrameStats] 	Sensor: GPU Memory Free, value: 7347
[19:29:05.554] [FrameStats] 	Sensor: GPU Memory Used, value: 840
[19:29:05.554] [FrameStats] 	Sensor: GPU Memory, value: 10.26703
[19:29:05.554] [FrameStats] 	Sensor: GPU Package, value: 5.632
[19:29:05.554] [FrameStats] 	Sensor: GPU PCIe Rx, value: 1024
[19:29:05.554] [FrameStats] 	Sensor: GPU PCIe Tx, value: 0
[19:29:05.554] [FrameStats] Hardware: Intel(R) UHD Graphics
[19:29:05.554] [FrameStats] 	Sensor: D3D Shared Memory Total, value: 16237.93
[19:29:05.554] [FrameStats] 	Sensor: D3D Shared Memory Free, value: 
[19:29:05.554] [FrameStats] 	Sensor: D3D Shared Memory Used, value: 1686.727
[19:29:05.554] [FrameStats] 	Sensor: D3D 3D, value: 2.949995
[19:29:05.554] [FrameStats] 	Sensor: D3D Video Decode, value: 0
[19:29:05.554] [FrameStats] 	Sensor: D3D Copy, value: 0
[19:29:05.554] [FrameStats] 	Sensor: D3D Video Processing, value: 0
[19:29:05.555] [FrameStats] 	Sensor: D3D Video Decode, value: 0
[19:29:05.555] [FrameStats] 	Sensor: D3D Other, value: 0
[19:29:05.555] [FrameStats] 	Sensor: D3D Other, value: 0
[19:29:05.555] [FrameStats] 	Sensor: D3D Other, value: 0
[19:29:05.555] [FrameStats] 	Sensor: D3D Other, value: 0
[19:29:05.555] [FrameStats] 	Sensor: D3D Other, value: 0
[19:29:05.555] [FrameStats] 	Sensor: D3D GDI Render, value: 0
[19:29:05.555] [FrameStats] 	Sensor: D3D Other, value: 0
[19:29:05.555] [FrameStats] 	Sensor: D3D Other, value: 0
[19:29:05.555] [FrameStats] Hardware: L23M4PC3 
[19:29:05.555] [FrameStats] 	Sensor: Designed Capacity, value: 99900
[19:29:05.555] [FrameStats] 	Sensor: Fully-Charged Capacity, value: 94430
[19:29:05.555] [FrameStats] 	Sensor: Degradation Level, value: 5.475475
[19:29:05.555] [FrameStats] 	Sensor: Remaining Capacity, value: 94090
[19:29:05.555] [FrameStats] 	Sensor: Charge Level, value: 99.63995
[19:29:05.555] [FrameStats] 	Sensor: Voltage, value: 17.455
[19:29:05.555] [FrameStats] 	Sensor: Charge/Discharge Current, value: 0
[19:29:05.555] [FrameStats] 	Sensor: Charge/Discharge Rate, value: 0
