
[23:10:35.891] ------------------------------
[23:10:35.915] MelonLoader v0.7.0 Open-Beta
[23:10:35.916] OS: Windows 11
[23:10:35.916] Hash Code: F2DCA88FB1569FD6750096CED35BBB808C50BA273E0D295347A24385B0B764CA
[23:10:35.916] ------------------------------
[23:10:35.917] Game Type: MonoBleedingEdge
[23:10:35.917] Game Arch: x64
[23:10:35.917] ------------------------------
[23:10:35.917] Command-Line: 
[23:10:35.917] ------------------------------
[23:10:35.918] Core::BasePath = C:\Users\Pytho\Projects\SDFrameStatsMod\StellarDrive_0.6.5
[23:10:35.918] Game::BasePath = C:\Users\Pytho\Projects\SDFrameStatsMod\StellarDrive_0.6.5
[23:10:35.926] Game::DataPath = C:\Users\Pytho\Projects\SDFrameStatsMod\StellarDrive_0.6.5\StellarDrive_Data
[23:10:35.927] Game::ApplicationPath = C:\Users\Pytho\Projects\SDFrameStatsMod\StellarDrive_0.6.5\StellarDrive.exe
[23:10:35.927] Runtime Type: net35
[23:10:35.996] ------------------------------
[23:10:35.997] Game Name: StellarDrive
[23:10:35.997] Game Developer: CuriousOwlGames
[23:10:35.999] Unity Version: 2022.3.11f1
[23:10:35.999] Game Version: UNKNOWN
[23:10:35.999] ------------------------------

[23:10:36.249] Preferences Loaded!

[23:10:36.269] Loading UserLibs...
[23:10:36.384] ------------------------------
[23:10:36.389] Melon Assembly loaded: '.\UserLibs\HidSharp.dll'
[23:10:36.389] SHA256 Hash: '61EB2E22A5620D789A23D389F1AF9D38FAFF4D85F46ADEDBC28FB22CFEC61BF9'
[23:10:36.395] Melon Assembly loaded: '.\UserLibs\LibreHardwareMonitorLib.dll'
[23:10:36.395] SHA256 Hash: '99B39B0B0AC865C38A33DFF7DEE080FF17AAC3337B2332812CA2D7BB13C89460'
[23:10:36.396] Melon Assembly loaded: '.\UserLibs\Microsoft.Win32.Registry.dll'
[23:10:36.396] SHA256 Hash: 'D641EB0065BD5CDB541C5BF0D2FF976720D35D62416AB959727651ABF0ABA2CA'
[23:10:36.397] Melon Assembly loaded: '.\UserLibs\System.Buffers.dll'
[23:10:36.397] SHA256 Hash: 'C65FFF603B283DC966D1A8B730C11D5E5E750E8021BD24640612F6CC3F2C6FB7'
[23:10:36.399] Melon Assembly loaded: '.\UserLibs\System.CodeDom.dll'
[23:10:36.400] SHA256 Hash: 'CF18C822A341A3932FC8C08D7F21BF015F7E3C2696619560C94B63629341376A'
[23:10:36.401] Melon Assembly loaded: '.\UserLibs\System.IO.FileSystem.AccessControl.dll'
[23:10:36.401] SHA256 Hash: 'D2D6CD3FEF822959B68A68A6AF6096963BBE6493D90E16F0AF65FEDE25D85F32'
[23:10:36.402] Melon Assembly loaded: '.\UserLibs\System.IO.Ports.dll'
[23:10:36.402] SHA256 Hash: 'B1ECEF838C8B833BE76D1EF75AD8A0B1FAD805FC951136C9E5256FD3CF15FC1B'
[23:10:36.403] Melon Assembly loaded: '.\UserLibs\System.Management.dll'
[23:10:36.404] SHA256 Hash: '205BF789DD38D8ABC5FDC9CD8653469400ED9D6386B07384609848B9C95D7721'
[23:10:36.406] Melon Assembly loaded: '.\UserLibs\System.Memory.dll'
[23:10:36.407] SHA256 Hash: 'D2E3949FCF3A3B3A20BB9A568A4DA582D9A90D64F34C0BDC07C9029BFE8F1858'
[23:10:36.409] Melon Assembly loaded: '.\UserLibs\System.Numerics.Vectors.dll'
[23:10:36.409] SHA256 Hash: '2324EE5A35674269225E2AA20957CE8830DBCA0CFFB918BD593F7A3222DEE480'
[23:10:36.410] Melon Assembly loaded: '.\UserLibs\System.Runtime.CompilerServices.Unsafe.dll'
[23:10:36.410] SHA256 Hash: 'BFC8F02A96934786CA5A0514A3B657021C12542E215E94B78FDCC74BFEFFE3D3'
[23:10:36.411] Melon Assembly loaded: '.\UserLibs\System.Security.AccessControl.dll'
[23:10:36.412] SHA256 Hash: '93084849C17A21F641C13C9F17545CFE18C1EC097561F3F0EBBBE26F358BA120'
[23:10:36.413] Melon Assembly loaded: '.\UserLibs\System.Security.Principal.Windows.dll'
[23:10:36.413] SHA256 Hash: '7828DFD952A9FD49404477BAFF714849177D9F18C0654ADAFADBDCAFB4B21F47'
[23:10:36.436] Melon Assembly loaded: '.\UserLibs\UniverseLib.Mono.dll'
[23:10:36.436] SHA256 Hash: '3B10913FFEAC9A0744583F0BB18218A5CFAFCBA467A7F9F99FA731E801A5A880'
[23:10:36.436] ------------------------------
[23:10:36.436] 0 UserLibs loaded.

[23:10:36.437] Loading Plugins...
[23:10:36.439] 0 Plugins loaded.


[23:10:37.330] Loading Mods...
[23:10:37.358] ------------------------------
[23:10:37.359] Melon Assembly loaded: '.\Mods\FrameStats.dll'
[23:10:37.359] SHA256 Hash: '7441202B3BF662CADA854649D92F2C31E6926D4B62491D6CD328D403B49CD041'
[23:10:37.375] Melon Assembly loaded: '.\Mods\UnityExplorer.ML.Mono.dll'
[23:10:37.375] SHA256 Hash: '7E6C95C5F0DB2D6B22F506AAD4D268A96250BD64D8E259B7E4073106250F36D2'

[23:10:37.401] ------------------------------
[23:10:37.402] FrameStats v1.0.0
[23:10:37.402] by oneshade
[23:10:37.402] Assembly: FrameStats.dll
[23:10:37.402] ------------------------------
[23:10:37.403] ------------------------------
[23:10:37.403] UnityExplorer v4.9.0
[23:10:37.403] by Sinai
[23:10:37.403] Assembly: UnityExplorer.ML.Mono.dll
[23:10:37.403] ------------------------------
[23:10:37.404] ------------------------------
[23:10:37.404] 2 Mods loaded.

[23:10:37.410] Support Module Loaded: C:\Users\Pytho\Projects\SDFrameStatsMod\StellarDrive_0.6.5\MelonLoader\Dependencies\SupportModules\Mono.dll
[23:10:37.432] [FrameStats] Loading asset bundle ui...
[23:10:37.445] [FrameStats]     Loaded asset FrameStatsPanel
[23:10:37.446] [FrameStats]     Loaded asset FrameStatsSettings
[23:10:37.449] [UnityExplorer] UnityExplorer 4.9.0 initializing...
[23:10:37.466] [UnityExplorer] [UniverseLib] UniverseLib 1.5.1 initializing...
[23:10:37.843] [UnityExplorer] [UniverseLib] Finished UniverseLib initial setup.
[23:10:37.849] [UnityExplorer] Initialized UnityCrashPrevention for: Canvas.get_renderingDisplaySize
[23:10:40.135] [FrameStats] scene MainMenu loaded, index 0
[23:10:41.742] [UnityExplorer] [UniverseLib] Initialized new InputSystem support.
[23:10:41.795] [UnityExplorer] [UniverseLib] Loaded modern bundle for Unity 2022.3.11f1
[23:10:41.811] [UnityExplorer] [UniverseLib] UniverseLib 1.5.1 initialized.
[23:10:41.812] [UnityExplorer] Creating UI...
[23:10:42.320] [UnityExplorer] UnityExplorer 4.9.0 (Mono) initialized.
[23:10:47.714] [FrameStats] have options menu
[23:10:47.716] [FrameStats] added frame stats settings
[23:10:49.832] [FrameStats] lost options menu
[23:10:51.748] [FrameStats] scene MainGame loaded, index 1
[23:10:53.928] [FrameStats] frame stats updater awake
[23:10:53.929] [FrameStats] added frame stats panel
[23:11:03.322] [FrameStats] have options menu
[23:11:03.322] [FrameStats] added frame stats settings
[23:11:05.202] [FrameStats] Toggle: True
[23:11:05.206] [FrameStats] frame stats update
[23:11:05.216] [FrameStats] frame stats update
[23:11:05.220] [FrameStats] frame stats update
[23:11:05.229] [FrameStats] frame stats update
[23:11:05.232] [FrameStats] frame stats update
[23:11:05.239] [FrameStats] frame stats update
[23:11:05.244] [FrameStats] frame stats update
[23:11:05.249] [FrameStats] frame stats update
[23:11:05.253] [FrameStats] frame stats update
[23:11:05.260] [FrameStats] frame stats update
[23:11:05.264] [FrameStats] frame stats update
[23:11:05.270] [FrameStats] frame stats update
[23:11:05.273] [FrameStats] frame stats update
[23:11:05.281] [FrameStats] frame stats update
[23:11:05.285] [FrameStats] frame stats update
[23:11:05.291] [FrameStats] frame stats update
[23:11:05.294] [FrameStats] frame stats update
[23:11:05.302] [FrameStats] frame stats update
[23:11:05.306] [FrameStats] frame stats update
[23:11:05.312] [FrameStats] frame stats update
[23:11:05.315] [FrameStats] frame stats update
[23:11:05.323] [FrameStats] frame stats update
[23:11:05.329] [FrameStats] frame stats update
[23:11:05.332] [FrameStats] frame stats update
[23:11:05.339] [FrameStats] frame stats update
[23:11:05.343] [FrameStats] frame stats update
[23:11:05.349] [FrameStats] frame stats update
[23:11:05.353] [FrameStats] frame stats update
[23:11:05.360] [FrameStats] frame stats update
[23:11:05.364] [FrameStats] frame stats update
[23:11:05.371] [FrameStats] frame stats update
[23:11:05.374] [FrameStats] frame stats update
[23:11:05.381] [FrameStats] frame stats update
[23:11:05.385] [FrameStats] frame stats update
[23:11:05.391] [FrameStats] frame stats update
[23:11:05.394] [FrameStats] frame stats update
[23:11:05.402] [FrameStats] frame stats update
[23:11:05.406] [FrameStats] frame stats update
[23:11:05.412] [FrameStats] frame stats update
[23:11:05.415] [FrameStats] frame stats update
[23:11:05.422] [FrameStats] frame stats update
[23:11:05.428] [FrameStats] frame stats update
[23:11:05.432] [FrameStats] frame stats update
[23:11:05.439] [FrameStats] frame stats update
[23:11:05.443] [FrameStats] frame stats update
[23:11:05.449] [FrameStats] frame stats update
[23:11:05.453] [FrameStats] frame stats update
[23:11:05.460] [FrameStats] frame stats update
[23:11:05.464] [FrameStats] frame stats update
[23:11:05.470] [FrameStats] frame stats update
[23:11:05.473] [FrameStats] frame stats update
[23:11:05.481] [FrameStats] frame stats update
[23:11:05.485] [FrameStats] frame stats update
[23:11:05.491] [FrameStats] frame stats update
[23:11:05.494] [FrameStats] frame stats update
[23:11:05.502] [FrameStats] frame stats update
[23:11:05.506] [FrameStats] frame stats update
[23:11:05.512] [FrameStats] frame stats update
[23:11:05.515] [FrameStats] frame stats update
[23:11:05.523] [FrameStats] frame stats update
[23:11:05.528] [FrameStats] frame stats update
[23:11:05.532] [FrameStats] frame stats update
[23:11:05.539] [FrameStats] frame stats update
[23:11:05.543] [FrameStats] frame stats update
[23:11:05.549] [FrameStats] frame stats update
[23:11:05.552] [FrameStats] frame stats update
[23:11:05.560] [FrameStats] frame stats update
[23:11:05.564] [FrameStats] frame stats update
[23:11:05.570] [FrameStats] frame stats update
[23:11:05.574] [FrameStats] frame stats update
[23:11:05.581] [FrameStats] frame stats update
[23:11:05.585] [FrameStats] frame stats update
[23:11:05.591] [FrameStats] frame stats update
[23:11:05.594] [FrameStats] frame stats update
[23:11:05.602] [FrameStats] frame stats update
[23:11:05.606] [FrameStats] frame stats update
[23:11:05.612] [FrameStats] frame stats update
[23:11:05.615] [FrameStats] frame stats update
[23:11:05.623] [FrameStats] frame stats update
[23:11:05.628] [FrameStats] frame stats update
[23:11:05.632] [FrameStats] frame stats update
[23:11:05.639] [FrameStats] frame stats update
[23:11:05.643] [FrameStats] frame stats update
[23:11:05.649] [FrameStats] frame stats update
[23:11:05.653] [FrameStats] frame stats update
[23:11:05.660] [FrameStats] frame stats update
[23:11:05.664] [FrameStats] frame stats update
[23:11:05.670] [FrameStats] frame stats update
[23:11:05.673] [FrameStats] frame stats update
[23:11:05.681] [FrameStats] frame stats update
[23:11:05.685] [FrameStats] frame stats update
[23:11:05.691] [FrameStats] frame stats update
[23:11:05.694] [FrameStats] frame stats update
[23:11:05.702] [FrameStats] frame stats update
[23:11:05.706] [FrameStats] frame stats update
[23:11:05.712] [FrameStats] frame stats update
[23:11:05.716] [FrameStats] frame stats update
[23:11:05.722] [FrameStats] frame stats update
[23:11:05.728] [FrameStats] frame stats update
[23:11:05.732] [FrameStats] frame stats update
[23:11:05.739] [FrameStats] frame stats update
[23:11:05.743] [FrameStats] frame stats update
[23:11:05.749] [FrameStats] frame stats update
[23:11:05.752] [FrameStats] frame stats update
[23:11:05.760] [FrameStats] frame stats update
[23:11:05.764] [FrameStats] frame stats update
[23:11:05.770] [FrameStats] frame stats update
[23:11:05.774] [FrameStats] frame stats update
[23:11:05.781] [FrameStats] frame stats update
[23:11:05.785] [FrameStats] frame stats update
[23:11:05.791] [FrameStats] frame stats update
[23:11:05.794] [FrameStats] frame stats update
[23:11:05.802] [FrameStats] frame stats update
[23:11:05.806] [FrameStats] frame stats update
[23:11:05.812] [FrameStats] frame stats update
[23:11:05.815] [FrameStats] frame stats update
[23:11:05.823] [FrameStats] frame stats update
[23:11:05.828] [FrameStats] frame stats update
[23:11:05.831] [FrameStats] frame stats update
[23:11:05.839] [FrameStats] frame stats update
[23:11:05.843] [FrameStats] frame stats update
[23:11:05.849] [FrameStats] frame stats update
[23:11:05.852] [FrameStats] frame stats update
[23:11:05.860] [FrameStats] frame stats update
[23:11:05.864] [FrameStats] frame stats update
[23:11:05.870] [FrameStats] frame stats update
[23:11:05.874] [FrameStats] frame stats update
[23:11:05.881] [FrameStats] frame stats update
[23:11:05.885] [FrameStats] frame stats update
[23:11:05.891] [FrameStats] frame stats update
[23:11:05.894] [FrameStats] frame stats update
[23:11:05.902] [FrameStats] frame stats update
[23:11:05.906] [FrameStats] frame stats update
[23:11:05.912] [FrameStats] frame stats update
[23:11:05.915] [FrameStats] frame stats update
[23:11:05.922] [FrameStats] frame stats update
[23:11:05.928] [FrameStats] frame stats update
[23:11:05.932] [FrameStats] frame stats update
[23:11:05.939] [FrameStats] frame stats update
[23:11:05.943] [FrameStats] frame stats update
[23:11:05.949] [FrameStats] frame stats update
[23:11:05.952] [FrameStats] frame stats update
[23:11:05.960] [FrameStats] frame stats update
[23:11:05.964] [FrameStats] frame stats update
[23:11:05.970] [FrameStats] frame stats update
[23:11:05.973] [FrameStats] frame stats update
[23:11:05.981] [FrameStats] frame stats update
[23:11:05.985] [FrameStats] frame stats update
[23:11:05.991] [FrameStats] frame stats update
[23:11:05.994] [FrameStats] frame stats update
[23:11:06.002] [FrameStats] frame stats update
[23:11:06.006] [FrameStats] frame stats update
[23:11:06.012] [FrameStats] frame stats update
[23:11:06.015] [FrameStats] frame stats update
[23:11:06.023] [FrameStats] frame stats update
[23:11:06.028] [FrameStats] frame stats update
[23:11:06.032] [FrameStats] frame stats update
[23:11:06.039] [FrameStats] frame stats update
[23:11:06.043] [FrameStats] frame stats update
[23:11:06.049] [FrameStats] frame stats update
[23:11:06.053] [FrameStats] frame stats update
[23:11:06.060] [FrameStats] frame stats update
[23:11:06.064] [FrameStats] frame stats update
[23:11:06.070] [FrameStats] frame stats update
[23:11:06.073] [FrameStats] frame stats update
[23:11:06.081] [FrameStats] frame stats update
[23:11:06.085] [FrameStats] frame stats update
[23:11:06.091] [FrameStats] frame stats update
[23:11:06.094] [FrameStats] frame stats update
[23:11:06.102] [FrameStats] frame stats update
[23:11:06.106] [FrameStats] frame stats update
[23:11:06.112] [FrameStats] frame stats update
[23:11:06.115] [FrameStats] frame stats update
[23:11:06.122] [FrameStats] frame stats update
[23:11:06.128] [FrameStats] frame stats update
[23:11:06.132] [FrameStats] frame stats update
[23:11:06.139] [FrameStats] frame stats update
[23:11:06.143] [FrameStats] frame stats update
[23:11:06.149] [FrameStats] frame stats update
[23:11:06.152] [FrameStats] frame stats update
[23:11:06.160] [FrameStats] frame stats update
[23:11:06.164] [FrameStats] frame stats update
[23:11:06.170] [FrameStats] frame stats update
[23:11:06.173] [FrameStats] frame stats update
[23:11:06.181] [FrameStats] frame stats update
[23:11:06.185] [FrameStats] frame stats update
[23:11:06.191] [FrameStats] frame stats update
[23:11:06.195] [FrameStats] frame stats update
[23:11:06.202] [FrameStats] frame stats update
[23:11:06.206] [FrameStats] frame stats update
[23:11:06.212] [FrameStats] frame stats update
[23:11:06.215] [FrameStats] frame stats update
[23:11:06.223] [FrameStats] frame stats update
[23:11:06.228] [FrameStats] frame stats update
[23:11:06.232] [FrameStats] frame stats update
[23:11:06.239] [FrameStats] frame stats update
[23:11:06.245] [FrameStats] frame stats update
[23:11:06.253] [FrameStats] frame stats update
[23:11:06.257] [FrameStats] frame stats update
[23:11:06.264] [FrameStats] frame stats update
[23:11:06.270] [FrameStats] frame stats update
[23:11:06.273] [FrameStats] frame stats update
[23:11:06.281] [FrameStats] frame stats update
[23:11:06.285] [FrameStats] frame stats update
[23:11:06.291] [FrameStats] frame stats update
[23:11:06.294] [FrameStats] frame stats update
[23:11:06.302] [FrameStats] frame stats update
[23:11:06.306] [FrameStats] frame stats update
[23:11:06.312] [FrameStats] frame stats update
[23:11:06.316] [FrameStats] frame stats update
[23:11:06.323] [FrameStats] frame stats update
[23:11:06.328] [FrameStats] frame stats update
[23:11:06.332] [FrameStats] frame stats update
[23:11:06.339] [FrameStats] frame stats update
[23:11:06.343] [FrameStats] frame stats update
[23:11:06.349] [FrameStats] frame stats update
[23:11:06.353] [FrameStats] frame stats update
[23:11:06.361] [FrameStats] frame stats update
[23:11:06.364] [FrameStats] frame stats update
[23:11:06.370] [FrameStats] frame stats update
[23:11:06.373] [FrameStats] frame stats update
[23:11:06.381] [FrameStats] frame stats update
[23:11:06.385] [FrameStats] frame stats update
[23:11:06.391] [FrameStats] frame stats update
[23:11:06.394] [FrameStats] frame stats update
[23:11:06.402] [FrameStats] frame stats update
[23:11:06.406] [FrameStats] frame stats update
[23:11:06.412] [FrameStats] frame stats update
[23:11:06.415] [FrameStats] frame stats update
[23:11:06.422] [FrameStats] frame stats update
[23:11:06.429] [FrameStats] frame stats update
[23:11:06.432] [FrameStats] frame stats update
[23:11:06.439] [FrameStats] frame stats update
[23:11:06.443] [FrameStats] frame stats update
[23:11:06.449] [FrameStats] frame stats update
[23:11:06.452] [FrameStats] frame stats update
[23:11:06.460] [FrameStats] frame stats update
[23:11:06.464] [FrameStats] frame stats update
[23:11:06.470] [FrameStats] frame stats update
[23:11:06.473] [FrameStats] frame stats update
[23:11:06.481] [FrameStats] frame stats update
[23:11:06.485] [FrameStats] frame stats update
[23:11:06.491] [FrameStats] frame stats update
[23:11:06.494] [FrameStats] frame stats update
[23:11:06.502] [FrameStats] frame stats update
[23:11:06.506] [FrameStats] frame stats update
[23:11:06.512] [FrameStats] frame stats update
[23:11:06.515] [FrameStats] frame stats update
[23:11:06.523] [FrameStats] frame stats update
[23:11:06.528] [FrameStats] frame stats update
[23:11:06.531] [FrameStats] frame stats update
[23:11:06.539] [FrameStats] frame stats update
[23:11:06.543] [FrameStats] frame stats update
[23:11:06.549] [FrameStats] frame stats update
[23:11:06.553] [FrameStats] frame stats update
[23:11:06.560] [FrameStats] frame stats update
[23:11:06.564] [FrameStats] frame stats update
[23:11:06.570] [FrameStats] frame stats update
[23:11:06.573] [FrameStats] frame stats update
[23:11:06.581] [FrameStats] frame stats update
[23:11:06.585] [FrameStats] frame stats update
[23:11:06.591] [FrameStats] frame stats update
[23:11:06.594] [FrameStats] frame stats update
[23:11:06.602] [FrameStats] frame stats update
[23:11:06.606] [FrameStats] frame stats update
[23:11:06.612] [FrameStats] frame stats update
[23:11:06.615] [FrameStats] frame stats update
[23:11:06.622] [FrameStats] frame stats update
[23:11:06.628] [FrameStats] frame stats update
[23:11:06.632] [FrameStats] frame stats update
[23:11:06.639] [FrameStats] frame stats update
[23:11:06.643] [FrameStats] frame stats update
[23:11:06.649] [FrameStats] frame stats update
[23:11:06.653] [FrameStats] frame stats update
[23:11:06.660] [FrameStats] frame stats update
[23:11:06.664] [FrameStats] frame stats update
[23:11:06.670] [FrameStats] frame stats update
[23:11:06.673] [FrameStats] frame stats update
[23:11:06.681] [FrameStats] frame stats update
[23:11:06.685] [FrameStats] frame stats update
[23:11:06.691] [FrameStats] frame stats update
[23:11:06.694] [FrameStats] frame stats update
[23:11:06.702] [FrameStats] frame stats update
[23:11:06.706] [FrameStats] frame stats update
[23:11:06.712] [FrameStats] frame stats update
[23:11:06.715] [FrameStats] frame stats update
[23:11:06.723] [FrameStats] frame stats update
[23:11:06.729] [FrameStats] frame stats update
[23:11:06.732] [FrameStats] frame stats update
[23:11:06.739] [FrameStats] frame stats update
[23:11:06.743] [FrameStats] frame stats update
[23:11:06.749] [FrameStats] frame stats update
[23:11:06.752] [FrameStats] frame stats update
[23:11:06.760] [FrameStats] frame stats update
[23:11:06.764] [FrameStats] frame stats update
[23:11:06.770] [FrameStats] frame stats update
[23:11:06.773] [FrameStats] frame stats update
[23:11:06.781] [FrameStats] frame stats update
[23:11:06.785] [FrameStats] frame stats update
[23:11:06.791] [FrameStats] frame stats update
[23:11:06.794] [FrameStats] frame stats update
[23:11:06.802] [FrameStats] frame stats update
[23:11:06.806] [FrameStats] frame stats update
[23:11:06.812] [FrameStats] frame stats update
[23:11:06.815] [FrameStats] frame stats update
[23:11:06.823] [FrameStats] frame stats update
[23:11:06.828] [FrameStats] frame stats update
[23:11:06.832] [FrameStats] frame stats update
[23:11:06.839] [FrameStats] frame stats update
[23:11:06.843] [FrameStats] frame stats update
[23:11:06.849] [FrameStats] frame stats update
[23:11:06.852] [FrameStats] frame stats update
[23:11:06.860] [FrameStats] frame stats update
[23:11:06.864] [FrameStats] frame stats update
[23:11:06.870] [FrameStats] frame stats update
[23:11:06.873] [FrameStats] frame stats update
[23:11:06.881] [FrameStats] frame stats update
[23:11:06.885] [FrameStats] frame stats update
[23:11:06.891] [FrameStats] frame stats update
[23:11:06.894] [FrameStats] frame stats update
[23:11:06.902] [FrameStats] frame stats update
[23:11:06.906] [FrameStats] frame stats update
[23:11:06.912] [FrameStats] frame stats update
[23:11:06.915] [FrameStats] frame stats update
[23:11:06.922] [FrameStats] frame stats update
[23:11:06.929] [FrameStats] frame stats update
[23:11:06.932] [FrameStats] frame stats update
[23:11:06.939] [FrameStats] frame stats update
[23:11:06.943] [FrameStats] frame stats update
[23:11:06.949] [FrameStats] frame stats update
[23:11:06.953] [FrameStats] frame stats update
[23:11:06.960] [FrameStats] frame stats update
[23:11:06.964] [FrameStats] frame stats update
[23:11:06.970] [FrameStats] frame stats update
[23:11:06.973] [FrameStats] frame stats update
[23:11:06.981] [FrameStats] frame stats update
[23:11:06.985] [FrameStats] frame stats update
[23:11:06.991] [FrameStats] frame stats update
[23:11:06.994] [FrameStats] frame stats update
[23:11:07.002] [FrameStats] frame stats update
[23:11:07.006] [FrameStats] frame stats update
[23:11:07.011] [FrameStats] frame stats update
[23:11:07.015] [FrameStats] frame stats update
[23:11:07.023] [FrameStats] frame stats update
[23:11:07.029] [FrameStats] frame stats update
[23:11:07.033] [FrameStats] frame stats update
[23:11:07.040] [FrameStats] frame stats update
[23:11:07.044] [FrameStats] frame stats update
[23:11:07.049] [FrameStats] frame stats update
[23:11:07.053] [FrameStats] frame stats update
[23:11:07.060] [FrameStats] frame stats update
[23:11:07.065] [FrameStats] frame stats update
[23:11:07.070] [FrameStats] frame stats update
[23:11:07.073] [FrameStats] frame stats update
[23:11:07.081] [FrameStats] frame stats update
[23:11:07.085] [FrameStats] frame stats update
[23:11:07.091] [FrameStats] frame stats update
[23:11:07.094] [FrameStats] frame stats update
[23:11:07.102] [FrameStats] frame stats update
[23:11:07.106] [FrameStats] frame stats update
[23:11:07.112] [FrameStats] frame stats update
[23:11:07.115] [FrameStats] frame stats update
[23:11:07.123] [FrameStats] frame stats update
[23:11:07.129] [FrameStats] frame stats update
[23:11:07.132] [FrameStats] frame stats update
[23:11:07.139] [FrameStats] frame stats update
[23:11:07.143] [FrameStats] frame stats update
[23:11:07.149] [FrameStats] frame stats update
[23:11:07.153] [FrameStats] frame stats update
[23:11:07.160] [FrameStats] frame stats update
[23:11:07.164] [FrameStats] frame stats update
[23:11:07.170] [FrameStats] frame stats update
[23:11:07.174] [FrameStats] frame stats update
[23:11:07.181] [FrameStats] frame stats update
[23:11:07.188] [FrameStats] frame stats update
[23:11:07.195] [FrameStats] frame stats update
[23:11:07.199] [FrameStats] frame stats update
[23:11:07.206] [FrameStats] frame stats update
[23:11:07.212] [FrameStats] frame stats update
[23:11:07.216] [FrameStats] frame stats update
[23:11:07.222] [FrameStats] frame stats update
[23:11:07.229] [FrameStats] frame stats update
[23:11:07.232] [FrameStats] frame stats update
[23:11:07.239] [FrameStats] frame stats update
[23:11:07.243] [FrameStats] frame stats update
[23:11:07.249] [FrameStats] frame stats update
[23:11:07.253] [FrameStats] frame stats update
[23:11:07.260] [FrameStats] frame stats update
[23:11:07.264] [FrameStats] frame stats update
[23:11:07.270] [FrameStats] frame stats update
[23:11:07.274] [FrameStats] frame stats update
[23:11:07.281] [FrameStats] frame stats update
[23:11:07.285] [FrameStats] frame stats update
[23:11:07.291] [FrameStats] frame stats update
[23:11:07.295] [FrameStats] frame stats update
[23:11:07.302] [FrameStats] frame stats update
[23:11:07.305] [FrameStats] frame stats update
[23:11:07.312] [FrameStats] frame stats update
[23:11:07.316] [FrameStats] frame stats update
[23:11:07.323] [FrameStats] frame stats update
[23:11:07.328] [FrameStats] frame stats update
[23:11:07.332] [FrameStats] frame stats update
[23:11:07.340] [FrameStats] frame stats update
[23:11:07.344] [FrameStats] frame stats update
[23:11:07.349] [FrameStats] frame stats update
[23:11:07.352] [FrameStats] frame stats update
[23:11:07.360] [FrameStats] frame stats update
[23:11:07.364] [FrameStats] frame stats update
[23:11:07.370] [FrameStats] frame stats update
[23:11:07.373] [FrameStats] frame stats update
[23:11:07.381] [FrameStats] frame stats update
[23:11:07.386] [FrameStats] frame stats update
[23:11:07.391] [FrameStats] frame stats update
[23:11:07.394] [FrameStats] frame stats update
[23:11:07.402] [FrameStats] frame stats update
[23:11:07.406] [FrameStats] frame stats update
[23:11:07.412] [FrameStats] frame stats update
[23:11:07.416] [FrameStats] frame stats update
[23:11:07.423] [FrameStats] frame stats update
[23:11:07.429] [FrameStats] frame stats update
[23:11:07.432] [FrameStats] frame stats update
[23:11:07.439] [FrameStats] frame stats update
[23:11:07.443] [FrameStats] frame stats update
[23:11:07.449] [FrameStats] frame stats update
[23:11:07.453] [FrameStats] frame stats update
[23:11:07.461] [FrameStats] frame stats update
[23:11:07.464] [FrameStats] frame stats update
[23:11:07.475] [FrameStats] frame stats update
[23:11:07.478] [FrameStats] frame stats update
[23:11:07.485] [FrameStats] frame stats update
[23:11:07.491] [FrameStats] frame stats update
[23:11:07.494] [FrameStats] frame stats update
[23:11:07.501] [FrameStats] frame stats update
[23:11:07.506] [FrameStats] frame stats update
[23:11:07.511] [FrameStats] frame stats update
[23:11:07.515] [FrameStats] frame stats update
[23:11:07.522] [FrameStats] frame stats update
[23:11:07.528] [FrameStats] frame stats update
[23:11:07.532] [FrameStats] frame stats update
[23:11:07.539] [FrameStats] frame stats update
[23:11:07.543] [FrameStats] frame stats update
[23:11:07.549] [FrameStats] frame stats update
[23:11:07.552] [FrameStats] frame stats update
[23:11:07.560] [FrameStats] frame stats update
[23:11:07.564] [FrameStats] frame stats update
[23:11:07.570] [FrameStats] frame stats update
[23:11:07.573] [FrameStats] frame stats update
[23:11:07.581] [FrameStats] frame stats update
[23:11:07.585] [FrameStats] frame stats update
[23:11:07.591] [FrameStats] frame stats update
[23:11:07.594] [FrameStats] frame stats update
[23:11:07.602] [FrameStats] frame stats update
[23:11:07.609] [FrameStats] frame stats update
[23:11:07.616] [FrameStats] frame stats update
[23:11:07.619] [FrameStats] frame stats update
[23:11:07.628] [FrameStats] frame stats update
[23:11:07.631] [FrameStats] frame stats update
[23:11:07.639] [FrameStats] frame stats update
[23:11:07.643] [FrameStats] frame stats update
[23:11:07.649] [FrameStats] frame stats update
[23:11:07.653] [FrameStats] frame stats update
[23:11:07.660] [FrameStats] frame stats update
[23:11:07.664] [FrameStats] frame stats update
[23:11:07.670] [FrameStats] frame stats update
[23:11:07.673] [FrameStats] frame stats update
[23:11:07.681] [FrameStats] frame stats update
[23:11:07.685] [FrameStats] frame stats update
[23:11:07.691] [FrameStats] frame stats update
[23:11:07.696] [FrameStats] frame stats update
[23:11:07.702] [FrameStats] frame stats update
[23:11:07.712] [FrameStats] frame stats update
[23:11:07.715] [FrameStats] frame stats update
[23:11:07.722] [FrameStats] frame stats update
[23:11:07.728] [FrameStats] frame stats update
[23:11:07.731] [FrameStats] frame stats update
[23:11:07.739] [FrameStats] frame stats update
[23:11:07.743] [FrameStats] frame stats update
[23:11:07.749] [FrameStats] frame stats update
[23:11:07.753] [FrameStats] frame stats update
[23:11:07.760] [FrameStats] frame stats update
[23:11:07.764] [FrameStats] frame stats update
[23:11:07.770] [FrameStats] frame stats update
[23:11:07.774] [FrameStats] frame stats update
[23:11:07.781] [FrameStats] frame stats update
[23:11:07.785] [FrameStats] frame stats update
[23:11:07.791] [FrameStats] frame stats update
[23:11:07.794] [FrameStats] frame stats update
[23:11:07.802] [FrameStats] frame stats update
[23:11:07.806] [FrameStats] frame stats update
[23:11:07.816] [FrameStats] frame stats update
[23:11:07.819] [FrameStats] frame stats update
[23:11:07.828] [FrameStats] frame stats update
[23:11:07.831] [FrameStats] frame stats update
[23:11:07.839] [FrameStats] frame stats update
[23:11:07.843] [FrameStats] frame stats update
[23:11:07.849] [FrameStats] frame stats update
[23:11:07.853] [FrameStats] frame stats update
[23:11:07.860] [FrameStats] frame stats update
[23:11:07.864] [FrameStats] frame stats update
[23:11:07.870] [FrameStats] frame stats update
[23:11:07.873] [FrameStats] frame stats update
[23:11:07.882] [FrameStats] frame stats update
[23:11:07.886] [FrameStats] lost options menu
[23:11:07.887] [FrameStats] frame stats update
[23:11:07.895] [FrameStats] frame stats update
[23:11:07.898] [FrameStats] frame stats update
[23:11:07.906] [FrameStats] frame stats update
[23:11:07.911] [FrameStats] frame stats update
[23:11:07.915] [FrameStats] frame stats update
[23:11:07.922] [FrameStats] frame stats update
[23:11:07.928] [FrameStats] frame stats update
[23:11:07.931] [FrameStats] frame stats update
[23:11:07.939] [FrameStats] frame stats update
[23:11:07.943] [FrameStats] frame stats update
[23:11:07.949] [FrameStats] frame stats update
[23:11:07.952] [FrameStats] frame stats update
[23:11:07.960] [FrameStats] frame stats update
[23:11:07.964] [FrameStats] frame stats update
[23:11:07.970] [FrameStats] frame stats update
[23:11:07.973] [FrameStats] frame stats update
[23:11:07.981] [FrameStats] frame stats update
[23:11:07.985] [FrameStats] frame stats update
[23:11:07.991] [FrameStats] frame stats update
[23:11:07.995] [FrameStats] frame stats update
[23:11:08.001] [FrameStats] frame stats update
[23:11:08.006] [FrameStats] frame stats update
[23:11:08.011] [FrameStats] frame stats update
[23:11:08.015] [FrameStats] frame stats update
[23:11:08.022] [FrameStats] frame stats update
[23:11:08.029] [FrameStats] frame stats update
[23:11:08.033] [FrameStats] frame stats update
[23:11:08.039] [FrameStats] frame stats update
[23:11:08.043] [FrameStats] frame stats update
[23:11:08.049] [FrameStats] frame stats update
[23:11:08.053] [FrameStats] frame stats update
[23:11:08.060] [FrameStats] frame stats update
[23:11:08.064] [FrameStats] frame stats update
[23:11:08.071] [FrameStats] frame stats update
[23:11:08.074] [FrameStats] frame stats update
[23:11:08.080] [FrameStats] frame stats update
[23:11:08.085] [FrameStats] frame stats update
[23:11:08.091] [FrameStats] frame stats update
[23:11:08.094] [FrameStats] frame stats update
[23:11:08.102] [FrameStats] frame stats update
[23:11:08.105] [FrameStats] frame stats update
[23:11:08.111] [FrameStats] frame stats update
[23:11:08.114] [FrameStats] frame stats update
[23:11:08.122] [FrameStats] frame stats update
[23:11:08.128] [FrameStats] frame stats update
[23:11:08.132] [FrameStats] frame stats update
[23:11:08.139] [FrameStats] frame stats update
[23:11:08.143] [FrameStats] frame stats update
[23:11:08.149] [FrameStats] frame stats update
[23:11:08.153] [FrameStats] frame stats update
[23:11:08.160] [FrameStats] frame stats update
[23:11:08.164] [FrameStats] frame stats update
[23:11:08.170] [FrameStats] frame stats update
[23:11:08.174] [FrameStats] frame stats update
[23:11:08.181] [FrameStats] frame stats update
[23:11:08.185] [FrameStats] frame stats update
[23:11:08.191] [FrameStats] frame stats update
[23:11:08.194] [FrameStats] frame stats update
[23:11:08.202] [FrameStats] frame stats update
[23:11:08.205] [FrameStats] frame stats update
[23:11:08.212] [FrameStats] frame stats update
[23:11:08.216] [FrameStats] frame stats update
[23:11:08.223] [FrameStats] frame stats update
[23:11:08.228] [FrameStats] frame stats update
[23:11:08.232] [FrameStats] frame stats update
[23:11:08.239] [FrameStats] frame stats update
[23:11:08.243] [FrameStats] frame stats update
[23:11:08.249] [FrameStats] frame stats update
[23:11:08.252] [FrameStats] frame stats update
[23:11:08.260] [FrameStats] frame stats update
[23:11:08.264] [FrameStats] frame stats update
[23:11:08.270] [FrameStats] frame stats update
[23:11:08.274] [FrameStats] frame stats update
[23:11:08.281] [FrameStats] frame stats update
[23:11:08.284] [FrameStats] frame stats update
[23:11:08.292] [FrameStats] frame stats update
[23:11:08.296] [FrameStats] frame stats update
[23:11:08.302] [FrameStats] frame stats update
[23:11:08.305] [FrameStats] frame stats update
[23:11:08.312] [FrameStats] frame stats update
[23:11:08.316] [FrameStats] frame stats update
[23:11:08.322] [FrameStats] frame stats update
[23:11:08.329] [FrameStats] frame stats update
[23:11:08.333] [FrameStats] frame stats update
[23:11:08.339] [FrameStats] frame stats update
[23:11:08.343] [FrameStats] frame stats update
[23:11:08.350] [FrameStats] frame stats update
[23:11:08.354] [FrameStats] frame stats update
[23:11:08.360] [FrameStats] frame stats update
[23:11:08.364] [FrameStats] frame stats update
[23:11:08.370] [FrameStats] frame stats update
[23:11:08.374] [FrameStats] frame stats update
[23:11:08.381] [FrameStats] frame stats update
[23:11:08.385] [FrameStats] frame stats update
[23:11:08.392] [FrameStats] frame stats update
[23:11:08.396] [FrameStats] frame stats update
[23:11:08.402] [FrameStats] frame stats update
[23:11:08.406] [FrameStats] frame stats update
[23:11:08.412] [FrameStats] frame stats update
[23:11:08.416] [FrameStats] frame stats update
[23:11:08.422] [FrameStats] frame stats update
[23:11:08.429] [FrameStats] frame stats update
[23:11:08.433] [FrameStats] frame stats update
[23:11:08.439] [FrameStats] frame stats update
[23:11:08.443] [FrameStats] frame stats update
[23:11:08.450] [FrameStats] frame stats update
[23:11:08.454] [FrameStats] frame stats update
[23:11:08.460] [FrameStats] frame stats update
[23:11:08.464] [FrameStats] frame stats update
[23:11:08.471] [FrameStats] frame stats update
[23:11:08.475] [FrameStats] frame stats update
[23:11:08.480] [FrameStats] frame stats update
[23:11:08.484] [FrameStats] frame stats update
[23:11:08.493] [FrameStats] frame stats update
[23:11:08.496] [FrameStats] frame stats update
[23:11:08.502] [FrameStats] frame stats update
[23:11:08.505] [FrameStats] frame stats update
[23:11:08.512] [FrameStats] frame stats update
[23:11:08.516] [FrameStats] frame stats update
[23:11:08.522] [FrameStats] frame stats update
[23:11:08.529] [FrameStats] frame stats update
[23:11:08.532] [FrameStats] frame stats update
[23:11:08.539] [FrameStats] frame stats update
[23:11:08.543] [FrameStats] frame stats update
[23:11:08.549] [FrameStats] frame stats update
[23:11:08.553] [FrameStats] frame stats update
[23:11:08.560] [FrameStats] frame stats update
[23:11:08.564] [FrameStats] frame stats update
[23:11:08.570] [FrameStats] frame stats update
[23:11:08.574] [FrameStats] frame stats update
[23:11:08.580] [FrameStats] frame stats update
[23:11:08.585] [FrameStats] frame stats update
[23:11:08.592] [FrameStats] frame stats update
[23:11:08.595] [FrameStats] frame stats update
[23:11:08.601] [FrameStats] frame stats update
[23:11:08.605] [FrameStats] frame stats update
[23:11:08.612] [FrameStats] frame stats update
[23:11:08.615] [FrameStats] frame stats update
[23:11:08.622] [FrameStats] frame stats update
[23:11:08.629] [FrameStats] frame stats update
[23:11:08.632] [FrameStats] frame stats update
[23:11:08.639] [FrameStats] frame stats update
[23:11:08.643] [FrameStats] frame stats update
[23:11:08.649] [FrameStats] frame stats update
[23:11:08.653] [FrameStats] frame stats update
[23:11:08.660] [FrameStats] frame stats update
[23:11:08.664] [FrameStats] frame stats update
[23:11:08.670] [FrameStats] frame stats update
[23:11:08.674] [FrameStats] frame stats update
[23:11:08.681] [FrameStats] frame stats update
[23:11:08.685] [FrameStats] frame stats update
[23:11:08.691] [FrameStats] frame stats update
[23:11:08.695] [FrameStats] frame stats update
[23:11:08.701] [FrameStats] frame stats update
[23:11:08.707] [FrameStats] frame stats update
[23:11:08.714] [FrameStats] frame stats update
[23:11:08.718] [FrameStats] frame stats update
[23:11:08.722] [FrameStats] frame stats update
[23:11:08.729] [FrameStats] frame stats update
[23:11:08.732] [FrameStats] frame stats update
[23:11:08.739] [FrameStats] frame stats update
[23:11:08.743] [FrameStats] frame stats update
[23:11:08.749] [FrameStats] frame stats update
[23:11:08.752] [FrameStats] frame stats update
[23:11:08.759] [FrameStats] frame stats update
[23:11:08.764] [FrameStats] frame stats update
[23:11:08.770] [FrameStats] frame stats update
[23:11:08.773] [FrameStats] frame stats update
[23:11:08.780] [FrameStats] frame stats update
[23:11:08.784] [FrameStats] frame stats update
[23:11:08.792] [FrameStats] frame stats update
[23:11:08.795] [FrameStats] frame stats update
[23:11:08.801] [FrameStats] frame stats update
[23:11:08.805] [FrameStats] frame stats update
[23:11:08.812] [FrameStats] frame stats update
[23:11:08.815] [FrameStats] frame stats update
[23:11:08.822] [FrameStats] frame stats update
[23:11:08.829] [FrameStats] frame stats update
[23:11:08.832] [FrameStats] frame stats update
[23:11:08.839] [FrameStats] frame stats update
[23:11:08.843] [FrameStats] frame stats update
[23:11:08.850] [FrameStats] frame stats update
[23:11:08.853] [FrameStats] frame stats update
[23:11:08.859] [FrameStats] frame stats update
[23:11:08.864] [FrameStats] frame stats update
[23:11:08.870] [FrameStats] frame stats update
[23:11:08.874] [FrameStats] frame stats update
[23:11:08.881] [FrameStats] frame stats update
[23:11:08.884] [FrameStats] frame stats update
[23:11:08.891] [FrameStats] frame stats update
[23:11:08.894] [FrameStats] frame stats update
[23:11:08.901] [FrameStats] frame stats update
[23:11:08.905] [FrameStats] frame stats update
[23:11:08.912] [FrameStats] frame stats update
[23:11:08.915] [FrameStats] frame stats update
[23:11:08.922] [FrameStats] frame stats update
[23:11:08.929] [FrameStats] frame stats update
[23:11:08.932] [FrameStats] frame stats update
[23:11:08.939] [FrameStats] frame stats update
[23:11:08.943] [FrameStats] frame stats update
[23:11:08.950] [FrameStats] frame stats update
[23:11:08.953] [FrameStats] frame stats update
[23:11:08.960] [FrameStats] frame stats update
[23:11:08.963] [FrameStats] frame stats update
[23:11:08.971] [FrameStats] frame stats update
[23:11:08.976] [FrameStats] frame stats update
[23:11:08.980] [FrameStats] frame stats update
[23:11:08.985] [FrameStats] frame stats update
[23:11:08.992] [FrameStats] frame stats update
[23:11:08.995] [FrameStats] frame stats update
[23:11:09.002] [FrameStats] frame stats update
[23:11:09.006] [FrameStats] frame stats update
[23:11:09.012] [FrameStats] frame stats update
[23:11:09.016] [FrameStats] frame stats update
[23:11:09.022] [FrameStats] frame stats update
[23:11:09.030] [FrameStats] frame stats update
[23:11:09.034] [FrameStats] frame stats update
[23:11:09.039] [FrameStats] frame stats update
[23:11:09.043] [FrameStats] frame stats update
[23:11:09.050] [FrameStats] frame stats update
[23:11:09.053] [FrameStats] frame stats update
[23:11:09.060] [FrameStats] frame stats update
[23:11:09.064] [FrameStats] frame stats update
[23:11:09.071] [FrameStats] frame stats update
[23:11:09.074] [FrameStats] frame stats update
[23:11:09.081] [FrameStats] frame stats update
[23:11:09.085] [FrameStats] frame stats update
[23:11:09.091] [FrameStats] frame stats update
[23:11:09.095] [FrameStats] frame stats update
[23:11:09.102] [FrameStats] frame stats update
[23:11:09.106] [FrameStats] frame stats update
[23:11:09.112] [FrameStats] frame stats update
[23:11:09.116] [FrameStats] frame stats update
[23:11:09.122] [FrameStats] frame stats update
[23:11:09.129] [FrameStats] frame stats update
[23:11:09.133] [FrameStats] frame stats update
[23:11:09.139] [FrameStats] frame stats update
[23:11:09.143] [FrameStats] frame stats update
[23:11:09.150] [FrameStats] frame stats update
[23:11:09.153] [FrameStats] frame stats update
[23:11:09.160] [FrameStats] frame stats update
[23:11:09.164] [FrameStats] frame stats update
[23:11:09.171] [FrameStats] frame stats update
[23:11:09.175] [FrameStats] frame stats update
[23:11:09.181] [FrameStats] frame stats update
[23:11:09.184] [FrameStats] frame stats update
[23:11:09.195] [FrameStats] frame stats update
[23:11:09.199] [FrameStats] frame stats update
[23:11:09.206] [FrameStats] frame stats update
[23:11:09.212] [FrameStats] frame stats update
[23:11:09.216] [FrameStats] frame stats update
[23:11:09.223] [FrameStats] frame stats update
[23:11:09.228] [FrameStats] frame stats update
[23:11:09.233] [FrameStats] frame stats update
[23:11:09.239] [FrameStats] frame stats update
[23:11:09.243] [FrameStats] frame stats update
[23:11:09.249] [FrameStats] frame stats update
[23:11:09.253] [FrameStats] frame stats update
[23:11:09.260] [FrameStats] frame stats update
[23:11:09.264] [FrameStats] frame stats update
[23:11:09.270] [FrameStats] frame stats update
[23:11:09.274] [FrameStats] frame stats update
[23:11:09.281] [FrameStats] frame stats update
[23:11:09.285] [FrameStats] frame stats update
[23:11:09.292] [FrameStats] frame stats update
[23:11:09.296] [FrameStats] frame stats update
[23:11:09.301] [FrameStats] frame stats update
[23:11:09.305] [FrameStats] frame stats update
[23:11:09.313] [FrameStats] frame stats update
[23:11:09.317] [FrameStats] frame stats update
[23:11:09.322] [FrameStats] frame stats update
[23:11:09.329] [FrameStats] frame stats update
[23:11:09.333] [FrameStats] frame stats update
[23:11:09.339] [FrameStats] frame stats update
[23:11:09.343] [FrameStats] frame stats update
[23:11:09.349] [FrameStats] frame stats update
[23:11:09.353] [FrameStats] frame stats update
[23:11:09.359] [FrameStats] frame stats update
[23:11:09.364] [FrameStats] frame stats update
[23:11:09.370] [FrameStats] frame stats update
[23:11:09.373] [FrameStats] frame stats update
[23:11:09.380] [FrameStats] frame stats update
[23:11:09.385] [FrameStats] frame stats update
[23:11:09.391] [FrameStats] frame stats update
[23:11:09.395] [FrameStats] frame stats update
[23:11:09.401] [FrameStats] frame stats update
[23:11:09.405] [FrameStats] frame stats update
[23:11:09.412] [FrameStats] frame stats update
[23:11:09.415] [FrameStats] frame stats update
[23:11:09.422] [FrameStats] frame stats update
[23:11:09.430] [FrameStats] frame stats update
[23:11:09.433] [FrameStats] frame stats update
[23:11:09.439] [FrameStats] frame stats update
[23:11:09.443] [FrameStats] frame stats update
[23:11:09.450] [FrameStats] frame stats update
[23:11:09.453] [FrameStats] frame stats update
[23:11:09.459] [FrameStats] frame stats update
[23:11:09.464] [FrameStats] frame stats update
[23:11:09.470] [FrameStats] frame stats update
[23:11:09.474] [FrameStats] frame stats update
[23:11:09.480] [FrameStats] frame stats update
[23:11:09.484] [FrameStats] frame stats update
[23:11:09.492] [FrameStats] frame stats update
[23:11:09.496] [FrameStats] frame stats update
[23:11:09.501] [FrameStats] frame stats update
[23:11:09.505] [FrameStats] frame stats update
[23:11:09.512] [FrameStats] frame stats update
[23:11:09.516] [FrameStats] frame stats update
[23:11:09.522] [FrameStats] frame stats update
[23:11:09.529] [FrameStats] frame stats update
[23:11:09.532] [FrameStats] frame stats update
[23:11:09.539] [FrameStats] frame stats update
[23:11:09.543] [FrameStats] frame stats update
[23:11:09.550] [FrameStats] frame stats update
[23:11:09.553] [FrameStats] frame stats update
[23:11:09.560] [FrameStats] frame stats update
[23:11:09.563] [FrameStats] frame stats update
[23:11:09.570] [FrameStats] frame stats update
[23:11:09.573] [FrameStats] frame stats update
[23:11:09.580] [FrameStats] frame stats update
[23:11:09.584] [FrameStats] frame stats update
[23:11:09.591] [FrameStats] frame stats update
[23:11:09.595] [FrameStats] frame stats update
[23:11:09.601] [FrameStats] frame stats update
[23:11:09.605] [FrameStats] frame stats update
[23:11:09.612] [FrameStats] frame stats update
[23:11:09.616] [FrameStats] frame stats update
[23:11:09.623] [FrameStats] frame stats update
[23:11:09.629] [FrameStats] frame stats update
[23:11:09.633] [FrameStats] frame stats update
[23:11:09.639] [FrameStats] frame stats update
[23:11:09.643] [FrameStats] frame stats update
[23:11:09.650] [FrameStats] frame stats update
[23:11:09.654] [FrameStats] frame stats update
[23:11:09.660] [FrameStats] frame stats update
[23:11:09.664] [FrameStats] frame stats update
[23:11:09.671] [FrameStats] frame stats update
[23:11:09.674] [FrameStats] frame stats update
[23:11:09.681] [FrameStats] frame stats update
[23:11:09.685] [FrameStats] frame stats update
[23:11:09.692] [FrameStats] frame stats update
[23:11:09.696] [FrameStats] frame stats update
[23:11:09.701] [FrameStats] frame stats update
[23:11:09.705] [FrameStats] frame stats update
[23:11:09.712] [FrameStats] frame stats update
[23:11:09.716] [FrameStats] frame stats update
[23:11:09.723] [FrameStats] frame stats update
[23:11:09.730] [FrameStats] frame stats update
[23:11:09.735] [FrameStats] frame stats update
[23:11:09.738] [FrameStats] frame stats update
[23:11:09.743] [FrameStats] frame stats update
[23:11:09.749] [FrameStats] frame stats update
[23:11:09.753] [FrameStats] frame stats update
[23:11:09.759] [FrameStats] frame stats update
[23:11:09.763] [FrameStats] frame stats update
[23:11:09.770] [FrameStats] frame stats update
[23:11:09.774] [FrameStats] frame stats update
[23:11:09.780] [FrameStats] frame stats update
[23:11:09.784] [FrameStats] frame stats update
[23:11:09.792] [FrameStats] frame stats update
[23:11:09.796] [FrameStats] frame stats update
[23:11:09.801] [FrameStats] frame stats update
[23:11:09.805] [FrameStats] frame stats update
[23:11:09.812] [FrameStats] frame stats update
[23:11:09.816] [FrameStats] frame stats update
[23:11:09.822] [FrameStats] frame stats update
[23:11:09.829] [FrameStats] frame stats update
[23:11:09.832] [FrameStats] frame stats update
[23:11:09.839] [FrameStats] frame stats update
[23:11:09.843] [FrameStats] frame stats update
[23:11:09.849] [FrameStats] frame stats update
[23:11:09.853] [FrameStats] frame stats update
[23:11:09.859] [FrameStats] frame stats update
[23:11:09.864] [FrameStats] frame stats update
[23:11:09.870] [FrameStats] frame stats update
[23:11:09.874] [FrameStats] frame stats update
[23:11:09.880] [FrameStats] frame stats update
[23:11:09.885] [FrameStats] frame stats update
[23:11:09.892] [FrameStats] frame stats update
[23:11:09.895] [FrameStats] frame stats update
[23:11:09.901] [FrameStats] frame stats update
[23:11:09.906] [FrameStats] frame stats update
[23:11:09.912] [FrameStats] frame stats update
[23:11:09.916] [FrameStats] frame stats update
[23:11:09.922] [FrameStats] frame stats update
[23:11:09.930] [FrameStats] frame stats update
[23:11:09.933] [FrameStats] frame stats update
[23:11:09.938] [FrameStats] frame stats update
[23:11:09.943] [FrameStats] frame stats update
[23:11:09.950] [FrameStats] frame stats update
[23:11:09.953] [FrameStats] frame stats update
[23:11:09.960] [FrameStats] frame stats update
[23:11:09.963] [FrameStats] frame stats update
[23:11:09.970] [FrameStats] frame stats update
[23:11:09.974] [FrameStats] frame stats update
[23:11:09.980] [FrameStats] frame stats update
[23:11:09.984] [FrameStats] frame stats update
[23:11:09.992] [FrameStats] frame stats update
[23:11:09.995] [FrameStats] frame stats update
[23:11:10.001] [FrameStats] frame stats update
[23:11:10.005] [FrameStats] frame stats update
[23:11:10.012] [FrameStats] frame stats update
[23:11:10.015] [FrameStats] frame stats update
[23:11:10.022] [FrameStats] frame stats update
[23:11:10.029] [FrameStats] frame stats update
[23:11:10.032] [FrameStats] frame stats update
[23:11:10.038] [FrameStats] frame stats update
[23:11:10.043] [FrameStats] frame stats update
[23:11:10.050] [FrameStats] frame stats update
[23:11:10.054] [FrameStats] frame stats update
[23:11:10.059] [FrameStats] frame stats update
[23:11:10.063] [FrameStats] frame stats update
[23:11:10.070] [FrameStats] frame stats update
[23:11:10.075] [FrameStats] frame stats update
[23:11:10.080] [FrameStats] frame stats update
[23:11:10.084] [FrameStats] frame stats update
[23:11:10.091] [FrameStats] frame stats update
[23:11:10.095] [FrameStats] frame stats update
[23:11:10.101] [FrameStats] frame stats update
[23:11:10.105] [FrameStats] frame stats update
[23:11:10.112] [FrameStats] frame stats update
[23:11:10.116] [FrameStats] frame stats update
[23:11:10.122] [FrameStats] frame stats update
[23:11:10.129] [FrameStats] frame stats update
[23:11:10.133] [FrameStats] frame stats update
[23:11:10.139] [FrameStats] frame stats update
[23:11:10.143] [FrameStats] frame stats update
[23:11:10.150] [FrameStats] frame stats update
[23:11:10.154] [FrameStats] frame stats update
[23:11:10.159] [FrameStats] frame stats update
[23:11:10.163] [FrameStats] frame stats update
[23:11:10.170] [FrameStats] frame stats update
[23:11:10.174] [FrameStats] frame stats update
[23:11:10.180] [FrameStats] frame stats update
[23:11:10.184] [FrameStats] frame stats update
[23:11:10.191] [FrameStats] frame stats update
[23:11:10.195] [FrameStats] frame stats update
[23:11:10.201] [FrameStats] frame stats update
[23:11:10.205] [FrameStats] frame stats update
[23:11:10.212] [FrameStats] frame stats update
[23:11:10.216] [FrameStats] frame stats update
[23:11:10.222] [FrameStats] frame stats update
[23:11:10.229] [FrameStats] frame stats update
[23:11:10.232] [FrameStats] frame stats update
[23:11:10.239] [FrameStats] frame stats update
[23:11:10.242] [FrameStats] frame stats update
[23:11:10.249] [FrameStats] frame stats update
[23:11:10.253] [FrameStats] frame stats update
[23:11:10.260] [FrameStats] frame stats update
[23:11:10.263] [FrameStats] frame stats update
[23:11:10.270] [FrameStats] frame stats update
[23:11:10.273] [FrameStats] frame stats update
[23:11:10.280] [FrameStats] frame stats update
[23:11:10.284] [FrameStats] frame stats update
[23:11:10.291] [FrameStats] frame stats update
[23:11:10.295] [FrameStats] frame stats update
[23:11:10.301] [FrameStats] frame stats update
[23:11:10.305] [FrameStats] frame stats update
[23:11:10.312] [FrameStats] frame stats update
[23:11:10.316] [FrameStats] frame stats update
[23:11:10.329] [FrameStats] frame stats update
[23:11:10.337] [FrameStats] frame stats update
[23:11:10.341] [FrameStats] frame stats update
[23:11:10.349] [FrameStats] frame stats update
[23:11:10.354] [FrameStats] frame stats update
[23:11:10.359] [FrameStats] frame stats update
[23:11:10.364] [FrameStats] frame stats update
[23:11:10.370] [FrameStats] frame stats update
[23:11:10.374] [FrameStats] frame stats update
[23:11:10.380] [FrameStats] frame stats update
[23:11:10.384] [FrameStats] frame stats update
[23:11:10.391] [FrameStats] frame stats update
[23:11:10.395] [FrameStats] frame stats update
[23:11:10.401] [FrameStats] frame stats update
[23:11:10.405] [FrameStats] frame stats update
[23:11:10.412] [FrameStats] frame stats update
[23:11:10.416] [FrameStats] frame stats update
[23:11:10.422] [FrameStats] frame stats update
[23:11:10.429] [FrameStats] frame stats update
[23:11:10.433] [FrameStats] frame stats update
[23:11:10.439] [FrameStats] frame stats update
[23:11:10.443] [FrameStats] frame stats update
[23:11:10.449] [FrameStats] frame stats update
[23:11:10.453] [FrameStats] frame stats update
[23:11:10.459] [FrameStats] frame stats update
[23:11:10.463] [FrameStats] frame stats update
[23:11:10.470] [FrameStats] frame stats update
[23:11:10.473] [FrameStats] frame stats update
[23:11:10.480] [FrameStats] frame stats update
[23:11:10.484] [FrameStats] frame stats update
[23:11:10.491] [FrameStats] frame stats update
[23:11:10.495] [FrameStats] frame stats update
[23:11:10.501] [FrameStats] frame stats update
[23:11:10.505] [FrameStats] frame stats update
[23:11:10.512] [FrameStats] frame stats update
[23:11:10.516] [FrameStats] frame stats update
[23:11:10.522] [FrameStats] frame stats update
[23:11:10.528] [FrameStats] frame stats update
[23:11:10.532] [FrameStats] frame stats update
[23:11:10.539] [FrameStats] frame stats update
[23:11:10.543] [FrameStats] frame stats update
[23:11:10.549] [FrameStats] frame stats update
[23:11:10.553] [FrameStats] frame stats update
[23:11:10.559] [FrameStats] frame stats update
[23:11:10.563] [FrameStats] frame stats update
[23:11:10.570] [FrameStats] frame stats update
[23:11:10.574] [FrameStats] frame stats update
[23:11:10.581] [FrameStats] frame stats update
[23:11:10.584] [FrameStats] frame stats update
[23:11:10.592] [FrameStats] frame stats update
[23:11:10.595] [FrameStats] frame stats update
[23:11:10.601] [FrameStats] frame stats update
[23:11:10.605] [FrameStats] frame stats update
[23:11:10.612] [FrameStats] frame stats update
[23:11:10.616] [FrameStats] frame stats update
[23:11:10.622] [FrameStats] frame stats update
[23:11:10.628] [FrameStats] frame stats update
[23:11:10.632] [FrameStats] frame stats update
[23:11:10.638] [FrameStats] frame stats update
[23:11:10.643] [FrameStats] frame stats update
[23:11:10.649] [FrameStats] frame stats update
[23:11:10.653] [FrameStats] frame stats update
[23:11:10.659] [FrameStats] frame stats update
[23:11:10.664] [FrameStats] frame stats update
[23:11:10.670] [FrameStats] frame stats update
[23:11:10.673] [FrameStats] frame stats update
[23:11:10.680] [FrameStats] frame stats update
[23:11:10.684] [FrameStats] frame stats update
[23:11:10.691] [FrameStats] frame stats update
[23:11:10.695] [FrameStats] frame stats update
[23:11:10.701] [FrameStats] frame stats update
[23:11:10.705] [FrameStats] frame stats update
[23:11:10.712] [FrameStats] frame stats update
[23:11:10.716] [FrameStats] frame stats update
[23:11:10.722] [FrameStats] frame stats update
[23:11:10.729] [FrameStats] frame stats update
[23:11:10.733] [FrameStats] frame stats update
[23:11:10.738] [FrameStats] frame stats update
[23:11:10.743] [FrameStats] frame stats update
[23:11:10.749] [FrameStats] frame stats update
[23:11:10.753] [FrameStats] frame stats update
[23:11:10.759] [FrameStats] frame stats update
[23:11:10.763] [FrameStats] frame stats update
[23:11:10.770] [FrameStats] frame stats update
[23:11:10.773] [FrameStats] frame stats update
[23:11:10.780] [FrameStats] frame stats update
[23:11:10.784] [FrameStats] frame stats update
[23:11:10.791] [FrameStats] frame stats update
[23:11:10.795] [FrameStats] frame stats update
[23:11:10.801] [FrameStats] frame stats update
[23:11:10.805] [FrameStats] frame stats update
[23:11:10.812] [FrameStats] frame stats update
[23:11:10.815] [FrameStats] frame stats update
[23:11:10.822] [FrameStats] frame stats update
[23:11:10.829] [FrameStats] frame stats update
[23:11:10.832] [FrameStats] frame stats update
[23:11:10.839] [FrameStats] frame stats update
[23:11:10.842] [FrameStats] frame stats update
[23:11:10.849] [FrameStats] frame stats update
[23:11:10.854] [FrameStats] frame stats update
[23:11:10.859] [FrameStats] frame stats update
[23:11:10.863] [FrameStats] frame stats update
[23:11:10.870] [FrameStats] frame stats update
[23:11:10.874] [FrameStats] frame stats update
[23:11:10.880] [FrameStats] frame stats update
[23:11:10.884] [FrameStats] frame stats update
[23:11:10.891] [FrameStats] frame stats update
[23:11:10.895] [FrameStats] frame stats update
[23:11:10.901] [FrameStats] frame stats update
[23:11:10.905] [FrameStats] frame stats update
[23:11:10.912] [FrameStats] frame stats update
[23:11:10.915] [FrameStats] frame stats update
[23:11:10.922] [FrameStats] frame stats update
[23:11:10.928] [FrameStats] frame stats update
[23:11:10.932] [FrameStats] frame stats update
[23:11:10.938] [FrameStats] frame stats update
[23:11:10.942] [FrameStats] frame stats update
[23:11:10.949] [FrameStats] frame stats update
[23:11:10.953] [FrameStats] frame stats update
[23:11:10.959] [FrameStats] frame stats update
[23:11:10.964] [FrameStats] frame stats update
[23:11:10.970] [FrameStats] frame stats update
[23:11:10.974] [FrameStats] frame stats update
[23:11:10.980] [FrameStats] frame stats update
[23:11:10.984] [FrameStats] frame stats update
[23:11:10.991] [FrameStats] frame stats update
[23:11:10.995] [FrameStats] frame stats update
[23:11:11.001] [FrameStats] frame stats update
[23:11:11.005] [FrameStats] frame stats update
[23:11:11.012] [FrameStats] frame stats update
[23:11:11.015] [FrameStats] frame stats update
[23:11:11.022] [FrameStats] frame stats update
[23:11:11.029] [FrameStats] frame stats update
[23:11:11.032] [FrameStats] frame stats update
[23:11:11.038] [FrameStats] frame stats update
[23:11:11.043] [FrameStats] frame stats update
[23:11:11.049] [FrameStats] frame stats update
[23:11:11.053] [FrameStats] frame stats update
[23:11:11.059] [FrameStats] frame stats update
[23:11:11.063] [FrameStats] frame stats update
[23:11:11.070] [FrameStats] frame stats update
[23:11:11.073] [FrameStats] frame stats update
[23:11:11.080] [FrameStats] frame stats update
[23:11:11.084] [FrameStats] frame stats update
[23:11:11.092] [FrameStats] frame stats update
[23:11:11.095] [FrameStats] frame stats update
[23:11:11.101] [FrameStats] frame stats update
[23:11:11.105] [FrameStats] frame stats update
[23:11:11.112] [FrameStats] frame stats update
[23:11:11.116] [FrameStats] frame stats update
[23:11:11.122] [FrameStats] frame stats update
[23:11:11.129] [FrameStats] frame stats update
[23:11:11.133] [FrameStats] frame stats update
[23:11:11.138] [FrameStats] frame stats update
[23:11:11.143] [FrameStats] frame stats update
[23:11:11.149] [FrameStats] frame stats update
[23:11:11.153] [FrameStats] frame stats update
[23:11:11.159] [FrameStats] frame stats update
[23:11:11.164] [FrameStats] frame stats update
[23:11:11.170] [FrameStats] frame stats update
[23:11:11.173] [FrameStats] frame stats update
[23:11:11.180] [FrameStats] frame stats update
[23:11:11.184] [FrameStats] frame stats update
[23:11:11.191] [FrameStats] frame stats update
[23:11:11.198] [FrameStats] frame stats update
[23:11:11.205] [FrameStats] frame stats update
[23:11:11.212] [FrameStats] frame stats update
[23:11:11.215] [FrameStats] frame stats update
[23:11:11.222] [FrameStats] frame stats update
[23:11:11.229] [FrameStats] frame stats update
[23:11:11.232] [FrameStats] frame stats update
[23:11:11.239] [FrameStats] frame stats update
[23:11:11.243] [FrameStats] frame stats update
[23:11:11.249] [FrameStats] frame stats update
[23:11:11.253] [FrameStats] frame stats update
[23:11:11.259] [FrameStats] frame stats update
[23:11:11.264] [FrameStats] frame stats update
[23:11:11.270] [FrameStats] frame stats update
[23:11:11.275] [FrameStats] frame stats update
[23:11:11.281] [FrameStats] frame stats update
[23:11:11.285] [FrameStats] frame stats update
[23:11:11.295] [FrameStats] frame stats update
[23:11:11.299] [FrameStats] frame stats update
[23:11:11.306] [FrameStats] frame stats update
[23:11:11.311] [FrameStats] frame stats update
[23:11:11.315] [FrameStats] frame stats update
[23:11:11.322] [FrameStats] frame stats update
[23:11:11.329] [FrameStats] frame stats update
[23:11:11.335] [FrameStats] frame stats update
[23:11:11.338] [FrameStats] frame stats update
[23:11:11.343] [FrameStats] frame stats update
[23:11:11.349] [FrameStats] frame stats update
[23:11:11.353] [FrameStats] frame stats update
[23:11:11.360] [FrameStats] frame stats update
[23:11:11.364] [FrameStats] frame stats update
[23:11:11.370] [FrameStats] frame stats update
[23:11:11.376] [FrameStats] frame stats update
[23:11:11.380] [FrameStats] frame stats update
[23:11:11.385] [FrameStats] frame stats update
[23:11:11.390] [FrameStats] frame stats update
[23:11:11.394] [FrameStats] frame stats update
[23:11:11.401] [FrameStats] frame stats update
[23:11:11.405] [FrameStats] frame stats update
[23:11:11.411] [FrameStats] frame stats update
[23:11:11.415] [FrameStats] frame stats update
[23:11:11.422] [FrameStats] frame stats update
[23:11:11.428] [FrameStats] frame stats update
[23:11:11.432] [FrameStats] frame stats update
[23:11:11.439] [FrameStats] frame stats update
[23:11:11.442] [FrameStats] frame stats update
[23:11:11.449] [FrameStats] frame stats update
[23:11:11.453] [FrameStats] frame stats update
[23:11:11.460] [FrameStats] frame stats update
[23:11:11.463] [FrameStats] frame stats update
[23:11:11.470] [FrameStats] frame stats update
[23:11:11.474] [FrameStats] frame stats update
[23:11:11.480] [FrameStats] frame stats update
[23:11:11.484] [FrameStats] frame stats update
[23:11:11.491] [FrameStats] frame stats update
[23:11:11.495] [FrameStats] frame stats update
[23:11:11.501] [FrameStats] frame stats update
[23:11:11.505] [FrameStats] frame stats update
[23:11:11.511] [FrameStats] frame stats update
[23:11:11.515] [FrameStats] frame stats update
[23:11:11.522] [FrameStats] frame stats update
[23:11:11.527] [FrameStats] frame stats update
[23:11:11.531] [FrameStats] frame stats update
[23:11:11.539] [FrameStats] frame stats update
[23:11:11.543] [FrameStats] frame stats update
[23:11:11.553] [FrameStats] frame stats update
[23:11:11.558] [FrameStats] frame stats update
[23:11:11.564] [FrameStats] frame stats update
[23:11:11.569] [FrameStats] frame stats update
[23:11:11.573] [FrameStats] frame stats update
[23:11:11.580] [FrameStats] frame stats update
[23:11:11.585] [FrameStats] frame stats update
[23:11:11.595] [FrameStats] frame stats update
[23:11:11.599] [FrameStats] frame stats update
[23:11:11.605] [FrameStats] frame stats update
[23:11:11.611] [FrameStats] frame stats update
[23:11:11.615] [FrameStats] frame stats update
[23:11:11.622] [FrameStats] frame stats update
[23:11:11.626] [FrameStats] frame stats update
[23:11:11.633] [FrameStats] frame stats update
[23:11:11.637] [FrameStats] frame stats update
[23:11:11.643] [FrameStats] frame stats update
[23:11:11.649] [FrameStats] frame stats update
[23:11:11.653] [FrameStats] frame stats update
[23:11:11.660] [FrameStats] frame stats update
[23:11:11.664] [FrameStats] frame stats update
[23:11:11.670] [FrameStats] frame stats update
[23:11:11.675] [FrameStats] frame stats update
[23:11:11.681] [FrameStats] frame stats update
[23:11:11.685] [FrameStats] frame stats update
[23:11:11.699] [FrameStats] frame stats update
[23:11:11.702] [FrameStats] frame stats update
[23:11:11.711] [FrameStats] frame stats update
[23:11:11.715] [FrameStats] frame stats update
[23:11:11.722] [FrameStats] frame stats update
[23:11:11.726] [FrameStats] frame stats update
[23:11:11.731] [FrameStats] frame stats update
[23:11:11.736] [FrameStats] frame stats update
[23:11:11.743] [FrameStats] frame stats update
[23:11:11.749] [FrameStats] frame stats update
[23:11:11.753] [FrameStats] frame stats update
[23:11:11.759] [FrameStats] frame stats update
[23:11:11.763] [FrameStats] frame stats update
[23:11:11.769] [FrameStats] frame stats update
[23:11:11.774] [FrameStats] frame stats update
[23:11:11.780] [FrameStats] frame stats update
[23:11:11.785] [FrameStats] frame stats update
[23:11:11.790] [FrameStats] frame stats update
[23:11:11.795] [FrameStats] frame stats update
[23:11:11.801] [FrameStats] frame stats update
[23:11:11.805] [FrameStats] frame stats update
[23:11:11.812] [FrameStats] frame stats update
[23:11:11.815] [FrameStats] frame stats update
[23:11:11.822] [FrameStats] frame stats update
[23:11:11.826] [FrameStats] frame stats update
[23:11:11.832] [FrameStats] frame stats update
[23:11:11.837] [FrameStats] frame stats update
[23:11:11.842] [FrameStats] frame stats update
[23:11:11.849] [FrameStats] frame stats update
[23:11:11.852] [FrameStats] frame stats update
[23:11:11.859] [FrameStats] frame stats update
[23:11:11.863] [FrameStats] frame stats update
[23:11:11.870] [FrameStats] frame stats update
[23:11:11.874] [FrameStats] frame stats update
[23:11:11.880] [FrameStats] frame stats update
[23:11:11.884] [FrameStats] frame stats update
[23:11:11.891] [FrameStats] frame stats update
[23:11:11.894] [FrameStats] frame stats update
[23:11:11.901] [FrameStats] frame stats update
[23:11:11.905] [FrameStats] frame stats update
[23:11:11.911] [FrameStats] frame stats update
[23:11:11.916] [FrameStats] frame stats update
[23:11:11.922] [FrameStats] frame stats update
[23:11:11.926] [FrameStats] frame stats update
[23:11:11.932] [FrameStats] frame stats update
[23:11:11.937] [FrameStats] frame stats update
[23:11:11.943] [FrameStats] frame stats update
[23:11:11.949] [FrameStats] frame stats update
[23:11:11.953] [FrameStats] frame stats update
[23:11:11.960] [FrameStats] frame stats update
[23:11:11.964] [FrameStats] frame stats update
[23:11:11.970] [FrameStats] frame stats update
[23:11:11.976] [FrameStats] frame stats update
[23:11:11.981] [FrameStats] frame stats update
[23:11:11.985] [FrameStats] frame stats update
[23:11:11.995] [FrameStats] frame stats update
[23:11:11.999] [FrameStats] frame stats update
[23:11:12.005] [FrameStats] frame stats update
[23:11:12.011] [FrameStats] frame stats update
[23:11:12.015] [FrameStats] frame stats update
[23:11:12.022] [FrameStats] frame stats update
[23:11:12.027] [FrameStats] frame stats update
[23:11:12.037] [FrameStats] frame stats update
[23:11:12.041] [FrameStats] frame stats update
[23:11:12.049] [FrameStats] frame stats update
[23:11:12.053] [FrameStats] frame stats update
[23:11:12.059] [FrameStats] frame stats update
[23:11:12.064] [FrameStats] frame stats update
[23:11:12.070] [FrameStats] frame stats update
[23:11:12.076] [FrameStats] frame stats update
[23:11:12.081] [FrameStats] frame stats update
[23:11:12.091] [FrameStats] frame stats update
[23:11:12.095] [FrameStats] frame stats update
[23:11:12.101] [FrameStats] frame stats update
[23:11:12.105] [FrameStats] frame stats update
[23:11:12.111] [FrameStats] frame stats update
[23:11:12.115] [FrameStats] frame stats update
[23:11:12.122] [FrameStats] frame stats update
[23:11:12.126] [FrameStats] frame stats update
[23:11:12.132] [FrameStats] frame stats update
[23:11:12.136] [FrameStats] frame stats update
[23:11:12.143] [FrameStats] frame stats update
[23:11:12.148] [FrameStats] frame stats update
[23:11:12.152] [FrameStats] frame stats update
[23:11:12.159] [FrameStats] frame stats update
[23:11:12.163] [FrameStats] frame stats update
[23:11:12.170] [FrameStats] frame stats update
[23:11:12.174] [FrameStats] frame stats update
[23:11:12.180] [FrameStats] frame stats update
[23:11:12.184] [FrameStats] frame stats update
[23:11:12.190] [FrameStats] frame stats update
[23:11:12.194] [FrameStats] frame stats update
[23:11:12.201] [FrameStats] frame stats update
[23:11:12.206] [FrameStats] frame stats update
[23:11:12.215] [FrameStats] frame stats update
[23:11:12.219] [FrameStats] frame stats update
[23:11:12.226] [FrameStats] frame stats update
[23:11:12.232] [FrameStats] frame stats update
[23:11:12.236] [FrameStats] frame stats update
[23:11:12.242] [FrameStats] frame stats update
[23:11:12.249] [FrameStats] frame stats update
[23:11:12.253] [FrameStats] frame stats update
[23:11:12.259] [FrameStats] frame stats update
[23:11:12.263] [FrameStats] frame stats update
[23:11:12.269] [FrameStats] frame stats update
[23:11:12.273] [FrameStats] frame stats update
[23:11:12.280] [FrameStats] frame stats update
[23:11:12.284] [FrameStats] frame stats update
[23:11:12.294] [FrameStats] frame stats update
[23:11:12.299] [FrameStats] frame stats update
[23:11:12.305] [FrameStats] frame stats update
[23:11:12.311] [FrameStats] frame stats update
[23:11:12.315] [FrameStats] frame stats update
[23:11:12.322] [FrameStats] frame stats update
[23:11:12.326] [FrameStats] frame stats update
[23:11:12.332] [FrameStats] frame stats update
[23:11:12.335] [FrameStats] frame stats update
[23:11:12.343] [FrameStats] frame stats update
[23:11:12.349] [FrameStats] frame stats update
[23:11:12.353] [FrameStats] frame stats update
[23:11:12.359] [FrameStats] frame stats update
[23:11:12.363] [FrameStats] frame stats update
[23:11:12.370] [FrameStats] frame stats update
[23:11:12.373] [FrameStats] frame stats update
[23:11:12.380] [FrameStats] frame stats update
[23:11:12.384] [FrameStats] frame stats update
[23:11:12.390] [FrameStats] frame stats update
[23:11:12.394] [FrameStats] frame stats update
[23:11:12.401] [FrameStats] frame stats update
[23:11:12.405] [FrameStats] frame stats update
[23:11:12.411] [FrameStats] frame stats update
[23:11:12.415] [FrameStats] frame stats update
[23:11:12.422] [FrameStats] frame stats update
[23:11:12.426] [FrameStats] frame stats update
[23:11:12.432] [FrameStats] frame stats update
[23:11:12.436] [FrameStats] frame stats update
[23:11:12.443] [FrameStats] frame stats update
[23:11:12.448] [FrameStats] frame stats update
[23:11:12.452] [FrameStats] frame stats update
[23:11:12.459] [FrameStats] frame stats update
[23:11:12.463] [FrameStats] frame stats update
[23:11:12.469] [FrameStats] frame stats update
[23:11:12.473] [FrameStats] frame stats update
[23:11:12.480] [FrameStats] frame stats update
[23:11:12.484] [FrameStats] frame stats update
[23:11:12.490] [FrameStats] frame stats update
[23:11:12.496] [FrameStats] frame stats update
[23:11:12.507] [FrameStats] have options menu
[23:11:12.507] [FrameStats] added frame stats settings
[23:11:12.510] [FrameStats] frame stats update
[23:11:12.514] [FrameStats] frame stats update
[23:11:12.522] [FrameStats] frame stats update
[23:11:12.527] [FrameStats] frame stats update
[23:11:12.534] [FrameStats] frame stats update
[23:11:12.543] [FrameStats] frame stats update
[23:11:12.549] [FrameStats] frame stats update
[23:11:12.553] [FrameStats] frame stats update
[23:11:12.559] [FrameStats] frame stats update
[23:11:12.563] [FrameStats] frame stats update
[23:11:12.569] [FrameStats] frame stats update
[23:11:12.573] [FrameStats] frame stats update
[23:11:12.580] [FrameStats] frame stats update
[23:11:12.584] [FrameStats] frame stats update
[23:11:12.591] [FrameStats] frame stats update
[23:11:12.597] [FrameStats] frame stats update
[23:11:12.601] [FrameStats] frame stats update
[23:11:12.605] [FrameStats] frame stats update
[23:11:12.611] [FrameStats] frame stats update
[23:11:12.615] [FrameStats] frame stats update
[23:11:12.622] [FrameStats] frame stats update
[23:11:12.626] [FrameStats] frame stats update
[23:11:12.636] [FrameStats] frame stats update
[23:11:12.640] [FrameStats] frame stats update
[23:11:12.649] [FrameStats] frame stats update
[23:11:12.653] [FrameStats] frame stats update
[23:11:12.659] [FrameStats] frame stats update
[23:11:12.664] [FrameStats] frame stats update
[23:11:12.669] [FrameStats] frame stats update
[23:11:12.673] [FrameStats] frame stats update
[23:11:12.680] [FrameStats] frame stats update
[23:11:12.684] [FrameStats] frame stats update
[23:11:12.691] [FrameStats] frame stats update
[23:11:12.696] [FrameStats] frame stats update
[23:11:12.701] [FrameStats] frame stats update
[23:11:12.705] [FrameStats] frame stats update
[23:11:12.712] [FrameStats] frame stats update
[23:11:12.716] [FrameStats] frame stats update
[23:11:12.721] [FrameStats] frame stats update
[23:11:12.726] [FrameStats] frame stats update
[23:11:12.732] [FrameStats] frame stats update
[23:11:12.736] [FrameStats] frame stats update
[23:11:12.743] [FrameStats] frame stats update
[23:11:12.749] [FrameStats] frame stats update
[23:11:12.753] [FrameStats] frame stats update
[23:11:12.759] [FrameStats] frame stats update
[23:11:12.764] [FrameStats] frame stats update
[23:11:12.770] [FrameStats] frame stats update
[23:11:12.774] [FrameStats] frame stats update
[23:11:12.780] [FrameStats] frame stats update
[23:11:12.784] [FrameStats] frame stats update
[23:11:12.791] [FrameStats] frame stats update
[23:11:12.796] [FrameStats] frame stats update
[23:11:12.801] [FrameStats] frame stats update
[23:11:12.805] [FrameStats] frame stats update
[23:11:12.816] [FrameStats] frame stats update
[23:11:12.821] [FrameStats] frame stats update
[23:11:12.826] [FrameStats] frame stats update
[23:11:12.833] [FrameStats] frame stats update
[23:11:12.839] [FrameStats] frame stats update
[23:11:12.843] [FrameStats] frame stats update
[23:11:12.853] [FrameStats] frame stats update
[23:11:12.858] [FrameStats] frame stats update
[23:11:12.863] [FrameStats] frame stats update
[23:11:12.870] [FrameStats] frame stats update
[23:11:12.874] [FrameStats] frame stats update
[23:11:12.880] [FrameStats] frame stats update
[23:11:12.884] [FrameStats] frame stats update
[23:11:12.891] [FrameStats] frame stats update
[23:11:12.895] [FrameStats] frame stats update
[23:11:12.901] [FrameStats] frame stats update
[23:11:12.906] [FrameStats] frame stats update
[23:11:12.912] [FrameStats] frame stats update
[23:11:12.916] [FrameStats] frame stats update
[23:11:12.922] [FrameStats] frame stats update
[23:11:12.926] [FrameStats] frame stats update
[23:11:12.933] [FrameStats] frame stats update
[23:11:12.937] [FrameStats] frame stats update
[23:11:12.942] [FrameStats] frame stats update
[23:11:12.948] [FrameStats] frame stats update
[23:11:12.953] [FrameStats] frame stats update
[23:11:12.959] [FrameStats] frame stats update
[23:11:12.963] [FrameStats] frame stats update
[23:11:12.970] [FrameStats] frame stats update
[23:11:12.974] [FrameStats] frame stats update
[23:11:12.981] [FrameStats] frame stats update
[23:11:12.985] [FrameStats] frame stats update
[23:11:12.995] [FrameStats] frame stats update
[23:11:13.000] [FrameStats] frame stats update
[23:11:13.005] [FrameStats] frame stats update
[23:11:13.012] [FrameStats] frame stats update
[23:11:13.018] [FrameStats] frame stats update
[23:11:13.022] [FrameStats] frame stats update
[23:11:13.032] [FrameStats] frame stats update
[23:11:13.037] [FrameStats] frame stats update
[23:11:13.043] [FrameStats] frame stats update
[23:11:13.049] [FrameStats] frame stats update
[23:11:13.062] [FrameStats] frame stats update
[23:11:13.069] [FrameStats] frame stats update
[23:11:13.073] [FrameStats] frame stats update
[23:11:13.080] [FrameStats] frame stats update
[23:11:13.084] [FrameStats] frame stats update
[23:11:13.090] [FrameStats] frame stats update
[23:11:13.095] [FrameStats] frame stats update
[23:11:13.101] [FrameStats] frame stats update
[23:11:13.105] [FrameStats] frame stats update
[23:11:13.111] [FrameStats] frame stats update
[23:11:13.115] [FrameStats] frame stats update
[23:11:13.122] [FrameStats] frame stats update
[23:11:13.126] [FrameStats] frame stats update
[23:11:13.132] [FrameStats] frame stats update
[23:11:13.136] [FrameStats] frame stats update
[23:11:13.143] [FrameStats] frame stats update
[23:11:13.149] [FrameStats] frame stats update
[23:11:13.154] [FrameStats] frame stats update
[23:11:13.159] [FrameStats] frame stats update
[23:11:13.163] [FrameStats] frame stats update
[23:11:13.170] [FrameStats] frame stats update
[23:11:13.174] [FrameStats] frame stats update
[23:11:13.180] [FrameStats] frame stats update
[23:11:13.184] [FrameStats] frame stats update
[23:11:13.191] [FrameStats] frame stats update
[23:11:13.196] [FrameStats] frame stats update
[23:11:13.204] [FrameStats] frame stats update
[23:11:13.212] [FrameStats] frame stats update
[23:11:13.216] [FrameStats] frame stats update
[23:11:13.222] [FrameStats] frame stats update
[23:11:13.226] [FrameStats] frame stats update
[23:11:13.237] [FrameStats] frame stats update
[23:11:13.241] [FrameStats] frame stats update
[23:11:13.248] [FrameStats] frame stats update
[23:11:13.253] [FrameStats] frame stats update
[23:11:13.259] [FrameStats] frame stats update
[23:11:13.264] [FrameStats] frame stats update
[23:11:13.270] [FrameStats] frame stats update
[23:11:13.274] [FrameStats] frame stats update
[23:11:13.280] [FrameStats] frame stats update
[23:11:13.284] [FrameStats] frame stats update
[23:11:13.290] [FrameStats] frame stats update
[23:11:13.294] [FrameStats] frame stats update
[23:11:13.301] [FrameStats] frame stats update
[23:11:13.306] [FrameStats] frame stats update
[23:11:13.312] [FrameStats] frame stats update
[23:11:13.318] [FrameStats] frame stats update
[23:11:13.322] [FrameStats] frame stats update
[23:11:13.332] [FrameStats] frame stats update
[23:11:13.337] [FrameStats] frame stats update
[23:11:13.343] [FrameStats] frame stats update
[23:11:13.349] [FrameStats] frame stats update
[23:11:13.355] [FrameStats] frame stats update
[23:11:13.359] [FrameStats] frame stats update
[23:11:13.364] [FrameStats] frame stats update
[23:11:13.370] [FrameStats] frame stats update
[23:11:13.376] [FrameStats] frame stats update
[23:11:13.380] [FrameStats] frame stats update
[23:11:13.384] [FrameStats] frame stats update
[23:11:13.390] [FrameStats] frame stats update
[23:11:13.394] [FrameStats] frame stats update
[23:11:13.401] [FrameStats] frame stats update
[23:11:13.405] [FrameStats] frame stats update
[23:11:13.411] [FrameStats] frame stats update
[23:11:13.415] [FrameStats] frame stats update
[23:11:13.422] [FrameStats] frame stats update
[23:11:13.426] [FrameStats] frame stats update
[23:11:13.437] [FrameStats] frame stats update
[23:11:13.441] [FrameStats] frame stats update
[23:11:13.449] [FrameStats] frame stats update
[23:11:13.453] [FrameStats] frame stats update
[23:11:13.459] [FrameStats] frame stats update
[23:11:13.463] [FrameStats] frame stats update
[23:11:13.470] [FrameStats] frame stats update
[23:11:13.474] [FrameStats] frame stats update
[23:11:13.480] [FrameStats] frame stats update
[23:11:13.484] [FrameStats] frame stats update
[23:11:13.491] [FrameStats] frame stats update
[23:11:13.497] [FrameStats] frame stats update
[23:11:13.501] [FrameStats] frame stats update
[23:11:13.505] [FrameStats] frame stats update
[23:11:13.511] [FrameStats] frame stats update
[23:11:13.516] [FrameStats] frame stats update
[23:11:13.522] [FrameStats] frame stats update
[23:11:13.526] [FrameStats] frame stats update
[23:11:13.532] [FrameStats] frame stats update
[23:11:13.536] [FrameStats] frame stats update
[23:11:13.542] [FrameStats] frame stats update
[23:11:13.549] [FrameStats] frame stats update
[23:11:13.553] [FrameStats] frame stats update
[23:11:13.559] [FrameStats] frame stats update
[23:11:13.563] [FrameStats] frame stats update
[23:11:13.569] [FrameStats] frame stats update
[23:11:13.573] [FrameStats] frame stats update
[23:11:13.580] [FrameStats] frame stats update
[23:11:13.584] [FrameStats] frame stats update
[23:11:13.590] [FrameStats] frame stats update
[23:11:13.593] [FrameStats] frame stats update
[23:11:13.601] [FrameStats] frame stats update
[23:11:13.605] [FrameStats] frame stats update
[23:11:13.611] [FrameStats] frame stats update
[23:11:13.614] [FrameStats] frame stats update
[23:11:13.622] [FrameStats] frame stats update
[23:11:13.626] [FrameStats] frame stats update
[23:11:13.632] [FrameStats] frame stats update
[23:11:13.635] [FrameStats] frame stats update
[23:11:13.643] [FrameStats] frame stats update
[23:11:13.648] [FrameStats] frame stats update
[23:11:13.652] [FrameStats] frame stats update
[23:11:13.659] [FrameStats] frame stats update
[23:11:13.663] [FrameStats] frame stats update
[23:11:13.669] [FrameStats] frame stats update
[23:11:13.673] [FrameStats] frame stats update
[23:11:13.680] [FrameStats] frame stats update
[23:11:13.684] [FrameStats] frame stats update
[23:11:13.690] [FrameStats] frame stats update
[23:11:13.693] [FrameStats] frame stats update
[23:11:13.701] [FrameStats] frame stats update
[23:11:13.705] [FrameStats] frame stats update
[23:11:13.711] [FrameStats] frame stats update
[23:11:13.714] [FrameStats] frame stats update
[23:11:13.722] [FrameStats] frame stats update
[23:11:13.726] [FrameStats] frame stats update
[23:11:13.731] [FrameStats] frame stats update
[23:11:13.735] [FrameStats] frame stats update
[23:11:13.742] [FrameStats] frame stats update
[23:11:13.748] [FrameStats] frame stats update
[23:11:13.752] [FrameStats] frame stats update
[23:11:13.759] [FrameStats] frame stats update
[23:11:13.763] [FrameStats] frame stats update
[23:11:13.769] [FrameStats] frame stats update
[23:11:13.772] [FrameStats] frame stats update
[23:11:13.781] [FrameStats] frame stats update
[23:11:13.784] [FrameStats] frame stats update
[23:11:13.790] [FrameStats] frame stats update
[23:11:13.793] [FrameStats] frame stats update
[23:11:13.801] [FrameStats] frame stats update
[23:11:13.805] [FrameStats] frame stats update
[23:11:13.811] [FrameStats] frame stats update
[23:11:13.815] [FrameStats] frame stats update
[23:11:13.822] [FrameStats] frame stats update
[23:11:13.825] [FrameStats] frame stats update
[23:11:13.832] [FrameStats] frame stats update
[23:11:13.835] [FrameStats] frame stats update
[23:11:13.842] [FrameStats] frame stats update
[23:11:13.848] [FrameStats] frame stats update
[23:11:13.852] [FrameStats] frame stats update
[23:11:13.859] [FrameStats] Toggle: False
[23:11:16.321] [FrameStats] lost options menu
[23:11:21.128] [FrameStats] frame stats updater destroyed
[23:11:21.286] [FrameStats] scene MainMenu loaded, index 0
