
[23:11:39.148] ------------------------------
[23:11:39.173] MelonLoader v0.7.0 Open-Beta
[23:11:39.174] OS: Windows 11
[23:11:39.175] Hash Code: F2DCA88FB1569FD6750096CED35BBB808C50BA273E0D295347A24385B0B764CA
[23:11:39.175] ------------------------------
[23:11:39.176] Game Type: MonoBleedingEdge
[23:11:39.176] Game Arch: x64
[23:11:39.177] ------------------------------
[23:11:39.177] Command-Line: 
[23:11:39.177] ------------------------------
[23:11:39.178] Core::BasePath = C:\Users\Pytho\Projects\SDFrameStatsMod\StellarDrive_0.6.5
[23:11:39.178] Game::BasePath = C:\Users\Pytho\Projects\SDFrameStatsMod\StellarDrive_0.6.5
[23:11:39.185] Game::DataPath = C:\Users\Pytho\Projects\SDFrameStatsMod\StellarDrive_0.6.5\StellarDrive_Data
[23:11:39.185] Game::ApplicationPath = C:\Users\Pytho\Projects\SDFrameStatsMod\StellarDrive_0.6.5\StellarDrive.exe
[23:11:39.185] Runtime Type: net35
[23:11:39.258] ------------------------------
[23:11:39.258] Game Name: StellarDrive
[23:11:39.258] Game Developer: CuriousOwlGames
[23:11:39.260] Unity Version: 2022.3.11f1
[23:11:39.260] Game Version: UNKNOWN
[23:11:39.261] ------------------------------

[23:11:39.513] Preferences Loaded!

[23:11:39.532] Loading UserLibs...
[23:11:39.552] ------------------------------
[23:11:39.556] Melon Assembly loaded: '.\UserLibs\HidSharp.dll'
[23:11:39.556] SHA256 Hash: '61EB2E22A5620D789A23D389F1AF9D38FAFF4D85F46ADEDBC28FB22CFEC61BF9'
[23:11:39.563] Melon Assembly loaded: '.\UserLibs\LibreHardwareMonitorLib.dll'
[23:11:39.563] SHA256 Hash: '99B39B0B0AC865C38A33DFF7DEE080FF17AAC3337B2332812CA2D7BB13C89460'
[23:11:39.564] Melon Assembly loaded: '.\UserLibs\Microsoft.Win32.Registry.dll'
[23:11:39.564] SHA256 Hash: 'D641EB0065BD5CDB541C5BF0D2FF976720D35D62416AB959727651ABF0ABA2CA'
[23:11:39.565] Melon Assembly loaded: '.\UserLibs\System.Buffers.dll'
[23:11:39.565] SHA256 Hash: 'C65FFF603B283DC966D1A8B730C11D5E5E750E8021BD24640612F6CC3F2C6FB7'
[23:11:39.567] Melon Assembly loaded: '.\UserLibs\System.CodeDom.dll'
[23:11:39.567] SHA256 Hash: 'CF18C822A341A3932FC8C08D7F21BF015F7E3C2696619560C94B63629341376A'
[23:11:39.568] Melon Assembly loaded: '.\UserLibs\System.IO.FileSystem.AccessControl.dll'
[23:11:39.568] SHA256 Hash: 'D2D6CD3FEF822959B68A68A6AF6096963BBE6493D90E16F0AF65FEDE25D85F32'
[23:11:39.569] Melon Assembly loaded: '.\UserLibs\System.IO.Ports.dll'
[23:11:39.569] SHA256 Hash: 'B1ECEF838C8B833BE76D1EF75AD8A0B1FAD805FC951136C9E5256FD3CF15FC1B'
[23:11:39.571] Melon Assembly loaded: '.\UserLibs\System.Management.dll'
[23:11:39.572] SHA256 Hash: '205BF789DD38D8ABC5FDC9CD8653469400ED9D6386B07384609848B9C95D7721'
[23:11:39.573] Melon Assembly loaded: '.\UserLibs\System.Memory.dll'
[23:11:39.573] SHA256 Hash: 'D2E3949FCF3A3B3A20BB9A568A4DA582D9A90D64F34C0BDC07C9029BFE8F1858'
[23:11:39.576] Melon Assembly loaded: '.\UserLibs\System.Numerics.Vectors.dll'
[23:11:39.576] SHA256 Hash: '2324EE5A35674269225E2AA20957CE8830DBCA0CFFB918BD593F7A3222DEE480'
[23:11:39.577] Melon Assembly loaded: '.\UserLibs\System.Runtime.CompilerServices.Unsafe.dll'
[23:11:39.577] SHA256 Hash: 'BFC8F02A96934786CA5A0514A3B657021C12542E215E94B78FDCC74BFEFFE3D3'
[23:11:39.578] Melon Assembly loaded: '.\UserLibs\System.Security.AccessControl.dll'
[23:11:39.579] SHA256 Hash: '93084849C17A21F641C13C9F17545CFE18C1EC097561F3F0EBBBE26F358BA120'
[23:11:39.580] Melon Assembly loaded: '.\UserLibs\System.Security.Principal.Windows.dll'
[23:11:39.580] SHA256 Hash: '7828DFD952A9FD49404477BAFF714849177D9F18C0654ADAFADBDCAFB4B21F47'
[23:11:39.603] Melon Assembly loaded: '.\UserLibs\UniverseLib.Mono.dll'
[23:11:39.603] SHA256 Hash: '3B10913FFEAC9A0744583F0BB18218A5CFAFCBA467A7F9F99FA731E801A5A880'
[23:11:39.603] ------------------------------
[23:11:39.603] 0 UserLibs loaded.

[23:11:39.603] Loading Plugins...
[23:11:39.605] 0 Plugins loaded.


[23:11:40.447] Loading Mods...
[23:11:40.449] ------------------------------
[23:11:40.450] Melon Assembly loaded: '.\Mods\FrameStats.dll'
[23:11:40.450] SHA256 Hash: '7441202B3BF662CADA854649D92F2C31E6926D4B62491D6CD328D403B49CD041'
[23:11:40.466] Melon Assembly loaded: '.\Mods\UnityExplorer.ML.Mono.dll'
[23:11:40.466] SHA256 Hash: '7E6C95C5F0DB2D6B22F506AAD4D268A96250BD64D8E259B7E4073106250F36D2'

[23:11:40.490] ------------------------------
[23:11:40.490] FrameStats v1.0.0
[23:11:40.491] by oneshade
[23:11:40.491] Assembly: FrameStats.dll
[23:11:40.491] ------------------------------
[23:11:40.493] ------------------------------
[23:11:40.493] UnityExplorer v4.9.0
[23:11:40.493] by Sinai
[23:11:40.493] Assembly: UnityExplorer.ML.Mono.dll
[23:11:40.493] ------------------------------
[23:11:40.493] ------------------------------
[23:11:40.493] 2 Mods loaded.

[23:11:40.498] Support Module Loaded: C:\Users\Pytho\Projects\SDFrameStatsMod\StellarDrive_0.6.5\MelonLoader\Dependencies\SupportModules\Mono.dll
[23:11:40.521] [FrameStats] Loading asset bundle ui...
[23:11:40.535] [FrameStats]     Loaded asset FrameStatsPanel
[23:11:40.535] [FrameStats]     Loaded asset FrameStatsSettings
[23:11:40.538] [UnityExplorer] UnityExplorer 4.9.0 initializing...
[23:11:40.555] [UnityExplorer] [UniverseLib] UniverseLib 1.5.1 initializing...
[23:11:40.937] [UnityExplorer] [UniverseLib] Finished UniverseLib initial setup.
[23:11:40.942] [UnityExplorer] Initialized UnityCrashPrevention for: Canvas.get_renderingDisplaySize
[23:11:43.220] [FrameStats] scene MainMenu loaded, index 0
[23:11:44.825] [UnityExplorer] [UniverseLib] Initialized new InputSystem support.
[23:11:44.879] [UnityExplorer] [UniverseLib] Loaded modern bundle for Unity 2022.3.11f1
[23:11:44.896] [UnityExplorer] [UniverseLib] UniverseLib 1.5.1 initialized.
[23:11:44.898] [UnityExplorer] Creating UI...
[23:11:45.399] [UnityExplorer] UnityExplorer 4.9.0 (Mono) initialized.
[23:11:51.258] [FrameStats] scene MainGame loaded, index 1
[23:11:53.466] [FrameStats] frame stats updater awake
[23:11:53.466] [FrameStats] added frame stats panel
[23:11:58.302] [FrameStats] have options menu
[23:11:58.303] [FrameStats] added frame stats settings
[23:11:59.595] [FrameStats] Toggle: True
[23:11:59.600] [FrameStats] frame stats update
[23:11:59.610] [FrameStats] frame stats update
[23:11:59.614] [FrameStats] frame stats update
[23:11:59.623] [FrameStats] frame stats update
[23:11:59.627] [FrameStats] frame stats update
[23:11:59.632] [FrameStats] frame stats update
[23:11:59.637] [FrameStats] frame stats update
[23:11:59.643] [FrameStats] frame stats update
[23:11:59.647] [FrameStats] frame stats update
[23:11:59.653] [FrameStats] frame stats update
[23:11:59.657] [FrameStats] frame stats update
[23:11:59.664] [FrameStats] frame stats update
[23:11:59.668] [FrameStats] frame stats update
[23:11:59.674] [FrameStats] frame stats update
[23:11:59.678] [FrameStats] frame stats update
[23:11:59.686] [FrameStats] frame stats update
[23:11:59.689] [FrameStats] frame stats update
[23:11:59.695] [FrameStats] frame stats update
[23:11:59.699] [FrameStats] frame stats update
[23:11:59.706] [FrameStats] frame stats update
[23:11:59.710] [FrameStats] frame stats update
[23:11:59.716] [FrameStats] frame stats update
[23:11:59.722] [FrameStats] frame stats update
[23:11:59.728] [FrameStats] frame stats update
[23:11:59.732] [FrameStats] frame stats update
[23:11:59.744] [FrameStats] frame stats update
[23:11:59.748] [FrameStats] frame stats update
[23:11:59.753] [FrameStats] frame stats update
[23:11:59.757] [FrameStats] frame stats update
[23:11:59.769] [FrameStats] frame stats update
[23:11:59.773] [FrameStats] frame stats update
[23:11:59.778] [FrameStats] frame stats update
[23:11:59.785] [FrameStats] frame stats update
[23:11:59.789] [FrameStats] frame stats update
[23:11:59.795] [FrameStats] frame stats update
[23:11:59.799] [FrameStats] frame stats update
[23:11:59.806] [FrameStats] frame stats update
[23:11:59.810] [FrameStats] frame stats update
[23:11:59.816] [FrameStats] frame stats update
[23:11:59.822] [FrameStats] frame stats update
[23:11:59.826] [FrameStats] frame stats update
[23:11:59.832] [FrameStats] frame stats update
[23:11:59.836] [FrameStats] frame stats update
[23:11:59.849] [FrameStats] frame stats update
[23:11:59.853] [FrameStats] frame stats update
[23:11:59.858] [FrameStats] frame stats update
[23:11:59.865] [FrameStats] frame stats update
[23:11:59.870] [FrameStats] frame stats update
[23:11:59.874] [FrameStats] frame stats update
[23:11:59.885] [FrameStats] frame stats update
[23:11:59.889] [FrameStats] frame stats update
[23:11:59.895] [FrameStats] frame stats update
[23:11:59.899] [FrameStats] frame stats update
[23:11:59.910] [FrameStats] frame stats update
[23:11:59.914] [FrameStats] frame stats update
[23:11:59.923] [FrameStats] frame stats update
[23:11:59.927] [FrameStats] frame stats update
[23:11:59.932] [FrameStats] frame stats update
[23:11:59.936] [FrameStats] frame stats update
[23:11:59.948] [FrameStats] frame stats update
[23:11:59.951] [FrameStats] frame stats update
[23:11:59.957] [FrameStats] frame stats update
[23:11:59.964] [FrameStats] frame stats update
[23:11:59.968] [FrameStats] frame stats update
[23:11:59.974] [FrameStats] frame stats update
[23:11:59.978] [FrameStats] frame stats update
[23:11:59.986] [FrameStats] frame stats update
[23:11:59.990] [FrameStats] frame stats update
[23:11:59.995] [FrameStats] frame stats update
[23:11:59.999] [FrameStats] frame stats update
[23:12:00.010] [FrameStats] frame stats update
[23:12:00.014] [FrameStats] frame stats update
[23:12:00.023] [FrameStats] frame stats update
[23:12:00.027] [FrameStats] frame stats update
[23:12:00.032] [FrameStats] frame stats update
[23:12:00.037] [FrameStats] frame stats update
[23:12:00.047] [FrameStats] frame stats update
[23:12:00.052] [FrameStats] frame stats update
[23:12:00.058] [FrameStats] frame stats update
[23:12:00.064] [FrameStats] frame stats update
[23:12:00.070] [FrameStats] frame stats update
[23:12:00.074] [FrameStats] frame stats update
[23:12:00.085] [FrameStats] frame stats update
[23:12:00.089] [FrameStats] frame stats update
[23:12:00.095] [FrameStats] frame stats update
[23:12:00.099] [FrameStats] frame stats update
[23:12:00.110] [FrameStats] frame stats update
[23:12:00.114] [FrameStats] frame stats update
[23:12:00.123] [FrameStats] frame stats update
[23:12:00.127] [FrameStats] frame stats update
[23:12:00.132] [FrameStats] frame stats update
[23:12:00.137] [FrameStats] frame stats update
[23:12:00.148] [FrameStats] frame stats update
[23:12:00.152] [FrameStats] frame stats update
[23:12:00.158] [FrameStats] frame stats update
[23:12:00.164] [FrameStats] frame stats update
[23:12:00.171] [FrameStats] frame stats update
[23:12:00.174] [FrameStats] frame stats update
[23:12:00.186] [FrameStats] frame stats update
[23:12:00.190] [FrameStats] frame stats update
[23:12:00.195] [FrameStats] frame stats update
[23:12:00.200] [FrameStats] frame stats update
[23:12:00.210] [FrameStats] frame stats update
[23:12:00.215] [FrameStats] frame stats update
[23:12:00.223] [FrameStats] frame stats update
[23:12:00.228] [FrameStats] frame stats update
[23:12:00.232] [FrameStats] frame stats update
[23:12:00.237] [FrameStats] frame stats update
[23:12:00.248] [FrameStats] frame stats update
[23:12:00.252] [FrameStats] frame stats update
[23:12:00.258] [FrameStats] frame stats update
[23:12:00.265] [FrameStats] frame stats update
[23:12:00.270] [FrameStats] frame stats update
[23:12:00.275] [FrameStats] frame stats update
[23:12:00.286] [FrameStats] frame stats update
[23:12:00.291] [FrameStats] frame stats update
[23:12:00.295] [FrameStats] frame stats update
[23:12:00.306] [FrameStats] frame stats update
[23:12:00.310] [FrameStats] frame stats update
[23:12:00.316] [FrameStats] frame stats update
[23:12:00.323] [FrameStats] frame stats update
[23:12:00.328] [FrameStats] frame stats update
[23:12:00.333] [FrameStats] frame stats update
[23:12:00.337] [FrameStats] frame stats update
[23:12:00.348] [FrameStats] frame stats update
[23:12:00.352] [FrameStats] frame stats update
[23:12:00.357] [FrameStats] frame stats update
[23:12:00.364] [FrameStats] frame stats update
[23:12:00.369] [FrameStats] frame stats update
[23:12:00.374] [FrameStats] frame stats update
[23:12:00.378] [FrameStats] frame stats update
[23:12:00.385] [FrameStats] frame stats update
[23:12:00.389] [FrameStats] frame stats update
[23:12:00.395] [FrameStats] frame stats update
[23:12:00.399] [FrameStats] frame stats update
[23:12:00.411] [FrameStats] frame stats update
[23:12:00.414] [FrameStats] frame stats update
[23:12:00.422] [FrameStats] frame stats update
[23:12:00.426] [FrameStats] frame stats update
[23:12:00.432] [FrameStats] frame stats update
[23:12:00.436] [FrameStats] frame stats update
[23:12:00.448] [FrameStats] frame stats update
[23:12:00.452] [FrameStats] frame stats update
[23:12:00.458] [FrameStats] frame stats update
[23:12:00.465] [FrameStats] frame stats update
[23:12:00.470] [FrameStats] frame stats update
[23:12:00.475] [FrameStats] frame stats update
[23:12:00.486] [FrameStats] frame stats update
[23:12:00.490] [FrameStats] frame stats update
[23:12:00.495] [FrameStats] frame stats update
[23:12:00.500] [FrameStats] frame stats update
[23:12:00.510] [FrameStats] frame stats update
[23:12:00.515] [FrameStats] frame stats update
[23:12:00.523] [FrameStats] frame stats update
[23:12:00.527] [FrameStats] frame stats update
[23:12:00.532] [FrameStats] frame stats update
[23:12:00.537] [FrameStats] frame stats update
[23:12:00.544] [FrameStats] frame stats update
[23:12:00.549] [FrameStats] frame stats update
[23:12:00.553] [FrameStats] frame stats update
[23:12:00.565] [FrameStats] frame stats update
[23:12:00.569] [FrameStats] frame stats update
[23:12:00.574] [FrameStats] frame stats update
[23:12:00.579] [FrameStats] frame stats update
[23:12:00.586] [FrameStats] frame stats update
[23:12:00.591] [FrameStats] frame stats update
[23:12:00.595] [FrameStats] frame stats update
[23:12:00.607] [FrameStats] frame stats update
[23:12:00.611] [FrameStats] frame stats update
[23:12:00.616] [FrameStats] frame stats update
[23:12:00.627] [FrameStats] frame stats update
[23:12:00.632] [FrameStats] frame stats update
[23:12:00.637] [FrameStats] frame stats update
[23:12:00.644] [FrameStats] frame stats update
[23:12:00.648] [FrameStats] frame stats update
[23:12:00.654] [FrameStats] frame stats update
[23:12:00.657] [FrameStats] frame stats update
[23:12:00.669] [FrameStats] frame stats update
[23:12:00.673] [FrameStats] frame stats update
[23:12:00.679] [FrameStats] frame stats update
[23:12:00.686] [FrameStats] frame stats update
[23:12:00.691] [FrameStats] frame stats update
[23:12:00.696] [FrameStats] frame stats update
[23:12:00.706] [FrameStats] frame stats update
[23:12:00.710] [FrameStats] frame stats update
[23:12:00.716] [FrameStats] frame stats update
[23:12:00.723] [FrameStats] frame stats update
[23:12:00.729] [FrameStats] frame stats update
[23:12:00.737] [FrameStats] frame stats update
[23:12:00.744] [FrameStats] frame stats update
[23:12:00.750] [FrameStats] frame stats update
[23:12:00.754] [FrameStats] frame stats update
[23:12:00.764] [FrameStats] frame stats update
[23:12:00.769] [FrameStats] frame stats update
[23:12:00.775] [FrameStats] frame stats update
[23:12:00.778] [FrameStats] frame stats update
[23:12:00.790] [FrameStats] frame stats update
[23:12:00.794] [FrameStats] frame stats update
[23:12:00.799] [FrameStats] frame stats update
[23:12:00.806] [FrameStats] frame stats update
[23:12:00.810] [FrameStats] frame stats update
[23:12:00.816] [FrameStats] frame stats update
[23:12:00.823] [FrameStats] frame stats update
[23:12:00.828] [FrameStats] frame stats update
[23:12:00.832] [FrameStats] frame stats update
[23:12:00.837] [FrameStats] frame stats update
[23:12:00.848] [FrameStats] frame stats update
[23:12:00.852] [FrameStats] frame stats update
[23:12:00.857] [FrameStats] frame stats update
[23:12:00.864] [FrameStats] frame stats update
[23:12:00.868] [FrameStats] frame stats update
[23:12:00.874] [FrameStats] frame stats update
[23:12:00.878] [FrameStats] frame stats update
[23:12:00.885] [FrameStats] frame stats update
[23:12:00.891] [FrameStats] frame stats update
[23:12:00.895] [FrameStats] frame stats update
[23:12:00.906] [FrameStats] frame stats update
[23:12:00.910] [FrameStats] frame stats update
[23:12:00.916] [FrameStats] frame stats update
[23:12:00.923] [FrameStats] frame stats update
[23:12:00.927] [FrameStats] frame stats update
[23:12:00.933] [FrameStats] frame stats update
[23:12:00.937] [FrameStats] frame stats update
[23:12:00.947] [FrameStats] frame stats update
[23:12:00.951] [FrameStats] frame stats update
[23:12:00.957] [FrameStats] frame stats update
[23:12:00.964] [FrameStats] frame stats update
[23:12:00.970] [FrameStats] frame stats update
[23:12:00.974] [FrameStats] frame stats update
[23:12:00.985] [FrameStats] frame stats update
[23:12:00.989] [FrameStats] frame stats update
[23:12:00.995] [FrameStats] frame stats update
[23:12:00.999] [FrameStats] frame stats update
[23:12:01.010] [FrameStats] frame stats update
[23:12:01.014] [FrameStats] frame stats update
[23:12:01.023] [FrameStats] frame stats update
[23:12:01.027] [FrameStats] frame stats update
[23:12:01.032] [FrameStats] frame stats update
[23:12:01.037] [FrameStats] frame stats update
[23:12:01.047] [FrameStats] frame stats update
[23:12:01.052] [FrameStats] frame stats update
[23:12:01.057] [FrameStats] frame stats update
[23:12:01.064] [FrameStats] frame stats update
[23:12:01.068] [FrameStats] frame stats update
[23:12:01.074] [FrameStats] frame stats update
[23:12:01.078] [FrameStats] frame stats update
[23:12:01.085] [FrameStats] frame stats update
[23:12:01.089] [FrameStats] frame stats update
[23:12:01.095] [FrameStats] frame stats update
[23:12:01.099] [FrameStats] frame stats update
[23:12:01.110] [FrameStats] frame stats update
[23:12:01.114] [FrameStats] frame stats update
[23:12:01.122] [FrameStats] frame stats update
[23:12:01.126] [FrameStats] frame stats update
[23:12:01.132] [FrameStats] frame stats update
[23:12:01.137] [FrameStats] frame stats update
[23:12:01.143] [FrameStats] frame stats update
[23:12:01.147] [FrameStats] frame stats update
[23:12:01.153] [FrameStats] frame stats update
[23:12:01.157] [FrameStats] frame stats update
[23:12:01.164] [FrameStats] frame stats update
[23:12:01.168] [FrameStats] frame stats update
[23:12:01.174] [FrameStats] frame stats update
[23:12:01.178] [FrameStats] frame stats update
[23:12:01.190] [FrameStats] frame stats update
[23:12:01.194] [FrameStats] frame stats update
[23:12:01.199] [FrameStats] frame stats update
[23:12:01.206] [FrameStats] frame stats update
[23:12:01.210] [FrameStats] frame stats update
[23:12:01.216] [FrameStats] frame stats update
[23:12:01.222] [FrameStats] frame stats update
[23:12:01.226] [FrameStats] frame stats update
[23:12:01.233] [FrameStats] frame stats update
[23:12:01.237] [FrameStats] frame stats update
[23:12:01.247] [FrameStats] frame stats update
[23:12:01.251] [FrameStats] frame stats update
[23:12:01.257] [FrameStats] frame stats update
[23:12:01.264] [FrameStats] frame stats update
[23:12:01.268] [FrameStats] frame stats update
[23:12:01.274] [FrameStats] frame stats update
[23:12:01.278] [FrameStats] frame stats update
[23:12:01.290] [FrameStats] frame stats update
[23:12:01.293] [FrameStats] frame stats update
[23:12:01.299] [FrameStats] frame stats update
[23:12:01.306] [FrameStats] frame stats update
[23:12:01.311] [FrameStats] frame stats update
[23:12:01.316] [FrameStats] frame stats update
[23:12:01.327] [FrameStats] frame stats update
[23:12:01.331] [FrameStats] frame stats update
[23:12:01.336] [FrameStats] frame stats update
[23:12:01.343] [FrameStats] frame stats update
[23:12:01.347] [FrameStats] frame stats update
[23:12:01.353] [FrameStats] frame stats update
[23:12:01.357] [FrameStats] frame stats update
[23:12:01.364] [FrameStats] frame stats update
[23:12:01.368] [FrameStats] frame stats update
[23:12:01.374] [FrameStats] frame stats update
[23:12:01.378] [FrameStats] frame stats update
[23:12:01.385] [FrameStats] frame stats update
[23:12:01.389] [FrameStats] frame stats update
[23:12:01.395] [FrameStats] frame stats update
[23:12:01.399] [FrameStats] frame stats update
[23:12:01.410] [FrameStats] frame stats update
[23:12:01.414] [FrameStats] frame stats update
[23:12:01.422] [FrameStats] frame stats update
[23:12:01.426] [FrameStats] frame stats update
[23:12:01.432] [FrameStats] frame stats update
[23:12:01.436] [FrameStats] frame stats update
[23:12:01.443] [FrameStats] frame stats update
[23:12:01.447] [FrameStats] frame stats update
[23:12:01.453] [FrameStats] frame stats update
[23:12:01.457] [FrameStats] frame stats update
[23:12:01.469] [FrameStats] frame stats update
[23:12:01.473] [FrameStats] frame stats update
[23:12:01.479] [FrameStats] frame stats update
[23:12:01.485] [FrameStats] frame stats update
[23:12:01.491] [FrameStats] frame stats update
[23:12:01.495] [FrameStats] frame stats update
[23:12:01.506] [FrameStats] frame stats update
[23:12:01.510] [FrameStats] frame stats update
[23:12:01.515] [FrameStats] frame stats update
[23:12:01.522] [FrameStats] frame stats update
[23:12:01.526] [FrameStats] frame stats update
[23:12:01.532] [FrameStats] frame stats update
[23:12:01.536] [FrameStats] frame stats update
[23:12:01.549] [FrameStats] frame stats update
[23:12:01.553] [FrameStats] frame stats update
[23:12:01.557] [FrameStats] frame stats update
[23:12:01.564] [FrameStats] frame stats update
[23:12:01.570] [FrameStats] frame stats update
[23:12:01.574] [FrameStats] frame stats update
[23:12:01.585] [FrameStats] frame stats update
[23:12:01.589] [FrameStats] frame stats update
[23:12:01.595] [FrameStats] frame stats update
[23:12:01.599] [FrameStats] frame stats update
[23:12:01.610] [FrameStats] frame stats update
[23:12:01.614] [FrameStats] frame stats update
[23:12:01.623] [FrameStats] frame stats update
[23:12:01.627] [FrameStats] frame stats update
[23:12:01.632] [FrameStats] frame stats update
[23:12:01.636] [FrameStats] frame stats update
[23:12:01.643] [FrameStats] frame stats update
[23:12:01.647] [FrameStats] frame stats update
[23:12:01.653] [FrameStats] frame stats update
[23:12:01.657] [FrameStats] frame stats update
[23:12:01.664] [FrameStats] frame stats update
[23:12:01.668] [FrameStats] frame stats update
[23:12:01.674] [FrameStats] frame stats update
[23:12:01.678] [FrameStats] frame stats update
[23:12:01.690] [FrameStats] frame stats update
[23:12:01.694] [FrameStats] frame stats update
[23:12:01.699] [FrameStats] frame stats update
[23:12:01.705] [FrameStats] frame stats update
[23:12:01.709] [FrameStats] frame stats update
[23:12:01.715] [FrameStats] frame stats update
[23:12:01.722] [FrameStats] frame stats update
[23:12:01.726] [FrameStats] frame stats update
[23:12:01.732] [FrameStats] frame stats update
[23:12:01.736] [FrameStats] frame stats update
[23:12:01.743] [FrameStats] frame stats update
[23:12:01.747] [FrameStats] frame stats update
[23:12:01.753] [FrameStats] frame stats update
[23:12:01.757] [FrameStats] frame stats update
[23:12:01.768] [FrameStats] frame stats update
[23:12:01.772] [FrameStats] frame stats update
[23:12:01.778] [FrameStats] frame stats update
[23:12:01.785] [FrameStats] frame stats update
[23:12:01.791] [FrameStats] frame stats update
[23:12:01.795] [FrameStats] frame stats update
[23:12:01.806] [FrameStats] frame stats update
[23:12:01.810] [FrameStats] frame stats update
[23:12:01.816] [FrameStats] frame stats update
[23:12:01.822] [FrameStats] frame stats update
[23:12:01.828] [FrameStats] frame stats update
[23:12:01.832] [FrameStats] frame stats update
[23:12:01.836] [FrameStats] frame stats update
[23:12:01.843] [FrameStats] frame stats update
[23:12:01.847] [FrameStats] frame stats update
[23:12:01.853] [FrameStats] frame stats update
[23:12:01.857] [FrameStats] frame stats update
[23:12:01.864] [FrameStats] frame stats update
[23:12:01.870] [FrameStats] frame stats update
[23:12:01.874] [FrameStats] frame stats update
[23:12:01.885] [FrameStats] frame stats update
[23:12:01.889] [FrameStats] frame stats update
[23:12:01.895] [FrameStats] frame stats update
[23:12:01.899] [FrameStats] frame stats update
[23:12:01.910] [FrameStats] frame stats update
[23:12:01.914] [FrameStats] frame stats update
[23:12:01.922] [FrameStats] frame stats update
[23:12:01.927] [FrameStats] frame stats update
[23:12:01.932] [FrameStats] frame stats update
[23:12:01.936] [FrameStats] frame stats update
[23:12:01.947] [FrameStats] frame stats update
[23:12:01.952] [FrameStats] frame stats update
[23:12:01.957] [FrameStats] frame stats update
[23:12:01.964] [FrameStats] frame stats update
[23:12:01.970] [FrameStats] frame stats update
[23:12:01.974] [FrameStats] frame stats update
[23:12:01.978] [FrameStats] frame stats update
[23:12:01.985] [FrameStats] frame stats update
[23:12:01.989] [FrameStats] frame stats update
[23:12:01.995] [FrameStats] frame stats update
[23:12:01.999] [FrameStats] frame stats update
[23:12:02.005] [FrameStats] frame stats update
[23:12:02.009] [FrameStats] frame stats update
[23:12:02.015] [FrameStats] frame stats update
[23:12:02.022] [FrameStats] frame stats update
[23:12:02.027] [FrameStats] frame stats update
[23:12:02.033] [FrameStats] frame stats update
[23:12:02.037] [FrameStats] frame stats update
[23:12:02.048] [FrameStats] frame stats update
[23:12:02.052] [FrameStats] frame stats update
[23:12:02.057] [FrameStats] frame stats update
[23:12:02.064] [FrameStats] frame stats update
[23:12:02.068] [FrameStats] frame stats update
[23:12:02.074] [FrameStats] frame stats update
[23:12:02.078] [FrameStats] frame stats update
[23:12:02.090] [FrameStats] frame stats update
[23:12:02.094] [FrameStats] frame stats update
[23:12:02.099] [FrameStats] frame stats update
[23:12:02.106] [FrameStats] frame stats update
[23:12:02.112] [FrameStats] frame stats update
[23:12:02.117] [FrameStats] frame stats update
[23:12:02.127] [FrameStats] frame stats update
[23:12:02.140] [FrameStats] frame stats update
[23:12:02.148] [FrameStats] frame stats update
[23:12:02.152] [FrameStats] frame stats update
[23:12:02.158] [FrameStats] frame stats update
[23:12:02.165] [FrameStats] frame stats update
[23:12:02.170] [FrameStats] frame stats update
[23:12:02.174] [FrameStats] frame stats update
[23:12:02.185] [FrameStats] frame stats update
[23:12:02.189] [FrameStats] frame stats update
[23:12:02.195] [FrameStats] frame stats update
[23:12:02.200] [FrameStats] frame stats update
[23:12:02.210] [FrameStats] frame stats update
[23:12:02.215] [FrameStats] frame stats update
[23:12:02.223] [FrameStats] frame stats update
[23:12:02.228] [FrameStats] frame stats update
[23:12:02.232] [FrameStats] frame stats update
[23:12:02.237] [FrameStats] frame stats update
[23:12:02.247] [FrameStats] frame stats update
[23:12:02.251] [FrameStats] frame stats update
[23:12:02.257] [FrameStats] frame stats update
[23:12:02.264] [FrameStats] frame stats update
[23:12:02.270] [FrameStats] frame stats update
[23:12:02.274] [FrameStats] frame stats update
[23:12:02.286] [FrameStats] frame stats update
[23:12:02.290] [FrameStats] frame stats update
[23:12:02.299] [FrameStats] frame stats update
[23:12:02.305] [FrameStats] frame stats update
[23:12:02.309] [FrameStats] frame stats update
[23:12:02.315] [FrameStats] frame stats update
[23:12:02.322] [FrameStats] frame stats update
[23:12:02.326] [FrameStats] frame stats update
[23:12:02.332] [FrameStats] frame stats update
[23:12:02.336] [FrameStats] frame stats update
[23:12:02.343] [FrameStats] frame stats update
[23:12:02.347] [FrameStats] frame stats update
[23:12:02.353] [FrameStats] frame stats update
[23:12:02.357] [FrameStats] frame stats update
[23:12:02.369] [FrameStats] frame stats update
[23:12:02.373] [FrameStats] frame stats update
[23:12:02.378] [FrameStats] frame stats update
[23:12:02.386] [FrameStats] frame stats update
[23:12:02.391] [FrameStats] frame stats update
[23:12:02.396] [FrameStats] frame stats update
[23:12:02.406] [FrameStats] frame stats update
[23:12:02.412] [FrameStats] frame stats update
[23:12:02.422] [FrameStats] frame stats update
[23:12:02.427] [FrameStats] frame stats update
[23:12:02.432] [FrameStats] frame stats update
[23:12:02.437] [FrameStats] frame stats update
[23:12:02.448] [FrameStats] frame stats update
[23:12:02.452] [FrameStats] frame stats update
[23:12:02.458] [FrameStats] frame stats update
[23:12:02.464] [FrameStats] frame stats update
[23:12:02.471] [FrameStats] frame stats update
[23:12:02.475] [FrameStats] frame stats update
[23:12:02.485] [FrameStats] frame stats update
[23:12:02.490] [FrameStats] frame stats update
[23:12:02.495] [FrameStats] frame stats update
[23:12:02.499] [FrameStats] frame stats update
[23:12:02.510] [FrameStats] frame stats update
[23:12:02.515] [FrameStats] frame stats update
[23:12:02.523] [FrameStats] frame stats update
[23:12:02.527] [FrameStats] frame stats update
[23:12:02.532] [FrameStats] frame stats update
[23:12:02.537] [FrameStats] frame stats update
[23:12:02.547] [FrameStats] frame stats update
[23:12:02.552] [FrameStats] frame stats update
[23:12:02.557] [FrameStats] frame stats update
[23:12:02.564] [FrameStats] frame stats update
[23:12:02.569] [FrameStats] frame stats update
[23:12:02.574] [FrameStats] frame stats update
[23:12:02.579] [FrameStats] frame stats update
[23:12:02.586] [FrameStats] frame stats update
[23:12:02.591] [FrameStats] frame stats update
[23:12:02.599] [FrameStats] frame stats update
[23:12:02.606] [FrameStats] frame stats update
[23:12:02.612] [FrameStats] frame stats update
[23:12:02.615] [FrameStats] frame stats update
[23:12:02.628] [FrameStats] frame stats update
[23:12:02.633] [FrameStats] frame stats update
[23:12:02.643] [FrameStats] frame stats update
[23:12:02.648] [FrameStats] frame stats update
[23:12:02.654] [FrameStats] frame stats update
[23:12:02.658] [FrameStats] frame stats update
[23:12:02.669] [FrameStats] frame stats update
[23:12:02.673] [FrameStats] frame stats update
[23:12:02.678] [FrameStats] frame stats update
[23:12:02.685] [FrameStats] frame stats update
[23:12:02.690] [FrameStats] frame stats update
[23:12:02.695] [FrameStats] frame stats update
[23:12:02.699] [FrameStats] frame stats update
[23:12:02.710] [FrameStats] frame stats update
[23:12:02.715] [FrameStats] frame stats update
[23:12:02.723] [FrameStats] frame stats update
[23:12:02.727] [FrameStats] frame stats update
[23:12:02.732] [FrameStats] frame stats update
[23:12:02.741] [FrameStats] frame stats update
[23:12:02.747] [FrameStats] frame stats update
[23:12:02.753] [FrameStats] frame stats update
[23:12:02.758] [FrameStats] frame stats update
[23:12:02.769] [FrameStats] frame stats update
[23:12:02.773] [FrameStats] frame stats update
[23:12:02.778] [FrameStats] frame stats update
[23:12:02.785] [FrameStats] frame stats update
[23:12:02.791] [FrameStats] frame stats update
[23:12:02.795] [FrameStats] frame stats update
[23:12:02.806] [FrameStats] frame stats update
[23:12:02.811] [FrameStats] frame stats update
[23:12:02.816] [FrameStats] frame stats update
[23:12:02.823] [FrameStats] frame stats update
[23:12:02.828] [FrameStats] frame stats update
[23:12:02.832] [FrameStats] frame stats update
[23:12:02.837] [FrameStats] frame stats update
[23:12:02.843] [FrameStats] frame stats update
[23:12:02.849] [FrameStats] frame stats update
[23:12:02.853] [FrameStats] frame stats update
[23:12:02.864] [FrameStats] frame stats update
[23:12:02.868] [FrameStats] frame stats update
[23:12:02.874] [FrameStats] frame stats update
[23:12:02.878] [FrameStats] frame stats update
[23:12:02.889] [FrameStats] frame stats update
[23:12:02.894] [FrameStats] frame stats update
[23:12:02.899] [FrameStats] frame stats update
[23:12:02.905] [FrameStats] frame stats update
[23:12:02.910] [FrameStats] frame stats update
[23:12:02.915] [FrameStats] frame stats update
[23:12:02.922] [FrameStats] frame stats update
[23:12:02.926] [FrameStats] frame stats update
[23:12:02.932] [FrameStats] frame stats update
[23:12:02.936] [FrameStats] frame stats update
[23:12:02.947] [FrameStats] frame stats update
[23:12:02.952] [FrameStats] frame stats update
[23:12:02.957] [FrameStats] frame stats update
[23:12:02.963] [FrameStats] frame stats update
[23:12:02.970] [FrameStats] frame stats update
[23:12:02.974] [FrameStats] frame stats update
[23:12:02.978] [FrameStats] frame stats update
[23:12:02.984] [FrameStats] frame stats update
[23:12:02.988] [FrameStats] frame stats update
[23:12:02.995] [FrameStats] frame stats update
[23:12:02.999] [FrameStats] frame stats update
[23:12:03.005] [FrameStats] frame stats update
[23:12:03.012] [FrameStats] frame stats update
[23:12:03.016] [FrameStats] frame stats update
[23:12:03.026] [FrameStats] frame stats update
[23:12:03.030] [FrameStats] frame stats update
[23:12:03.036] [FrameStats] frame stats update
[23:12:03.042] [FrameStats] frame stats update
[23:12:03.046] [FrameStats] frame stats update
[23:12:03.053] [FrameStats] frame stats update
[23:12:03.057] [FrameStats] frame stats update
[23:12:03.063] [FrameStats] frame stats update
[23:12:03.070] [FrameStats] frame stats update
[23:12:03.074] [FrameStats] frame stats update
[23:12:03.078] [FrameStats] frame stats update
[23:12:03.088] [FrameStats] frame stats update
[23:12:03.092] [FrameStats] frame stats update
[23:12:03.099] [FrameStats] frame stats update
[23:12:03.105] [FrameStats] frame stats update
[23:12:03.109] [FrameStats] frame stats update
[23:12:03.115] [FrameStats] frame stats update
[23:12:03.121] [FrameStats] frame stats update
[23:12:03.125] [FrameStats] frame stats update
[23:12:03.132] [FrameStats] frame stats update
[23:12:03.136] [FrameStats] frame stats update
[23:12:03.142] [FrameStats] frame stats update
[23:12:03.146] [FrameStats] frame stats update
[23:12:03.153] [FrameStats] frame stats update
[23:12:03.157] [FrameStats] frame stats update
[23:12:03.167] [FrameStats] frame stats update
[23:12:03.171] [FrameStats] frame stats update
[23:12:03.178] [FrameStats] frame stats update
[23:12:03.184] [FrameStats] frame stats update
[23:12:03.188] [FrameStats] frame stats update
[23:12:03.195] [FrameStats] frame stats update
[23:12:03.199] [FrameStats] frame stats update
[23:12:03.205] [FrameStats] frame stats update
[23:12:03.209] [FrameStats] frame stats update
[23:12:03.215] [FrameStats] frame stats update
[23:12:03.221] [FrameStats] frame stats update
[23:12:03.226] [FrameStats] frame stats update
[23:12:03.232] [FrameStats] frame stats update
[23:12:03.236] [FrameStats] frame stats update
[23:12:03.242] [FrameStats] frame stats update
[23:12:03.246] [FrameStats] frame stats update
[23:12:03.253] [FrameStats] frame stats update
[23:12:03.257] [FrameStats] frame stats update
[23:12:03.263] [FrameStats] frame stats update
[23:12:03.267] [FrameStats] frame stats update
[23:12:03.274] [FrameStats] frame stats update
[23:12:03.278] [FrameStats] frame stats update
[23:12:03.284] [FrameStats] frame stats update
[23:12:03.288] [FrameStats] frame stats update
[23:12:03.295] [FrameStats] frame stats update
[23:12:03.299] [FrameStats] frame stats update
[23:12:03.305] [FrameStats] frame stats update
[23:12:03.309] [FrameStats] frame stats update
[23:12:03.315] [FrameStats] frame stats update
[23:12:03.321] [FrameStats] frame stats update
[23:12:03.325] [FrameStats] frame stats update
[23:12:03.332] [FrameStats] frame stats update
[23:12:03.336] [FrameStats] frame stats update
[23:12:03.342] [FrameStats] frame stats update
[23:12:03.346] [FrameStats] frame stats update
[23:12:03.353] [FrameStats] frame stats update
[23:12:03.357] [FrameStats] frame stats update
[23:12:03.363] [FrameStats] frame stats update
[23:12:03.367] [FrameStats] frame stats update
[23:12:03.374] [FrameStats] frame stats update
[23:12:03.378] [FrameStats] frame stats update
[23:12:03.388] [FrameStats] frame stats update
[23:12:03.392] [FrameStats] frame stats update
[23:12:03.399] [FrameStats] frame stats update
[23:12:03.405] [FrameStats] frame stats update
[23:12:03.409] [FrameStats] frame stats update
[23:12:03.416] [FrameStats] frame stats update
[23:12:03.421] [FrameStats] frame stats update
[23:12:03.428] [FrameStats] frame stats update
[23:12:03.432] [FrameStats] frame stats update
[23:12:03.436] [FrameStats] frame stats update
[23:12:03.442] [FrameStats] frame stats update
[23:12:03.446] [FrameStats] frame stats update
[23:12:03.453] [FrameStats] frame stats update
[23:12:03.457] [FrameStats] frame stats update
[23:12:03.463] [FrameStats] frame stats update
[23:12:03.467] [FrameStats] frame stats update
[23:12:03.474] [FrameStats] frame stats update
[23:12:03.491] [FrameStats] frame stats update
[23:12:03.573] [FrameStats] frame stats updater destroyed
[23:12:03.719] [FrameStats] scene MainMenu loaded, index 0
[23:12:04.126] [FrameStats] lost options menu
[23:12:05.798] [FrameStats] have options menu
[23:12:05.798] [FrameStats] added frame stats settings
[23:12:07.664] [FrameStats] Toggle: False
[23:12:08.253] [FrameStats] Toggle: True
[23:12:09.182] [FrameStats] Toggle: False
[23:12:09.632] [FrameStats] Toggle: True
[23:12:11.587] Preferences Saved!
