
[19:18:44.234] ------------------------------
[19:18:44.256] MelonLoader v0.7.0 Open-Beta
[19:18:44.257] OS: Windows 11
[19:18:44.257] Hash Code: F2DCA88FB1569FD6750096CED35BBB808C50BA273E0D295347A24385B0B764CA
[19:18:44.258] ------------------------------
[19:18:44.259] Game Type: MonoBleedingEdge
[19:18:44.259] Game Arch: x64
[19:18:44.259] ------------------------------
[19:18:44.259] Command-Line: 
[19:18:44.260] ------------------------------
[19:18:44.260] Core::BasePath = C:\Users\Pytho\Projects\SDFrameStatsMod\StellarDrive_0.6.5
[19:18:44.261] Game::BasePath = C:\Users\Pytho\Projects\SDFrameStatsMod\StellarDrive_0.6.5
[19:18:44.262] Game::DataPath = C:\Users\Pytho\Projects\SDFrameStatsMod\StellarDrive_0.6.5\StellarDrive_Data
[19:18:44.262] Game::ApplicationPath = C:\Users\Pytho\Projects\SDFrameStatsMod\StellarDrive_0.6.5\StellarDrive.exe
[19:18:44.262] Runtime Type: net35
[19:18:44.337] ------------------------------
[19:18:44.338] Game Name: StellarDrive
[19:18:44.338] Game Developer: CuriousOwlGames
[19:18:44.340] Unity Version: 2022.3.11f1
[19:18:44.340] Game Version: UNKNOWN
[19:18:44.340] ------------------------------

[19:18:44.592] Preferences Loaded!

[19:18:44.611] Loading UserLibs...
[19:18:44.727] ------------------------------
[19:18:44.730] Melon Assembly loaded: '.\UserLibs\HidSharp.dll'
[19:18:44.730] SHA256 Hash: '61EB2E22A5620D789A23D389F1AF9D38FAFF4D85F46ADEDBC28FB22CFEC61BF9'
[19:18:44.737] Melon Assembly loaded: '.\UserLibs\LibreHardwareMonitorLib.dll'
[19:18:44.738] SHA256 Hash: '99B39B0B0AC865C38A33DFF7DEE080FF17AAC3337B2332812CA2D7BB13C89460'
[19:18:44.739] Melon Assembly loaded: '.\UserLibs\Microsoft.Win32.Registry.dll'
[19:18:44.739] SHA256 Hash: 'D641EB0065BD5CDB541C5BF0D2FF976720D35D62416AB959727651ABF0ABA2CA'
[19:18:44.740] Melon Assembly loaded: '.\UserLibs\System.Buffers.dll'
[19:18:44.740] SHA256 Hash: 'C65FFF603B283DC966D1A8B730C11D5E5E750E8021BD24640612F6CC3F2C6FB7'
[19:18:44.742] Melon Assembly loaded: '.\UserLibs\System.CodeDom.dll'
[19:18:44.742] SHA256 Hash: 'CF18C822A341A3932FC8C08D7F21BF015F7E3C2696619560C94B63629341376A'
[19:18:44.743] Melon Assembly loaded: '.\UserLibs\System.IO.FileSystem.AccessControl.dll'
[19:18:44.743] SHA256 Hash: 'D2D6CD3FEF822959B68A68A6AF6096963BBE6493D90E16F0AF65FEDE25D85F32'
[19:18:44.744] Melon Assembly loaded: '.\UserLibs\System.IO.Ports.dll'
[19:18:44.744] SHA256 Hash: 'B1ECEF838C8B833BE76D1EF75AD8A0B1FAD805FC951136C9E5256FD3CF15FC1B'
[19:18:44.746] Melon Assembly loaded: '.\UserLibs\System.Management.dll'
[19:18:44.746] SHA256 Hash: '205BF789DD38D8ABC5FDC9CD8653469400ED9D6386B07384609848B9C95D7721'
[19:18:44.748] Melon Assembly loaded: '.\UserLibs\System.Memory.dll'
[19:18:44.748] SHA256 Hash: 'D2E3949FCF3A3B3A20BB9A568A4DA582D9A90D64F34C0BDC07C9029BFE8F1858'
[19:18:44.751] Melon Assembly loaded: '.\UserLibs\System.Numerics.Vectors.dll'
[19:18:44.751] SHA256 Hash: '2324EE5A35674269225E2AA20957CE8830DBCA0CFFB918BD593F7A3222DEE480'
[19:18:44.752] Melon Assembly loaded: '.\UserLibs\System.Runtime.CompilerServices.Unsafe.dll'
[19:18:44.752] SHA256 Hash: 'BFC8F02A96934786CA5A0514A3B657021C12542E215E94B78FDCC74BFEFFE3D3'
[19:18:44.753] Melon Assembly loaded: '.\UserLibs\System.Security.AccessControl.dll'
[19:18:44.753] SHA256 Hash: '93084849C17A21F641C13C9F17545CFE18C1EC097561F3F0EBBBE26F358BA120'
[19:18:44.754] Melon Assembly loaded: '.\UserLibs\System.Security.Principal.Windows.dll'
[19:18:44.754] SHA256 Hash: '7828DFD952A9FD49404477BAFF714849177D9F18C0654ADAFADBDCAFB4B21F47'
[19:18:44.779] Melon Assembly loaded: '.\UserLibs\UniverseLib.Mono.dll'
[19:18:44.780] SHA256 Hash: '3B10913FFEAC9A0744583F0BB18218A5CFAFCBA467A7F9F99FA731E801A5A880'
[19:18:44.780] ------------------------------
[19:18:44.781] 0 UserLibs loaded.

[19:18:44.781] Loading Plugins...
[19:18:44.782] 0 Plugins loaded.


[19:18:45.574] Loading Mods...
[19:18:45.600] ------------------------------
[19:18:45.601] Melon Assembly loaded: '.\Mods\FrameStats.dll'
[19:18:45.601] SHA256 Hash: 'B6CD728D7F993D72ECC7535E955F3406FEB155077B6D3945ADCF3819D6108EBB'
[19:18:45.617] Melon Assembly loaded: '.\Mods\UnityExplorer.ML.Mono.dll'
[19:18:45.617] SHA256 Hash: '7E6C95C5F0DB2D6B22F506AAD4D268A96250BD64D8E259B7E4073106250F36D2'

[19:18:45.645] ------------------------------
[19:18:45.646] FrameStats v1.0.0
[19:18:45.646] by oneshade
[19:18:45.646] Assembly: FrameStats.dll
[19:18:45.646] ------------------------------
[19:18:45.647] ------------------------------
[19:18:45.647] UnityExplorer v4.9.0
[19:18:45.648] by Sinai
[19:18:45.648] Assembly: UnityExplorer.ML.Mono.dll
[19:18:45.649] ------------------------------
[19:18:45.649] ------------------------------
[19:18:45.649] 2 Mods loaded.

[19:18:45.655] Support Module Loaded: C:\Users\Pytho\Projects\SDFrameStatsMod\StellarDrive_0.6.5\MelonLoader\Dependencies\SupportModules\Mono.dll
[19:18:45.667] [UnityExplorer] UnityExplorer 4.9.0 initializing...
[19:18:45.686] [UnityExplorer] [UniverseLib] UniverseLib 1.5.1 initializing...
[19:18:46.086] [UnityExplorer] [UniverseLib] Finished UniverseLib initial setup.
[19:18:46.091] [UnityExplorer] Initialized UnityCrashPrevention for: Canvas.get_renderingDisplaySize
[19:18:48.374] [FrameStats] scene MainMenu loaded, index 0
[19:18:48.908] [FrameStats] Loading asset bundle ui...
[19:18:48.911] [FrameStats]     Loaded asset FrameStatsPanel
[19:18:48.913] [FrameStats] System.NullReferenceException: Object reference not set to an instance of an object
  at FrameStats.AssetLoader..ctor (MelonLoader.MelonLogger+Instance logger, System.String assetBundlesRoot) [0x000c7] in <1ae510db7349496fbb7498d415738d19>:0 
  at FrameStats.Core.OnLateInitializeMelon () [0x00007] in <1ae510db7349496fbb7498d415738d19>:0 
  at MelonLoader.MelonEvent+<>c.<Invoke>b__1_0 (MelonLoader.LemonAction x) [0x00000] in D:\a\MelonLoader\MelonLoader\MelonLoader\Melons\Events\MelonEvent.cs:174 
  at MelonLoader.MelonEventBase`1[T].Invoke (System.Action`1[T] delegateInvoker) [0x00018] in D:\a\MelonLoader\MelonLoader\MelonLoader\Melons\Events\MelonEvent.cs:143 
[19:18:49.992] [UnityExplorer] [UniverseLib] Initialized new InputSystem support.
[19:18:50.046] [UnityExplorer] [UniverseLib] Loaded modern bundle for Unity 2022.3.11f1
[19:18:50.063] [UnityExplorer] [UniverseLib] UniverseLib 1.5.1 initialized.
[19:18:50.063] [UnityExplorer] Creating UI...
[19:18:50.558] [UnityExplorer] UnityExplorer 4.9.0 (Mono) initialized.
