
[22:59:16.709] ------------------------------
[22:59:16.731] MelonLoader v0.7.0 Open-Beta
[22:59:16.732] OS: Windows 11
[22:59:16.732] Hash Code: F2DCA88FB1569FD6750096CED35BBB808C50BA273E0D295347A24385B0B764CA
[22:59:16.732] ------------------------------
[22:59:16.733] Game Type: MonoBleedingEdge
[22:59:16.733] Game Arch: x64
[22:59:16.734] ------------------------------
[22:59:16.734] Command-Line: 
[22:59:16.734] ------------------------------
[22:59:16.734] Core::BasePath = C:\Users\Pytho\Projects\SDFrameStatsMod\StellarDrive_0.6.5
[22:59:16.734] Game::BasePath = C:\Users\Pytho\Projects\SDFrameStatsMod\StellarDrive_0.6.5
[22:59:16.743] Game::DataPath = C:\Users\Pytho\Projects\SDFrameStatsMod\StellarDrive_0.6.5\StellarDrive_Data
[22:59:16.743] Game::ApplicationPath = C:\Users\Pytho\Projects\SDFrameStatsMod\StellarDrive_0.6.5\StellarDrive.exe
[22:59:16.743] Runtime Type: net35
[22:59:16.816] ------------------------------
[22:59:16.816] Game Name: StellarDrive
[22:59:16.817] Game Developer: CuriousOwlGames
[22:59:16.819] Unity Version: 2022.3.11f1
[22:59:16.819] Game Version: UNKNOWN
[22:59:16.819] ------------------------------

[22:59:17.064] Preferences Loaded!

[22:59:17.082] Loading UserLibs...
[22:59:17.189] ------------------------------
[22:59:17.192] Melon Assembly loaded: '.\UserLibs\HidSharp.dll'
[22:59:17.192] SHA256 Hash: '61EB2E22A5620D789A23D389F1AF9D38FAFF4D85F46ADEDBC28FB22CFEC61BF9'
[22:59:17.199] Melon Assembly loaded: '.\UserLibs\LibreHardwareMonitorLib.dll'
[22:59:17.199] SHA256 Hash: '99B39B0B0AC865C38A33DFF7DEE080FF17AAC3337B2332812CA2D7BB13C89460'
[22:59:17.200] Melon Assembly loaded: '.\UserLibs\Microsoft.Win32.Registry.dll'
[22:59:17.200] SHA256 Hash: 'D641EB0065BD5CDB541C5BF0D2FF976720D35D62416AB959727651ABF0ABA2CA'
[22:59:17.201] Melon Assembly loaded: '.\UserLibs\System.Buffers.dll'
[22:59:17.201] SHA256 Hash: 'C65FFF603B283DC966D1A8B730C11D5E5E750E8021BD24640612F6CC3F2C6FB7'
[22:59:17.203] Melon Assembly loaded: '.\UserLibs\System.CodeDom.dll'
[22:59:17.203] SHA256 Hash: 'CF18C822A341A3932FC8C08D7F21BF015F7E3C2696619560C94B63629341376A'
[22:59:17.204] Melon Assembly loaded: '.\UserLibs\System.IO.FileSystem.AccessControl.dll'
[22:59:17.204] SHA256 Hash: 'D2D6CD3FEF822959B68A68A6AF6096963BBE6493D90E16F0AF65FEDE25D85F32'
[22:59:17.206] Melon Assembly loaded: '.\UserLibs\System.IO.Ports.dll'
[22:59:17.206] SHA256 Hash: 'B1ECEF838C8B833BE76D1EF75AD8A0B1FAD805FC951136C9E5256FD3CF15FC1B'
[22:59:17.208] Melon Assembly loaded: '.\UserLibs\System.Management.dll'
[22:59:17.208] SHA256 Hash: '205BF789DD38D8ABC5FDC9CD8653469400ED9D6386B07384609848B9C95D7721'
[22:59:17.210] Melon Assembly loaded: '.\UserLibs\System.Memory.dll'
[22:59:17.210] SHA256 Hash: 'D2E3949FCF3A3B3A20BB9A568A4DA582D9A90D64F34C0BDC07C9029BFE8F1858'
[22:59:17.212] Melon Assembly loaded: '.\UserLibs\System.Numerics.Vectors.dll'
[22:59:17.212] SHA256 Hash: '2324EE5A35674269225E2AA20957CE8830DBCA0CFFB918BD593F7A3222DEE480'
[22:59:17.213] Melon Assembly loaded: '.\UserLibs\System.Runtime.CompilerServices.Unsafe.dll'
[22:59:17.214] SHA256 Hash: 'BFC8F02A96934786CA5A0514A3B657021C12542E215E94B78FDCC74BFEFFE3D3'
[22:59:17.215] Melon Assembly loaded: '.\UserLibs\System.Security.AccessControl.dll'
[22:59:17.215] SHA256 Hash: '93084849C17A21F641C13C9F17545CFE18C1EC097561F3F0EBBBE26F358BA120'
[22:59:17.216] Melon Assembly loaded: '.\UserLibs\System.Security.Principal.Windows.dll'
[22:59:17.217] SHA256 Hash: '7828DFD952A9FD49404477BAFF714849177D9F18C0654ADAFADBDCAFB4B21F47'
[22:59:17.239] Melon Assembly loaded: '.\UserLibs\UniverseLib.Mono.dll'
[22:59:17.239] SHA256 Hash: '3B10913FFEAC9A0744583F0BB18218A5CFAFCBA467A7F9F99FA731E801A5A880'
[22:59:17.239] ------------------------------
[22:59:17.239] 0 UserLibs loaded.

[22:59:17.239] Loading Plugins...
[22:59:17.241] 0 Plugins loaded.


[22:59:18.035] Loading Mods...
[22:59:18.064] ------------------------------
[22:59:18.065] Melon Assembly loaded: '.\Mods\FrameStats.dll'
[22:59:18.065] SHA256 Hash: '7FC5B2562C2EFCA230FE737C44107207B30A3F252C8D410A92E5E033B86054AA'
[22:59:18.081] Melon Assembly loaded: '.\Mods\UnityExplorer.ML.Mono.dll'
[22:59:18.081] SHA256 Hash: '7E6C95C5F0DB2D6B22F506AAD4D268A96250BD64D8E259B7E4073106250F36D2'

[22:59:18.106] ------------------------------
[22:59:18.107] FrameStats v1.0.0
[22:59:18.107] by oneshade
[22:59:18.107] Assembly: FrameStats.dll
[22:59:18.107] ------------------------------
[22:59:18.108] ------------------------------
[22:59:18.108] UnityExplorer v4.9.0
[22:59:18.108] by Sinai
[22:59:18.108] Assembly: UnityExplorer.ML.Mono.dll
[22:59:18.108] ------------------------------
[22:59:18.109] ------------------------------
[22:59:18.109] 2 Mods loaded.

[22:59:18.114] Support Module Loaded: C:\Users\Pytho\Projects\SDFrameStatsMod\StellarDrive_0.6.5\MelonLoader\Dependencies\SupportModules\Mono.dll
[22:59:18.138] [FrameStats] Loading asset bundle ui...
[22:59:18.155] [FrameStats]     Loaded asset FrameStatsPanel
[22:59:18.155] [FrameStats]     Loaded asset FrameStatsSettings
[22:59:18.159] [UnityExplorer] UnityExplorer 4.9.0 initializing...
[22:59:18.175] [UnityExplorer] [UniverseLib] UniverseLib 1.5.1 initializing...
[22:59:18.549] [UnityExplorer] [UniverseLib] Finished UniverseLib initial setup.
[22:59:18.555] [UnityExplorer] Initialized UnityCrashPrevention for: Canvas.get_renderingDisplaySize
[22:59:20.827] [FrameStats] scene MainMenu loaded, index 0
[22:59:22.442] [UnityExplorer] [UniverseLib] Initialized new InputSystem support.
[22:59:22.496] [UnityExplorer] [UniverseLib] Loaded modern bundle for Unity 2022.3.11f1
[22:59:22.511] [UnityExplorer] [UniverseLib] UniverseLib 1.5.1 initialized.
[22:59:22.512] [UnityExplorer] Creating UI...
[22:59:22.990] [UnityExplorer] UnityExplorer 4.9.0 (Mono) initialized.
[22:59:25.743] [FrameStats] scene MainGame loaded, index 1
[22:59:25.746] [FrameStats] frame stats updater awake
[22:59:25.746] [FrameStats] aaaaaaaaaaaaaaaaaaaaaaaa
[22:59:27.956] [FrameStats] bbbbbbbbbbbbbbbbbbbbbbbb
[22:59:28.033] [FrameStats] frame stats updates enabled
[22:59:28.034] [FrameStats] added frame stats panel
[22:59:28.287] [FrameStats] frame stats update
[22:59:28.306] [FrameStats] frame stats update
[22:59:28.342] [FrameStats] frame stats update
[22:59:28.346] [FrameStats] frame stats update
[22:59:28.380] [FrameStats] frame stats update
[22:59:28.392] [FrameStats] frame stats update
[22:59:28.394] [FrameStats] frame stats update
[22:59:28.481] [FrameStats] frame stats update
[22:59:28.632] [FrameStats] frame stats update
[22:59:29.604] [FrameStats] frame stats update
[22:59:30.321] [FrameStats] frame stats update
[22:59:30.422] [FrameStats] frame stats update
[22:59:30.679] [FrameStats] frame stats update
[22:59:30.735] [FrameStats] frame stats update
[22:59:30.743] [FrameStats] frame stats update
[22:59:30.748] [FrameStats] frame stats update
[22:59:30.763] [FrameStats] frame stats update
[22:59:30.768] [FrameStats] frame stats update
[22:59:30.777] [FrameStats] frame stats update
[22:59:30.782] [FrameStats] frame stats update
[22:59:30.793] [FrameStats] frame stats update
[22:59:30.798] [FrameStats] frame stats update
[22:59:30.804] [FrameStats] frame stats update
[22:59:30.814] [FrameStats] frame stats update
[22:59:30.819] [FrameStats] frame stats update
[22:59:30.831] [FrameStats] frame stats update
[22:59:30.836] [FrameStats] frame stats update
[22:59:30.841] [FrameStats] frame stats update
[22:59:30.852] [FrameStats] frame stats update
[22:59:30.857] [FrameStats] frame stats update
[22:59:30.862] [FrameStats] frame stats update
[22:59:30.867] [FrameStats] frame stats update
[22:59:30.877] [FrameStats] frame stats update
[22:59:30.883] [FrameStats] frame stats update
[22:59:30.894] [FrameStats] frame stats update
[22:59:30.899] [FrameStats] frame stats update
[22:59:30.910] [FrameStats] frame stats update
[22:59:30.916] [FrameStats] frame stats update
[22:59:30.925] [FrameStats] frame stats update
[22:59:30.931] [FrameStats] frame stats update
[22:59:30.937] [FrameStats] frame stats update
[22:59:30.942] [FrameStats] frame stats update
[22:59:30.951] [FrameStats] frame stats update
[22:59:30.956] [FrameStats] frame stats update
[22:59:30.962] [FrameStats] frame stats update
[22:59:30.967] [FrameStats] frame stats update
[22:59:30.976] [FrameStats] frame stats update
[22:59:30.981] [FrameStats] frame stats update
[22:59:30.989] [FrameStats] frame stats update
[22:59:30.994] [FrameStats] frame stats update
[22:59:31.000] [FrameStats] frame stats update
[22:59:31.005] [FrameStats] frame stats update
[22:59:31.014] [FrameStats] frame stats update
[22:59:31.018] [FrameStats] frame stats update
[22:59:31.025] [FrameStats] frame stats update
[22:59:31.031] [FrameStats] frame stats update
[22:59:31.044] [FrameStats] frame stats update
[22:59:31.051] [FrameStats] frame stats update
[22:59:31.056] [FrameStats] frame stats update
[22:59:31.062] [FrameStats] frame stats update
[22:59:31.067] [FrameStats] frame stats update
[22:59:31.076] [FrameStats] frame stats update
[22:59:31.081] [FrameStats] frame stats update
[22:59:31.089] [FrameStats] frame stats update
[22:59:31.093] [FrameStats] frame stats update
[22:59:31.100] [FrameStats] frame stats update
[22:59:31.134] [FrameStats] frame stats update
[22:59:31.138] [FrameStats] frame stats update
[22:59:31.147] [FrameStats] frame stats update
[22:59:31.153] [FrameStats] frame stats update
[22:59:31.158] [FrameStats] frame stats update
[22:59:31.166] [FrameStats] frame stats update
[22:59:31.173] [FrameStats] frame stats update
[22:59:31.179] [FrameStats] frame stats update
[22:59:31.183] [FrameStats] frame stats update
[22:59:31.193] [FrameStats] frame stats update
[22:59:31.197] [FrameStats] frame stats update
[22:59:31.204] [FrameStats] frame stats update
[22:59:31.210] [FrameStats] frame stats update
[22:59:31.216] [FrameStats] frame stats update
[22:59:31.220] [FrameStats] frame stats update
[22:59:31.231] [FrameStats] frame stats update
[22:59:31.234] [FrameStats] frame stats update
[22:59:31.241] [FrameStats] frame stats update
[22:59:31.246] [FrameStats] frame stats update
[22:59:31.256] [FrameStats] frame stats update
[22:59:31.259] [FrameStats] frame stats update
[22:59:31.266] [FrameStats] frame stats update
[22:59:31.272] [FrameStats] frame stats update
[22:59:31.276] [FrameStats] frame stats update
[22:59:31.283] [FrameStats] frame stats update
[22:59:31.289] [FrameStats] frame stats update
[22:59:31.293] [FrameStats] frame stats update
[22:59:31.300] [FrameStats] frame stats update
[22:59:31.304] [FrameStats] frame stats update
[22:59:31.314] [FrameStats] frame stats update
[22:59:31.318] [FrameStats] frame stats update
[22:59:31.325] [FrameStats] frame stats update
[22:59:31.331] [FrameStats] frame stats update
[22:59:31.334] [FrameStats] frame stats update
[22:59:31.342] [FrameStats] frame stats update
[22:59:31.345] [FrameStats] frame stats update
[22:59:31.356] [FrameStats] frame stats update
[22:59:31.364] [FrameStats] frame stats update
[22:59:31.372] [FrameStats] frame stats update
[22:59:31.376] [FrameStats] frame stats update
[22:59:31.383] [FrameStats] frame stats update
[22:59:31.389] [FrameStats] frame stats update
[22:59:31.393] [FrameStats] frame stats update
[22:59:31.400] [FrameStats] frame stats update
[22:59:31.404] [FrameStats] frame stats update
[22:59:31.418] [FrameStats] frame stats update
[22:59:31.426] [FrameStats] frame stats update
[22:59:31.435] [FrameStats] frame stats update
[22:59:31.439] [FrameStats] frame stats update
[22:59:31.446] [FrameStats] frame stats update
[22:59:31.451] [FrameStats] frame stats update
[22:59:31.458] [FrameStats] frame stats update
[22:59:31.462] [FrameStats] frame stats update
[22:59:31.466] [FrameStats] frame stats update
[22:59:31.472] [FrameStats] frame stats update
[22:59:31.476] [FrameStats] frame stats update
[22:59:31.483] [FrameStats] frame stats update
[22:59:31.489] [FrameStats] frame stats update
[22:59:31.492] [FrameStats] frame stats update
[22:59:31.500] [FrameStats] frame stats update
[22:59:31.504] [FrameStats] frame stats update
[22:59:31.510] [FrameStats] frame stats update
[22:59:31.513] [FrameStats] frame stats update
[22:59:31.521] [FrameStats] frame stats update
[22:59:31.524] [FrameStats] frame stats update
[22:59:31.535] [FrameStats] frame stats update
[22:59:31.538] [FrameStats] frame stats update
[22:59:31.545] [FrameStats] frame stats update
[22:59:31.552] [FrameStats] frame stats update
[22:59:31.558] [FrameStats] frame stats update
[22:59:31.562] [FrameStats] frame stats update
[22:59:31.572] [FrameStats] frame stats update
[22:59:31.576] [FrameStats] frame stats update
[22:59:31.583] [FrameStats] frame stats update
[22:59:31.590] [FrameStats] frame stats update
[22:59:31.594] [FrameStats] frame stats update
[22:59:31.600] [FrameStats] frame stats update
[22:59:31.604] [FrameStats] frame stats update
[22:59:31.610] [FrameStats] frame stats update
[22:59:31.614] [FrameStats] frame stats update
[22:59:31.620] [FrameStats] frame stats update
[22:59:31.625] [FrameStats] frame stats update
[22:59:31.630] [FrameStats] frame stats update
[22:59:31.634] [FrameStats] frame stats update
[22:59:31.641] [FrameStats] frame stats update
[22:59:31.645] [FrameStats] frame stats update
[22:59:31.651] [FrameStats] frame stats update
[22:59:31.655] [FrameStats] frame stats update
[22:59:31.662] [FrameStats] frame stats update
[22:59:31.666] [FrameStats] frame stats update
[22:59:31.673] [FrameStats] frame stats update
[22:59:31.679] [FrameStats] frame stats update
[22:59:31.683] [FrameStats] frame stats update
[22:59:31.693] [FrameStats] frame stats update
[22:59:31.697] [FrameStats] frame stats update
[22:59:31.704] [FrameStats] frame stats update
[22:59:31.711] [FrameStats] frame stats update
[22:59:31.717] [FrameStats] frame stats update
[22:59:31.721] [FrameStats] frame stats update
[22:59:31.731] [FrameStats] frame stats update
[22:59:31.735] [FrameStats] frame stats update
[22:59:31.741] [FrameStats] frame stats update
[22:59:31.746] [FrameStats] frame stats update
[22:59:31.752] [FrameStats] frame stats update
[22:59:31.759] [FrameStats] frame stats update
[22:59:31.763] [FrameStats] frame stats update
[22:59:31.772] [FrameStats] frame stats update
[22:59:31.777] [FrameStats] frame stats update
[22:59:31.783] [FrameStats] frame stats update
[22:59:31.789] [FrameStats] frame stats update
[22:59:31.796] [FrameStats] frame stats update
[22:59:31.800] [FrameStats] frame stats update
[22:59:31.810] [FrameStats] frame stats update
[22:59:31.814] [FrameStats] frame stats update
[22:59:31.821] [FrameStats] frame stats update
[22:59:31.825] [FrameStats] frame stats update
[22:59:31.835] [FrameStats] frame stats update
[22:59:31.839] [FrameStats] frame stats update
[22:59:31.846] [FrameStats] frame stats update
[22:59:31.851] [FrameStats] frame stats update
[22:59:31.859] [FrameStats] frame stats update
[22:59:31.862] [FrameStats] frame stats update
[22:59:31.873] [FrameStats] frame stats update
[22:59:31.876] [FrameStats] frame stats update
[22:59:31.883] [FrameStats] frame stats update
[22:59:31.889] [FrameStats] frame stats update
[22:59:31.896] [FrameStats] frame stats update
[22:59:31.900] [FrameStats] frame stats update
[22:59:31.910] [FrameStats] frame stats update
[22:59:31.914] [FrameStats] frame stats update
[22:59:31.921] [FrameStats] frame stats update
[22:59:31.924] [FrameStats] frame stats update
[22:59:31.931] [FrameStats] frame stats update
[22:59:31.935] [FrameStats] frame stats update
[22:59:31.941] [FrameStats] frame stats update
[22:59:31.946] [FrameStats] frame stats update
[22:59:31.952] [FrameStats] frame stats update
[22:59:31.955] [FrameStats] frame stats update
[22:59:31.962] [FrameStats] frame stats update
[22:59:31.967] [FrameStats] frame stats update
[22:59:31.972] [FrameStats] frame stats update
[22:59:31.979] [FrameStats] frame stats update
[22:59:31.983] [FrameStats] frame stats update
[22:59:31.993] [FrameStats] frame stats update
[22:59:31.998] [FrameStats] frame stats update
[22:59:32.004] [FrameStats] frame stats update
[22:59:32.010] [FrameStats] frame stats update
[22:59:32.014] [FrameStats] frame stats update
[22:59:32.021] [FrameStats] frame stats update
[22:59:32.024] [FrameStats] frame stats update
[22:59:32.031] [FrameStats] frame stats update
[22:59:32.035] [FrameStats] frame stats update
[22:59:32.041] [FrameStats] frame stats update
[22:59:32.045] [FrameStats] frame stats update
[22:59:32.052] [FrameStats] frame stats update
[22:59:32.056] [FrameStats] frame stats update
[22:59:32.063] [FrameStats] frame stats update
[22:59:32.066] [FrameStats] frame stats update
[22:59:32.077] [FrameStats] frame stats update
[22:59:32.080] [FrameStats] frame stats update
[22:59:32.087] [FrameStats] frame stats update
[22:59:32.093] [FrameStats] frame stats update
[22:59:32.097] [FrameStats] frame stats update
[22:59:32.104] [FrameStats] frame stats update
[22:59:32.110] [FrameStats] frame stats update
[22:59:32.117] [FrameStats] frame stats update
[22:59:32.120] [FrameStats] frame stats update
[22:59:32.125] [FrameStats] frame stats update
[22:59:32.130] [FrameStats] frame stats update
[22:59:32.134] [FrameStats] frame stats update
[22:59:32.142] [FrameStats] frame stats update
[22:59:32.146] [FrameStats] frame stats update
[22:59:32.156] [FrameStats] frame stats update
[22:59:32.160] [FrameStats] frame stats update
[22:59:32.167] [FrameStats] frame stats update
[22:59:32.172] [FrameStats] frame stats update
[22:59:32.179] [FrameStats] frame stats update
[22:59:32.183] [FrameStats] frame stats update
[22:59:32.194] [FrameStats] frame stats update
[22:59:32.198] [FrameStats] frame stats update
[22:59:32.204] [FrameStats] frame stats update
[22:59:32.211] [FrameStats] frame stats update
[22:59:32.217] [FrameStats] frame stats update
[22:59:32.220] [FrameStats] frame stats update
[22:59:32.231] [FrameStats] frame stats update
[22:59:32.235] [FrameStats] frame stats update
[22:59:32.241] [FrameStats] frame stats update
[22:59:32.246] [FrameStats] frame stats update
[22:59:32.252] [FrameStats] frame stats update
[22:59:32.258] [FrameStats] frame stats update
[22:59:32.262] [FrameStats] frame stats update
[22:59:32.272] [FrameStats] frame stats update
[22:59:32.276] [FrameStats] frame stats update
[22:59:32.283] [FrameStats] frame stats update
[22:59:32.287] [FrameStats] frame stats update
[22:59:32.293] [FrameStats] frame stats update
[22:59:32.296] [FrameStats] frame stats update
[22:59:32.304] [FrameStats] frame stats update
[22:59:32.310] [FrameStats] frame stats update
[22:59:32.313] [FrameStats] frame stats update
[22:59:32.320] [FrameStats] frame stats update
[22:59:32.325] [FrameStats] frame stats update
[22:59:32.330] [FrameStats] frame stats update
[22:59:32.334] [FrameStats] frame stats update
[22:59:32.341] [FrameStats] frame stats update
[22:59:32.345] [FrameStats] frame stats update
[22:59:32.351] [FrameStats] frame stats update
[22:59:32.355] [FrameStats] frame stats update
[22:59:32.362] [FrameStats] frame stats update
[22:59:32.366] [FrameStats] frame stats update
[22:59:32.372] [FrameStats] frame stats update
[22:59:32.375] [FrameStats] frame stats update
[22:59:32.383] [FrameStats] frame stats update
[22:59:32.387] [FrameStats] frame stats update
[22:59:32.393] [FrameStats] frame stats update
[22:59:32.396] [FrameStats] frame stats update
[22:59:32.406] [FrameStats] frame stats update
[22:59:32.414] [FrameStats] frame stats update
[22:59:32.417] [FrameStats] frame stats update
[22:59:32.425] [FrameStats] frame stats update
[22:59:32.430] [FrameStats] frame stats update
[22:59:32.438] [FrameStats] frame stats update
[22:59:32.442] [FrameStats] frame stats update
[22:59:32.451] [FrameStats] frame stats update
[22:59:32.455] [FrameStats] frame stats update
[22:59:32.462] [FrameStats] frame stats update
[22:59:32.466] [FrameStats] frame stats update
[22:59:32.472] [FrameStats] frame stats update
[22:59:32.476] [FrameStats] frame stats update
[22:59:32.483] [FrameStats] frame stats update
[22:59:32.487] [FrameStats] frame stats update
[22:59:32.493] [FrameStats] frame stats update
[22:59:32.497] [FrameStats] frame stats update
[22:59:32.504] [FrameStats] frame stats update
[22:59:32.510] [FrameStats] frame stats update
[22:59:32.513] [FrameStats] frame stats update
[22:59:32.520] [FrameStats] frame stats update
[22:59:32.524] [FrameStats] frame stats update
[22:59:32.530] [FrameStats] frame stats update
[22:59:32.534] [FrameStats] frame stats update
[22:59:32.541] [FrameStats] frame stats update
[22:59:32.545] [FrameStats] frame stats update
[22:59:32.551] [FrameStats] frame stats update
[22:59:32.555] [FrameStats] frame stats update
[22:59:32.562] [FrameStats] frame stats update
[22:59:32.566] [FrameStats] frame stats update
[22:59:32.572] [FrameStats] frame stats update
[22:59:32.575] [FrameStats] frame stats update
[22:59:32.583] [FrameStats] frame stats update
[22:59:32.587] [FrameStats] frame stats update
[22:59:32.593] [FrameStats] frame stats update
[22:59:32.596] [FrameStats] frame stats update
[22:59:32.604] [FrameStats] frame stats update
[22:59:32.610] [FrameStats] frame stats update
[22:59:32.613] [FrameStats] frame stats update
[22:59:32.620] [FrameStats] frame stats update
[22:59:32.624] [FrameStats] frame stats update
[22:59:32.630] [FrameStats] frame stats update
[22:59:32.634] [FrameStats] frame stats update
[22:59:32.641] [FrameStats] frame stats update
[22:59:32.645] [FrameStats] frame stats update
[22:59:32.651] [FrameStats] frame stats update
[22:59:32.655] [FrameStats] frame stats update
[22:59:32.664] [FrameStats] frame stats update
[22:59:32.678] [FrameStats] have options menu
[22:59:32.679] [FrameStats] added frame stats settings
[22:59:32.681] [FrameStats] frame stats update
[22:59:32.685] [FrameStats] frame stats update
[22:59:32.691] [FrameStats] frame stats update
[22:59:32.697] [FrameStats] frame stats update
[22:59:32.705] [FrameStats] frame stats update
[22:59:32.711] [FrameStats] frame stats update
[22:59:32.716] [FrameStats] frame stats update
[22:59:32.720] [FrameStats] frame stats update
[22:59:32.731] [FrameStats] frame stats update
[22:59:32.734] [FrameStats] frame stats update
[22:59:32.741] [FrameStats] frame stats update
[22:59:32.745] [FrameStats] frame stats update
[22:59:32.751] [FrameStats] frame stats update
[22:59:32.755] [FrameStats] frame stats update
[22:59:32.762] [FrameStats] frame stats update
[22:59:32.766] [FrameStats] frame stats update
[22:59:32.772] [FrameStats] frame stats update
[22:59:32.775] [FrameStats] frame stats update
[22:59:32.783] [FrameStats] frame stats update
[22:59:32.787] [FrameStats] frame stats update
[22:59:32.797] [FrameStats] frame stats update
[22:59:32.801] [FrameStats] frame stats update
[22:59:32.810] [FrameStats] frame stats update
[22:59:32.813] [FrameStats] frame stats update
[22:59:32.820] [FrameStats] frame stats update
[22:59:32.824] [FrameStats] frame stats update
[22:59:32.830] [FrameStats] frame stats update
[22:59:32.834] [FrameStats] frame stats update
[22:59:32.841] [FrameStats] frame stats update
[22:59:32.845] [FrameStats] frame stats update
[22:59:32.852] [FrameStats] frame stats update
[22:59:32.858] [FrameStats] frame stats update
[22:59:32.862] [FrameStats] frame stats update
[22:59:32.866] [FrameStats] frame stats update
[22:59:32.876] [FrameStats] frame stats update
[22:59:32.880] [FrameStats] frame stats update
[22:59:32.887] [FrameStats] frame stats update
[22:59:32.893] [FrameStats] frame stats update
[22:59:32.897] [FrameStats] frame stats update
[22:59:32.904] [FrameStats] frame stats update
[22:59:32.909] [FrameStats] frame stats update
[22:59:32.913] [FrameStats] frame stats update
[22:59:32.920] [FrameStats] frame stats update
[22:59:32.924] [FrameStats] frame stats update
[22:59:32.930] [FrameStats] frame stats update
[22:59:32.934] [FrameStats] frame stats update
[22:59:32.941] [FrameStats] frame stats update
[22:59:32.945] [FrameStats] frame stats update
[22:59:32.955] [FrameStats] frame stats update
[22:59:32.959] [FrameStats] frame stats update
[22:59:32.967] [FrameStats] frame stats update
[22:59:32.973] [FrameStats] frame stats update
[22:59:32.979] [FrameStats] frame stats update
[22:59:32.983] [FrameStats] frame stats update
[22:59:32.994] [FrameStats] frame stats update
[22:59:32.998] [FrameStats] frame stats update
[22:59:33.004] [FrameStats] frame stats update
[22:59:33.010] [FrameStats] frame stats update
[22:59:33.017] [FrameStats] frame stats update
[22:59:33.021] [FrameStats] frame stats update
[22:59:33.031] [FrameStats] frame stats update
[22:59:33.035] [FrameStats] frame stats update
[22:59:33.042] [FrameStats] frame stats update
[22:59:33.046] [FrameStats] frame stats update
[22:59:33.056] [FrameStats] frame stats update
[22:59:33.061] [FrameStats] frame stats update
[22:59:33.066] [FrameStats] frame stats update
[22:59:33.073] [FrameStats] frame stats update
[22:59:33.077] [FrameStats] frame stats update
[22:59:33.083] [FrameStats] frame stats update
[22:59:33.087] [FrameStats] frame stats update
[22:59:33.097] [FrameStats] frame stats update
[22:59:33.102] [FrameStats] frame stats update
[22:59:33.111] [FrameStats] frame stats update
[22:59:33.114] [FrameStats] frame stats update
[22:59:33.121] [FrameStats] frame stats update
[22:59:33.125] [FrameStats] frame stats update
[22:59:33.135] [FrameStats] frame stats update
[22:59:33.139] [FrameStats] frame stats update
[22:59:33.146] [FrameStats] frame stats update
[22:59:33.151] [FrameStats] frame stats update
[22:59:33.158] [FrameStats] frame stats update
[22:59:33.162] [FrameStats] frame stats update
[22:59:33.172] [FrameStats] frame stats update
[22:59:33.176] [FrameStats] frame stats update
[22:59:33.184] [FrameStats] frame stats update
[22:59:33.187] [FrameStats] frame stats update
[22:59:33.198] [FrameStats] frame stats update
[22:59:33.202] [FrameStats] frame stats update
[22:59:33.210] [FrameStats] frame stats update
[22:59:33.214] [FrameStats] frame stats update
[22:59:33.220] [FrameStats] frame stats update
[22:59:33.225] [FrameStats] frame stats update
[22:59:33.231] [FrameStats] frame stats update
[22:59:33.235] [FrameStats] frame stats update
[22:59:33.241] [FrameStats] frame stats update
[22:59:33.246] [FrameStats] frame stats update
[22:59:33.251] [FrameStats] frame stats update
[22:59:33.258] [FrameStats] frame stats update
[22:59:33.262] [FrameStats] frame stats update
[22:59:33.272] [FrameStats] frame stats update
[22:59:33.277] [FrameStats] frame stats update
[22:59:33.283] [FrameStats] frame stats update
[22:59:33.287] [FrameStats] frame stats update
[22:59:33.293] [FrameStats] frame stats update
[22:59:33.297] [FrameStats] frame stats update
[22:59:33.304] [FrameStats] frame stats update
[22:59:33.310] [FrameStats] frame stats update
[22:59:33.316] [FrameStats] frame stats update
[22:59:33.320] [FrameStats] frame stats update
[22:59:33.332] [FrameStats] frame stats update
[22:59:33.336] [FrameStats] frame stats update
[22:59:33.342] [FrameStats] frame stats update
[22:59:33.346] [FrameStats] frame stats update
[22:59:33.356] [FrameStats] frame stats update
[22:59:33.360] [FrameStats] frame stats update
[22:59:33.369] [FrameStats] frame stats update
[22:59:33.377] [FrameStats] frame stats update
[22:59:33.381] [FrameStats] frame stats update
[22:59:33.388] [FrameStats] frame stats update
[22:59:33.393] [FrameStats] frame stats update
[22:59:33.400] [FrameStats] frame stats update
[22:59:33.404] [FrameStats] frame stats update
[22:59:33.409] [FrameStats] frame stats update
[22:59:33.413] [FrameStats] frame stats update
[22:59:33.420] [FrameStats] frame stats update
[22:59:33.425] [FrameStats] frame stats update
[22:59:33.434] [FrameStats] frame stats update
[22:59:33.438] [FrameStats] frame stats update
[22:59:33.445] [FrameStats] frame stats update
[22:59:33.451] [FrameStats] frame stats update
[22:59:33.456] [FrameStats] frame stats update
[22:59:33.462] [FrameStats] frame stats update
[22:59:33.466] [FrameStats] frame stats update
[22:59:33.472] [FrameStats] frame stats update
[22:59:33.476] [FrameStats] frame stats update
[22:59:33.483] [FrameStats] frame stats update
[22:59:33.487] [FrameStats] frame stats update
[22:59:33.493] [FrameStats] frame stats update
[22:59:33.497] [FrameStats] frame stats update
[22:59:33.503] [FrameStats] frame stats update
[22:59:33.510] [FrameStats] frame stats update
[22:59:33.513] [FrameStats] frame stats update
[22:59:33.520] [FrameStats] frame stats update
[22:59:33.525] [FrameStats] frame stats update
[22:59:33.534] [FrameStats] frame stats update
[22:59:33.538] [FrameStats] frame stats update
[22:59:33.546] [FrameStats] frame stats update
[22:59:33.551] [FrameStats] frame stats update
[22:59:33.558] [FrameStats] frame stats update
[22:59:33.562] [FrameStats] frame stats update
[22:59:33.572] [FrameStats] frame stats update
[22:59:33.577] [FrameStats] frame stats update
[22:59:33.583] [FrameStats] frame stats update
[22:59:33.587] [FrameStats] frame stats update
[22:59:33.593] [FrameStats] frame stats update
[22:59:33.597] [FrameStats] frame stats update
[22:59:33.604] [FrameStats] frame stats update
[22:59:33.610] [FrameStats] frame stats update
[22:59:33.614] [FrameStats] frame stats update
[22:59:33.621] [FrameStats] frame stats update
[22:59:33.625] [FrameStats] frame stats update
[22:59:33.635] [FrameStats] frame stats update
[22:59:33.638] [FrameStats] frame stats update
[22:59:33.646] [FrameStats] frame stats update
[22:59:33.652] [FrameStats] frame stats update
[22:59:33.658] [FrameStats] frame stats update
[22:59:33.662] [FrameStats] frame stats update
[22:59:33.673] [FrameStats] frame stats update
[22:59:33.677] [FrameStats] frame stats update
[22:59:33.683] [FrameStats] frame stats update
[22:59:33.687] [FrameStats] frame stats update
[22:59:33.697] [FrameStats] frame stats update
[22:59:33.701] [FrameStats] frame stats update
[22:59:33.709] [FrameStats] frame stats update
[22:59:33.713] [FrameStats] frame stats update
[22:59:33.720] [FrameStats] frame stats update
[22:59:33.724] [FrameStats] frame stats update
[22:59:33.730] [FrameStats] frame stats update
[22:59:33.734] [FrameStats] frame stats update
[22:59:33.741] [FrameStats] frame stats update
[22:59:33.745] [FrameStats] frame stats update
[22:59:33.756] [FrameStats] frame stats update
[22:59:33.760] [FrameStats] frame stats update
[22:59:33.766] [FrameStats] frame stats update
[22:59:33.774] [FrameStats] frame stats update
[22:59:33.779] [FrameStats] frame stats update
[22:59:33.783] [FrameStats] frame stats update
[22:59:33.793] [FrameStats] frame stats update
[22:59:33.797] [FrameStats] frame stats update
[22:59:33.804] [FrameStats] frame stats update
[22:59:33.810] [FrameStats] frame stats update
[22:59:33.816] [FrameStats] frame stats update
[22:59:33.821] [FrameStats] frame stats update
[22:59:33.831] [FrameStats] frame stats update
[22:59:33.835] [FrameStats] frame stats update
[22:59:33.841] [FrameStats] frame stats update
[22:59:33.846] [FrameStats] frame stats update
[22:59:33.852] [FrameStats] frame stats update
[22:59:33.858] [FrameStats] frame stats update
[22:59:33.862] [FrameStats] frame stats update
[22:59:33.872] [FrameStats] frame stats update
[22:59:33.876] [FrameStats] frame stats update
[22:59:33.883] [FrameStats] frame stats update
[22:59:33.888] [FrameStats] frame stats update
[22:59:33.898] [FrameStats] frame stats update
[22:59:33.902] [FrameStats] frame stats update
[22:59:33.910] [FrameStats] frame stats update
[22:59:33.914] [FrameStats] frame stats update
[22:59:33.920] [FrameStats] frame stats update
[22:59:33.925] [FrameStats] frame stats update
[22:59:33.935] [FrameStats] frame stats update
[22:59:33.939] [FrameStats] frame stats update
[22:59:33.945] [FrameStats] frame stats update
[22:59:33.951] [FrameStats] frame stats update
[22:59:33.955] [FrameStats] frame stats update
[22:59:33.962] [FrameStats] frame stats update
[22:59:33.966] [FrameStats] frame stats update
[22:59:33.972] [FrameStats] frame stats update
[22:59:33.975] [FrameStats] frame stats update
[22:59:33.983] [FrameStats] frame stats update
[22:59:33.987] [FrameStats] frame stats update
[22:59:33.993] [FrameStats] frame stats update
[22:59:33.997] [FrameStats] frame stats update
[22:59:34.004] [FrameStats] frame stats update
[22:59:34.010] [FrameStats] frame stats update
[22:59:34.014] [FrameStats] frame stats update
[22:59:34.020] [FrameStats] frame stats update
[22:59:34.024] [FrameStats] frame stats update
[22:59:34.035] [FrameStats] frame stats update
[22:59:34.038] [FrameStats] frame stats update
[22:59:34.045] [FrameStats] frame stats update
[22:59:34.051] [FrameStats] frame stats update
[22:59:34.058] [FrameStats] frame stats update
[22:59:34.062] [FrameStats] frame stats update
[22:59:34.066] [FrameStats] frame stats update
[22:59:34.076] [FrameStats] frame stats update
[22:59:34.081] [FrameStats] frame stats update
[22:59:34.087] [FrameStats] frame stats update
[22:59:34.093] [FrameStats] frame stats update
[22:59:34.097] [FrameStats] frame stats update
[22:59:34.104] [FrameStats] frame stats update
[22:59:34.110] [FrameStats] frame stats update
[22:59:34.116] [FrameStats] frame stats update
[22:59:34.120] [FrameStats] frame stats update
[22:59:34.124] [FrameStats] frame stats update
[22:59:34.130] [FrameStats] frame stats update
[22:59:34.134] [FrameStats] frame stats update
[22:59:34.141] [FrameStats] frame stats update
[22:59:34.145] [FrameStats] frame stats update
[22:59:34.151] [FrameStats] frame stats update
[22:59:34.155] [FrameStats] frame stats update
[22:59:34.162] [FrameStats] frame stats update
[22:59:34.166] [FrameStats] frame stats update
[22:59:34.173] [FrameStats] frame stats update
[22:59:34.179] [FrameStats] frame stats update
[22:59:34.183] [FrameStats] frame stats update
[22:59:34.187] [FrameStats] frame stats update
[22:59:34.193] [FrameStats] frame stats update
[22:59:34.196] [FrameStats] frame stats update
[22:59:34.203] [FrameStats] frame stats update
[22:59:34.209] [FrameStats] frame stats update
[22:59:34.214] [FrameStats] frame stats update
[22:59:34.220] [FrameStats] frame stats update
[22:59:34.224] [FrameStats] frame stats update
[22:59:34.230] [FrameStats] frame stats update
[22:59:34.234] [FrameStats] frame stats update
[22:59:34.241] [FrameStats] frame stats update
[22:59:34.245] [FrameStats] frame stats update
[22:59:34.251] [FrameStats] frame stats update
[22:59:34.258] [FrameStats] frame stats update
[22:59:34.262] [FrameStats] frame stats update
[22:59:34.272] [FrameStats] frame stats update
[22:59:34.276] [FrameStats] frame stats update
[22:59:34.283] [FrameStats] frame stats update
[22:59:34.287] [FrameStats] frame stats update
[22:59:34.293] [FrameStats] frame stats update
[22:59:34.297] [FrameStats] frame stats update
[22:59:34.303] [FrameStats] frame stats update
[22:59:34.310] [FrameStats] frame stats update
[22:59:34.314] [FrameStats] frame stats update
[22:59:34.320] [FrameStats] frame stats update
[22:59:34.324] [FrameStats] frame stats update
[22:59:34.330] [FrameStats] frame stats update
[22:59:34.334] [FrameStats] frame stats update
[22:59:34.347] [FrameStats] frame stats updates disabled
[22:59:34.348] [FrameStats] Toggle: False
[22:59:35.409] [FrameStats] aaaaaaaaaaaaaaaaaaaaaaaa
[22:59:37.524] [FrameStats] bbbbbbbbbbbbbbbbbbbbbbbb
[22:59:37.582] [FrameStats] frame stats updates enabled
[22:59:37.582] [FrameStats] Toggle: True
[22:59:37.593] [FrameStats] frame stats update
[22:59:37.616] [FrameStats] frame stats update
[22:59:37.716] [FrameStats] frame stats update
[22:59:37.722] [FrameStats] frame stats update
[22:59:37.734] [FrameStats] frame stats update
[22:59:37.755] [FrameStats] frame stats update
[22:59:37.761] [FrameStats] frame stats update
[22:59:37.776] [FrameStats] frame stats update
[22:59:37.786] [FrameStats] frame stats update
[22:59:37.801] [FrameStats] frame stats update
[22:59:37.813] [FrameStats] frame stats update
[22:59:37.824] [FrameStats] frame stats update
[22:59:37.834] [FrameStats] frame stats update
[22:59:37.845] [FrameStats] frame stats update
[22:59:37.859] [FrameStats] frame stats update
[22:59:37.866] [FrameStats] frame stats update
[22:59:37.875] [FrameStats] frame stats update
[22:59:37.883] [FrameStats] frame stats update
[22:59:37.892] [FrameStats] frame stats update
[22:59:37.899] [FrameStats] frame stats update
[22:59:37.913] [FrameStats] frame stats update
[22:59:37.920] [FrameStats] frame stats update
[22:59:37.930] [FrameStats] frame stats update
[22:59:37.936] [FrameStats] frame stats update
[22:59:37.951] [FrameStats] frame stats update
[22:59:37.955] [FrameStats] frame stats update
[22:59:37.972] [FrameStats] frame stats update
[22:59:37.978] [FrameStats] frame stats update
[22:59:37.993] [FrameStats] frame stats update
[22:59:37.999] [FrameStats] frame stats update
[22:59:38.009] [FrameStats] frame stats update
[22:59:38.016] [FrameStats] frame stats update
[22:59:38.030] [FrameStats] frame stats update
[22:59:38.036] [FrameStats] frame stats update
[22:59:38.045] [FrameStats] frame stats update
[22:59:38.055] [FrameStats] frame stats update
[22:59:38.059] [FrameStats] frame stats update
[22:59:38.065] [FrameStats] frame stats update
[22:59:38.071] [FrameStats] frame stats update
[22:59:38.078] [FrameStats] frame stats update
[22:59:38.082] [FrameStats] frame stats update
[22:59:38.092] [FrameStats] frame stats update
[22:59:38.096] [FrameStats] frame stats update
[22:59:38.103] [FrameStats] frame stats update
[22:59:38.109] [FrameStats] frame stats update
[22:59:38.116] [FrameStats] frame stats update
[22:59:38.120] [FrameStats] frame stats update
[22:59:38.130] [FrameStats] frame stats update
[22:59:38.133] [FrameStats] frame stats update
[22:59:38.140] [FrameStats] frame stats update
[22:59:38.145] [FrameStats] frame stats update
[22:59:38.155] [FrameStats] frame stats update
[22:59:38.158] [FrameStats] frame stats update
[22:59:38.166] [FrameStats] frame stats update
[22:59:38.171] [FrameStats] frame stats update
[22:59:38.178] [FrameStats] frame stats update
[22:59:38.182] [FrameStats] frame stats update
[22:59:38.192] [FrameStats] frame stats update
[22:59:38.196] [FrameStats] frame stats update
[22:59:38.204] [FrameStats] frame stats update
[22:59:38.210] [FrameStats] frame stats update
[22:59:38.216] [FrameStats] frame stats update
[22:59:38.220] [FrameStats] frame stats update
[22:59:38.230] [FrameStats] frame stats update
[22:59:38.235] [FrameStats] frame stats update
[22:59:38.241] [FrameStats] frame stats update
[22:59:38.246] [FrameStats] frame stats update
[22:59:38.255] [FrameStats] frame stats update
[22:59:38.259] [FrameStats] frame stats update
[22:59:38.266] [FrameStats] frame stats update
[22:59:38.272] [FrameStats] frame stats update
[22:59:38.276] [FrameStats] frame stats update
[22:59:38.283] [FrameStats] frame stats update
[22:59:38.286] [FrameStats] frame stats update
[22:59:38.297] [FrameStats] frame stats update
[22:59:38.301] [FrameStats] frame stats update
[22:59:38.309] [FrameStats] frame stats update
[22:59:38.312] [FrameStats] frame stats update
[22:59:38.321] [FrameStats] frame stats update
[22:59:38.325] [FrameStats] frame stats update
[22:59:38.334] [FrameStats] frame stats update
[22:59:38.338] [FrameStats] frame stats update
[22:59:38.345] [FrameStats] frame stats update
[22:59:38.350] [FrameStats] frame stats update
[22:59:38.358] [FrameStats] frame stats update
[22:59:38.361] [FrameStats] frame stats update
[22:59:38.373] [FrameStats] frame stats update
[22:59:38.377] [FrameStats] frame stats update
[22:59:38.382] [FrameStats] frame stats update
[22:59:38.386] [FrameStats] frame stats update
[22:59:38.397] [FrameStats] frame stats update
[22:59:38.400] [FrameStats] frame stats update
[22:59:38.409] [FrameStats] frame stats update
[22:59:38.412] [FrameStats] frame stats update
[22:59:38.420] [FrameStats] frame stats update
[22:59:38.424] [FrameStats] frame stats update
[22:59:38.435] [FrameStats] frame stats update
[22:59:38.439] [FrameStats] frame stats update
[22:59:38.445] [FrameStats] frame stats update
[22:59:38.450] [FrameStats] frame stats update
[22:59:38.454] [FrameStats] frame stats update
[22:59:38.461] [FrameStats] frame stats update
[22:59:38.466] [FrameStats] frame stats update
[22:59:38.475] [FrameStats] frame stats update
[22:59:38.479] [FrameStats] frame stats update
[22:59:38.487] [FrameStats] frame stats update
[22:59:38.492] [FrameStats] frame stats update
[22:59:38.499] [FrameStats] frame stats update
[22:59:38.503] [FrameStats] frame stats update
[22:59:38.509] [FrameStats] frame stats update
[22:59:38.512] [FrameStats] frame stats update
[22:59:38.520] [FrameStats] frame stats update
[22:59:38.524] [FrameStats] frame stats update
[22:59:38.534] [FrameStats] frame stats update
[22:59:38.537] [FrameStats] frame stats update
[22:59:38.545] [FrameStats] frame stats update
[22:59:38.550] [FrameStats] frame stats update
[22:59:38.557] [FrameStats] frame stats update
[22:59:38.561] [FrameStats] frame stats update
[22:59:38.571] [FrameStats] frame stats update
[22:59:38.575] [FrameStats] frame stats update
[22:59:38.582] [FrameStats] frame stats update
[22:59:38.586] [FrameStats] frame stats update
[22:59:38.596] [FrameStats] frame stats update
[22:59:38.600] [FrameStats] frame stats update
[22:59:38.609] [FrameStats] frame stats update
[22:59:38.613] [FrameStats] frame stats update
[22:59:38.620] [FrameStats] frame stats update
[22:59:38.624] [FrameStats] frame stats update
[22:59:38.634] [FrameStats] frame stats update
[22:59:38.638] [FrameStats] frame stats update
[22:59:38.645] [FrameStats] frame stats update
[22:59:38.650] [FrameStats] frame stats update
[22:59:38.657] [FrameStats] frame stats update
[22:59:38.661] [FrameStats] frame stats update
[22:59:38.665] [FrameStats] frame stats update
[22:59:38.671] [FrameStats] frame stats update
[22:59:38.675] [FrameStats] frame stats update
[22:59:38.682] [FrameStats] frame stats update
[22:59:38.686] [FrameStats] frame stats update
[22:59:38.692] [FrameStats] frame stats update
[22:59:38.696] [FrameStats] frame stats update
[22:59:38.704] [FrameStats] frame stats update
[22:59:38.709] [FrameStats] frame stats update
[22:59:38.716] [FrameStats] frame stats update
[22:59:38.720] [FrameStats] frame stats update
[22:59:38.731] [FrameStats] frame stats update
[22:59:38.734] [FrameStats] frame stats update
[22:59:38.741] [FrameStats] frame stats update
[22:59:38.745] [FrameStats] frame stats update
[22:59:38.755] [FrameStats] frame stats update
[22:59:38.759] [FrameStats] frame stats update
[22:59:38.766] [FrameStats] frame stats update
[22:59:38.772] [FrameStats] frame stats update
[22:59:38.778] [FrameStats] frame stats update
[22:59:38.783] [FrameStats] frame stats update
[22:59:38.793] [FrameStats] frame stats update
[22:59:38.796] [FrameStats] frame stats update
[22:59:38.803] [FrameStats] frame stats update
[22:59:38.807] [FrameStats] frame stats update
[22:59:38.817] [FrameStats] frame stats update
[22:59:38.820] [FrameStats] frame stats update
[22:59:38.830] [FrameStats] frame stats update
[22:59:38.834] [FrameStats] frame stats update
[22:59:38.841] [FrameStats] frame stats update
[22:59:38.844] [FrameStats] frame stats update
[22:59:38.855] [FrameStats] frame stats update
[22:59:38.858] [FrameStats] frame stats update
[22:59:38.865] [FrameStats] frame stats update
[22:59:38.871] [FrameStats] frame stats update
[22:59:38.875] [FrameStats] frame stats update
[22:59:38.882] [FrameStats] frame stats update
[22:59:38.886] [FrameStats] frame stats update
[22:59:38.892] [FrameStats] frame stats update
[22:59:38.895] [FrameStats] frame stats update
[22:59:38.903] [FrameStats] frame stats update
[22:59:38.907] [FrameStats] frame stats update
[22:59:38.917] [FrameStats] frame stats update
[22:59:38.921] [FrameStats] frame stats update
[22:59:38.930] [FrameStats] frame stats update
[22:59:38.933] [FrameStats] frame stats update
[22:59:38.941] [FrameStats] frame stats update
[22:59:38.945] [FrameStats] frame stats update
[22:59:38.954] [FrameStats] frame stats update
[22:59:38.958] [FrameStats] frame stats update
[22:59:38.965] [FrameStats] frame stats update
[22:59:38.971] [FrameStats] frame stats update
[22:59:38.975] [FrameStats] frame stats update
[22:59:38.982] [FrameStats] frame stats update
[22:59:38.986] [FrameStats] frame stats update
[22:59:38.997] [FrameStats] frame stats update
[22:59:39.001] [FrameStats] frame stats update
[22:59:39.007] [FrameStats] frame stats update
[22:59:39.013] [FrameStats] frame stats update
[22:59:39.017] [FrameStats] frame stats update
[22:59:39.024] [FrameStats] frame stats update
[22:59:39.029] [FrameStats] frame stats update
[22:59:39.033] [FrameStats] frame stats update
[22:59:39.040] [FrameStats] frame stats update
[22:59:39.045] [FrameStats] frame stats update
[22:59:39.050] [FrameStats] frame stats update
[22:59:39.057] [FrameStats] frame stats update
[22:59:39.061] [FrameStats] frame stats update
[22:59:39.065] [FrameStats] frame stats update
[22:59:39.071] [FrameStats] frame stats update
[22:59:39.074] [FrameStats] frame stats update
[22:59:39.083] [FrameStats] frame stats update
[22:59:39.087] [FrameStats] frame stats update
[22:59:39.297] [FrameStats] frame stats update
[22:59:39.303] [FrameStats] frame stats update
[22:59:39.312] [FrameStats] frame stats update
[22:59:39.325] [FrameStats] frame stats update
[22:59:39.342] [FrameStats] frame stats update
[22:59:39.366] [FrameStats] frame stats update
[22:59:39.378] [FrameStats] frame stats update
[22:59:39.388] [FrameStats] frame stats update
[22:59:39.405] [FrameStats] frame stats update
[22:59:39.420] [FrameStats] frame stats update
[22:59:39.435] [FrameStats] frame stats update
[22:59:39.450] [FrameStats] frame stats update
[22:59:39.464] [FrameStats] frame stats update
[22:59:39.482] [FrameStats] frame stats update
[22:59:39.499] [FrameStats] frame stats update
[22:59:39.513] [FrameStats] frame stats update
[22:59:39.528] [FrameStats] frame stats update
[22:59:39.545] [FrameStats] frame stats update
[22:59:39.558] [FrameStats] frame stats update
[22:59:39.575] [FrameStats] frame stats update
[22:59:39.593] [FrameStats] frame stats update
[22:59:39.606] [FrameStats] frame stats update
[22:59:39.620] [FrameStats] frame stats update
[22:59:39.638] [FrameStats] frame stats update
[22:59:39.654] [FrameStats] frame stats update
[22:59:39.670] [FrameStats] frame stats update
[22:59:39.685] [FrameStats] frame stats update
[22:59:39.698] [FrameStats] frame stats update
[22:59:39.716] [FrameStats] frame stats update
[22:59:39.732] [FrameStats] frame stats update
[22:59:39.748] [FrameStats] frame stats update
[22:59:39.761] [FrameStats] frame stats update
[22:59:39.775] [FrameStats] frame stats update
[22:59:39.793] [FrameStats] frame stats update
[22:59:39.808] [FrameStats] frame stats update
[22:59:39.822] [FrameStats] frame stats update
[22:59:39.839] [FrameStats] frame stats update
[22:59:39.854] [FrameStats] frame stats update
[22:59:39.865] [FrameStats] frame stats update
[22:59:39.869] [FrameStats] frame stats update
[22:59:39.880] [FrameStats] frame stats update
[22:59:39.884] [FrameStats] frame stats update
[22:59:39.892] [FrameStats] frame stats update
[22:59:39.895] [FrameStats] frame stats update
[22:59:39.903] [FrameStats] frame stats update
[22:59:39.907] [FrameStats] frame stats update
[22:59:39.917] [FrameStats] frame stats update
[22:59:39.920] [FrameStats] frame stats update
[22:59:39.929] [FrameStats] frame stats update
[22:59:39.933] [FrameStats] frame stats update
[22:59:39.940] [FrameStats] frame stats update
[22:59:39.944] [FrameStats] frame stats update
[22:59:39.950] [FrameStats] frame stats update
[22:59:39.954] [FrameStats] frame stats update
[22:59:39.961] [FrameStats] frame stats update
[22:59:39.965] [FrameStats] frame stats update
[22:59:39.971] [FrameStats] frame stats update
[22:59:39.974] [FrameStats] frame stats update
[22:59:39.982] [FrameStats] frame stats update
[22:59:39.986] [FrameStats] frame stats update
[22:59:39.992] [FrameStats] frame stats update
[22:59:39.995] [FrameStats] frame stats update
[22:59:40.003] [FrameStats] frame stats update
[22:59:40.007] [FrameStats] frame stats update
[22:59:40.013] [FrameStats] frame stats update
[22:59:40.016] [FrameStats] frame stats update
[22:59:40.024] [FrameStats] frame stats update
[22:59:40.029] [FrameStats] frame stats update
[22:59:40.033] [FrameStats] frame stats update
[22:59:40.040] [FrameStats] frame stats update
[22:59:40.044] [FrameStats] frame stats update
[22:59:40.050] [FrameStats] frame stats update
[22:59:40.053] [FrameStats] frame stats update
[22:59:40.061] [FrameStats] frame stats update
[22:59:40.065] [FrameStats] frame stats update
[22:59:40.071] [FrameStats] frame stats update
[22:59:40.074] [FrameStats] frame stats update
[22:59:40.082] [FrameStats] frame stats update
[22:59:40.086] [FrameStats] frame stats update
[22:59:40.092] [FrameStats] frame stats update
[22:59:40.095] [FrameStats] frame stats update
[22:59:40.103] [FrameStats] frame stats update
[22:59:40.107] [FrameStats] frame stats update
[22:59:40.117] [FrameStats] frame stats update
[22:59:40.120] [FrameStats] frame stats update
[22:59:40.129] [FrameStats] frame stats update
[22:59:40.133] [FrameStats] frame stats update
[22:59:40.140] [FrameStats] frame stats update
[22:59:40.144] [FrameStats] frame stats update
[22:59:40.150] [FrameStats] frame stats update
[22:59:40.154] [FrameStats] frame stats update
[22:59:40.161] [FrameStats] frame stats update
[22:59:40.165] [FrameStats] frame stats update
[22:59:40.171] [FrameStats] frame stats update
[22:59:40.175] [FrameStats] frame stats update
[22:59:40.182] [FrameStats] frame stats update
[22:59:40.186] [FrameStats] frame stats update
[22:59:40.193] [FrameStats] frame stats update
[22:59:40.196] [FrameStats] frame stats update
[22:59:40.204] [FrameStats] frame stats update
[22:59:40.207] [FrameStats] frame stats update
[22:59:40.217] [FrameStats] frame stats update
[22:59:40.221] [FrameStats] frame stats update
[22:59:40.230] [FrameStats] frame stats update
[22:59:40.235] [FrameStats] frame stats update
[22:59:40.241] [FrameStats] frame stats update
[22:59:40.245] [FrameStats] frame stats update
[22:59:40.255] [FrameStats] frame stats update
[22:59:40.259] [FrameStats] frame stats update
[22:59:40.266] [FrameStats] frame stats update
[22:59:40.271] [FrameStats] frame stats update
[22:59:40.278] [FrameStats] frame stats update
[22:59:40.282] [FrameStats] frame stats update
[22:59:40.293] [FrameStats] frame stats update
[22:59:40.297] [FrameStats] frame stats update
[22:59:40.303] [FrameStats] frame stats update
[22:59:40.307] [FrameStats] frame stats update
[22:59:40.318] [FrameStats] frame stats update
[22:59:40.322] [FrameStats] frame stats update
[22:59:40.329] [FrameStats] frame stats update
[22:59:40.333] [FrameStats] frame stats update
[22:59:40.341] [FrameStats] frame stats update
[22:59:40.345] [FrameStats] frame stats update
[22:59:40.356] [FrameStats] frame stats update
[22:59:40.360] [FrameStats] frame stats update
[22:59:40.366] [FrameStats] frame stats update
[22:59:40.371] [FrameStats] frame stats update
[22:59:40.378] [FrameStats] frame stats update
[22:59:40.382] [FrameStats] frame stats update
[22:59:40.393] [FrameStats] frame stats update
[22:59:40.397] [FrameStats] frame stats update
[22:59:40.403] [FrameStats] frame stats update
[22:59:40.407] [FrameStats] frame stats update
[22:59:40.417] [FrameStats] frame stats update
[22:59:40.421] [FrameStats] frame stats update
[22:59:40.429] [FrameStats] frame stats update
[22:59:40.433] [FrameStats] frame stats update
[22:59:40.440] [FrameStats] frame stats update
[22:59:40.444] [FrameStats] frame stats update
[22:59:40.450] [FrameStats] frame stats update
[22:59:40.454] [FrameStats] frame stats update
[22:59:40.461] [FrameStats] frame stats update
[22:59:40.465] [FrameStats] frame stats update
[22:59:40.471] [FrameStats] frame stats update
[22:59:40.475] [FrameStats] frame stats update
[22:59:40.482] [FrameStats] frame stats update
[22:59:40.486] [FrameStats] frame stats update
[22:59:40.492] [FrameStats] frame stats update
[22:59:40.495] [FrameStats] frame stats update
[22:59:40.503] [FrameStats] frame stats update
[22:59:40.507] [FrameStats] frame stats update
[22:59:40.512] [FrameStats] frame stats update
[22:59:40.516] [FrameStats] frame stats update
[22:59:40.524] [FrameStats] frame stats update
[22:59:40.529] [FrameStats] frame stats update
[22:59:40.533] [FrameStats] frame stats update
[22:59:40.540] [FrameStats] frame stats update
[22:59:40.544] [FrameStats] frame stats update
[22:59:40.550] [FrameStats] frame stats update
[22:59:40.554] [FrameStats] frame stats update
[22:59:40.561] [FrameStats] frame stats update
[22:59:40.565] [FrameStats] frame stats update
[22:59:40.571] [FrameStats] frame stats update
[22:59:40.574] [FrameStats] frame stats update
[22:59:40.582] [FrameStats] frame stats update
[22:59:40.590] [FrameStats] frame stats update
[22:59:40.596] [FrameStats] frame stats update
[22:59:40.599] [FrameStats] frame stats update
[22:59:40.607] [FrameStats] frame stats update
[22:59:40.612] [FrameStats] frame stats update
[22:59:40.616] [FrameStats] frame stats update
[22:59:40.624] [FrameStats] frame stats update
[22:59:40.629] [FrameStats] frame stats update
[22:59:40.633] [FrameStats] frame stats update
[22:59:40.640] [FrameStats] frame stats update
[22:59:40.644] [FrameStats] frame stats update
[22:59:40.654] [FrameStats] frame stats update
[22:59:40.658] [FrameStats] frame stats update
[22:59:40.665] [FrameStats] frame stats update
[22:59:40.671] [FrameStats] frame stats update
[22:59:40.675] [FrameStats] frame stats update
[22:59:40.682] [FrameStats] frame stats update
[22:59:40.686] [FrameStats] frame stats update
[22:59:40.692] [FrameStats] frame stats update
[22:59:40.695] [FrameStats] frame stats update
[22:59:41.144] [FrameStats] frame stats updates disabled
[22:59:41.146] [FrameStats] frame stats updater destroyed
[22:59:41.213] Preferences Saved!
