
[11:58:22.181] ------------------------------
[11:58:22.201] MelonLoader v0.7.0 Open-Beta
[11:58:22.203] OS: Windows 11
[11:58:22.204] Hash Code: F2DCA88FB1569FD6750096CED35BBB808C50BA273E0D295347A24385B0B764CA
[11:58:22.204] ------------------------------
[11:58:22.205] Game Type: MonoBleedingEdge
[11:58:22.205] Game Arch: x64
[11:58:22.205] ------------------------------
[11:58:22.205] Command-Line: 
[11:58:22.205] ------------------------------
[11:58:22.206] Core::BasePath = C:\Users\Pytho\Projects\SDFrameStatsMod\StellarDrive_0.6.5
[11:58:22.206] Game::BasePath = C:\Users\Pytho\Projects\SDFrameStatsMod\StellarDrive_0.6.5
[11:58:22.207] Game::DataPath = C:\Users\Pytho\Projects\SDFrameStatsMod\StellarDrive_0.6.5\StellarDrive_Data
[11:58:22.207] Game::ApplicationPath = C:\Users\Pytho\Projects\SDFrameStatsMod\StellarDrive_0.6.5\StellarDrive.exe
[11:58:22.207] Runtime Type: net35
[11:58:22.374] ------------------------------
[11:58:22.375] Game Name: StellarDrive
[11:58:22.375] Game Developer: CuriousOwlGames
[11:58:22.377] Unity Version: 2022.3.11f1
[11:58:22.377] Game Version: UNKNOWN
[11:58:22.377] ------------------------------

[11:58:23.059] Preferences Loaded!

[11:58:23.145] Loading UserLibs...
[11:58:23.422] ------------------------------
[11:58:23.425] Melon Assembly loaded: '.\UserLibs\HidSharp.dll'
[11:58:23.426] SHA256 Hash: '61EB2E22A5620D789A23D389F1AF9D38FAFF4D85F46ADEDBC28FB22CFEC61BF9'
[11:58:23.432] Melon Assembly loaded: '.\UserLibs\LibreHardwareMonitorLib.dll'
[11:58:23.433] SHA256 Hash: '99B39B0B0AC865C38A33DFF7DEE080FF17AAC3337B2332812CA2D7BB13C89460'
[11:58:23.433] Melon Assembly loaded: '.\UserLibs\Microsoft.Win32.Registry.dll'
[11:58:23.434] SHA256 Hash: 'D641EB0065BD5CDB541C5BF0D2FF976720D35D62416AB959727651ABF0ABA2CA'
[11:58:23.434] Melon Assembly loaded: '.\UserLibs\System.Buffers.dll'
[11:58:23.434] SHA256 Hash: 'C65FFF603B283DC966D1A8B730C11D5E5E750E8021BD24640612F6CC3F2C6FB7'
[11:58:23.436] Melon Assembly loaded: '.\UserLibs\System.CodeDom.dll'
[11:58:23.436] SHA256 Hash: 'CF18C822A341A3932FC8C08D7F21BF015F7E3C2696619560C94B63629341376A'
[11:58:23.437] Melon Assembly loaded: '.\UserLibs\System.IO.FileSystem.AccessControl.dll'
[11:58:23.437] SHA256 Hash: 'D2D6CD3FEF822959B68A68A6AF6096963BBE6493D90E16F0AF65FEDE25D85F32'
[11:58:23.438] Melon Assembly loaded: '.\UserLibs\System.IO.Ports.dll'
[11:58:23.438] SHA256 Hash: 'B1ECEF838C8B833BE76D1EF75AD8A0B1FAD805FC951136C9E5256FD3CF15FC1B'
[11:58:23.441] Melon Assembly loaded: '.\UserLibs\System.Management.dll'
[11:58:23.441] SHA256 Hash: '205BF789DD38D8ABC5FDC9CD8653469400ED9D6386B07384609848B9C95D7721'
[11:58:23.442] Melon Assembly loaded: '.\UserLibs\System.Memory.dll'
[11:58:23.443] SHA256 Hash: 'D2E3949FCF3A3B3A20BB9A568A4DA582D9A90D64F34C0BDC07C9029BFE8F1858'
[11:58:23.445] Melon Assembly loaded: '.\UserLibs\System.Numerics.Vectors.dll'
[11:58:23.445] SHA256 Hash: '2324EE5A35674269225E2AA20957CE8830DBCA0CFFB918BD593F7A3222DEE480'
[11:58:23.446] Melon Assembly loaded: '.\UserLibs\System.Runtime.CompilerServices.Unsafe.dll'
[11:58:23.446] SHA256 Hash: 'BFC8F02A96934786CA5A0514A3B657021C12542E215E94B78FDCC74BFEFFE3D3'
[11:58:23.447] Melon Assembly loaded: '.\UserLibs\System.Security.AccessControl.dll'
[11:58:23.447] SHA256 Hash: '93084849C17A21F641C13C9F17545CFE18C1EC097561F3F0EBBBE26F358BA120'
[11:58:23.448] Melon Assembly loaded: '.\UserLibs\System.Security.Principal.Windows.dll'
[11:58:23.448] SHA256 Hash: '7828DFD952A9FD49404477BAFF714849177D9F18C0654ADAFADBDCAFB4B21F47'
[11:58:23.470] Melon Assembly loaded: '.\UserLibs\UniverseLib.Mono.dll'
[11:58:23.470] SHA256 Hash: '3B10913FFEAC9A0744583F0BB18218A5CFAFCBA467A7F9F99FA731E801A5A880'
[11:58:23.471] ------------------------------
[11:58:23.471] 0 UserLibs loaded.

[11:58:23.472] Loading Plugins...
[11:58:23.473] 0 Plugins loaded.


[12:00:33.916] Loading Mods...
[12:00:34.292] ------------------------------
[12:00:34.293] Melon Assembly loaded: '.\Mods\FrameStats.dll'
[12:00:34.293] SHA256 Hash: '5F6E375D0CA6F376180DDFA19C337CCFCBC8E22E6AA6A750BD0E0B8777F9DD90'
[12:00:34.310] Melon Assembly loaded: '.\Mods\UnityExplorer.ML.Mono.dll'
[12:00:34.310] SHA256 Hash: '7E6C95C5F0DB2D6B22F506AAD4D268A96250BD64D8E259B7E4073106250F36D2'

[12:00:34.335] ------------------------------
[12:00:34.335] FrameStats v1.0.0
[12:00:34.335] by oneshade
[12:00:34.336] Assembly: FrameStats.dll
[12:00:34.336] ------------------------------
[12:00:34.337] ------------------------------
[12:00:34.337] UnityExplorer v4.9.0
[12:00:34.337] by Sinai
[12:00:34.337] Assembly: UnityExplorer.ML.Mono.dll
[12:00:34.337] ------------------------------
[12:00:34.337] ------------------------------
[12:00:34.338] 2 Mods loaded.

[12:00:34.368] Support Module Loaded: C:\Users\Pytho\Projects\SDFrameStatsMod\StellarDrive_0.6.5\MelonLoader\Dependencies\SupportModules\Mono.dll
[12:00:34.376] [FrameStats] melon initialized
[12:00:36.859] [FrameStats] Hardware: Intel Core i9-14900HX
[12:00:36.861] [FrameStats] 	Sensor: CPU Core #1 Thread #1, value: 8.310824
[12:00:36.861] [FrameStats] 	Sensor: CPU Core #1 Thread #2, value: 0
[12:00:36.861] [FrameStats] 	Sensor: CPU Core #2 Thread #1, value: 0
[12:00:36.861] [FrameStats] 	Sensor: CPU Core #2 Thread #2, value: 0
[12:00:36.862] [FrameStats] 	Sensor: CPU Core #3 Thread #1, value: 0
[12:00:36.862] [FrameStats] 	Sensor: CPU Core #3 Thread #2, value: 0
[12:00:36.862] [FrameStats] 	Sensor: CPU Core #4 Thread #1, value: 0
[12:00:36.862] [FrameStats] 	Sensor: CPU Core #4 Thread #2, value: 0
[12:00:36.862] [FrameStats] 	Sensor: CPU Core #5 Thread #1, value: 34.15754
[12:00:36.862] [FrameStats] 	Sensor: CPU Core #5 Thread #2, value: 0
[12:00:36.862] [FrameStats] 	Sensor: CPU Core #6 Thread #1, value: 56.61433
[12:00:36.862] [FrameStats] 	Sensor: CPU Core #6 Thread #2, value: 0
[12:00:36.862] [FrameStats] 	Sensor: CPU Core #7 Thread #1, value: 19.31015
[12:00:36.862] [FrameStats] 	Sensor: CPU Core #7 Thread #2, value: 0
[12:00:36.862] [FrameStats] 	Sensor: CPU Core #8 Thread #1, value: 0
[12:00:36.862] [FrameStats] 	Sensor: CPU Core #8 Thread #2, value: 0
[12:00:36.862] [FrameStats] 	Sensor: CPU Core #9, value: 0
[12:00:36.862] [FrameStats] 	Sensor: CPU Core #10, value: 0
[12:00:36.862] [FrameStats] 	Sensor: CPU Core #11, value: 0
[12:00:36.862] [FrameStats] 	Sensor: CPU Core #12, value: 0
[12:00:36.862] [FrameStats] 	Sensor: CPU Core #13, value: 0
[12:00:36.862] [FrameStats] 	Sensor: CPU Core #14, value: 0
[12:00:36.862] [FrameStats] 	Sensor: CPU Core #15, value: 0
[12:00:36.862] [FrameStats] 	Sensor: CPU Core #16, value: 0
[12:00:36.863] [FrameStats] 	Sensor: CPU Core #17, value: 0
[12:00:36.863] [FrameStats] 	Sensor: CPU Core #18, value: 0
[12:00:36.863] [FrameStats] 	Sensor: CPU Core #19, value: 0
[12:00:36.863] [FrameStats] 	Sensor: CPU Core #20, value: 0
[12:00:36.863] [FrameStats] 	Sensor: CPU Core #21, value: 11.08909
[12:00:36.863] [FrameStats] 	Sensor: CPU Core #22, value: 0
[12:00:36.863] [FrameStats] 	Sensor: CPU Core #23, value: 0
[12:00:36.863] [FrameStats] 	Sensor: CPU Core #24, value: 0
[12:00:36.863] [FrameStats] 	Sensor: CPU Total, value: 0
[12:00:36.863] [FrameStats] 	Sensor: CPU Core Max, value: 56.61433
[12:00:36.863] [FrameStats] 	Sensor: Core Max, value: 
[12:00:36.863] [FrameStats] 	Sensor: Core Average, value: 
[12:00:36.863] [FrameStats] 	Sensor: CPU Core #1, value: 
[12:00:36.863] [FrameStats] 	Sensor: CPU Core #2, value: 
[12:00:36.863] [FrameStats] 	Sensor: CPU Core #3, value: 
[12:00:36.863] [FrameStats] 	Sensor: CPU Core #4, value: 
[12:00:36.864] [FrameStats] 	Sensor: CPU Core #5, value: 
[12:00:36.864] [FrameStats] 	Sensor: CPU Core #6, value: 
[12:00:36.864] [FrameStats] 	Sensor: CPU Core #7, value: 
[12:00:36.864] [FrameStats] 	Sensor: CPU Core #8, value: 
[12:00:36.864] [FrameStats] 	Sensor: CPU Core #9, value: 
[12:00:36.864] [FrameStats] 	Sensor: CPU Core #10, value: 
[12:00:36.864] [FrameStats] 	Sensor: CPU Core #11, value: 
[12:00:36.864] [FrameStats] 	Sensor: CPU Core #12, value: 
[12:00:36.865] [FrameStats] 	Sensor: CPU Core #13, value: 
[12:00:36.865] [FrameStats] 	Sensor: CPU Core #14, value: 
[12:00:36.865] [FrameStats] 	Sensor: CPU Core #15, value: 
[12:00:36.865] [FrameStats] 	Sensor: CPU Core #16, value: 
[12:00:36.865] [FrameStats] 	Sensor: CPU Core #17, value: 
[12:00:36.865] [FrameStats] 	Sensor: CPU Core #18, value: 
[12:00:36.865] [FrameStats] 	Sensor: CPU Core #19, value: 
[12:00:36.866] [FrameStats] 	Sensor: CPU Core #20, value: 
[12:00:36.866] [FrameStats] 	Sensor: CPU Core #21, value: 
[12:00:36.866] [FrameStats] 	Sensor: CPU Core #22, value: 
[12:00:36.866] [FrameStats] 	Sensor: CPU Core #23, value: 
[12:00:36.867] [FrameStats] 	Sensor: CPU Core #24, value: 
[12:00:36.867] [FrameStats] 	Sensor: CPU Package, value: 
[12:00:36.867] [FrameStats] 	Sensor: CPU Core #1 Distance to TjMax, value: 
[12:00:36.867] [FrameStats] 	Sensor: CPU Core #2 Distance to TjMax, value: 
[12:00:36.867] [FrameStats] 	Sensor: CPU Core #3 Distance to TjMax, value: 
[12:00:36.867] [FrameStats] 	Sensor: CPU Core #4 Distance to TjMax, value: 
[12:00:36.867] [FrameStats] 	Sensor: CPU Core #5 Distance to TjMax, value: 
[12:00:36.867] [FrameStats] 	Sensor: CPU Core #6 Distance to TjMax, value: 
[12:00:36.867] [FrameStats] 	Sensor: CPU Core #7 Distance to TjMax, value: 
[12:00:36.867] [FrameStats] 	Sensor: CPU Core #8 Distance to TjMax, value: 
[12:00:36.867] [FrameStats] 	Sensor: CPU Core #9 Distance to TjMax, value: 
[12:00:36.867] [FrameStats] 	Sensor: CPU Core #10 Distance to TjMax, value: 
[12:00:36.867] [FrameStats] 	Sensor: CPU Core #11 Distance to TjMax, value: 
[12:00:36.867] [FrameStats] 	Sensor: CPU Core #12 Distance to TjMax, value: 
[12:00:36.868] [FrameStats] 	Sensor: CPU Core #13 Distance to TjMax, value: 
[12:00:36.868] [FrameStats] 	Sensor: CPU Core #14 Distance to TjMax, value: 
[12:00:36.868] [FrameStats] 	Sensor: CPU Core #15 Distance to TjMax, value: 
[12:00:36.868] [FrameStats] 	Sensor: CPU Core #16 Distance to TjMax, value: 
[12:00:36.868] [FrameStats] 	Sensor: CPU Core #17 Distance to TjMax, value: 
[12:00:36.868] [FrameStats] 	Sensor: CPU Core #18 Distance to TjMax, value: 
[12:00:36.868] [FrameStats] 	Sensor: CPU Core #19 Distance to TjMax, value: 
[12:00:36.868] [FrameStats] 	Sensor: CPU Core #20 Distance to TjMax, value: 
[12:00:36.868] [FrameStats] 	Sensor: CPU Core #21 Distance to TjMax, value: 
[12:00:36.868] [FrameStats] 	Sensor: CPU Core #22 Distance to TjMax, value: 
[12:00:36.868] [FrameStats] 	Sensor: CPU Core #23 Distance to TjMax, value: 
[12:00:36.868] [FrameStats] 	Sensor: CPU Core #24 Distance to TjMax, value: 
[12:00:36.868] [FrameStats] 	Sensor: CPU Core #1, value: 
[12:00:36.868] [FrameStats] 	Sensor: CPU Core #2, value: 
[12:00:36.868] [FrameStats] 	Sensor: CPU Core #3, value: 
[12:00:36.868] [FrameStats] 	Sensor: CPU Core #4, value: 
[12:00:36.868] [FrameStats] 	Sensor: CPU Core #5, value: 
[12:00:36.868] [FrameStats] 	Sensor: CPU Core #6, value: 
[12:00:36.868] [FrameStats] 	Sensor: CPU Core #7, value: 
[12:00:36.868] [FrameStats] 	Sensor: CPU Core #8, value: 
[12:00:36.868] [FrameStats] 	Sensor: CPU Core #9, value: 
[12:00:36.868] [FrameStats] 	Sensor: CPU Core #10, value: 
[12:00:36.868] [FrameStats] 	Sensor: CPU Core #11, value: 
[12:00:36.868] [FrameStats] 	Sensor: CPU Core #12, value: 
[12:00:36.868] [FrameStats] 	Sensor: CPU Core #13, value: 
[12:00:36.868] [FrameStats] 	Sensor: CPU Core #14, value: 
[12:00:36.868] [FrameStats] 	Sensor: CPU Core #15, value: 
[12:00:36.868] [FrameStats] 	Sensor: CPU Core #16, value: 
[12:00:36.868] [FrameStats] 	Sensor: CPU Core #17, value: 
[12:00:36.869] [FrameStats] 	Sensor: CPU Core #18, value: 
[12:00:36.869] [FrameStats] 	Sensor: CPU Core #19, value: 
[12:00:36.869] [FrameStats] 	Sensor: CPU Core #20, value: 
[12:00:36.869] [FrameStats] 	Sensor: CPU Core #21, value: 
[12:00:36.869] [FrameStats] 	Sensor: CPU Core #22, value: 
[12:00:36.869] [FrameStats] 	Sensor: CPU Core #23, value: 
[12:00:36.869] [FrameStats] 	Sensor: CPU Core #24, value: 
[12:00:36.869] [FrameStats] Hardware: Generic Memory
[12:00:36.869] [FrameStats] 	Sensor: Memory Used, value: 19.00576
[12:00:36.869] [FrameStats] 	Sensor: Memory Available, value: 12.70895
[12:00:36.869] [FrameStats] 	Sensor: Memory, value: 59.92728
[12:00:36.869] [FrameStats] 	Sensor: Virtual Memory Used, value: 35.28643
[12:00:36.869] [FrameStats] 	Sensor: Virtual Memory Available, value: 7.92828
[12:00:36.869] [FrameStats] 	Sensor: Virtual Memory, value: 81.65375
[12:00:36.869] [FrameStats] Hardware: NVIDIA GeForce RTX 4070 Laptop GPU
[12:00:36.869] [FrameStats] 	Sensor: GPU Core, value: 47
[12:00:36.869] [FrameStats] 	Sensor: GPU Core, value: 210
[12:00:36.870] [FrameStats] 	Sensor: GPU Memory, value: 405
[12:00:36.870] [FrameStats] 	Sensor: GPU Core, value: 0
[12:00:36.870] [FrameStats] 	Sensor: GPU Memory Controller, value: 3
[12:00:36.870] [FrameStats] 	Sensor: GPU Video Engine, value: 13
[12:00:36.872] [FrameStats] 	Sensor: GPU Bus, value: 0
[12:00:36.872] [FrameStats] 	Sensor: D3D Dedicated Memory Used, value: 389.2578
[12:00:36.872] [FrameStats] 	Sensor: D3D Shared Memory Used, value: 169.1953
[12:00:36.872] [FrameStats] 	Sensor: D3D 3D, value: 0
[12:00:36.872] [FrameStats] 	Sensor: D3D Overlay, value: 0
[12:00:36.873] [FrameStats] 	Sensor: D3D Video Decode, value: 0
[12:00:36.873] [FrameStats] 	Sensor: D3D Copy, value: 0
[12:00:36.873] [FrameStats] 	Sensor: D3D Copy, value: 0
[12:00:36.873] [FrameStats] 	Sensor: D3D Security, value: 0
[12:00:36.873] [FrameStats] 	Sensor: D3D Video Encode, value: 0
[12:00:36.873] [FrameStats] 	Sensor: D3D Video Processing, value: 0
[12:00:36.873] [FrameStats] 	Sensor: D3D VR, value: 0
[12:00:36.873] [FrameStats] 	Sensor: GPU Hot Spot, value: 54.0625
[12:00:36.873] [FrameStats] 	Sensor: GPU Memory Total, value: 8188
[12:00:36.873] [FrameStats] 	Sensor: GPU Memory Free, value: 7564
[12:00:36.873] [FrameStats] 	Sensor: GPU Memory Used, value: 623
[12:00:36.873] [FrameStats] 	Sensor: GPU Memory, value: 7.618571
[12:00:36.873] [FrameStats] 	Sensor: GPU Package, value: 5.814
[12:00:36.874] [FrameStats] 	Sensor: GPU PCIe Rx, value: 3072
[12:00:36.874] [FrameStats] 	Sensor: GPU PCIe Tx, value: 2059264
[12:00:36.874] [FrameStats] Hardware: Intel(R) UHD Graphics
[12:00:36.874] [FrameStats] 	Sensor: D3D Shared Memory Total, value: 16237.93
[12:00:36.874] [FrameStats] 	Sensor: D3D Shared Memory Free, value: 
[12:00:36.874] [FrameStats] 	Sensor: D3D Shared Memory Used, value: 1500.93
[12:00:36.874] [FrameStats] 	Sensor: D3D 3D, value: 2.597117
[12:00:36.874] [FrameStats] 	Sensor: D3D Video Decode, value: 0
[12:00:36.874] [FrameStats] 	Sensor: D3D Copy, value: 0
[12:00:36.874] [FrameStats] 	Sensor: D3D Video Processing, value: 0
[12:00:36.874] [FrameStats] 	Sensor: D3D Video Decode, value: 0
[12:00:36.874] [FrameStats] 	Sensor: D3D Other, value: 0
[12:00:36.874] [FrameStats] 	Sensor: D3D Other, value: 0
[12:00:36.874] [FrameStats] 	Sensor: D3D Other, value: 0
[12:00:36.874] [FrameStats] 	Sensor: D3D Other, value: 0
[12:00:36.874] [FrameStats] 	Sensor: D3D Other, value: 0
[12:00:36.874] [FrameStats] 	Sensor: D3D GDI Render, value: 0
[12:00:36.874] [FrameStats] 	Sensor: D3D Other, value: 0
[12:00:36.874] [FrameStats] 	Sensor: D3D Other, value: 0
[12:00:36.874] [FrameStats] Hardware: L23M4PC3 
[12:00:36.874] [FrameStats] 	Sensor: Designed Capacity, value: 99900
[12:00:36.874] [FrameStats] 	Sensor: Fully-Charged Capacity, value: 94430
[12:00:36.874] [FrameStats] 	Sensor: Degradation Level, value: 5.475475
[12:00:36.874] [FrameStats] 	Sensor: Remaining Capacity, value: 49410
[12:00:36.874] [FrameStats] 	Sensor: Charge Level, value: 52.32447
[12:00:36.875] [FrameStats] 	Sensor: Voltage, value: 16.983
[12:00:36.875] [FrameStats] 	Sensor: Charge Current, value: 8.857976
[12:00:36.875] [FrameStats] 	Sensor: Charge Rate, value: 150.435
[12:00:36.883] [UnityExplorer] UnityExplorer 4.9.0 initializing...
[12:00:36.907] [UnityExplorer] [UniverseLib] UniverseLib 1.5.1 initializing...
[12:00:37.748] [UnityExplorer] [UniverseLib] Finished UniverseLib initial setup.
[12:00:37.753] [UnityExplorer] Initialized UnityCrashPrevention for: Canvas.get_renderingDisplaySize
[12:00:40.047] [FrameStats] scene MainMenu loaded, index 0
[12:00:41.652] [UnityExplorer] [UniverseLib] Initialized new InputSystem support.
[12:00:41.704] [UnityExplorer] [UniverseLib] Loaded modern bundle for Unity 2022.3.11f1
[12:00:41.720] [UnityExplorer] [UniverseLib] UniverseLib 1.5.1 initialized.
[12:00:41.729] [UnityExplorer] Creating UI...
[12:00:42.834] [UnityExplorer] UnityExplorer 4.9.0 (Mono) initialized.
[12:02:07.063] Preferences Saved!
