
[18:25:43.151] ------------------------------
[18:25:43.174] MelonLoader v0.7.0 Open-Beta
[18:25:43.175] OS: Windows 11
[18:25:43.175] Hash Code: F2DCA88FB1569FD6750096CED35BBB808C50BA273E0D295347A24385B0B764CA
[18:25:43.175] ------------------------------
[18:25:43.176] Game Type: MonoBleedingEdge
[18:25:43.176] Game Arch: x64
[18:25:43.176] ------------------------------
[18:25:43.176] Command-Line: 
[18:25:43.177] ------------------------------
[18:25:43.177] Core::BasePath = C:\Users\Pytho\Projects\SDFrameStatsMod\StellarDrive_0.6.5
[18:25:43.177] Game::BasePath = C:\Users\Pytho\Projects\SDFrameStatsMod\StellarDrive_0.6.5
[18:25:43.178] Game::DataPath = C:\Users\Pytho\Projects\SDFrameStatsMod\StellarDrive_0.6.5\StellarDrive_Data
[18:25:43.178] Game::ApplicationPath = C:\Users\Pytho\Projects\SDFrameStatsMod\StellarDrive_0.6.5\StellarDrive.exe
[18:25:43.178] Runtime Type: net35
[18:25:43.247] ------------------------------
[18:25:43.247] Game Name: StellarDrive
[18:25:43.248] Game Developer: CuriousOwlGames
[18:25:43.249] Unity Version: 2022.3.11f1
[18:25:43.250] Game Version: UNKNOWN
[18:25:43.250] ------------------------------

[18:25:43.500] Preferences Loaded!

[18:25:43.519] Loading UserLibs...
[18:25:43.635] ------------------------------
[18:25:43.639] Melon Assembly loaded: '.\UserLibs\HidSharp.dll'
[18:25:43.639] SHA256 Hash: '61EB2E22A5620D789A23D389F1AF9D38FAFF4D85F46ADEDBC28FB22CFEC61BF9'
[18:25:43.645] Melon Assembly loaded: '.\UserLibs\LibreHardwareMonitorLib.dll'
[18:25:43.646] SHA256 Hash: '99B39B0B0AC865C38A33DFF7DEE080FF17AAC3337B2332812CA2D7BB13C89460'
[18:25:43.647] Melon Assembly loaded: '.\UserLibs\Microsoft.Win32.Registry.dll'
[18:25:43.647] SHA256 Hash: 'D641EB0065BD5CDB541C5BF0D2FF976720D35D62416AB959727651ABF0ABA2CA'
[18:25:43.648] Melon Assembly loaded: '.\UserLibs\System.Buffers.dll'
[18:25:43.648] SHA256 Hash: 'C65FFF603B283DC966D1A8B730C11D5E5E750E8021BD24640612F6CC3F2C6FB7'
[18:25:43.650] Melon Assembly loaded: '.\UserLibs\System.CodeDom.dll'
[18:25:43.651] SHA256 Hash: 'CF18C822A341A3932FC8C08D7F21BF015F7E3C2696619560C94B63629341376A'
[18:25:43.652] Melon Assembly loaded: '.\UserLibs\System.IO.FileSystem.AccessControl.dll'
[18:25:43.652] SHA256 Hash: 'D2D6CD3FEF822959B68A68A6AF6096963BBE6493D90E16F0AF65FEDE25D85F32'
[18:25:43.653] Melon Assembly loaded: '.\UserLibs\System.IO.Ports.dll'
[18:25:43.653] SHA256 Hash: 'B1ECEF838C8B833BE76D1EF75AD8A0B1FAD805FC951136C9E5256FD3CF15FC1B'
[18:25:43.655] Melon Assembly loaded: '.\UserLibs\System.Management.dll'
[18:25:43.655] SHA256 Hash: '205BF789DD38D8ABC5FDC9CD8653469400ED9D6386B07384609848B9C95D7721'
[18:25:43.657] Melon Assembly loaded: '.\UserLibs\System.Memory.dll'
[18:25:43.657] SHA256 Hash: 'D2E3949FCF3A3B3A20BB9A568A4DA582D9A90D64F34C0BDC07C9029BFE8F1858'
[18:25:43.659] Melon Assembly loaded: '.\UserLibs\System.Numerics.Vectors.dll'
[18:25:43.660] SHA256 Hash: '2324EE5A35674269225E2AA20957CE8830DBCA0CFFB918BD593F7A3222DEE480'
[18:25:43.660] Melon Assembly loaded: '.\UserLibs\System.Runtime.CompilerServices.Unsafe.dll'
[18:25:43.660] SHA256 Hash: 'BFC8F02A96934786CA5A0514A3B657021C12542E215E94B78FDCC74BFEFFE3D3'
[18:25:43.662] Melon Assembly loaded: '.\UserLibs\System.Security.AccessControl.dll'
[18:25:43.662] SHA256 Hash: '93084849C17A21F641C13C9F17545CFE18C1EC097561F3F0EBBBE26F358BA120'
[18:25:43.663] Melon Assembly loaded: '.\UserLibs\System.Security.Principal.Windows.dll'
[18:25:43.663] SHA256 Hash: '7828DFD952A9FD49404477BAFF714849177D9F18C0654ADAFADBDCAFB4B21F47'
[18:25:43.686] Melon Assembly loaded: '.\UserLibs\UniverseLib.Mono.dll'
[18:25:43.686] SHA256 Hash: '3B10913FFEAC9A0744583F0BB18218A5CFAFCBA467A7F9F99FA731E801A5A880'
[18:25:43.686] ------------------------------
[18:25:43.687] 0 UserLibs loaded.

[18:25:43.687] Loading Plugins...
[18:25:43.688] 0 Plugins loaded.


[18:25:44.473] Loading Mods...
[18:25:44.477] ------------------------------
[18:25:44.478] Melon Assembly loaded: '.\Mods\FrameStats.dll'
[18:25:44.478] SHA256 Hash: '0A48319470D3A3B88B1BAEF9ABDD60B517667EEF6A868D3BAE16A2A3E25A76F4'
[18:25:44.494] Melon Assembly loaded: '.\Mods\UnityExplorer.ML.Mono.dll'
[18:25:44.494] SHA256 Hash: '7E6C95C5F0DB2D6B22F506AAD4D268A96250BD64D8E259B7E4073106250F36D2'

[18:25:44.521] ------------------------------
[18:25:44.521] FrameStats v1.0.0
[18:25:44.521] by oneshade
[18:25:44.521] Assembly: FrameStats.dll
[18:25:44.521] ------------------------------
[18:25:44.523] ------------------------------
[18:25:44.523] UnityExplorer v4.9.0
[18:25:44.523] by Sinai
[18:25:44.523] Assembly: UnityExplorer.ML.Mono.dll
[18:25:44.524] ------------------------------
[18:25:44.524] ------------------------------
[18:25:44.524] 2 Mods loaded.

[18:25:44.530] Support Module Loaded: C:\Users\Pytho\Projects\SDFrameStatsMod\StellarDrive_0.6.5\MelonLoader\Dependencies\SupportModules\Mono.dll
[18:25:44.541] [UnityExplorer] UnityExplorer 4.9.0 initializing...
[18:25:44.561] [UnityExplorer] [UniverseLib] UniverseLib 1.5.1 initializing...
[18:25:44.961] [UnityExplorer] [UniverseLib] Finished UniverseLib initial setup.
[18:25:44.966] [UnityExplorer] Initialized UnityCrashPrevention for: Canvas.get_renderingDisplaySize
[18:25:47.240] [FrameStats] scene MainMenu loaded, index 0
[18:25:50.077] [FrameStats] Hardware: Intel Core i9-14900HX
[18:25:50.079] [FrameStats] 	Sensor: CPU Core #1 Thread #1, value: 18.82508
[18:25:50.079] [FrameStats] 	Sensor: CPU Core #1 Thread #2, value: 13.88313
[18:25:50.079] [FrameStats] 	Sensor: CPU Core #2 Thread #1, value: 10.58032
[18:25:50.079] [FrameStats] 	Sensor: CPU Core #2 Thread #2, value: 6.226826
[18:25:50.079] [FrameStats] 	Sensor: CPU Core #3 Thread #1, value: 6.545812
[18:25:50.079] [FrameStats] 	Sensor: CPU Core #3 Thread #2, value: 6.194985
[18:25:50.079] [FrameStats] 	Sensor: CPU Core #4 Thread #1, value: 6.520963
[18:25:50.079] [FrameStats] 	Sensor: CPU Core #4 Thread #2, value: 6.196213
[18:25:50.079] [FrameStats] 	Sensor: CPU Core #5 Thread #1, value: 41.58121
[18:25:50.079] [FrameStats] 	Sensor: CPU Core #5 Thread #2, value: 6.149864
[18:25:50.079] [FrameStats] 	Sensor: CPU Core #6 Thread #1, value: 32.03445
[18:25:50.079] [FrameStats] 	Sensor: CPU Core #6 Thread #2, value: 6.192642
[18:25:50.080] [FrameStats] 	Sensor: CPU Core #7 Thread #1, value: 6.434453
[18:25:50.080] [FrameStats] 	Sensor: CPU Core #7 Thread #2, value: 6.202131
[18:25:50.080] [FrameStats] 	Sensor: CPU Core #8 Thread #1, value: 39.40963
[18:25:50.080] [FrameStats] 	Sensor: CPU Core #8 Thread #2, value: 13.46511
[18:25:50.080] [FrameStats] 	Sensor: CPU Core #9, value: 0
[18:25:50.080] [FrameStats] 	Sensor: CPU Core #10, value: 6.273121
[18:25:50.080] [FrameStats] 	Sensor: CPU Core #11, value: 6.262344
[18:25:50.080] [FrameStats] 	Sensor: CPU Core #12, value: 6.265336
[18:25:50.080] [FrameStats] 	Sensor: CPU Core #13, value: 6.339413
[18:25:50.080] [FrameStats] 	Sensor: CPU Core #14, value: 6.323523
[18:25:50.080] [FrameStats] 	Sensor: CPU Core #15, value: 6.267148
[18:25:50.081] [FrameStats] 	Sensor: CPU Core #16, value: 6.267256
[18:25:50.081] [FrameStats] 	Sensor: CPU Core #17, value: 6.354988
[18:25:50.081] [FrameStats] 	Sensor: CPU Core #18, value: 6.269336
[18:25:50.081] [FrameStats] 	Sensor: CPU Core #19, value: 2.944696
[18:25:50.081] [FrameStats] 	Sensor: CPU Core #20, value: 6.276
[18:25:50.081] [FrameStats] 	Sensor: CPU Core #21, value: 0.8689463
[18:25:50.081] [FrameStats] 	Sensor: CPU Core #22, value: 6.264853
[18:25:50.081] [FrameStats] 	Sensor: CPU Core #23, value: 6.272692
[18:25:50.081] [FrameStats] 	Sensor: CPU Core #24, value: 6.519842
[18:25:50.081] [FrameStats] 	Sensor: CPU Total, value: 9.73798
[18:25:50.081] [FrameStats] 	Sensor: CPU Core Max, value: 41.58121
[18:25:50.081] [FrameStats] 	Sensor: Core Max, value: 
[18:25:50.081] [FrameStats] 	Sensor: Core Average, value: 
[18:25:50.081] [FrameStats] 	Sensor: CPU Core #1, value: 
[18:25:50.081] [FrameStats] 	Sensor: CPU Core #2, value: 
[18:25:50.081] [FrameStats] 	Sensor: CPU Core #3, value: 
[18:25:50.081] [FrameStats] 	Sensor: CPU Core #4, value: 
[18:25:50.081] [FrameStats] 	Sensor: CPU Core #5, value: 
[18:25:50.081] [FrameStats] 	Sensor: CPU Core #6, value: 
[18:25:50.081] [FrameStats] 	Sensor: CPU Core #7, value: 
[18:25:50.082] [FrameStats] 	Sensor: CPU Core #8, value: 
[18:25:50.082] [FrameStats] 	Sensor: CPU Core #9, value: 
[18:25:50.082] [FrameStats] 	Sensor: CPU Core #10, value: 
[18:25:50.082] [FrameStats] 	Sensor: CPU Core #11, value: 
[18:25:50.082] [FrameStats] 	Sensor: CPU Core #12, value: 
[18:25:50.082] [FrameStats] 	Sensor: CPU Core #13, value: 
[18:25:50.082] [FrameStats] 	Sensor: CPU Core #14, value: 
[18:25:50.082] [FrameStats] 	Sensor: CPU Core #15, value: 
[18:25:50.082] [FrameStats] 	Sensor: CPU Core #16, value: 
[18:25:50.082] [FrameStats] 	Sensor: CPU Core #17, value: 
[18:25:50.082] [FrameStats] 	Sensor: CPU Core #18, value: 
[18:25:50.082] [FrameStats] 	Sensor: CPU Core #19, value: 
[18:25:50.082] [FrameStats] 	Sensor: CPU Core #20, value: 
[18:25:50.082] [FrameStats] 	Sensor: CPU Core #21, value: 
[18:25:50.082] [FrameStats] 	Sensor: CPU Core #22, value: 
[18:25:50.082] [FrameStats] 	Sensor: CPU Core #23, value: 
[18:25:50.082] [FrameStats] 	Sensor: CPU Core #24, value: 
[18:25:50.082] [FrameStats] 	Sensor: CPU Package, value: 
[18:25:50.082] [FrameStats] 	Sensor: CPU Core #1 Distance to TjMax, value: 
[18:25:50.082] [FrameStats] 	Sensor: CPU Core #2 Distance to TjMax, value: 
[18:25:50.082] [FrameStats] 	Sensor: CPU Core #3 Distance to TjMax, value: 
[18:25:50.082] [FrameStats] 	Sensor: CPU Core #4 Distance to TjMax, value: 
[18:25:50.082] [FrameStats] 	Sensor: CPU Core #5 Distance to TjMax, value: 
[18:25:50.082] [FrameStats] 	Sensor: CPU Core #6 Distance to TjMax, value: 
[18:25:50.082] [FrameStats] 	Sensor: CPU Core #7 Distance to TjMax, value: 
[18:25:50.082] [FrameStats] 	Sensor: CPU Core #8 Distance to TjMax, value: 
[18:25:50.082] [FrameStats] 	Sensor: CPU Core #9 Distance to TjMax, value: 
[18:25:50.082] [FrameStats] 	Sensor: CPU Core #10 Distance to TjMax, value: 
[18:25:50.082] [FrameStats] 	Sensor: CPU Core #11 Distance to TjMax, value: 
[18:25:50.082] [FrameStats] 	Sensor: CPU Core #12 Distance to TjMax, value: 
[18:25:50.082] [FrameStats] 	Sensor: CPU Core #13 Distance to TjMax, value: 
[18:25:50.082] [FrameStats] 	Sensor: CPU Core #14 Distance to TjMax, value: 
[18:25:50.083] [FrameStats] 	Sensor: CPU Core #15 Distance to TjMax, value: 
[18:25:50.083] [FrameStats] 	Sensor: CPU Core #16 Distance to TjMax, value: 
[18:25:50.083] [FrameStats] 	Sensor: CPU Core #17 Distance to TjMax, value: 
[18:25:50.083] [FrameStats] 	Sensor: CPU Core #18 Distance to TjMax, value: 
[18:25:50.083] [FrameStats] 	Sensor: CPU Core #19 Distance to TjMax, value: 
[18:25:50.083] [FrameStats] 	Sensor: CPU Core #20 Distance to TjMax, value: 
[18:25:50.083] [FrameStats] 	Sensor: CPU Core #21 Distance to TjMax, value: 
[18:25:50.083] [FrameStats] 	Sensor: CPU Core #22 Distance to TjMax, value: 
[18:25:50.083] [FrameStats] 	Sensor: CPU Core #23 Distance to TjMax, value: 
[18:25:50.083] [FrameStats] 	Sensor: CPU Core #24 Distance to TjMax, value: 
[18:25:50.083] [FrameStats] 	Sensor: CPU Core #1, value: 
[18:25:50.083] [FrameStats] 	Sensor: CPU Core #2, value: 
[18:25:50.083] [FrameStats] 	Sensor: CPU Core #3, value: 
[18:25:50.083] [FrameStats] 	Sensor: CPU Core #4, value: 
[18:25:50.083] [FrameStats] 	Sensor: CPU Core #5, value: 
[18:25:50.083] [FrameStats] 	Sensor: CPU Core #6, value: 
[18:25:50.083] [FrameStats] 	Sensor: CPU Core #7, value: 
[18:25:50.083] [FrameStats] 	Sensor: CPU Core #8, value: 
[18:25:50.083] [FrameStats] 	Sensor: CPU Core #9, value: 
[18:25:50.083] [FrameStats] 	Sensor: CPU Core #10, value: 
[18:25:50.083] [FrameStats] 	Sensor: CPU Core #11, value: 
[18:25:50.083] [FrameStats] 	Sensor: CPU Core #12, value: 
[18:25:50.083] [FrameStats] 	Sensor: CPU Core #13, value: 
[18:25:50.083] [FrameStats] 	Sensor: CPU Core #14, value: 
[18:25:50.084] [FrameStats] 	Sensor: CPU Core #15, value: 
[18:25:50.084] [FrameStats] 	Sensor: CPU Core #16, value: 
[18:25:50.084] [FrameStats] 	Sensor: CPU Core #17, value: 
[18:25:50.084] [FrameStats] 	Sensor: CPU Core #18, value: 
[18:25:50.084] [FrameStats] 	Sensor: CPU Core #19, value: 
[18:25:50.084] [FrameStats] 	Sensor: CPU Core #20, value: 
[18:25:50.084] [FrameStats] 	Sensor: CPU Core #21, value: 
[18:25:50.084] [FrameStats] 	Sensor: CPU Core #22, value: 
[18:25:50.084] [FrameStats] 	Sensor: CPU Core #23, value: 
[18:25:50.084] [FrameStats] 	Sensor: CPU Core #24, value: 
[18:25:50.084] [FrameStats] Hardware: Generic Memory
[18:25:50.084] [FrameStats] 	Sensor: Memory Used, value: 20.03042
[18:25:50.084] [FrameStats] 	Sensor: Memory Available, value: 11.68429
[18:25:50.084] [FrameStats] 	Sensor: Memory, value: 63.15813
[18:25:50.084] [FrameStats] 	Sensor: Virtual Memory Used, value: 38.52061
[18:25:50.084] [FrameStats] 	Sensor: Virtual Memory Available, value: 7.657803
[18:25:50.084] [FrameStats] 	Sensor: Virtual Memory, value: 83.41692
[18:25:50.084] [FrameStats] Hardware: NVIDIA GeForce RTX 4070 Laptop GPU
[18:25:50.084] [FrameStats] 	Sensor: GPU Core, value: 53
[18:25:50.084] [FrameStats] 	Sensor: GPU Core, value: 510
[18:25:50.084] [FrameStats] 	Sensor: GPU Memory, value: 810
[18:25:50.084] [FrameStats] 	Sensor: GPU Core, value: 0
[18:25:50.084] [FrameStats] 	Sensor: GPU Memory Controller, value: 0
[18:25:50.084] [FrameStats] 	Sensor: GPU Video Engine, value: 9
[18:25:50.084] [FrameStats] 	Sensor: GPU Bus, value: 0
[18:25:50.084] [FrameStats] 	Sensor: D3D Dedicated Memory Used, value: 582.8047
[18:25:50.084] [FrameStats] 	Sensor: D3D Shared Memory Used, value: 187.3633
[18:25:50.084] [FrameStats] 	Sensor: D3D 3D, value: 0
[18:25:50.084] [FrameStats] 	Sensor: D3D Overlay, value: 0
[18:25:50.084] [FrameStats] 	Sensor: D3D Video Decode, value: 0
[18:25:50.084] [FrameStats] 	Sensor: D3D Copy, value: 0
[18:25:50.084] [FrameStats] 	Sensor: D3D Copy, value: 0
[18:25:50.084] [FrameStats] 	Sensor: D3D Security, value: 0
[18:25:50.085] [FrameStats] 	Sensor: D3D Video Encode, value: 0
[18:25:50.085] [FrameStats] 	Sensor: D3D Video Processing, value: 0
[18:25:50.085] [FrameStats] 	Sensor: D3D VR, value: 0
[18:25:50.085] [FrameStats] 	Sensor: GPU Hot Spot, value: 61.03125
[18:25:50.085] [FrameStats] 	Sensor: GPU Memory Total, value: 8188
[18:25:50.085] [FrameStats] 	Sensor: GPU Memory Free, value: 7370
[18:25:50.085] [FrameStats] 	Sensor: GPU Memory Used, value: 817
[18:25:50.085] [FrameStats] 	Sensor: GPU Memory, value: 9.979257
[18:25:50.085] [FrameStats] 	Sensor: GPU Package, value: 5.342
[18:25:50.085] [FrameStats] 	Sensor: GPU PCIe Rx, value: 0
[18:25:50.085] [FrameStats] 	Sensor: GPU PCIe Tx, value: 0
[18:25:50.085] [FrameStats] Hardware: Intel(R) UHD Graphics
[18:25:50.085] [FrameStats] 	Sensor: D3D Shared Memory Total, value: 16237.93
[18:25:50.085] [FrameStats] 	Sensor: D3D Shared Memory Free, value: 
[18:25:50.085] [FrameStats] 	Sensor: D3D Shared Memory Used, value: 1644.02
[18:25:50.085] [FrameStats] 	Sensor: D3D 3D, value: 0
[18:25:50.085] [FrameStats] 	Sensor: D3D Video Decode, value: 0
[18:25:50.085] [FrameStats] 	Sensor: D3D Copy, value: 0
[18:25:50.085] [FrameStats] 	Sensor: D3D Video Processing, value: 0
[18:25:50.085] [FrameStats] 	Sensor: D3D Video Decode, value: 0
[18:25:50.085] [FrameStats] 	Sensor: D3D Other, value: 0
[18:25:50.085] [FrameStats] 	Sensor: D3D Other, value: 0
[18:25:50.085] [FrameStats] 	Sensor: D3D Other, value: 0
[18:25:50.085] [FrameStats] 	Sensor: D3D Other, value: 0
[18:25:50.085] [FrameStats] 	Sensor: D3D Other, value: 0
[18:25:50.085] [FrameStats] 	Sensor: D3D GDI Render, value: 0
[18:25:50.085] [FrameStats] 	Sensor: D3D Other, value: 0
[18:25:50.085] [FrameStats] 	Sensor: D3D Other, value: 0
[18:25:50.086] [FrameStats] Hardware: L23M4PC3 
[18:25:50.086] [FrameStats] 	Sensor: Designed Capacity, value: 99900
[18:25:50.086] [FrameStats] 	Sensor: Fully-Charged Capacity, value: 94430
[18:25:50.086] [FrameStats] 	Sensor: Degradation Level, value: 5.475475
[18:25:50.086] [FrameStats] 	Sensor: Remaining Capacity, value: 94090
[18:25:50.086] [FrameStats] 	Sensor: Charge Level, value: 99.63995
[18:25:50.086] [FrameStats] 	Sensor: Voltage, value: 17.459
[18:25:50.086] [FrameStats] 	Sensor: Charge/Discharge Current, value: 0
[18:25:50.086] [FrameStats] 	Sensor: Charge/Discharge Rate, value: 0
[18:25:51.177] [UnityExplorer] [UniverseLib] Initialized new InputSystem support.
[18:25:51.232] [UnityExplorer] [UniverseLib] Loaded modern bundle for Unity 2022.3.11f1
[18:25:51.249] [UnityExplorer] [UniverseLib] UniverseLib 1.5.1 initialized.
[18:25:51.251] [UnityExplorer] Creating UI...
[18:25:51.747] [UnityExplorer] UnityExplorer 4.9.0 (Mono) initialized.
[18:26:00.688] [FrameStats] have options menu
[18:26:00.691] [FrameStats] added stats setting option
[18:26:35.308] [UnityExplorer] [UniverseLib] System.ArgumentOutOfRangeException: Index was out of range. Must be non-negative and less than the size of the collection.
Parameter name: index
  at System.Collections.Generic.List`1[T].get_Item (System.Int32 index) [0x00009] in <834b2ded5dad441e8c7a4287897d63c7>:0 
  at UniverseLib.UI.Widgets.ScrollView.DataHeightCache`1[T].get_Item (System.Int32 index) [0x00000] in <13219c455bef4bba9562f5c7455e13df>:0 
  at UniverseLib.UI.Widgets.ScrollView.ScrollPool`1[T].UpdateSliderHandle () [0x000f9] in <13219c455bef4bba9562f5c7455e13df>:0 
  at UniverseLib.UI.Widgets.ScrollView.ScrollPool`1[T].OnValueChangedListener (UnityEngine.Vector2 val) [0x0011a] in <13219c455bef4bba9562f5c7455e13df>:0 
  at UniverseLib.UI.Widgets.ScrollView.ScrollPool`1[T].Update () [0x000a6] in <13219c455bef4bba9562f5c7455e13df>:0 
  at UniverseLib.UI.Models.UIBehaviourModel.UpdateInstances () [0x00065] in <13219c455bef4bba9562f5c7455e13df>:0 
