
[20:55:46.860] ------------------------------
[20:55:46.882] MelonLoader v0.7.0 Open-Beta
[20:55:46.882] OS: Windows 11
[20:55:46.883] Hash Code: F2DCA88FB1569FD6750096CED35BBB808C50BA273E0D295347A24385B0B764CA
[20:55:46.883] ------------------------------
[20:55:46.884] Game Type: MonoBleedingEdge
[20:55:46.884] Game Arch: x64
[20:55:46.884] ------------------------------
[20:55:46.884] Command-Line: 
[20:55:46.884] ------------------------------
[20:55:46.885] Core::BasePath = C:\Users\Pytho\Projects\SDFrameStatsMod\StellarDrive_0.6.5
[20:55:46.885] Game::BasePath = C:\Users\Pytho\Projects\SDFrameStatsMod\StellarDrive_0.6.5
[20:55:46.886] Game::DataPath = C:\Users\Pytho\Projects\SDFrameStatsMod\StellarDrive_0.6.5\StellarDrive_Data
[20:55:46.886] Game::ApplicationPath = C:\Users\Pytho\Projects\SDFrameStatsMod\StellarDrive_0.6.5\StellarDrive.exe
[20:55:46.886] Runtime Type: net35
[20:55:46.952] ------------------------------
[20:55:46.953] Game Name: StellarDrive
[20:55:46.953] Game Developer: CuriousOwlGames
[20:55:46.955] Unity Version: 2022.3.11f1
[20:55:46.955] Game Version: UNKNOWN
[20:55:46.955] ------------------------------

[20:55:47.213] Preferences Loaded!

[20:55:47.233] Loading UserLibs...
[20:55:47.252] ------------------------------
[20:55:47.255] Melon Assembly loaded: '.\UserLibs\HidSharp.dll'
[20:55:47.256] SHA256 Hash: '61EB2E22A5620D789A23D389F1AF9D38FAFF4D85F46ADEDBC28FB22CFEC61BF9'
[20:55:47.262] Melon Assembly loaded: '.\UserLibs\LibreHardwareMonitorLib.dll'
[20:55:47.263] SHA256 Hash: '99B39B0B0AC865C38A33DFF7DEE080FF17AAC3337B2332812CA2D7BB13C89460'
[20:55:47.263] Melon Assembly loaded: '.\UserLibs\Microsoft.Win32.Registry.dll'
[20:55:47.264] SHA256 Hash: 'D641EB0065BD5CDB541C5BF0D2FF976720D35D62416AB959727651ABF0ABA2CA'
[20:55:47.265] Melon Assembly loaded: '.\UserLibs\System.Buffers.dll'
[20:55:47.265] SHA256 Hash: 'C65FFF603B283DC966D1A8B730C11D5E5E750E8021BD24640612F6CC3F2C6FB7'
[20:55:47.267] Melon Assembly loaded: '.\UserLibs\System.CodeDom.dll'
[20:55:47.268] SHA256 Hash: 'CF18C822A341A3932FC8C08D7F21BF015F7E3C2696619560C94B63629341376A'
[20:55:47.270] Melon Assembly loaded: '.\UserLibs\System.IO.FileSystem.AccessControl.dll'
[20:55:47.271] SHA256 Hash: 'D2D6CD3FEF822959B68A68A6AF6096963BBE6493D90E16F0AF65FEDE25D85F32'
[20:55:47.272] Melon Assembly loaded: '.\UserLibs\System.IO.Ports.dll'
[20:55:47.272] SHA256 Hash: 'B1ECEF838C8B833BE76D1EF75AD8A0B1FAD805FC951136C9E5256FD3CF15FC1B'
[20:55:47.277] Melon Assembly loaded: '.\UserLibs\System.Management.dll'
[20:55:47.278] SHA256 Hash: '205BF789DD38D8ABC5FDC9CD8653469400ED9D6386B07384609848B9C95D7721'
[20:55:47.280] Melon Assembly loaded: '.\UserLibs\System.Memory.dll'
[20:55:47.281] SHA256 Hash: 'D2E3949FCF3A3B3A20BB9A568A4DA582D9A90D64F34C0BDC07C9029BFE8F1858'
[20:55:47.283] Melon Assembly loaded: '.\UserLibs\System.Numerics.Vectors.dll'
[20:55:47.283] SHA256 Hash: '2324EE5A35674269225E2AA20957CE8830DBCA0CFFB918BD593F7A3222DEE480'
[20:55:47.284] Melon Assembly loaded: '.\UserLibs\System.Runtime.CompilerServices.Unsafe.dll'
[20:55:47.284] SHA256 Hash: 'BFC8F02A96934786CA5A0514A3B657021C12542E215E94B78FDCC74BFEFFE3D3'
[20:55:47.285] Melon Assembly loaded: '.\UserLibs\System.Security.AccessControl.dll'
[20:55:47.286] SHA256 Hash: '93084849C17A21F641C13C9F17545CFE18C1EC097561F3F0EBBBE26F358BA120'
[20:55:47.287] Melon Assembly loaded: '.\UserLibs\System.Security.Principal.Windows.dll'
[20:55:47.287] SHA256 Hash: '7828DFD952A9FD49404477BAFF714849177D9F18C0654ADAFADBDCAFB4B21F47'
[20:55:47.309] Melon Assembly loaded: '.\UserLibs\UniverseLib.Mono.dll'
[20:55:47.310] SHA256 Hash: '3B10913FFEAC9A0744583F0BB18218A5CFAFCBA467A7F9F99FA731E801A5A880'
[20:55:47.310] ------------------------------
[20:55:47.310] 0 UserLibs loaded.

[20:55:47.311] Loading Plugins...
[20:55:47.312] 0 Plugins loaded.


[20:55:48.148] Loading Mods...
[20:55:48.151] ------------------------------
[20:55:48.152] Melon Assembly loaded: '.\Mods\FrameStats.dll'
[20:55:48.152] SHA256 Hash: '601E73AA34A5384BC3E4F823068E1DEA82BC90B73904CB1EB68E57134BE12D2F'
[20:55:48.167] Melon Assembly loaded: '.\Mods\UnityExplorer.ML.Mono.dll'
[20:55:48.167] SHA256 Hash: '7E6C95C5F0DB2D6B22F506AAD4D268A96250BD64D8E259B7E4073106250F36D2'

[20:55:48.195] ------------------------------
[20:55:48.195] FrameStats v1.0.0
[20:55:48.196] by oneshade
[20:55:48.196] Assembly: FrameStats.dll
[20:55:48.196] ------------------------------
[20:55:48.197] ------------------------------
[20:55:48.197] UnityExplorer v4.9.0
[20:55:48.198] by Sinai
[20:55:48.198] Assembly: UnityExplorer.ML.Mono.dll
[20:55:48.201] ------------------------------
[20:55:48.201] ------------------------------
[20:55:48.202] 2 Mods loaded.

[20:55:48.208] Support Module Loaded: C:\Users\Pytho\Projects\SDFrameStatsMod\StellarDrive_0.6.5\MelonLoader\Dependencies\SupportModules\Mono.dll
[20:55:48.220] [UnityExplorer] UnityExplorer 4.9.0 initializing...
[20:55:48.238] [UnityExplorer] [UniverseLib] UniverseLib 1.5.1 initializing...
[20:55:48.607] [UnityExplorer] [UniverseLib] Finished UniverseLib initial setup.
[20:55:48.612] [UnityExplorer] Initialized UnityCrashPrevention for: Canvas.get_renderingDisplaySize
[20:55:50.892] [FrameStats] scene MainMenu loaded, index 0
[20:55:51.427] [FrameStats] Loading asset bundle ui...
[20:55:51.431] [FrameStats]     Loaded asset FrameStatsPanel
[20:55:51.431] [FrameStats]     Loaded asset FrameStatsSettings
[20:55:53.713] [FrameStats] Hardware: Intel Core i9-14900HX
[20:55:53.715] [FrameStats]     Sensor: CPU Core #1 Thread #1, value: 14.98483
[20:55:53.715] [FrameStats]     Sensor: CPU Core #1 Thread #2, value: 0.2958059
[20:55:53.715] [FrameStats]     Sensor: CPU Core #2 Thread #1, value: 0
[20:55:53.715] [FrameStats]     Sensor: CPU Core #2 Thread #2, value: 0.2802551
[20:55:53.715] [FrameStats]     Sensor: CPU Core #3 Thread #1, value: 0
[20:55:53.715] [FrameStats]     Sensor: CPU Core #3 Thread #2, value: 0.2801895
[20:55:53.715] [FrameStats]     Sensor: CPU Core #4 Thread #1, value: 0
[20:55:53.715] [FrameStats]     Sensor: CPU Core #4 Thread #2, value: 0.2787828
[20:55:53.715] [FrameStats]     Sensor: CPU Core #5 Thread #1, value: 54.30938
[20:55:53.716] [FrameStats]     Sensor: CPU Core #5 Thread #2, value: 0.2917767
[20:55:53.716] [FrameStats]     Sensor: CPU Core #6 Thread #1, value: 52.92333
[20:55:53.716] [FrameStats]     Sensor: CPU Core #6 Thread #2, value: 0.2986908
[20:55:53.716] [FrameStats]     Sensor: CPU Core #7 Thread #1, value: 0
[20:55:53.716] [FrameStats]     Sensor: CPU Core #7 Thread #2, value: 0.2811491
[20:55:53.716] [FrameStats]     Sensor: CPU Core #8 Thread #1, value: 25.2825
[20:55:53.716] [FrameStats]     Sensor: CPU Core #8 Thread #2, value: 0.2968311
[20:55:53.716] [FrameStats]     Sensor: CPU Core #9, value: 0
[20:55:53.716] [FrameStats]     Sensor: CPU Core #10, value: 0
[20:55:53.716] [FrameStats]     Sensor: CPU Core #11, value: 0
[20:55:53.717] [FrameStats]     Sensor: CPU Core #12, value: 0
[20:55:53.717] [FrameStats]     Sensor: CPU Core #13, value: 0
[20:55:53.717] [FrameStats]     Sensor: CPU Core #14, value: 0
[20:55:53.717] [FrameStats]     Sensor: CPU Core #15, value: 5.674559
[20:55:53.717] [FrameStats]     Sensor: CPU Core #16, value: 0
[20:55:53.717] [FrameStats]     Sensor: CPU Core #17, value: 0
[20:55:53.717] [FrameStats]     Sensor: CPU Core #18, value: 0
[20:55:53.717] [FrameStats]     Sensor: CPU Core #19, value: 0
[20:55:53.717] [FrameStats]     Sensor: CPU Core #20, value: 0
[20:55:53.717] [FrameStats]     Sensor: CPU Core #21, value: 0
[20:55:53.718] [FrameStats]     Sensor: CPU Core #22, value: 0
[20:55:53.718] [FrameStats]     Sensor: CPU Core #23, value: 0
[20:55:53.718] [FrameStats]     Sensor: CPU Core #24, value: 0
[20:55:53.718] [FrameStats]     Sensor: CPU Total, value: 0
[20:55:53.718] [FrameStats]     Sensor: CPU Core Max, value: 54.30938
[20:55:53.718] [FrameStats]     Sensor: Core Max, value: 
[20:55:53.718] [FrameStats]     Sensor: Core Average, value: 
[20:55:53.718] [FrameStats]     Sensor: CPU Core #1, value: 
[20:55:53.718] [FrameStats]     Sensor: CPU Core #2, value: 
[20:55:53.718] [FrameStats]     Sensor: CPU Core #3, value: 
[20:55:53.718] [FrameStats]     Sensor: CPU Core #4, value: 
[20:55:53.718] [FrameStats]     Sensor: CPU Core #5, value: 
[20:55:53.718] [FrameStats]     Sensor: CPU Core #6, value: 
[20:55:53.718] [FrameStats]     Sensor: CPU Core #7, value: 
[20:55:53.718] [FrameStats]     Sensor: CPU Core #8, value: 
[20:55:53.718] [FrameStats]     Sensor: CPU Core #9, value: 
[20:55:53.718] [FrameStats]     Sensor: CPU Core #10, value: 
[20:55:53.718] [FrameStats]     Sensor: CPU Core #11, value: 
[20:55:53.719] [FrameStats]     Sensor: CPU Core #12, value: 
[20:55:53.719] [FrameStats]     Sensor: CPU Core #13, value: 
[20:55:53.719] [FrameStats]     Sensor: CPU Core #14, value: 
[20:55:53.719] [FrameStats]     Sensor: CPU Core #15, value: 
[20:55:53.719] [FrameStats]     Sensor: CPU Core #16, value: 
[20:55:53.719] [FrameStats]     Sensor: CPU Core #17, value: 
[20:55:53.719] [FrameStats]     Sensor: CPU Core #18, value: 
[20:55:53.719] [FrameStats]     Sensor: CPU Core #19, value: 
[20:55:53.719] [FrameStats]     Sensor: CPU Core #20, value: 
[20:55:53.719] [FrameStats]     Sensor: CPU Core #21, value: 
[20:55:53.719] [FrameStats]     Sensor: CPU Core #22, value: 
[20:55:53.719] [FrameStats]     Sensor: CPU Core #23, value: 
[20:55:53.719] [FrameStats]     Sensor: CPU Core #24, value: 
[20:55:53.719] [FrameStats]     Sensor: CPU Package, value: 
[20:55:53.719] [FrameStats]     Sensor: CPU Core #1 Distance to TjMax, value: 
[20:55:53.719] [FrameStats]     Sensor: CPU Core #2 Distance to TjMax, value: 
[20:55:53.719] [FrameStats]     Sensor: CPU Core #3 Distance to TjMax, value: 
[20:55:53.719] [FrameStats]     Sensor: CPU Core #4 Distance to TjMax, value: 
[20:55:53.719] [FrameStats]     Sensor: CPU Core #5 Distance to TjMax, value: 
[20:55:53.720] [FrameStats]     Sensor: CPU Core #6 Distance to TjMax, value: 
[20:55:53.720] [FrameStats]     Sensor: CPU Core #7 Distance to TjMax, value: 
[20:55:53.720] [FrameStats]     Sensor: CPU Core #8 Distance to TjMax, value: 
[20:55:53.720] [FrameStats]     Sensor: CPU Core #9 Distance to TjMax, value: 
[20:55:53.720] [FrameStats]     Sensor: CPU Core #10 Distance to TjMax, value: 
[20:55:53.720] [FrameStats]     Sensor: CPU Core #11 Distance to TjMax, value: 
[20:55:53.720] [FrameStats]     Sensor: CPU Core #12 Distance to TjMax, value: 
[20:55:53.720] [FrameStats]     Sensor: CPU Core #13 Distance to TjMax, value: 
[20:55:53.720] [FrameStats]     Sensor: CPU Core #14 Distance to TjMax, value: 
[20:55:53.720] [FrameStats]     Sensor: CPU Core #15 Distance to TjMax, value: 
[20:55:53.720] [FrameStats]     Sensor: CPU Core #16 Distance to TjMax, value: 
[20:55:53.720] [FrameStats]     Sensor: CPU Core #17 Distance to TjMax, value: 
[20:55:53.720] [FrameStats]     Sensor: CPU Core #18 Distance to TjMax, value: 
[20:55:53.720] [FrameStats]     Sensor: CPU Core #19 Distance to TjMax, value: 
[20:55:53.720] [FrameStats]     Sensor: CPU Core #20 Distance to TjMax, value: 
[20:55:53.720] [FrameStats]     Sensor: CPU Core #21 Distance to TjMax, value: 
[20:55:53.720] [FrameStats]     Sensor: CPU Core #22 Distance to TjMax, value: 
[20:55:53.720] [FrameStats]     Sensor: CPU Core #23 Distance to TjMax, value: 
[20:55:53.720] [FrameStats]     Sensor: CPU Core #24 Distance to TjMax, value: 
[20:55:53.720] [FrameStats]     Sensor: CPU Core #1, value: 
[20:55:53.720] [FrameStats]     Sensor: CPU Core #2, value: 
[20:55:53.720] [FrameStats]     Sensor: CPU Core #3, value: 
[20:55:53.721] [FrameStats]     Sensor: CPU Core #4, value: 
[20:55:53.721] [FrameStats]     Sensor: CPU Core #5, value: 
[20:55:53.721] [FrameStats]     Sensor: CPU Core #6, value: 
[20:55:53.721] [FrameStats]     Sensor: CPU Core #7, value: 
[20:55:53.721] [FrameStats]     Sensor: CPU Core #8, value: 
[20:55:53.721] [FrameStats]     Sensor: CPU Core #9, value: 
[20:55:53.721] [FrameStats]     Sensor: CPU Core #10, value: 
[20:55:53.721] [FrameStats]     Sensor: CPU Core #11, value: 
[20:55:53.721] [FrameStats]     Sensor: CPU Core #12, value: 
[20:55:53.721] [FrameStats]     Sensor: CPU Core #13, value: 
[20:55:53.721] [FrameStats]     Sensor: CPU Core #14, value: 
[20:55:53.721] [FrameStats]     Sensor: CPU Core #15, value: 
[20:55:53.721] [FrameStats]     Sensor: CPU Core #16, value: 
[20:55:53.721] [FrameStats]     Sensor: CPU Core #17, value: 
[20:55:53.721] [FrameStats]     Sensor: CPU Core #18, value: 
[20:55:53.722] [FrameStats]     Sensor: CPU Core #19, value: 
[20:55:53.722] [FrameStats]     Sensor: CPU Core #20, value: 
[20:55:53.722] [FrameStats]     Sensor: CPU Core #21, value: 
[20:55:53.722] [FrameStats]     Sensor: CPU Core #22, value: 
[20:55:53.722] [FrameStats]     Sensor: CPU Core #23, value: 
[20:55:53.722] [FrameStats]     Sensor: CPU Core #24, value: 
[20:55:53.722] [FrameStats] Hardware: Generic Memory
[20:55:53.722] [FrameStats]     Sensor: Memory Used, value: 21.67358
[20:55:53.722] [FrameStats]     Sensor: Memory Available, value: 10.04113
[20:55:53.722] [FrameStats]     Sensor: Memory, value: 68.3392
[20:55:53.722] [FrameStats]     Sensor: Virtual Memory Used, value: 42.1055
[20:55:53.722] [FrameStats]     Sensor: Virtual Memory Available, value: 4.07291
[20:55:53.723] [FrameStats]     Sensor: Virtual Memory, value: 91.18005
[20:55:53.723] [FrameStats] Hardware: NVIDIA GeForce RTX 4070 Laptop GPU
[20:55:53.723] [FrameStats]     Sensor: GPU Core, value: 48
[20:55:53.723] [FrameStats]     Sensor: GPU Core, value: 765
[20:55:53.723] [FrameStats]     Sensor: GPU Memory, value: 810
[20:55:53.723] [FrameStats]     Sensor: GPU Core, value: 0
[20:55:53.723] [FrameStats]     Sensor: GPU Memory Controller, value: 0
[20:55:53.723] [FrameStats]     Sensor: GPU Video Engine, value: 0
[20:55:53.723] [FrameStats]     Sensor: GPU Bus, value: 0
[20:55:53.723] [FrameStats]     Sensor: D3D Dedicated Memory Used, value: 801.2305
[20:55:53.723] [FrameStats]     Sensor: D3D Shared Memory Used, value: 232.1953
[20:55:53.723] [FrameStats]     Sensor: D3D 3D, value: 0
[20:55:53.723] [FrameStats]     Sensor: D3D Overlay, value: 0
[20:55:53.723] [FrameStats]     Sensor: D3D Video Decode, value: 0
[20:55:53.723] [FrameStats]     Sensor: D3D Copy, value: 0
[20:55:53.723] [FrameStats]     Sensor: D3D Copy, value: 0
[20:55:53.724] [FrameStats]     Sensor: D3D Security, value: 0
[20:55:53.724] [FrameStats]     Sensor: D3D Video Encode, value: 0
[20:55:53.724] [FrameStats]     Sensor: D3D Video Processing, value: 0
[20:55:53.724] [FrameStats]     Sensor: D3D VR, value: 0
[20:55:53.724] [FrameStats]     Sensor: GPU Hot Spot, value: 55.375
[20:55:53.724] [FrameStats]     Sensor: GPU Memory Total, value: 8188
[20:55:53.724] [FrameStats]     Sensor: GPU Memory Free, value: 7153
[20:55:53.724] [FrameStats]     Sensor: GPU Memory Used, value: 1034
[20:55:53.724] [FrameStats]     Sensor: GPU Memory, value: 12.64031
[20:55:53.724] [FrameStats]     Sensor: GPU Package, value: 9.681
[20:55:53.724] [FrameStats]     Sensor: GPU PCIe Rx, value: 0
[20:55:53.725] [FrameStats]     Sensor: GPU PCIe Tx, value: 0
[20:55:53.725] [FrameStats] Hardware: Intel(R) UHD Graphics
[20:55:53.725] [FrameStats]     Sensor: D3D Shared Memory Total, value: 16237.93
[20:55:53.725] [FrameStats]     Sensor: D3D Shared Memory Free, value: 
[20:55:53.725] [FrameStats]     Sensor: D3D Shared Memory Used, value: 1715.395
[20:55:53.728] [FrameStats]     Sensor: D3D 3D, value: 0
[20:55:53.728] [FrameStats]     Sensor: D3D Video Decode, value: 0
[20:55:53.728] [FrameStats]     Sensor: D3D Copy, value: 0
[20:55:53.728] [FrameStats]     Sensor: D3D Video Processing, value: 0
[20:55:53.728] [FrameStats]     Sensor: D3D Video Decode, value: 0
[20:55:53.728] [FrameStats]     Sensor: D3D Other, value: 0
[20:55:53.728] [FrameStats]     Sensor: D3D Other, value: 0
[20:55:53.728] [FrameStats]     Sensor: D3D Other, value: 0
[20:55:53.728] [FrameStats]     Sensor: D3D Other, value: 0
[20:55:53.728] [FrameStats]     Sensor: D3D Other, value: 0
[20:55:53.728] [FrameStats]     Sensor: D3D GDI Render, value: 0
[20:55:53.729] [FrameStats]     Sensor: D3D Other, value: 0
[20:55:53.729] [FrameStats]     Sensor: D3D Other, value: 0
[20:55:53.729] [FrameStats] Hardware: L23M4PC3 
[20:55:53.729] [FrameStats]     Sensor: Designed Capacity, value: 99900
[20:55:53.730] [FrameStats]     Sensor: Fully-Charged Capacity, value: 94430
[20:55:53.730] [FrameStats]     Sensor: Degradation Level, value: 5.475475
[20:55:53.730] [FrameStats]     Sensor: Remaining Capacity, value: 94090
[20:55:53.730] [FrameStats]     Sensor: Charge Level, value: 99.63995
[20:55:53.730] [FrameStats]     Sensor: Voltage, value: 17.451
[20:55:53.730] [FrameStats]     Sensor: Charge/Discharge Current, value: 0
[20:55:53.730] [FrameStats]     Sensor: Charge/Discharge Rate, value: 0
[20:55:54.817] [UnityExplorer] [UniverseLib] Initialized new InputSystem support.
[20:55:54.870] [UnityExplorer] [UniverseLib] Loaded modern bundle for Unity 2022.3.11f1
[20:55:54.888] [UnityExplorer] [UniverseLib] UniverseLib 1.5.1 initialized.
[20:55:54.889] [UnityExplorer] Creating UI...
[20:55:55.377] [UnityExplorer] UnityExplorer 4.9.0 (Mono) initialized.
[20:55:55.738] [FrameStats] have options menu
[20:55:55.739] [FrameStats] localScale: (1.00, 1.00, 1.00)
[20:55:55.740] [FrameStats] added stats setting option
[20:57:46.579] Preferences Saved!
