
[19:49:47.040] ------------------------------
[19:49:47.072] MelonLoader v0.7.0 Open-Beta
[19:49:47.073] OS: Windows 11
[19:49:47.073] Hash Code: F2DCA88FB1569FD6750096CED35BBB808C50BA273E0D295347A24385B0B764CA
[19:49:47.073] ------------------------------
[19:49:47.074] Game Type: MonoBleedingEdge
[19:49:47.075] Game Arch: x64
[19:49:47.075] ------------------------------
[19:49:47.075] Command-Line: 
[19:49:47.075] ------------------------------
[19:49:47.076] Core::BasePath = C:\Users\Pytho\Projects\SDFrameStatsMod\StellarDrive_0.6.5
[19:49:47.076] Game::BasePath = C:\Users\Pytho\Projects\SDFrameStatsMod\StellarDrive_0.6.5
[19:49:47.084] Game::DataPath = C:\Users\Pytho\Projects\SDFrameStatsMod\StellarDrive_0.6.5\StellarDrive_Data
[19:49:47.084] Game::ApplicationPath = C:\Users\Pytho\Projects\SDFrameStatsMod\StellarDrive_0.6.5\StellarDrive.exe
[19:49:47.084] Runtime Type: net35
[19:49:47.153] ------------------------------
[19:49:47.154] Game Name: StellarDrive
[19:49:47.154] Game Developer: CuriousOwlGames
[19:49:47.156] Unity Version: 2022.3.11f1
[19:49:47.156] Game Version: UNKNOWN
[19:49:47.156] ------------------------------

[19:49:47.411] Preferences Loaded!

[19:49:47.430] Loading UserLibs...
[19:49:47.542] ------------------------------
[19:49:47.546] Melon Assembly loaded: '.\UserLibs\HidSharp.dll'
[19:49:47.546] SHA256 Hash: '61EB2E22A5620D789A23D389F1AF9D38FAFF4D85F46ADEDBC28FB22CFEC61BF9'
[19:49:47.553] Melon Assembly loaded: '.\UserLibs\LibreHardwareMonitorLib.dll'
[19:49:47.553] SHA256 Hash: '99B39B0B0AC865C38A33DFF7DEE080FF17AAC3337B2332812CA2D7BB13C89460'
[19:49:47.554] Melon Assembly loaded: '.\UserLibs\Microsoft.Win32.Registry.dll'
[19:49:47.554] SHA256 Hash: 'D641EB0065BD5CDB541C5BF0D2FF976720D35D62416AB959727651ABF0ABA2CA'
[19:49:47.555] Melon Assembly loaded: '.\UserLibs\System.Buffers.dll'
[19:49:47.555] SHA256 Hash: 'C65FFF603B283DC966D1A8B730C11D5E5E750E8021BD24640612F6CC3F2C6FB7'
[19:49:47.557] Melon Assembly loaded: '.\UserLibs\System.CodeDom.dll'
[19:49:47.558] SHA256 Hash: 'CF18C822A341A3932FC8C08D7F21BF015F7E3C2696619560C94B63629341376A'
[19:49:47.560] Melon Assembly loaded: '.\UserLibs\System.IO.FileSystem.AccessControl.dll'
[19:49:47.561] SHA256 Hash: 'D2D6CD3FEF822959B68A68A6AF6096963BBE6493D90E16F0AF65FEDE25D85F32'
[19:49:47.562] Melon Assembly loaded: '.\UserLibs\System.IO.Ports.dll'
[19:49:47.562] SHA256 Hash: 'B1ECEF838C8B833BE76D1EF75AD8A0B1FAD805FC951136C9E5256FD3CF15FC1B'
[19:49:47.564] Melon Assembly loaded: '.\UserLibs\System.Management.dll'
[19:49:47.564] SHA256 Hash: '205BF789DD38D8ABC5FDC9CD8653469400ED9D6386B07384609848B9C95D7721'
[19:49:47.566] Melon Assembly loaded: '.\UserLibs\System.Memory.dll'
[19:49:47.566] SHA256 Hash: 'D2E3949FCF3A3B3A20BB9A568A4DA582D9A90D64F34C0BDC07C9029BFE8F1858'
[19:49:47.568] Melon Assembly loaded: '.\UserLibs\System.Numerics.Vectors.dll'
[19:49:47.569] SHA256 Hash: '2324EE5A35674269225E2AA20957CE8830DBCA0CFFB918BD593F7A3222DEE480'
[19:49:47.571] Melon Assembly loaded: '.\UserLibs\System.Runtime.CompilerServices.Unsafe.dll'
[19:49:47.571] SHA256 Hash: 'BFC8F02A96934786CA5A0514A3B657021C12542E215E94B78FDCC74BFEFFE3D3'
[19:49:47.572] Melon Assembly loaded: '.\UserLibs\System.Security.AccessControl.dll'
[19:49:47.572] SHA256 Hash: '93084849C17A21F641C13C9F17545CFE18C1EC097561F3F0EBBBE26F358BA120'
[19:49:47.573] Melon Assembly loaded: '.\UserLibs\System.Security.Principal.Windows.dll'
[19:49:47.573] SHA256 Hash: '7828DFD952A9FD49404477BAFF714849177D9F18C0654ADAFADBDCAFB4B21F47'
[19:49:47.598] Melon Assembly loaded: '.\UserLibs\UniverseLib.Mono.dll'
[19:49:47.599] SHA256 Hash: '3B10913FFEAC9A0744583F0BB18218A5CFAFCBA467A7F9F99FA731E801A5A880'
[19:49:47.599] ------------------------------
[19:49:47.599] 0 UserLibs loaded.

[19:49:47.600] Loading Plugins...
[19:49:47.601] 0 Plugins loaded.


[19:49:48.364] Loading Mods...
[19:49:48.393] ------------------------------
[19:49:48.394] Melon Assembly loaded: '.\Mods\FrameStats.dll'
[19:49:48.394] SHA256 Hash: '97C48D7F6CEC6EFA099708A848CAB9BF57EEAB56B4A9A96DE45493D8BB3BCAFE'
[19:49:48.410] Melon Assembly loaded: '.\Mods\UnityExplorer.ML.Mono.dll'
[19:49:48.410] SHA256 Hash: '7E6C95C5F0DB2D6B22F506AAD4D268A96250BD64D8E259B7E4073106250F36D2'

[19:49:48.440] ------------------------------
[19:49:48.440] FrameStats v1.0.0
[19:49:48.440] by oneshade
[19:49:48.441] Assembly: FrameStats.dll
[19:49:48.441] ------------------------------
[19:49:48.442] ------------------------------
[19:49:48.442] UnityExplorer v4.9.0
[19:49:48.442] by Sinai
[19:49:48.442] Assembly: UnityExplorer.ML.Mono.dll
[19:49:48.442] ------------------------------
[19:49:48.443] ------------------------------
[19:49:48.443] 2 Mods loaded.

[19:49:48.449] Support Module Loaded: C:\Users\Pytho\Projects\SDFrameStatsMod\StellarDrive_0.6.5\MelonLoader\Dependencies\SupportModules\Mono.dll
[19:49:48.461] [UnityExplorer] UnityExplorer 4.9.0 initializing...
[19:49:48.480] [UnityExplorer] [UniverseLib] UniverseLib 1.5.1 initializing...
[19:49:48.851] [UnityExplorer] [UniverseLib] Finished UniverseLib initial setup.
[19:49:48.856] [UnityExplorer] Initialized UnityCrashPrevention for: Canvas.get_renderingDisplaySize
[19:49:51.129] [FrameStats] scene MainMenu loaded, index 0
[19:49:51.670] [FrameStats] Loading asset bundle ui...
[19:49:51.673] [FrameStats]     Loaded asset FrameStatsPanel
[19:49:51.673] [FrameStats]     Loaded asset FrameStatsSettings
[19:49:53.962] [FrameStats] Hardware: Intel Core i9-14900HX
[19:49:53.964] [FrameStats]     Sensor: CPU Core #1 Thread #1, value: 24.9984
[19:49:53.964] [FrameStats]     Sensor: CPU Core #1 Thread #2, value: 0
[19:49:53.964] [FrameStats]     Sensor: CPU Core #2 Thread #1, value: 0
[19:49:53.964] [FrameStats]     Sensor: CPU Core #2 Thread #2, value: 5.781353
[19:49:53.964] [FrameStats]     Sensor: CPU Core #3 Thread #1, value: 0
[19:49:53.964] [FrameStats]     Sensor: CPU Core #3 Thread #2, value: 5.781472
[19:49:53.964] [FrameStats]     Sensor: CPU Core #4 Thread #1, value: 0
[19:49:53.964] [FrameStats]     Sensor: CPU Core #4 Thread #2, value: 5.782342
[19:49:53.964] [FrameStats]     Sensor: CPU Core #5 Thread #1, value: 51.80416
[19:49:53.964] [FrameStats]     Sensor: CPU Core #5 Thread #2, value: 5.802936
[19:49:53.964] [FrameStats]     Sensor: CPU Core #6 Thread #1, value: 58.75689
[19:49:53.964] [FrameStats]     Sensor: CPU Core #6 Thread #2, value: 5.798924
[19:49:53.965] [FrameStats]     Sensor: CPU Core #7 Thread #1, value: 0
[19:49:53.965] [FrameStats]     Sensor: CPU Core #7 Thread #2, value: 5.796594
[19:49:53.965] [FrameStats]     Sensor: CPU Core #8 Thread #1, value: 20.7705
[19:49:53.965] [FrameStats]     Sensor: CPU Core #8 Thread #2, value: 5.819869
[19:49:53.965] [FrameStats]     Sensor: CPU Core #9, value: 0
[19:49:53.965] [FrameStats]     Sensor: CPU Core #10, value: 0
[19:49:53.965] [FrameStats]     Sensor: CPU Core #11, value: 0
[19:49:53.965] [FrameStats]     Sensor: CPU Core #12, value: 0
[19:49:53.965] [FrameStats]     Sensor: CPU Core #13, value: 0
[19:49:53.965] [FrameStats]     Sensor: CPU Core #14, value: 0
[19:49:53.965] [FrameStats]     Sensor: CPU Core #15, value: 0
[19:49:53.966] [FrameStats]     Sensor: CPU Core #16, value: 0
[19:49:53.966] [FrameStats]     Sensor: CPU Core #17, value: 0
[19:49:53.966] [FrameStats]     Sensor: CPU Core #18, value: 0
[19:49:53.966] [FrameStats]     Sensor: CPU Core #19, value: 0
[19:49:53.966] [FrameStats]     Sensor: CPU Core #20, value: 0
[19:49:53.966] [FrameStats]     Sensor: CPU Core #21, value: 0
[19:49:53.966] [FrameStats]     Sensor: CPU Core #22, value: 0
[19:49:53.966] [FrameStats]     Sensor: CPU Core #23, value: 0
[19:49:53.966] [FrameStats]     Sensor: CPU Core #24, value: 0
[19:49:53.966] [FrameStats]     Sensor: CPU Total, value: 0
[19:49:53.966] [FrameStats]     Sensor: CPU Core Max, value: 58.75689
[19:49:53.966] [FrameStats]     Sensor: Core Max, value: 
[19:49:53.966] [FrameStats]     Sensor: Core Average, value: 
[19:49:53.966] [FrameStats]     Sensor: CPU Core #1, value: 
[19:49:53.966] [FrameStats]     Sensor: CPU Core #2, value: 
[19:49:53.967] [FrameStats]     Sensor: CPU Core #3, value: 
[19:49:53.967] [FrameStats]     Sensor: CPU Core #4, value: 
[19:49:53.967] [FrameStats]     Sensor: CPU Core #5, value: 
[19:49:53.967] [FrameStats]     Sensor: CPU Core #6, value: 
[19:49:53.967] [FrameStats]     Sensor: CPU Core #7, value: 
[19:49:53.967] [FrameStats]     Sensor: CPU Core #8, value: 
[19:49:53.967] [FrameStats]     Sensor: CPU Core #9, value: 
[19:49:53.967] [FrameStats]     Sensor: CPU Core #10, value: 
[19:49:53.967] [FrameStats]     Sensor: CPU Core #11, value: 
[19:49:53.967] [FrameStats]     Sensor: CPU Core #12, value: 
[19:49:53.967] [FrameStats]     Sensor: CPU Core #13, value: 
[19:49:53.967] [FrameStats]     Sensor: CPU Core #14, value: 
[19:49:53.967] [FrameStats]     Sensor: CPU Core #15, value: 
[19:49:53.967] [FrameStats]     Sensor: CPU Core #16, value: 
[19:49:53.967] [FrameStats]     Sensor: CPU Core #17, value: 
[19:49:53.967] [FrameStats]     Sensor: CPU Core #18, value: 
[19:49:53.967] [FrameStats]     Sensor: CPU Core #19, value: 
[19:49:53.967] [FrameStats]     Sensor: CPU Core #20, value: 
[19:49:53.967] [FrameStats]     Sensor: CPU Core #21, value: 
[19:49:53.967] [FrameStats]     Sensor: CPU Core #22, value: 
[19:49:53.967] [FrameStats]     Sensor: CPU Core #23, value: 
[19:49:53.967] [FrameStats]     Sensor: CPU Core #24, value: 
[19:49:53.967] [FrameStats]     Sensor: CPU Package, value: 
[19:49:53.967] [FrameStats]     Sensor: CPU Core #1 Distance to TjMax, value: 
[19:49:53.967] [FrameStats]     Sensor: CPU Core #2 Distance to TjMax, value: 
[19:49:53.967] [FrameStats]     Sensor: CPU Core #3 Distance to TjMax, value: 
[19:49:53.968] [FrameStats]     Sensor: CPU Core #4 Distance to TjMax, value: 
[19:49:53.968] [FrameStats]     Sensor: CPU Core #5 Distance to TjMax, value: 
[19:49:53.968] [FrameStats]     Sensor: CPU Core #6 Distance to TjMax, value: 
[19:49:53.968] [FrameStats]     Sensor: CPU Core #7 Distance to TjMax, value: 
[19:49:53.968] [FrameStats]     Sensor: CPU Core #8 Distance to TjMax, value: 
[19:49:53.968] [FrameStats]     Sensor: CPU Core #9 Distance to TjMax, value: 
[19:49:53.968] [FrameStats]     Sensor: CPU Core #10 Distance to TjMax, value: 
[19:49:53.968] [FrameStats]     Sensor: CPU Core #11 Distance to TjMax, value: 
[19:49:53.968] [FrameStats]     Sensor: CPU Core #12 Distance to TjMax, value: 
[19:49:53.968] [FrameStats]     Sensor: CPU Core #13 Distance to TjMax, value: 
[19:49:53.968] [FrameStats]     Sensor: CPU Core #14 Distance to TjMax, value: 
[19:49:53.968] [FrameStats]     Sensor: CPU Core #15 Distance to TjMax, value: 
[19:49:53.968] [FrameStats]     Sensor: CPU Core #16 Distance to TjMax, value: 
[19:49:53.968] [FrameStats]     Sensor: CPU Core #17 Distance to TjMax, value: 
[19:49:53.968] [FrameStats]     Sensor: CPU Core #18 Distance to TjMax, value: 
[19:49:53.968] [FrameStats]     Sensor: CPU Core #19 Distance to TjMax, value: 
[19:49:53.968] [FrameStats]     Sensor: CPU Core #20 Distance to TjMax, value: 
[19:49:53.968] [FrameStats]     Sensor: CPU Core #21 Distance to TjMax, value: 
[19:49:53.968] [FrameStats]     Sensor: CPU Core #22 Distance to TjMax, value: 
[19:49:53.969] [FrameStats]     Sensor: CPU Core #23 Distance to TjMax, value: 
[19:49:53.969] [FrameStats]     Sensor: CPU Core #24 Distance to TjMax, value: 
[19:49:53.969] [FrameStats]     Sensor: CPU Core #1, value: 
[19:49:53.969] [FrameStats]     Sensor: CPU Core #2, value: 
[19:49:53.969] [FrameStats]     Sensor: CPU Core #3, value: 
[19:49:53.969] [FrameStats]     Sensor: CPU Core #4, value: 
[19:49:53.969] [FrameStats]     Sensor: CPU Core #5, value: 
[19:49:53.969] [FrameStats]     Sensor: CPU Core #6, value: 
[19:49:53.969] [FrameStats]     Sensor: CPU Core #7, value: 
[19:49:53.969] [FrameStats]     Sensor: CPU Core #8, value: 
[19:49:53.970] [FrameStats]     Sensor: CPU Core #9, value: 
[19:49:53.970] [FrameStats]     Sensor: CPU Core #10, value: 
[19:49:53.970] [FrameStats]     Sensor: CPU Core #11, value: 
[19:49:53.970] [FrameStats]     Sensor: CPU Core #12, value: 
[19:49:53.970] [FrameStats]     Sensor: CPU Core #13, value: 
[19:49:53.970] [FrameStats]     Sensor: CPU Core #14, value: 
[19:49:53.970] [FrameStats]     Sensor: CPU Core #15, value: 
[19:49:53.970] [FrameStats]     Sensor: CPU Core #16, value: 
[19:49:53.970] [FrameStats]     Sensor: CPU Core #17, value: 
[19:49:53.970] [FrameStats]     Sensor: CPU Core #18, value: 
[19:49:53.970] [FrameStats]     Sensor: CPU Core #19, value: 
[19:49:53.970] [FrameStats]     Sensor: CPU Core #20, value: 
[19:49:53.970] [FrameStats]     Sensor: CPU Core #21, value: 
[19:49:53.970] [FrameStats]     Sensor: CPU Core #22, value: 
[19:49:53.970] [FrameStats]     Sensor: CPU Core #23, value: 
[19:49:53.970] [FrameStats]     Sensor: CPU Core #24, value: 
[19:49:53.970] [FrameStats] Hardware: Generic Memory
[19:49:53.970] [FrameStats]     Sensor: Memory Used, value: 20.77901
[19:49:53.970] [FrameStats]     Sensor: Memory Available, value: 10.93571
[19:49:53.970] [FrameStats]     Sensor: Memory, value: 65.51851
[19:49:53.970] [FrameStats]     Sensor: Virtual Memory Used, value: 39.48591
[19:49:53.970] [FrameStats]     Sensor: Virtual Memory Available, value: 6.692501
[19:49:53.970] [FrameStats]     Sensor: Virtual Memory, value: 85.50729
[19:49:53.970] [FrameStats] Hardware: NVIDIA GeForce RTX 4070 Laptop GPU
[19:49:53.970] [FrameStats]     Sensor: GPU Core, value: 51
[19:49:53.970] [FrameStats]     Sensor: GPU Core, value: 765
[19:49:53.970] [FrameStats]     Sensor: GPU Memory, value: 810
[19:49:53.970] [FrameStats]     Sensor: GPU Core, value: 0
[19:49:53.970] [FrameStats]     Sensor: GPU Memory Controller, value: 0
[19:49:53.971] [FrameStats]     Sensor: GPU Video Engine, value: 6
[19:49:53.971] [FrameStats]     Sensor: GPU Bus, value: 0
[19:49:53.971] [FrameStats]     Sensor: D3D Dedicated Memory Used, value: 676.6055
[19:49:53.971] [FrameStats]     Sensor: D3D Shared Memory Used, value: 193.2969
[19:49:53.971] [FrameStats]     Sensor: D3D 3D, value: 0
[19:49:53.971] [FrameStats]     Sensor: D3D Overlay, value: 0
[19:49:53.971] [FrameStats]     Sensor: D3D Video Decode, value: 29.52963
[19:49:53.971] [FrameStats]     Sensor: D3D Copy, value: 0
[19:49:53.972] [FrameStats]     Sensor: D3D Copy, value: 0.3910038
[19:49:53.972] [FrameStats]     Sensor: D3D Security, value: 0
[19:49:53.972] [FrameStats]     Sensor: D3D Video Encode, value: 0
[19:49:53.972] [FrameStats]     Sensor: D3D Video Processing, value: 0
[19:49:53.972] [FrameStats]     Sensor: D3D VR, value: 0
[19:49:53.972] [FrameStats]     Sensor: GPU Hot Spot, value: 58.90625
[19:49:53.972] [FrameStats]     Sensor: GPU Memory Total, value: 8188
[19:49:53.972] [FrameStats]     Sensor: GPU Memory Free, value: 7277
[19:49:53.972] [FrameStats]     Sensor: GPU Memory Used, value: 910
[19:49:53.972] [FrameStats]     Sensor: GPU Memory, value: 11.12117
[19:49:53.972] [FrameStats]     Sensor: GPU Package, value: 9.674
[19:49:53.972] [FrameStats]     Sensor: GPU PCIe Rx, value: 0
[19:49:53.972] [FrameStats]     Sensor: GPU PCIe Tx, value: 0
[19:49:53.972] [FrameStats] Hardware: Intel(R) UHD Graphics
[19:49:53.972] [FrameStats]     Sensor: D3D Shared Memory Total, value: 16237.93
[19:49:53.972] [FrameStats]     Sensor: D3D Shared Memory Free, value: 
[19:49:53.973] [FrameStats]     Sensor: D3D Shared Memory Used, value: 1744.141
[19:49:53.973] [FrameStats]     Sensor: D3D 3D, value: 0
[19:49:53.973] [FrameStats]     Sensor: D3D Video Decode, value: 0
[19:49:53.973] [FrameStats]     Sensor: D3D Copy, value: 0
[19:49:53.973] [FrameStats]     Sensor: D3D Video Processing, value: 0
[19:49:53.973] [FrameStats]     Sensor: D3D Video Decode, value: 0
[19:49:53.973] [FrameStats]     Sensor: D3D Other, value: 0
[19:49:53.973] [FrameStats]     Sensor: D3D Other, value: 0
[19:49:53.973] [FrameStats]     Sensor: D3D Other, value: 0
[19:49:53.973] [FrameStats]     Sensor: D3D Other, value: 0
[19:49:53.973] [FrameStats]     Sensor: D3D Other, value: 0
[19:49:53.973] [FrameStats]     Sensor: D3D GDI Render, value: 0
[19:49:53.973] [FrameStats]     Sensor: D3D Other, value: 0
[19:49:53.973] [FrameStats]     Sensor: D3D Other, value: 0
[19:49:53.973] [FrameStats] Hardware: L23M4PC3 
[19:49:53.973] [FrameStats]     Sensor: Designed Capacity, value: 99900
[19:49:53.973] [FrameStats]     Sensor: Fully-Charged Capacity, value: 94430
[19:49:53.973] [FrameStats]     Sensor: Degradation Level, value: 5.475475
[19:49:53.973] [FrameStats]     Sensor: Remaining Capacity, value: 94090
[19:49:53.973] [FrameStats]     Sensor: Charge Level, value: 99.63995
[19:49:53.973] [FrameStats]     Sensor: Voltage, value: 17.453
[19:49:53.973] [FrameStats]     Sensor: Charge/Discharge Current, value: 0
[19:49:53.974] [FrameStats]     Sensor: Charge/Discharge Rate, value: 0
[19:49:55.063] [UnityExplorer] [UniverseLib] Initialized new InputSystem support.
[19:49:55.118] [UnityExplorer] [UniverseLib] Loaded modern bundle for Unity 2022.3.11f1
[19:49:55.133] [UnityExplorer] [UniverseLib] UniverseLib 1.5.1 initialized.
[19:49:55.135] [UnityExplorer] Creating UI...
[19:49:55.630] [UnityExplorer] UnityExplorer 4.9.0 (Mono) initialized.
[19:50:05.476] [FrameStats] have options menu
[19:50:05.478] [FrameStats] added stats setting option
[19:50:07.739] [FrameStats] lost options menu
[19:50:14.588] [FrameStats] scene MainGame loaded, index 1
[19:50:14.896] [FrameStats] hello from performance monitor
[19:50:14.934] [FrameStats] hello from performance monitor
[19:50:14.934] [FrameStats] hello from performance monitor
[19:50:14.955] [FrameStats] hello from performance monitor
[19:50:15.038] [FrameStats] hello from performance monitor
[19:50:15.038] [FrameStats] hello from performance monitor
[19:50:15.039] [FrameStats] hello from performance monitor
[19:50:15.039] [FrameStats] hello from performance monitor
[19:50:15.194] [FrameStats] hello from performance monitor
[19:50:15.200] [FrameStats] hello from performance monitor
[19:50:15.201] [FrameStats] hello from performance monitor
[19:50:15.201] [FrameStats] hello from performance monitor
[19:50:15.201] [FrameStats] hello from performance monitor
[19:50:15.201] [FrameStats] hello from performance monitor
[19:50:15.201] [FrameStats] hello from performance monitor
[19:50:15.201] [FrameStats] hello from performance monitor
[19:50:16.141] [FrameStats] hello from performance monitor
[19:50:16.880] [FrameStats] hello from performance monitor
[19:50:16.881] [FrameStats] hello from performance monitor
[19:50:16.881] [FrameStats] hello from performance monitor
[19:50:16.882] [FrameStats] hello from performance monitor
[19:50:16.882] [FrameStats] hello from performance monitor
[19:50:16.882] [FrameStats] hello from performance monitor
[19:50:16.882] [FrameStats] hello from performance monitor
[19:50:16.882] [FrameStats] hello from performance monitor
[19:50:16.882] [FrameStats] hello from performance monitor
[19:50:16.882] [FrameStats] hello from performance monitor
[19:50:16.882] [FrameStats] hello from performance monitor
[19:50:16.883] [FrameStats] hello from performance monitor
[19:50:16.883] [FrameStats] hello from performance monitor
[19:50:16.883] [FrameStats] hello from performance monitor
[19:50:16.883] [FrameStats] hello from performance monitor
[19:50:16.883] [FrameStats] hello from performance monitor
[19:50:16.883] [FrameStats] hello from performance monitor
[19:50:17.017] [FrameStats] hello from performance monitor
[19:50:17.017] [FrameStats] hello from performance monitor
[19:50:17.018] [FrameStats] hello from performance monitor
[19:50:17.018] [FrameStats] hello from performance monitor
[19:50:17.018] [FrameStats] hello from performance monitor
[19:50:17.018] [FrameStats] hello from performance monitor
[19:50:17.018] [FrameStats] hello from performance monitor
[19:50:17.018] [FrameStats] hello from performance monitor
[19:50:17.018] [FrameStats] hello from performance monitor
[19:50:17.018] [FrameStats] hello from performance monitor
[19:50:17.018] [FrameStats] hello from performance monitor
[19:50:17.019] [FrameStats] hello from performance monitor
[19:50:17.019] [FrameStats] hello from performance monitor
[19:50:17.019] [FrameStats] hello from performance monitor
[19:50:17.019] [FrameStats] hello from performance monitor
[19:50:17.019] [FrameStats] hello from performance monitor
[19:50:17.069] [FrameStats] hello from performance monitor
[19:50:17.080] [FrameStats] hello from performance monitor
[19:50:17.092] [FrameStats] hello from performance monitor
[19:50:17.092] [FrameStats] hello from performance monitor
[19:50:17.104] [FrameStats] hello from performance monitor
[19:50:17.148] [FrameStats] hello from performance monitor
[19:50:17.148] [FrameStats] hello from performance monitor
[19:50:17.164] [FrameStats] hello from performance monitor
[19:50:17.183] [FrameStats] hello from performance monitor
[19:50:17.201] [FrameStats] hello from performance monitor
[19:50:17.218] [FrameStats] hello from performance monitor
[19:50:17.243] [FrameStats] hello from performance monitor
[19:50:17.259] [FrameStats] hello from performance monitor
[19:50:17.277] [FrameStats] hello from performance monitor
[19:50:17.301] [FrameStats] hello from performance monitor
[19:50:17.318] [FrameStats] hello from performance monitor
[19:50:17.342] [FrameStats] hello from performance monitor
[19:50:17.359] [FrameStats] hello from performance monitor
[19:50:17.377] [FrameStats] hello from performance monitor
[19:50:17.409] [FrameStats] hello from performance monitor
[19:50:17.430] [FrameStats] hello from performance monitor
[19:50:17.451] [FrameStats] hello from performance monitor
[19:50:17.467] [FrameStats] hello from performance monitor
[19:50:17.476] [FrameStats] hello from performance monitor
[19:50:17.501] [FrameStats] hello from performance monitor
[19:50:17.519] [FrameStats] hello from performance monitor
[19:50:17.552] [FrameStats] hello from performance monitor
[19:50:17.571] [FrameStats] hello from performance monitor
[19:50:17.581] [FrameStats] hello from performance monitor
[19:50:17.598] [FrameStats] hello from performance monitor
[19:50:17.622] [FrameStats] hello from performance monitor
[19:50:17.640] [FrameStats] hello from performance monitor
[19:50:17.668] [FrameStats] hello from performance monitor
[19:50:17.689] [FrameStats] hello from performance monitor
[19:50:17.698] [FrameStats] hello from performance monitor
[19:50:17.722] [FrameStats] hello from performance monitor
[19:50:17.738] [FrameStats] hello from performance monitor
[19:50:17.763] [FrameStats] hello from performance monitor
[19:50:17.780] [FrameStats] hello from performance monitor
[19:50:17.846] [FrameStats] hello from performance monitor
[19:50:17.846] [FrameStats] hello from performance monitor
[19:50:17.847] [FrameStats] hello from performance monitor
[19:50:17.867] [FrameStats] hello from performance monitor
[19:50:17.884] [FrameStats] hello from performance monitor
[19:50:17.901] [FrameStats] hello from performance monitor
[19:50:17.917] [FrameStats] hello from performance monitor
[19:50:17.942] [FrameStats] hello from performance monitor
[19:50:17.967] [FrameStats] hello from performance monitor
[19:50:17.983] [FrameStats] hello from performance monitor
[19:50:18.000] [FrameStats] hello from performance monitor
[19:50:18.025] [FrameStats] hello from performance monitor
[19:50:18.042] [FrameStats] hello from performance monitor
[19:50:18.067] [FrameStats] hello from performance monitor
[19:50:18.083] [FrameStats] hello from performance monitor
[19:50:18.099] [FrameStats] hello from performance monitor
[19:50:18.125] [FrameStats] hello from performance monitor
[19:50:18.142] [FrameStats] hello from performance monitor
[19:50:18.167] [FrameStats] hello from performance monitor
[19:50:19.928] [FrameStats] have options menu
[19:50:19.928] [FrameStats] added stats setting option
[19:50:27.977] [FrameStats] scene MainMenu loaded, index 0
[19:50:28.499] [FrameStats] lost options menu
[19:50:30.143] [FrameStats] have options menu
[19:50:30.143] [FrameStats] added stats setting option
[19:50:31.402] [FrameStats] lost options menu
[19:50:33.543] [FrameStats] have options menu
[19:50:33.543] [FrameStats] added stats setting option
[19:50:37.482] Preferences Saved!
