
[11:57:02.134] ------------------------------
[11:57:02.155] MelonLoader v0.7.0 Open-Beta
[11:57:02.156] OS: Windows 11
[11:57:02.156] Hash Code: F2DCA88FB1569FD6750096CED35BBB808C50BA273E0D295347A24385B0B764CA
[11:57:02.156] ------------------------------
[11:57:02.157] Game Type: MonoBleedingEdge
[11:57:02.157] Game Arch: x64
[11:57:02.157] ------------------------------
[11:57:02.157] Command-Line: 
[11:57:02.158] ------------------------------
[11:57:02.158] Core::BasePath = C:\Users\Pytho\Projects\SDFrameStatsMod\StellarDrive_0.6.5
[11:57:02.158] Game::BasePath = C:\Users\Pytho\Projects\SDFrameStatsMod\StellarDrive_0.6.5
[11:57:02.159] Game::DataPath = C:\Users\Pytho\Projects\SDFrameStatsMod\StellarDrive_0.6.5\StellarDrive_Data
[11:57:02.159] Game::ApplicationPath = C:\Users\Pytho\Projects\SDFrameStatsMod\StellarDrive_0.6.5\StellarDrive.exe
[11:57:02.159] Runtime Type: net35
[11:57:02.224] ------------------------------
[11:57:02.224] Game Name: StellarDrive
[11:57:02.224] Game Developer: CuriousOwlGames
[11:57:02.226] Unity Version: 2022.3.11f1
[11:57:02.226] Game Version: UNKNOWN
[11:57:02.226] ------------------------------

[11:57:02.465] Preferences Loaded!

[11:57:02.484] Loading UserLibs...
[11:57:02.599] ------------------------------
[11:57:02.603] Melon Assembly loaded: '.\UserLibs\HidSharp.dll'
[11:57:02.603] SHA256 Hash: '61EB2E22A5620D789A23D389F1AF9D38FAFF4D85F46ADEDBC28FB22CFEC61BF9'
[11:57:02.609] Melon Assembly loaded: '.\UserLibs\LibreHardwareMonitorLib.dll'
[11:57:02.609] SHA256 Hash: '99B39B0B0AC865C38A33DFF7DEE080FF17AAC3337B2332812CA2D7BB13C89460'
[11:57:02.610] Melon Assembly loaded: '.\UserLibs\Microsoft.Win32.Registry.dll'
[11:57:02.611] SHA256 Hash: 'D641EB0065BD5CDB541C5BF0D2FF976720D35D62416AB959727651ABF0ABA2CA'
[11:57:02.611] Melon Assembly loaded: '.\UserLibs\System.Buffers.dll'
[11:57:02.611] SHA256 Hash: 'C65FFF603B283DC966D1A8B730C11D5E5E750E8021BD24640612F6CC3F2C6FB7'
[11:57:02.613] Melon Assembly loaded: '.\UserLibs\System.CodeDom.dll'
[11:57:02.613] SHA256 Hash: 'CF18C822A341A3932FC8C08D7F21BF015F7E3C2696619560C94B63629341376A'
[11:57:02.614] Melon Assembly loaded: '.\UserLibs\System.IO.FileSystem.AccessControl.dll'
[11:57:02.614] SHA256 Hash: 'D2D6CD3FEF822959B68A68A6AF6096963BBE6493D90E16F0AF65FEDE25D85F32'
[11:57:02.615] Melon Assembly loaded: '.\UserLibs\System.IO.Ports.dll'
[11:57:02.616] SHA256 Hash: 'B1ECEF838C8B833BE76D1EF75AD8A0B1FAD805FC951136C9E5256FD3CF15FC1B'
[11:57:02.618] Melon Assembly loaded: '.\UserLibs\System.Management.dll'
[11:57:02.619] SHA256 Hash: '205BF789DD38D8ABC5FDC9CD8653469400ED9D6386B07384609848B9C95D7721'
[11:57:02.621] Melon Assembly loaded: '.\UserLibs\System.Memory.dll'
[11:57:02.621] SHA256 Hash: 'D2E3949FCF3A3B3A20BB9A568A4DA582D9A90D64F34C0BDC07C9029BFE8F1858'
[11:57:02.623] Melon Assembly loaded: '.\UserLibs\System.Numerics.Vectors.dll'
[11:57:02.623] SHA256 Hash: '2324EE5A35674269225E2AA20957CE8830DBCA0CFFB918BD593F7A3222DEE480'
[11:57:02.624] Melon Assembly loaded: '.\UserLibs\System.Runtime.CompilerServices.Unsafe.dll'
[11:57:02.624] SHA256 Hash: 'BFC8F02A96934786CA5A0514A3B657021C12542E215E94B78FDCC74BFEFFE3D3'
[11:57:02.625] Melon Assembly loaded: '.\UserLibs\System.Security.AccessControl.dll'
[11:57:02.625] SHA256 Hash: '93084849C17A21F641C13C9F17545CFE18C1EC097561F3F0EBBBE26F358BA120'
[11:57:02.626] Melon Assembly loaded: '.\UserLibs\System.Security.Principal.Windows.dll'
[11:57:02.626] SHA256 Hash: '7828DFD952A9FD49404477BAFF714849177D9F18C0654ADAFADBDCAFB4B21F47'
[11:57:02.650] Melon Assembly loaded: '.\UserLibs\UniverseLib.Mono.dll'
[11:57:02.650] SHA256 Hash: '3B10913FFEAC9A0744583F0BB18218A5CFAFCBA467A7F9F99FA731E801A5A880'
[11:57:02.651] ------------------------------
[11:57:02.651] 0 UserLibs loaded.

[11:57:02.651] Loading Plugins...
[11:57:02.653] 0 Plugins loaded.


[11:57:03.459] Loading Mods...
[11:57:03.463] ------------------------------
[11:57:03.464] Melon Assembly loaded: '.\Mods\FrameStats.dll'
[11:57:03.464] SHA256 Hash: '5F6E375D0CA6F376180DDFA19C337CCFCBC8E22E6AA6A750BD0E0B8777F9DD90'
[11:57:03.480] Melon Assembly loaded: '.\Mods\UnityExplorer.ML.Mono.dll'
[11:57:03.481] SHA256 Hash: '7E6C95C5F0DB2D6B22F506AAD4D268A96250BD64D8E259B7E4073106250F36D2'

[11:57:03.508] ------------------------------
[11:57:03.508] FrameStats v1.0.0
[11:57:03.509] by oneshade
[11:57:03.509] Assembly: FrameStats.dll
[11:57:03.509] ------------------------------
[11:57:03.510] ------------------------------
[11:57:03.511] UnityExplorer v4.9.0
[11:57:03.511] by Sinai
[11:57:03.511] Assembly: UnityExplorer.ML.Mono.dll
[11:57:03.511] ------------------------------
[11:57:03.511] ------------------------------
[11:57:03.511] 2 Mods loaded.

[11:57:03.518] Support Module Loaded: C:\Users\Pytho\Projects\SDFrameStatsMod\StellarDrive_0.6.5\MelonLoader\Dependencies\SupportModules\Mono.dll
[11:57:03.527] [FrameStats] melon initialized
[11:57:05.867] [FrameStats] Hardware: Intel Core i9-14900HX
[11:57:05.870] [FrameStats] 	Sensor: CPU Core #1 Thread #1, value: 23.09248
[11:57:05.870] [FrameStats] 	Sensor: CPU Core #1 Thread #2, value: 0
[11:57:05.870] [FrameStats] 	Sensor: CPU Core #2 Thread #1, value: 17.30432
[11:57:05.870] [FrameStats] 	Sensor: CPU Core #2 Thread #2, value: 0
[11:57:05.870] [FrameStats] 	Sensor: CPU Core #3 Thread #1, value: 10.85632
[11:57:05.871] [FrameStats] 	Sensor: CPU Core #3 Thread #2, value: 0
[11:57:05.871] [FrameStats] 	Sensor: CPU Core #4 Thread #1, value: 0
[11:57:05.871] [FrameStats] 	Sensor: CPU Core #4 Thread #2, value: 0
[11:57:05.871] [FrameStats] 	Sensor: CPU Core #5 Thread #1, value: 0
[11:57:05.871] [FrameStats] 	Sensor: CPU Core #5 Thread #2, value: 26.4903
[11:57:05.871] [FrameStats] 	Sensor: CPU Core #6 Thread #1, value: 48.09206
[11:57:05.871] [FrameStats] 	Sensor: CPU Core #6 Thread #2, value: 0
[11:57:05.871] [FrameStats] 	Sensor: CPU Core #7 Thread #1, value: 0
[11:57:05.872] [FrameStats] 	Sensor: CPU Core #7 Thread #2, value: 0
[11:57:05.872] [FrameStats] 	Sensor: CPU Core #8 Thread #1, value: 0
[11:57:05.872] [FrameStats] 	Sensor: CPU Core #8 Thread #2, value: 0
[11:57:05.872] [FrameStats] 	Sensor: CPU Core #9, value: 0
[11:57:05.872] [FrameStats] 	Sensor: CPU Core #10, value: 15.4489
[11:57:05.872] [FrameStats] 	Sensor: CPU Core #11, value: 0
[11:57:05.872] [FrameStats] 	Sensor: CPU Core #12, value: 0
[11:57:05.872] [FrameStats] 	Sensor: CPU Core #13, value: 32.81676
[11:57:05.872] [FrameStats] 	Sensor: CPU Core #14, value: 0
[11:57:05.873] [FrameStats] 	Sensor: CPU Core #15, value: 0
[11:57:05.873] [FrameStats] 	Sensor: CPU Core #16, value: 0
[11:57:05.873] [FrameStats] 	Sensor: CPU Core #17, value: 0
[11:57:05.873] [FrameStats] 	Sensor: CPU Core #18, value: 0
[11:57:05.873] [FrameStats] 	Sensor: CPU Core #19, value: 0
[11:57:05.873] [FrameStats] 	Sensor: CPU Core #20, value: 0
[11:57:05.873] [FrameStats] 	Sensor: CPU Core #21, value: 42.75631
[11:57:05.873] [FrameStats] 	Sensor: CPU Core #22, value: 0
[11:57:05.873] [FrameStats] 	Sensor: CPU Core #23, value: 0
[11:57:05.873] [FrameStats] 	Sensor: CPU Core #24, value: 0
[11:57:05.874] [FrameStats] 	Sensor: CPU Total, value: 0
[11:57:05.874] [FrameStats] 	Sensor: CPU Core Max, value: 48.09206
[11:57:05.874] [FrameStats] 	Sensor: Core Max, value: 
[11:57:05.874] [FrameStats] 	Sensor: Core Average, value: 
[11:57:05.874] [FrameStats] 	Sensor: CPU Core #1, value: 
[11:57:05.874] [FrameStats] 	Sensor: CPU Core #2, value: 
[11:57:05.874] [FrameStats] 	Sensor: CPU Core #3, value: 
[11:57:05.874] [FrameStats] 	Sensor: CPU Core #4, value: 
[11:57:05.875] [FrameStats] 	Sensor: CPU Core #5, value: 
[11:57:05.875] [FrameStats] 	Sensor: CPU Core #6, value: 
[11:57:05.875] [FrameStats] 	Sensor: CPU Core #7, value: 
[11:57:05.875] [FrameStats] 	Sensor: CPU Core #8, value: 
[11:57:05.875] [FrameStats] 	Sensor: CPU Core #9, value: 
[11:57:05.875] [FrameStats] 	Sensor: CPU Core #10, value: 
[11:57:05.875] [FrameStats] 	Sensor: CPU Core #11, value: 
[11:57:05.875] [FrameStats] 	Sensor: CPU Core #12, value: 
[11:57:05.875] [FrameStats] 	Sensor: CPU Core #13, value: 
[11:57:05.875] [FrameStats] 	Sensor: CPU Core #14, value: 
[11:57:05.875] [FrameStats] 	Sensor: CPU Core #15, value: 
[11:57:05.875] [FrameStats] 	Sensor: CPU Core #16, value: 
[11:57:05.876] [FrameStats] 	Sensor: CPU Core #17, value: 
[11:57:05.876] [FrameStats] 	Sensor: CPU Core #18, value: 
[11:57:05.876] [FrameStats] 	Sensor: CPU Core #19, value: 
[11:57:05.876] [FrameStats] 	Sensor: CPU Core #20, value: 
[11:57:05.876] [FrameStats] 	Sensor: CPU Core #21, value: 
[11:57:05.876] [FrameStats] 	Sensor: CPU Core #22, value: 
[11:57:05.876] [FrameStats] 	Sensor: CPU Core #23, value: 
[11:57:05.876] [FrameStats] 	Sensor: CPU Core #24, value: 
[11:57:05.876] [FrameStats] 	Sensor: CPU Package, value: 
[11:57:05.876] [FrameStats] 	Sensor: CPU Core #1 Distance to TjMax, value: 
[11:57:05.876] [FrameStats] 	Sensor: CPU Core #2 Distance to TjMax, value: 
[11:57:05.876] [FrameStats] 	Sensor: CPU Core #3 Distance to TjMax, value: 
[11:57:05.876] [FrameStats] 	Sensor: CPU Core #4 Distance to TjMax, value: 
[11:57:05.876] [FrameStats] 	Sensor: CPU Core #5 Distance to TjMax, value: 
[11:57:05.876] [FrameStats] 	Sensor: CPU Core #6 Distance to TjMax, value: 
[11:57:05.876] [FrameStats] 	Sensor: CPU Core #7 Distance to TjMax, value: 
[11:57:05.876] [FrameStats] 	Sensor: CPU Core #8 Distance to TjMax, value: 
[11:57:05.876] [FrameStats] 	Sensor: CPU Core #9 Distance to TjMax, value: 
[11:57:05.876] [FrameStats] 	Sensor: CPU Core #10 Distance to TjMax, value: 
[11:57:05.876] [FrameStats] 	Sensor: CPU Core #11 Distance to TjMax, value: 
[11:57:05.877] [FrameStats] 	Sensor: CPU Core #12 Distance to TjMax, value: 
[11:57:05.877] [FrameStats] 	Sensor: CPU Core #13 Distance to TjMax, value: 
[11:57:05.877] [FrameStats] 	Sensor: CPU Core #14 Distance to TjMax, value: 
[11:57:05.877] [FrameStats] 	Sensor: CPU Core #15 Distance to TjMax, value: 
[11:57:05.877] [FrameStats] 	Sensor: CPU Core #16 Distance to TjMax, value: 
[11:57:05.877] [FrameStats] 	Sensor: CPU Core #17 Distance to TjMax, value: 
[11:57:05.877] [FrameStats] 	Sensor: CPU Core #18 Distance to TjMax, value: 
[11:57:05.877] [FrameStats] 	Sensor: CPU Core #19 Distance to TjMax, value: 
[11:57:05.877] [FrameStats] 	Sensor: CPU Core #20 Distance to TjMax, value: 
[11:57:05.877] [FrameStats] 	Sensor: CPU Core #21 Distance to TjMax, value: 
[11:57:05.877] [FrameStats] 	Sensor: CPU Core #22 Distance to TjMax, value: 
[11:57:05.877] [FrameStats] 	Sensor: CPU Core #23 Distance to TjMax, value: 
[11:57:05.877] [FrameStats] 	Sensor: CPU Core #24 Distance to TjMax, value: 
[11:57:05.877] [FrameStats] 	Sensor: CPU Core #1, value: 
[11:57:05.877] [FrameStats] 	Sensor: CPU Core #2, value: 
[11:57:05.877] [FrameStats] 	Sensor: CPU Core #3, value: 
[11:57:05.877] [FrameStats] 	Sensor: CPU Core #4, value: 
[11:57:05.877] [FrameStats] 	Sensor: CPU Core #5, value: 
[11:57:05.877] [FrameStats] 	Sensor: CPU Core #6, value: 
[11:57:05.877] [FrameStats] 	Sensor: CPU Core #7, value: 
[11:57:05.877] [FrameStats] 	Sensor: CPU Core #8, value: 
[11:57:05.877] [FrameStats] 	Sensor: CPU Core #9, value: 
[11:57:05.877] [FrameStats] 	Sensor: CPU Core #10, value: 
[11:57:05.877] [FrameStats] 	Sensor: CPU Core #11, value: 
[11:57:05.877] [FrameStats] 	Sensor: CPU Core #12, value: 
[11:57:05.877] [FrameStats] 	Sensor: CPU Core #13, value: 
[11:57:05.877] [FrameStats] 	Sensor: CPU Core #14, value: 
[11:57:05.877] [FrameStats] 	Sensor: CPU Core #15, value: 
[11:57:05.877] [FrameStats] 	Sensor: CPU Core #16, value: 
[11:57:05.877] [FrameStats] 	Sensor: CPU Core #17, value: 
[11:57:05.877] [FrameStats] 	Sensor: CPU Core #18, value: 
[11:57:05.877] [FrameStats] 	Sensor: CPU Core #19, value: 
[11:57:05.877] [FrameStats] 	Sensor: CPU Core #20, value: 
[11:57:05.878] [FrameStats] 	Sensor: CPU Core #21, value: 
[11:57:05.878] [FrameStats] 	Sensor: CPU Core #22, value: 
[11:57:05.878] [FrameStats] 	Sensor: CPU Core #23, value: 
[11:57:05.878] [FrameStats] 	Sensor: CPU Core #24, value: 
[11:57:05.878] [FrameStats] Hardware: Generic Memory
[11:57:05.878] [FrameStats] 	Sensor: Memory Used, value: 17.85184
[11:57:05.878] [FrameStats] 	Sensor: Memory Available, value: 13.86287
[11:57:05.878] [FrameStats] 	Sensor: Memory, value: 56.28883
[11:57:05.878] [FrameStats] 	Sensor: Virtual Memory Used, value: 34.16966
[11:57:05.878] [FrameStats] 	Sensor: Virtual Memory Available, value: 9.045052
[11:57:05.878] [FrameStats] 	Sensor: Virtual Memory, value: 79.06951
[11:57:05.878] [FrameStats] Hardware: NVIDIA GeForce RTX 4070 Laptop GPU
[11:57:05.878] [FrameStats] 	Sensor: GPU Core, value: 49
[11:57:05.878] [FrameStats] 	Sensor: GPU Core, value: 1605
[11:57:05.878] [FrameStats] 	Sensor: GPU Memory, value: 7000.978
[11:57:05.878] [FrameStats] 	Sensor: GPU Core, value: 0
[11:57:05.878] [FrameStats] 	Sensor: GPU Memory Controller, value: 0
[11:57:05.878] [FrameStats] 	Sensor: GPU Video Engine, value: 5
[11:57:05.878] [FrameStats] 	Sensor: GPU Bus, value: 0
[11:57:05.878] [FrameStats] 	Sensor: D3D Dedicated Memory Used, value: 424.3789
[11:57:05.878] [FrameStats] 	Sensor: D3D Shared Memory Used, value: 171.7227
[11:57:05.878] [FrameStats] 	Sensor: D3D 3D, value: 0
[11:57:05.878] [FrameStats] 	Sensor: D3D Overlay, value: 0
[11:57:05.878] [FrameStats] 	Sensor: D3D Video Decode, value: 11.50055
[11:57:05.878] [FrameStats] 	Sensor: D3D Copy, value: 0
[11:57:05.878] [FrameStats] 	Sensor: D3D Copy, value: 0.05452619
[11:57:05.879] [FrameStats] 	Sensor: D3D Security, value: 0
[11:57:05.879] [FrameStats] 	Sensor: D3D Video Encode, value: 0
[11:57:05.879] [FrameStats] 	Sensor: D3D Video Processing, value: 0
[11:57:05.879] [FrameStats] 	Sensor: D3D VR, value: 0
[11:57:05.879] [FrameStats] 	Sensor: GPU Hot Spot, value: 56.71875
[11:57:05.879] [FrameStats] 	Sensor: GPU Memory Total, value: 8188
[11:57:05.879] [FrameStats] 	Sensor: GPU Memory Free, value: 7529
[11:57:05.879] [FrameStats] 	Sensor: GPU Memory Used, value: 658
[11:57:05.879] [FrameStats] 	Sensor: GPU Memory, value: 8.046217
[11:57:05.879] [FrameStats] 	Sensor: GPU Package, value: 11.082
[11:57:05.879] [FrameStats] 	Sensor: GPU PCIe Rx, value: 0
[11:57:05.879] [FrameStats] 	Sensor: GPU PCIe Tx, value: 0
[11:57:05.879] [FrameStats] Hardware: Intel(R) UHD Graphics
[11:57:05.879] [FrameStats] 	Sensor: D3D Shared Memory Total, value: 16237.93
[11:57:05.879] [FrameStats] 	Sensor: D3D Shared Memory Free, value: 
[11:57:05.879] [FrameStats] 	Sensor: D3D Shared Memory Used, value: 1312.5
[11:57:05.879] [FrameStats] 	Sensor: D3D 3D, value: 0
[11:57:05.879] [FrameStats] 	Sensor: D3D Video Decode, value: 0
[11:57:05.879] [FrameStats] 	Sensor: D3D Copy, value: 0
[11:57:05.879] [FrameStats] 	Sensor: D3D Video Processing, value: 0
[11:57:05.879] [FrameStats] 	Sensor: D3D Video Decode, value: 0
[11:57:05.879] [FrameStats] 	Sensor: D3D Other, value: 0
[11:57:05.879] [FrameStats] 	Sensor: D3D Other, value: 0
[11:57:05.879] [FrameStats] 	Sensor: D3D Other, value: 0
[11:57:05.879] [FrameStats] 	Sensor: D3D Other, value: 0
[11:57:05.879] [FrameStats] 	Sensor: D3D Other, value: 0
[11:57:05.879] [FrameStats] 	Sensor: D3D GDI Render, value: 0
[11:57:05.879] [FrameStats] 	Sensor: D3D Other, value: 0
[11:57:05.879] [FrameStats] 	Sensor: D3D Other, value: 0
[11:57:05.879] [FrameStats] Hardware: L23M4PC3 
[11:57:05.879] [FrameStats] 	Sensor: Designed Capacity, value: 99900
[11:57:05.880] [FrameStats] 	Sensor: Fully-Charged Capacity, value: 94430
[11:57:05.880] [FrameStats] 	Sensor: Degradation Level, value: 5.475475
[11:57:05.880] [FrameStats] 	Sensor: Remaining Capacity, value: 42600
[11:57:05.880] [FrameStats] 	Sensor: Charge Level, value: 45.11278
[11:57:05.880] [FrameStats] 	Sensor: Voltage, value: 16.774
[11:57:05.880] [FrameStats] 	Sensor: Charge Current, value: 8.29498
[11:57:05.880] [FrameStats] 	Sensor: Charge Rate, value: 139.14
[11:57:05.890] [UnityExplorer] UnityExplorer 4.9.0 initializing...
[11:57:05.907] [UnityExplorer] [UniverseLib] UniverseLib 1.5.1 initializing...
[11:57:06.279] [UnityExplorer] [UniverseLib] Finished UniverseLib initial setup.
[11:57:06.284] [UnityExplorer] Initialized UnityCrashPrevention for: Canvas.get_renderingDisplaySize
[11:57:08.578] [FrameStats] scene MainMenu loaded, index 0
[11:57:10.182] [UnityExplorer] [UniverseLib] Initialized new InputSystem support.
[11:57:10.234] [UnityExplorer] [UniverseLib] Loaded modern bundle for Unity 2022.3.11f1
[11:57:10.251] [UnityExplorer] [UniverseLib] UniverseLib 1.5.1 initialized.
[11:57:10.252] [UnityExplorer] Creating UI...
[11:57:10.900] [UnityExplorer] UnityExplorer 4.9.0 (Mono) initialized.
