
[22:50:42.538] ------------------------------
[22:50:42.561] MelonLoader v0.7.0 Open-Beta
[22:50:42.563] OS: Windows 11
[22:50:42.563] Hash Code: F2DCA88FB1569FD6750096CED35BBB808C50BA273E0D295347A24385B0B764CA
[22:50:42.563] ------------------------------
[22:50:42.564] Game Type: MonoBleedingEdge
[22:50:42.564] Game Arch: x64
[22:50:42.564] ------------------------------
[22:50:42.565] Command-Line: 
[22:50:42.565] ------------------------------
[22:50:42.565] Core::BasePath = C:\Users\Pytho\Projects\SDFrameStatsMod\StellarDrive_0.6.5
[22:50:42.565] Game::BasePath = C:\Users\Pytho\Projects\SDFrameStatsMod\StellarDrive_0.6.5
[22:50:42.574] Game::DataPath = C:\Users\Pytho\Projects\SDFrameStatsMod\StellarDrive_0.6.5\StellarDrive_Data
[22:50:42.575] Game::ApplicationPath = C:\Users\Pytho\Projects\SDFrameStatsMod\StellarDrive_0.6.5\StellarDrive.exe
[22:50:42.575] Runtime Type: net35
[22:50:42.643] ------------------------------
[22:50:42.643] Game Name: StellarDrive
[22:50:42.643] Game Developer: CuriousOwlGames
[22:50:42.646] Unity Version: 2022.3.11f1
[22:50:42.646] Game Version: UNKNOWN
[22:50:42.646] ------------------------------

[22:50:42.914] Preferences Loaded!

[22:50:42.934] Loading UserLibs...
[22:50:42.957] ------------------------------
[22:50:42.961] Melon Assembly loaded: '.\UserLibs\HidSharp.dll'
[22:50:42.961] SHA256 Hash: '61EB2E22A5620D789A23D389F1AF9D38FAFF4D85F46ADEDBC28FB22CFEC61BF9'
[22:50:42.968] Melon Assembly loaded: '.\UserLibs\LibreHardwareMonitorLib.dll'
[22:50:42.968] SHA256 Hash: '99B39B0B0AC865C38A33DFF7DEE080FF17AAC3337B2332812CA2D7BB13C89460'
[22:50:42.969] Melon Assembly loaded: '.\UserLibs\Microsoft.Win32.Registry.dll'
[22:50:42.969] SHA256 Hash: 'D641EB0065BD5CDB541C5BF0D2FF976720D35D62416AB959727651ABF0ABA2CA'
[22:50:42.970] Melon Assembly loaded: '.\UserLibs\System.Buffers.dll'
[22:50:42.970] SHA256 Hash: 'C65FFF603B283DC966D1A8B730C11D5E5E750E8021BD24640612F6CC3F2C6FB7'
[22:50:42.972] Melon Assembly loaded: '.\UserLibs\System.CodeDom.dll'
[22:50:42.972] SHA256 Hash: 'CF18C822A341A3932FC8C08D7F21BF015F7E3C2696619560C94B63629341376A'
[22:50:42.973] Melon Assembly loaded: '.\UserLibs\System.IO.FileSystem.AccessControl.dll'
[22:50:42.973] SHA256 Hash: 'D2D6CD3FEF822959B68A68A6AF6096963BBE6493D90E16F0AF65FEDE25D85F32'
[22:50:42.974] Melon Assembly loaded: '.\UserLibs\System.IO.Ports.dll'
[22:50:42.974] SHA256 Hash: 'B1ECEF838C8B833BE76D1EF75AD8A0B1FAD805FC951136C9E5256FD3CF15FC1B'
[22:50:42.977] Melon Assembly loaded: '.\UserLibs\System.Management.dll'
[22:50:42.977] SHA256 Hash: '205BF789DD38D8ABC5FDC9CD8653469400ED9D6386B07384609848B9C95D7721'
[22:50:42.978] Melon Assembly loaded: '.\UserLibs\System.Memory.dll'
[22:50:42.979] SHA256 Hash: 'D2E3949FCF3A3B3A20BB9A568A4DA582D9A90D64F34C0BDC07C9029BFE8F1858'
[22:50:42.981] Melon Assembly loaded: '.\UserLibs\System.Numerics.Vectors.dll'
[22:50:42.981] SHA256 Hash: '2324EE5A35674269225E2AA20957CE8830DBCA0CFFB918BD593F7A3222DEE480'
[22:50:42.982] Melon Assembly loaded: '.\UserLibs\System.Runtime.CompilerServices.Unsafe.dll'
[22:50:42.982] SHA256 Hash: 'BFC8F02A96934786CA5A0514A3B657021C12542E215E94B78FDCC74BFEFFE3D3'
[22:50:42.983] Melon Assembly loaded: '.\UserLibs\System.Security.AccessControl.dll'
[22:50:42.984] SHA256 Hash: '93084849C17A21F641C13C9F17545CFE18C1EC097561F3F0EBBBE26F358BA120'
[22:50:42.984] Melon Assembly loaded: '.\UserLibs\System.Security.Principal.Windows.dll'
[22:50:42.985] SHA256 Hash: '7828DFD952A9FD49404477BAFF714849177D9F18C0654ADAFADBDCAFB4B21F47'
[22:50:43.009] Melon Assembly loaded: '.\UserLibs\UniverseLib.Mono.dll'
[22:50:43.009] SHA256 Hash: '3B10913FFEAC9A0744583F0BB18218A5CFAFCBA467A7F9F99FA731E801A5A880'
[22:50:43.010] ------------------------------
[22:50:43.010] 0 UserLibs loaded.

[22:50:43.011] Loading Plugins...
[22:50:43.012] 0 Plugins loaded.


[22:50:43.800] Loading Mods...
[22:50:43.803] ------------------------------
[22:50:43.803] Melon Assembly loaded: '.\Mods\FrameStats.dll'
[22:50:43.804] SHA256 Hash: '32CF260C871328581B3A8748BAD8F5092D544D6F37DB0E20F44D697A45FCD84B'
[22:50:43.819] Melon Assembly loaded: '.\Mods\UnityExplorer.ML.Mono.dll'
[22:50:43.819] SHA256 Hash: '7E6C95C5F0DB2D6B22F506AAD4D268A96250BD64D8E259B7E4073106250F36D2'

[22:50:43.844] ------------------------------
[22:50:43.845] FrameStats v1.0.0
[22:50:43.845] by oneshade
[22:50:43.845] Assembly: FrameStats.dll
[22:50:43.845] ------------------------------
[22:50:43.846] ------------------------------
[22:50:43.846] UnityExplorer v4.9.0
[22:50:43.846] by Sinai
[22:50:43.846] Assembly: UnityExplorer.ML.Mono.dll
[22:50:43.847] ------------------------------
[22:50:43.847] ------------------------------
[22:50:43.847] 2 Mods loaded.

[22:50:43.852] Support Module Loaded: C:\Users\Pytho\Projects\SDFrameStatsMod\StellarDrive_0.6.5\MelonLoader\Dependencies\SupportModules\Mono.dll
[22:50:43.863] [UnityExplorer] UnityExplorer 4.9.0 initializing...
[22:50:43.881] [UnityExplorer] [UniverseLib] UniverseLib 1.5.1 initializing...
[22:50:44.263] [UnityExplorer] [UniverseLib] Finished UniverseLib initial setup.
[22:50:44.267] [UnityExplorer] Initialized UnityCrashPrevention for: Canvas.get_renderingDisplaySize
[22:50:46.545] [FrameStats] scene MainMenu loaded, index 0
[22:50:47.086] [FrameStats] Loading asset bundle ui...
[22:50:47.089] [FrameStats]     Loaded asset FrameStatsPanel
[22:50:47.089] [FrameStats]     Loaded asset FrameStatsSettings
[22:50:49.706] [FrameStats] Hardware: Intel Core i9-14900HX
[22:50:49.709] [FrameStats]     Sensor: CPU Core #1 Thread #1, type: Load, value: 32.16499
[22:50:49.709] [FrameStats]     Sensor: CPU Core #1 Thread #2, type: Load, value: 0
[22:50:49.709] [FrameStats]     Sensor: CPU Core #2 Thread #1, type: Load, value: 16.84251
[22:50:49.709] [FrameStats]     Sensor: CPU Core #2 Thread #2, type: Load, value: 1.894909
[22:50:49.709] [FrameStats]     Sensor: CPU Core #3 Thread #1, type: Load, value: 0.97664
[22:50:49.709] [FrameStats]     Sensor: CPU Core #3 Thread #2, type: Load, value: 1.900464
[22:50:49.709] [FrameStats]     Sensor: CPU Core #4 Thread #1, type: Load, value: 0.3895998
[22:50:49.709] [FrameStats]     Sensor: CPU Core #4 Thread #2, type: Load, value: 1.895887
[22:50:49.709] [FrameStats]     Sensor: CPU Core #5 Thread #1, type: Load, value: 33.29073
[22:50:49.709] [FrameStats]     Sensor: CPU Core #5 Thread #2, type: Load, value: 1.970869
[22:50:49.709] [FrameStats]     Sensor: CPU Core #6 Thread #1, type: Load, value: 41.38665
[22:50:49.710] [FrameStats]     Sensor: CPU Core #6 Thread #2, type: Load, value: 0
[22:50:49.710] [FrameStats]     Sensor: CPU Core #7 Thread #1, type: Load, value: 0
[22:50:49.710] [FrameStats]     Sensor: CPU Core #7 Thread #2, type: Load, value: 1.896036
[22:50:49.710] [FrameStats]     Sensor: CPU Core #8 Thread #1, type: Load, value: 0
[22:50:49.710] [FrameStats]     Sensor: CPU Core #8 Thread #2, type: Load, value: 1.896369
[22:50:49.710] [FrameStats]     Sensor: CPU Core #9, type: Load, value: 0
[22:50:49.710] [FrameStats]     Sensor: CPU Core #10, type: Load, value: 0
[22:50:49.710] [FrameStats]     Sensor: CPU Core #11, type: Load, value: 1.916188
[22:50:49.710] [FrameStats]     Sensor: CPU Core #12, type: Load, value: 0
[22:50:49.710] [FrameStats]     Sensor: CPU Core #13, type: Load, value: 0
[22:50:49.710] [FrameStats]     Sensor: CPU Core #14, type: Load, value: 0
[22:50:49.710] [FrameStats]     Sensor: CPU Core #15, type: Load, value: 0
[22:50:49.710] [FrameStats]     Sensor: CPU Core #16, type: Load, value: 0
[22:50:49.710] [FrameStats]     Sensor: CPU Core #17, type: Load, value: 4.107839
[22:50:49.710] [FrameStats]     Sensor: CPU Core #18, type: Load, value: 0
[22:50:49.710] [FrameStats]     Sensor: CPU Core #19, type: Load, value: 0
[22:50:49.710] [FrameStats]     Sensor: CPU Core #20, type: Load, value: 0
[22:50:49.710] [FrameStats]     Sensor: CPU Core #21, type: Load, value: 0
[22:50:49.710] [FrameStats]     Sensor: CPU Core #22, type: Load, value: 0
[22:50:49.711] [FrameStats]     Sensor: CPU Core #23, type: Load, value: 0
[22:50:49.711] [FrameStats]     Sensor: CPU Core #24, type: Load, value: 0
[22:50:49.711] [FrameStats]     Sensor: CPU Total, type: Load, value: 2.958542
[22:50:49.711] [FrameStats]     Sensor: CPU Core Max, type: Load, value: 41.38665
[22:50:49.711] [FrameStats]     Sensor: Core Max, type: Temperature, value: 
[22:50:49.711] [FrameStats]     Sensor: Core Average, type: Temperature, value: 
[22:50:49.711] [FrameStats]     Sensor: CPU Core #1, type: Temperature, value: 
[22:50:49.711] [FrameStats]     Sensor: CPU Core #2, type: Temperature, value: 
[22:50:49.711] [FrameStats]     Sensor: CPU Core #3, type: Temperature, value: 
[22:50:49.711] [FrameStats]     Sensor: CPU Core #4, type: Temperature, value: 
[22:50:49.711] [FrameStats]     Sensor: CPU Core #5, type: Temperature, value: 
[22:50:49.711] [FrameStats]     Sensor: CPU Core #6, type: Temperature, value: 
[22:50:49.711] [FrameStats]     Sensor: CPU Core #7, type: Temperature, value: 
[22:50:49.711] [FrameStats]     Sensor: CPU Core #8, type: Temperature, value: 
[22:50:49.711] [FrameStats]     Sensor: CPU Core #9, type: Temperature, value: 
[22:50:49.711] [FrameStats]     Sensor: CPU Core #10, type: Temperature, value: 
[22:50:49.712] [FrameStats]     Sensor: CPU Core #11, type: Temperature, value: 
[22:50:49.712] [FrameStats]     Sensor: CPU Core #12, type: Temperature, value: 
[22:50:49.712] [FrameStats]     Sensor: CPU Core #13, type: Temperature, value: 
[22:50:49.712] [FrameStats]     Sensor: CPU Core #14, type: Temperature, value: 
[22:50:49.712] [FrameStats]     Sensor: CPU Core #15, type: Temperature, value: 
[22:50:49.712] [FrameStats]     Sensor: CPU Core #16, type: Temperature, value: 
[22:50:49.712] [FrameStats]     Sensor: CPU Core #17, type: Temperature, value: 
[22:50:49.712] [FrameStats]     Sensor: CPU Core #18, type: Temperature, value: 
[22:50:49.712] [FrameStats]     Sensor: CPU Core #19, type: Temperature, value: 
[22:50:49.712] [FrameStats]     Sensor: CPU Core #20, type: Temperature, value: 
[22:50:49.712] [FrameStats]     Sensor: CPU Core #21, type: Temperature, value: 
[22:50:49.712] [FrameStats]     Sensor: CPU Core #22, type: Temperature, value: 
[22:50:49.712] [FrameStats]     Sensor: CPU Core #23, type: Temperature, value: 
[22:50:49.712] [FrameStats]     Sensor: CPU Core #24, type: Temperature, value: 
[22:50:49.712] [FrameStats]     Sensor: CPU Package, type: Temperature, value: 
[22:50:49.712] [FrameStats]     Sensor: CPU Core #1 Distance to TjMax, type: Temperature, value: 
[22:50:49.712] [FrameStats]     Sensor: CPU Core #2 Distance to TjMax, type: Temperature, value: 
[22:50:49.712] [FrameStats]     Sensor: CPU Core #3 Distance to TjMax, type: Temperature, value: 
[22:50:49.712] [FrameStats]     Sensor: CPU Core #4 Distance to TjMax, type: Temperature, value: 
[22:50:49.712] [FrameStats]     Sensor: CPU Core #5 Distance to TjMax, type: Temperature, value: 
[22:50:49.712] [FrameStats]     Sensor: CPU Core #6 Distance to TjMax, type: Temperature, value: 
[22:50:49.712] [FrameStats]     Sensor: CPU Core #7 Distance to TjMax, type: Temperature, value: 
[22:50:49.712] [FrameStats]     Sensor: CPU Core #8 Distance to TjMax, type: Temperature, value: 
[22:50:49.713] [FrameStats]     Sensor: CPU Core #9 Distance to TjMax, type: Temperature, value: 
[22:50:49.713] [FrameStats]     Sensor: CPU Core #10 Distance to TjMax, type: Temperature, value: 
[22:50:49.713] [FrameStats]     Sensor: CPU Core #11 Distance to TjMax, type: Temperature, value: 
[22:50:49.713] [FrameStats]     Sensor: CPU Core #12 Distance to TjMax, type: Temperature, value: 
[22:50:49.713] [FrameStats]     Sensor: CPU Core #13 Distance to TjMax, type: Temperature, value: 
[22:50:49.713] [FrameStats]     Sensor: CPU Core #14 Distance to TjMax, type: Temperature, value: 
[22:50:49.713] [FrameStats]     Sensor: CPU Core #15 Distance to TjMax, type: Temperature, value: 
[22:50:49.713] [FrameStats]     Sensor: CPU Core #16 Distance to TjMax, type: Temperature, value: 
[22:50:49.713] [FrameStats]     Sensor: CPU Core #17 Distance to TjMax, type: Temperature, value: 
[22:50:49.713] [FrameStats]     Sensor: CPU Core #18 Distance to TjMax, type: Temperature, value: 
[22:50:49.713] [FrameStats]     Sensor: CPU Core #19 Distance to TjMax, type: Temperature, value: 
[22:50:49.713] [FrameStats]     Sensor: CPU Core #20 Distance to TjMax, type: Temperature, value: 
[22:50:49.713] [FrameStats]     Sensor: CPU Core #21 Distance to TjMax, type: Temperature, value: 
[22:50:49.713] [FrameStats]     Sensor: CPU Core #22 Distance to TjMax, type: Temperature, value: 
[22:50:49.713] [FrameStats]     Sensor: CPU Core #23 Distance to TjMax, type: Temperature, value: 
[22:50:49.713] [FrameStats]     Sensor: CPU Core #24 Distance to TjMax, type: Temperature, value: 
[22:50:49.713] [FrameStats]     Sensor: CPU Core #1, type: Clock, value: 
[22:50:49.713] [FrameStats]     Sensor: CPU Core #2, type: Clock, value: 
[22:50:49.713] [FrameStats]     Sensor: CPU Core #3, type: Clock, value: 
[22:50:49.713] [FrameStats]     Sensor: CPU Core #4, type: Clock, value: 
[22:50:49.714] [FrameStats]     Sensor: CPU Core #5, type: Clock, value: 
[22:50:49.714] [FrameStats]     Sensor: CPU Core #6, type: Clock, value: 
[22:50:49.714] [FrameStats]     Sensor: CPU Core #7, type: Clock, value: 
[22:50:49.714] [FrameStats]     Sensor: CPU Core #8, type: Clock, value: 
[22:50:49.714] [FrameStats]     Sensor: CPU Core #9, type: Clock, value: 
[22:50:49.714] [FrameStats]     Sensor: CPU Core #10, type: Clock, value: 
[22:50:49.714] [FrameStats]     Sensor: CPU Core #11, type: Clock, value: 
[22:50:49.714] [FrameStats]     Sensor: CPU Core #12, type: Clock, value: 
[22:50:49.714] [FrameStats]     Sensor: CPU Core #13, type: Clock, value: 
[22:50:49.714] [FrameStats]     Sensor: CPU Core #14, type: Clock, value: 
[22:50:49.714] [FrameStats]     Sensor: CPU Core #15, type: Clock, value: 
[22:50:49.714] [FrameStats]     Sensor: CPU Core #16, type: Clock, value: 
[22:50:49.714] [FrameStats]     Sensor: CPU Core #17, type: Clock, value: 
[22:50:49.714] [FrameStats]     Sensor: CPU Core #18, type: Clock, value: 
[22:50:49.714] [FrameStats]     Sensor: CPU Core #19, type: Clock, value: 
[22:50:49.714] [FrameStats]     Sensor: CPU Core #20, type: Clock, value: 
[22:50:49.714] [FrameStats]     Sensor: CPU Core #21, type: Clock, value: 
[22:50:49.714] [FrameStats]     Sensor: CPU Core #22, type: Clock, value: 
[22:50:49.714] [FrameStats]     Sensor: CPU Core #23, type: Clock, value: 
[22:50:49.714] [FrameStats]     Sensor: CPU Core #24, type: Clock, value: 
[22:50:49.714] [FrameStats] Hardware: Generic Memory
[22:50:49.714] [FrameStats]     Sensor: Memory Used, type: Data, value: 17.90146
[22:50:49.714] [FrameStats]     Sensor: Memory Available, type: Data, value: 13.81326
[22:50:49.714] [FrameStats]     Sensor: Memory, type: Load, value: 56.44528
[22:50:49.714] [FrameStats]     Sensor: Virtual Memory Used, type: Data, value: 36.99142
[22:50:49.715] [FrameStats]     Sensor: Virtual Memory Available, type: Data, value: 8.289864
[22:50:49.715] [FrameStats]     Sensor: Virtual Memory, type: Load, value: 81.69252
[22:50:49.715] [FrameStats] Hardware: NVIDIA GeForce RTX 4070 Laptop GPU
[22:50:49.715] [FrameStats]     Sensor: GPU Core, type: Temperature, value: 49
[22:50:49.715] [FrameStats]     Sensor: GPU Core, type: Clock, value: 210
[22:50:49.715] [FrameStats]     Sensor: GPU Memory, type: Clock, value: 405
[22:50:49.715] [FrameStats]     Sensor: GPU Core, type: Load, value: 0
[22:50:49.715] [FrameStats]     Sensor: GPU Memory Controller, type: Load, value: 0
[22:50:49.715] [FrameStats]     Sensor: GPU Video Engine, type: Load, value: 0
[22:50:49.715] [FrameStats]     Sensor: GPU Bus, type: Load, value: 0
[22:50:49.715] [FrameStats]     Sensor: D3D Dedicated Memory Used, type: SmallData, value: 599.4727
[22:50:49.715] [FrameStats]     Sensor: D3D Shared Memory Used, type: SmallData, value: 168.8359
[22:50:49.715] [FrameStats]     Sensor: D3D 3D, type: Load, value: 0
[22:50:49.715] [FrameStats]     Sensor: D3D Overlay, type: Load, value: 0
[22:50:49.715] [FrameStats]     Sensor: D3D Video Decode, type: Load, value: 11.15776
[22:50:49.715] [FrameStats]     Sensor: D3D Copy, type: Load, value: 0
[22:50:49.715] [FrameStats]     Sensor: D3D Copy, type: Load, value: 0.3040831
[22:50:49.715] [FrameStats]     Sensor: D3D Security, type: Load, value: 0
[22:50:49.715] [FrameStats]     Sensor: D3D Video Encode, type: Load, value: 0
[22:50:49.715] [FrameStats]     Sensor: D3D Video Processing, type: Load, value: 0
[22:50:49.715] [FrameStats]     Sensor: D3D VR, type: Load, value: 0
[22:50:49.716] [FrameStats]     Sensor: GPU Hot Spot, type: Temperature, value: 56.875
[22:50:49.716] [FrameStats]     Sensor: GPU Memory Total, type: SmallData, value: 8188
[22:50:49.716] [FrameStats]     Sensor: GPU Memory Free, type: SmallData, value: 7354
[22:50:49.716] [FrameStats]     Sensor: GPU Memory Used, type: SmallData, value: 833
[22:50:49.716] [FrameStats]     Sensor: GPU Memory, type: Load, value: 10.18077
[22:50:49.716] [FrameStats]     Sensor: GPU Package, type: Power, value: 3.637
[22:50:49.716] [FrameStats]     Sensor: GPU PCIe Rx, type: Throughput, value: 0
[22:50:49.716] [FrameStats]     Sensor: GPU PCIe Tx, type: Throughput, value: 0
[22:50:49.716] [FrameStats] Hardware: Intel(R) UHD Graphics
[22:50:49.716] [FrameStats]     Sensor: D3D Shared Memory Total, type: SmallData, value: 16237.93
[22:50:49.716] [FrameStats]     Sensor: D3D Shared Memory Free, type: SmallData, value: 
[22:50:49.716] [FrameStats]     Sensor: D3D Shared Memory Used, type: SmallData, value: 1317.375
[22:50:49.717] [FrameStats]     Sensor: D3D 3D, type: Load, value: 2.497918
[22:50:49.717] [FrameStats]     Sensor: D3D Video Decode, type: Load, value: 0
[22:50:49.717] [FrameStats]     Sensor: D3D Copy, type: Load, value: 0
[22:50:49.717] [FrameStats]     Sensor: D3D Video Processing, type: Load, value: 0
[22:50:49.717] [FrameStats]     Sensor: D3D Video Decode, type: Load, value: 0
[22:50:49.717] [FrameStats]     Sensor: D3D Other, type: Load, value: 0
[22:50:49.717] [FrameStats]     Sensor: D3D Other, type: Load, value: 0
[22:50:49.717] [FrameStats]     Sensor: D3D Other, type: Load, value: 0
[22:50:49.717] [FrameStats]     Sensor: D3D Other, type: Load, value: 0
[22:50:49.717] [FrameStats]     Sensor: D3D Other, type: Load, value: 0
[22:50:49.717] [FrameStats]     Sensor: D3D GDI Render, type: Load, value: 0
[22:50:49.717] [FrameStats]     Sensor: D3D Other, type: Load, value: 0
[22:50:49.717] [FrameStats]     Sensor: D3D Other, type: Load, value: 0
[22:50:49.717] [FrameStats] Hardware: L23M4PC3 
[22:50:49.717] [FrameStats]     Sensor: Designed Capacity, type: Energy, value: 99900
[22:50:49.717] [FrameStats]     Sensor: Fully-Charged Capacity, type: Energy, value: 94430
[22:50:49.717] [FrameStats]     Sensor: Degradation Level, type: Level, value: 5.475475
[22:50:49.717] [FrameStats]     Sensor: Remaining Capacity, type: Energy, value: 94090
[22:50:49.717] [FrameStats]     Sensor: Charge Level, type: Level, value: 99.63995
[22:50:49.718] [FrameStats]     Sensor: Voltage, type: Voltage, value: 17.449
[22:50:49.718] [FrameStats]     Sensor: Charge/Discharge Current, type: Current, value: 0
[22:50:49.718] [FrameStats]     Sensor: Charge/Discharge Rate, type: Power, value: 0
[22:50:50.798] [UnityExplorer] [UniverseLib] Initialized new InputSystem support.
[22:50:50.855] [UnityExplorer] [UniverseLib] Loaded modern bundle for Unity 2022.3.11f1
[22:50:50.871] [UnityExplorer] [UniverseLib] UniverseLib 1.5.1 initialized.
[22:50:50.872] [UnityExplorer] Creating UI...
[22:50:51.368] [UnityExplorer] UnityExplorer 4.9.0 (Mono) initialized.
