
[19:33:04.630] ------------------------------
[19:33:04.652] MelonLoader v0.7.0 Open-Beta
[19:33:04.653] OS: Windows 11
[19:33:04.653] Hash Code: F2DCA88FB1569FD6750096CED35BBB808C50BA273E0D295347A24385B0B764CA
[19:33:04.653] ------------------------------
[19:33:04.654] Game Type: MonoBleedingEdge
[19:33:04.654] Game Arch: x64
[19:33:04.654] ------------------------------
[19:33:04.654] Command-Line: 
[19:33:04.655] ------------------------------
[19:33:04.655] Core::BasePath = C:\Users\Pytho\Projects\SDFrameStatsMod\StellarDrive_0.6.5
[19:33:04.655] Game::BasePath = C:\Users\Pytho\Projects\SDFrameStatsMod\StellarDrive_0.6.5
[19:33:04.664] Game::DataPath = C:\Users\Pytho\Projects\SDFrameStatsMod\StellarDrive_0.6.5\StellarDrive_Data
[19:33:04.664] Game::ApplicationPath = C:\Users\Pytho\Projects\SDFrameStatsMod\StellarDrive_0.6.5\StellarDrive.exe
[19:33:04.664] Runtime Type: net35
[19:33:04.734] ------------------------------
[19:33:04.734] Game Name: StellarDrive
[19:33:04.734] Game Developer: CuriousOwlGames
[19:33:04.736] Unity Version: 2022.3.11f1
[19:33:04.736] Game Version: UNKNOWN
[19:33:04.736] ------------------------------

[19:33:04.986] Preferences Loaded!

[19:33:05.005] Loading UserLibs...
[19:33:05.115] ------------------------------
[19:33:05.119] Melon Assembly loaded: '.\UserLibs\HidSharp.dll'
[19:33:05.119] SHA256 Hash: '61EB2E22A5620D789A23D389F1AF9D38FAFF4D85F46ADEDBC28FB22CFEC61BF9'
[19:33:05.126] Melon Assembly loaded: '.\UserLibs\LibreHardwareMonitorLib.dll'
[19:33:05.126] SHA256 Hash: '99B39B0B0AC865C38A33DFF7DEE080FF17AAC3337B2332812CA2D7BB13C89460'
[19:33:05.127] Melon Assembly loaded: '.\UserLibs\Microsoft.Win32.Registry.dll'
[19:33:05.127] SHA256 Hash: 'D641EB0065BD5CDB541C5BF0D2FF976720D35D62416AB959727651ABF0ABA2CA'
[19:33:05.128] Melon Assembly loaded: '.\UserLibs\System.Buffers.dll'
[19:33:05.128] SHA256 Hash: 'C65FFF603B283DC966D1A8B730C11D5E5E750E8021BD24640612F6CC3F2C6FB7'
[19:33:05.130] Melon Assembly loaded: '.\UserLibs\System.CodeDom.dll'
[19:33:05.130] SHA256 Hash: 'CF18C822A341A3932FC8C08D7F21BF015F7E3C2696619560C94B63629341376A'
[19:33:05.131] Melon Assembly loaded: '.\UserLibs\System.IO.FileSystem.AccessControl.dll'
[19:33:05.131] SHA256 Hash: 'D2D6CD3FEF822959B68A68A6AF6096963BBE6493D90E16F0AF65FEDE25D85F32'
[19:33:05.132] Melon Assembly loaded: '.\UserLibs\System.IO.Ports.dll'
[19:33:05.133] SHA256 Hash: 'B1ECEF838C8B833BE76D1EF75AD8A0B1FAD805FC951136C9E5256FD3CF15FC1B'
[19:33:05.135] Melon Assembly loaded: '.\UserLibs\System.Management.dll'
[19:33:05.136] SHA256 Hash: '205BF789DD38D8ABC5FDC9CD8653469400ED9D6386B07384609848B9C95D7721'
[19:33:05.138] Melon Assembly loaded: '.\UserLibs\System.Memory.dll'
[19:33:05.138] SHA256 Hash: 'D2E3949FCF3A3B3A20BB9A568A4DA582D9A90D64F34C0BDC07C9029BFE8F1858'
[19:33:05.141] Melon Assembly loaded: '.\UserLibs\System.Numerics.Vectors.dll'
[19:33:05.141] SHA256 Hash: '2324EE5A35674269225E2AA20957CE8830DBCA0CFFB918BD593F7A3222DEE480'
[19:33:05.142] Melon Assembly loaded: '.\UserLibs\System.Runtime.CompilerServices.Unsafe.dll'
[19:33:05.142] SHA256 Hash: 'BFC8F02A96934786CA5A0514A3B657021C12542E215E94B78FDCC74BFEFFE3D3'
[19:33:05.143] Melon Assembly loaded: '.\UserLibs\System.Security.AccessControl.dll'
[19:33:05.143] SHA256 Hash: '93084849C17A21F641C13C9F17545CFE18C1EC097561F3F0EBBBE26F358BA120'
[19:33:05.144] Melon Assembly loaded: '.\UserLibs\System.Security.Principal.Windows.dll'
[19:33:05.144] SHA256 Hash: '7828DFD952A9FD49404477BAFF714849177D9F18C0654ADAFADBDCAFB4B21F47'
[19:33:05.167] Melon Assembly loaded: '.\UserLibs\UniverseLib.Mono.dll'
[19:33:05.167] SHA256 Hash: '3B10913FFEAC9A0744583F0BB18218A5CFAFCBA467A7F9F99FA731E801A5A880'
[19:33:05.168] ------------------------------
[19:33:05.168] 0 UserLibs loaded.

[19:33:05.168] Loading Plugins...
[19:33:05.170] 0 Plugins loaded.


[19:33:05.952] Loading Mods...
[19:33:05.978] ------------------------------
[19:33:05.979] Melon Assembly loaded: '.\Mods\FrameStats.dll'
[19:33:05.979] SHA256 Hash: '5D2AD5BE732BC0A77E1FA05C07966F0844C7928D34ABAAF0304EDE24BBF2629A'
[19:33:05.994] Melon Assembly loaded: '.\Mods\UnityExplorer.ML.Mono.dll'
[19:33:05.994] SHA256 Hash: '7E6C95C5F0DB2D6B22F506AAD4D268A96250BD64D8E259B7E4073106250F36D2'

[19:33:06.022] ------------------------------
[19:33:06.023] FrameStats v1.0.0
[19:33:06.023] by oneshade
[19:33:06.023] Assembly: FrameStats.dll
[19:33:06.024] ------------------------------
[19:33:06.025] ------------------------------
[19:33:06.025] UnityExplorer v4.9.0
[19:33:06.026] by Sinai
[19:33:06.026] Assembly: UnityExplorer.ML.Mono.dll
[19:33:06.026] ------------------------------
[19:33:06.026] ------------------------------
[19:33:06.026] 2 Mods loaded.

[19:33:06.031] Support Module Loaded: C:\Users\Pytho\Projects\SDFrameStatsMod\StellarDrive_0.6.5\MelonLoader\Dependencies\SupportModules\Mono.dll
[19:33:06.042] [UnityExplorer] UnityExplorer 4.9.0 initializing...
[19:33:06.061] [UnityExplorer] [UniverseLib] UniverseLib 1.5.1 initializing...
[19:33:06.442] [UnityExplorer] [UniverseLib] Finished UniverseLib initial setup.
[19:33:06.447] [UnityExplorer] Initialized UnityCrashPrevention for: Canvas.get_renderingDisplaySize
[19:33:08.721] [FrameStats] scene MainMenu loaded, index 0
[19:33:09.258] [FrameStats] Loading asset bundle ui...
[19:33:09.262] [FrameStats]     Loaded asset FrameStatsPanel
[19:33:09.264] [FrameStats] System.NullReferenceException: Object reference not set to an instance of an object
  at FrameStats.AssetLoader..ctor (MelonLoader.MelonLogger+Instance logger, System.String assetBundlesRoot) [0x000c7] in <8902ca24dde947b5af9b2e1575a32481>:0 
  at FrameStats.Core.OnLateInitializeMelon () [0x00007] in <8902ca24dde947b5af9b2e1575a32481>:0 
  at MelonLoader.MelonEvent+<>c.<Invoke>b__1_0 (MelonLoader.LemonAction x) [0x00000] in D:\a\MelonLoader\MelonLoader\MelonLoader\Melons\Events\MelonEvent.cs:174 
  at MelonLoader.MelonEventBase`1[T].Invoke (System.Action`1[T] delegateInvoker) [0x00018] in D:\a\MelonLoader\MelonLoader\MelonLoader\Melons\Events\MelonEvent.cs:143 
[19:33:10.348] [UnityExplorer] [UniverseLib] Initialized new InputSystem support.
[19:33:10.402] [UnityExplorer] [UniverseLib] Loaded modern bundle for Unity 2022.3.11f1
[19:33:10.418] [UnityExplorer] [UniverseLib] UniverseLib 1.5.1 initialized.
[19:33:10.419] [UnityExplorer] Creating UI...
[19:33:10.914] [UnityExplorer] UnityExplorer 4.9.0 (Mono) initialized.
