
[21:11:38.118] ------------------------------
[21:11:38.141] MelonLoader v0.7.0 Open-Beta
[21:11:38.142] OS: Windows 11
[21:11:38.142] Hash Code: F2DCA88FB1569FD6750096CED35BBB808C50BA273E0D295347A24385B0B764CA
[21:11:38.143] ------------------------------
[21:11:38.144] Game Type: MonoBleedingEdge
[21:11:38.144] Game Arch: x64
[21:11:38.144] ------------------------------
[21:11:38.144] Command-Line: 
[21:11:38.145] ------------------------------
[21:11:38.145] Core::BasePath = C:\Users\Pytho\Projects\SDFrameStatsMod\StellarDrive_0.6.5
[21:11:38.145] Game::BasePath = C:\Users\Pytho\Projects\SDFrameStatsMod\StellarDrive_0.6.5
[21:11:38.145] Game::DataPath = C:\Users\Pytho\Projects\SDFrameStatsMod\StellarDrive_0.6.5\StellarDrive_Data
[21:11:38.145] Game::ApplicationPath = C:\Users\Pytho\Projects\SDFrameStatsMod\StellarDrive_0.6.5\StellarDrive.exe
[21:11:38.145] Runtime Type: net35
[21:11:38.212] ------------------------------
[21:11:38.212] Game Name: StellarDrive
[21:11:38.213] Game Developer: CuriousOwlGames
[21:11:38.214] Unity Version: 2022.3.11f1
[21:11:38.215] Game Version: UNKNOWN
[21:11:38.215] ------------------------------

[21:11:38.462] Preferences Loaded!

[21:11:38.481] Loading UserLibs...
[21:11:38.499] ------------------------------
[21:11:38.503] Melon Assembly loaded: '.\UserLibs\HidSharp.dll'
[21:11:38.503] SHA256 Hash: '61EB2E22A5620D789A23D389F1AF9D38FAFF4D85F46ADEDBC28FB22CFEC61BF9'
[21:11:38.510] Melon Assembly loaded: '.\UserLibs\LibreHardwareMonitorLib.dll'
[21:11:38.510] SHA256 Hash: '99B39B0B0AC865C38A33DFF7DEE080FF17AAC3337B2332812CA2D7BB13C89460'
[21:11:38.511] Melon Assembly loaded: '.\UserLibs\Microsoft.Win32.Registry.dll'
[21:11:38.511] SHA256 Hash: 'D641EB0065BD5CDB541C5BF0D2FF976720D35D62416AB959727651ABF0ABA2CA'
[21:11:38.512] Melon Assembly loaded: '.\UserLibs\System.Buffers.dll'
[21:11:38.512] SHA256 Hash: 'C65FFF603B283DC966D1A8B730C11D5E5E750E8021BD24640612F6CC3F2C6FB7'
[21:11:38.514] Melon Assembly loaded: '.\UserLibs\System.CodeDom.dll'
[21:11:38.514] SHA256 Hash: 'CF18C822A341A3932FC8C08D7F21BF015F7E3C2696619560C94B63629341376A'
[21:11:38.515] Melon Assembly loaded: '.\UserLibs\System.IO.FileSystem.AccessControl.dll'
[21:11:38.516] SHA256 Hash: 'D2D6CD3FEF822959B68A68A6AF6096963BBE6493D90E16F0AF65FEDE25D85F32'
[21:11:38.517] Melon Assembly loaded: '.\UserLibs\System.IO.Ports.dll'
[21:11:38.517] SHA256 Hash: 'B1ECEF838C8B833BE76D1EF75AD8A0B1FAD805FC951136C9E5256FD3CF15FC1B'
[21:11:38.519] Melon Assembly loaded: '.\UserLibs\System.Management.dll'
[21:11:38.519] SHA256 Hash: '205BF789DD38D8ABC5FDC9CD8653469400ED9D6386B07384609848B9C95D7721'
[21:11:38.521] Melon Assembly loaded: '.\UserLibs\System.Memory.dll'
[21:11:38.521] SHA256 Hash: 'D2E3949FCF3A3B3A20BB9A568A4DA582D9A90D64F34C0BDC07C9029BFE8F1858'
[21:11:38.523] Melon Assembly loaded: '.\UserLibs\System.Numerics.Vectors.dll'
[21:11:38.524] SHA256 Hash: '2324EE5A35674269225E2AA20957CE8830DBCA0CFFB918BD593F7A3222DEE480'
[21:11:38.524] Melon Assembly loaded: '.\UserLibs\System.Runtime.CompilerServices.Unsafe.dll'
[21:11:38.526] SHA256 Hash: 'BFC8F02A96934786CA5A0514A3B657021C12542E215E94B78FDCC74BFEFFE3D3'
[21:11:38.527] Melon Assembly loaded: '.\UserLibs\System.Security.AccessControl.dll'
[21:11:38.527] SHA256 Hash: '93084849C17A21F641C13C9F17545CFE18C1EC097561F3F0EBBBE26F358BA120'
[21:11:38.528] Melon Assembly loaded: '.\UserLibs\System.Security.Principal.Windows.dll'
[21:11:38.528] SHA256 Hash: '7828DFD952A9FD49404477BAFF714849177D9F18C0654ADAFADBDCAFB4B21F47'
[21:11:38.551] Melon Assembly loaded: '.\UserLibs\UniverseLib.Mono.dll'
[21:11:38.551] SHA256 Hash: '3B10913FFEAC9A0744583F0BB18218A5CFAFCBA467A7F9F99FA731E801A5A880'
[21:11:38.551] ------------------------------
[21:11:38.551] 0 UserLibs loaded.

[21:11:38.552] Loading Plugins...
[21:11:38.553] 0 Plugins loaded.


[21:11:39.281] Loading Mods...
[21:11:39.283] ------------------------------
[21:11:39.284] Melon Assembly loaded: '.\Mods\FrameStats.dll'
[21:11:39.284] SHA256 Hash: '601E73AA34A5384BC3E4F823068E1DEA82BC90B73904CB1EB68E57134BE12D2F'
[21:11:39.300] Melon Assembly loaded: '.\Mods\UnityExplorer.ML.Mono.dll'
[21:11:39.300] SHA256 Hash: '7E6C95C5F0DB2D6B22F506AAD4D268A96250BD64D8E259B7E4073106250F36D2'

[21:11:39.326] ------------------------------
[21:11:39.327] FrameStats v1.0.0
[21:11:39.327] by oneshade
[21:11:39.328] Assembly: FrameStats.dll
[21:11:39.328] ------------------------------
[21:11:39.329] ------------------------------
[21:11:39.329] UnityExplorer v4.9.0
[21:11:39.329] by Sinai
[21:11:39.329] Assembly: UnityExplorer.ML.Mono.dll
[21:11:39.330] ------------------------------
[21:11:39.330] ------------------------------
[21:11:39.330] 2 Mods loaded.

[21:11:39.335] Support Module Loaded: C:\Users\Pytho\Projects\SDFrameStatsMod\StellarDrive_0.6.5\MelonLoader\Dependencies\SupportModules\Mono.dll
[21:11:39.347] [UnityExplorer] UnityExplorer 4.9.0 initializing...
[21:11:39.365] [UnityExplorer] [UniverseLib] UniverseLib 1.5.1 initializing...
[21:11:39.742] [UnityExplorer] [UniverseLib] Finished UniverseLib initial setup.
[21:11:39.748] [UnityExplorer] Initialized UnityCrashPrevention for: Canvas.get_renderingDisplaySize
[21:11:42.027] [FrameStats] scene MainMenu loaded, index 0
[21:11:42.567] [FrameStats] Loading asset bundle ui...
[21:11:42.571] [FrameStats]     Loaded asset FrameStatsPanel
[21:11:42.571] [FrameStats]     Loaded asset FrameStatsSettings
[21:11:44.855] [FrameStats] Hardware: Intel Core i9-14900HX
[21:11:44.856] [FrameStats]     Sensor: CPU Core #1 Thread #1, value: 36.76839
[21:11:44.857] [FrameStats]     Sensor: CPU Core #1 Thread #2, value: 0
[21:11:44.857] [FrameStats]     Sensor: CPU Core #2 Thread #1, value: 13.30048
[21:11:44.857] [FrameStats]     Sensor: CPU Core #2 Thread #2, value: 0
[21:11:44.857] [FrameStats]     Sensor: CPU Core #3 Thread #1, value: 7.660407
[21:11:44.857] [FrameStats]     Sensor: CPU Core #3 Thread #2, value: 0
[21:11:44.857] [FrameStats]     Sensor: CPU Core #4 Thread #1, value: 22.66831
[21:11:44.857] [FrameStats]     Sensor: CPU Core #4 Thread #2, value: 0
[21:11:44.857] [FrameStats]     Sensor: CPU Core #5 Thread #1, value: 50.04315
[21:11:44.857] [FrameStats]     Sensor: CPU Core #5 Thread #2, value: 0
[21:11:44.857] [FrameStats]     Sensor: CPU Core #6 Thread #1, value: 23.70272
[21:11:44.857] [FrameStats]     Sensor: CPU Core #6 Thread #2, value: 0
[21:11:44.858] [FrameStats]     Sensor: CPU Core #7 Thread #1, value: 9.414202
[21:11:44.858] [FrameStats]     Sensor: CPU Core #7 Thread #2, value: 0
[21:11:44.858] [FrameStats]     Sensor: CPU Core #8 Thread #1, value: 25.25504
[21:11:44.858] [FrameStats]     Sensor: CPU Core #8 Thread #2, value: 0
[21:11:44.858] [FrameStats]     Sensor: CPU Core #9, value: 29.65285
[21:11:44.858] [FrameStats]     Sensor: CPU Core #10, value: 0
[21:11:44.858] [FrameStats]     Sensor: CPU Core #11, value: 0
[21:11:44.858] [FrameStats]     Sensor: CPU Core #12, value: 0
[21:11:44.858] [FrameStats]     Sensor: CPU Core #13, value: 0
[21:11:44.858] [FrameStats]     Sensor: CPU Core #14, value: 0
[21:11:44.858] [FrameStats]     Sensor: CPU Core #15, value: 44.51618
[21:11:44.858] [FrameStats]     Sensor: CPU Core #16, value: 18.76442
[21:11:44.858] [FrameStats]     Sensor: CPU Core #17, value: 72.63866
[21:11:44.858] [FrameStats]     Sensor: CPU Core #18, value: 0.4140258
[21:11:44.859] [FrameStats]     Sensor: CPU Core #19, value: 0
[21:11:44.859] [FrameStats]     Sensor: CPU Core #20, value: 0
[21:11:44.859] [FrameStats]     Sensor: CPU Core #21, value: 9.51296
[21:11:44.859] [FrameStats]     Sensor: CPU Core #22, value: 0
[21:11:44.859] [FrameStats]     Sensor: CPU Core #23, value: 0
[21:11:44.859] [FrameStats]     Sensor: CPU Core #24, value: 0.04240274
[21:11:44.859] [FrameStats]     Sensor: CPU Total, value: 11.21666
[21:11:44.859] [FrameStats]     Sensor: CPU Core Max, value: 72.63866
[21:11:44.859] [FrameStats]     Sensor: Core Max, value: 
[21:11:44.859] [FrameStats]     Sensor: Core Average, value: 
[21:11:44.860] [FrameStats]     Sensor: CPU Core #1, value: 
[21:11:44.860] [FrameStats]     Sensor: CPU Core #2, value: 
[21:11:44.860] [FrameStats]     Sensor: CPU Core #3, value: 
[21:11:44.860] [FrameStats]     Sensor: CPU Core #4, value: 
[21:11:44.860] [FrameStats]     Sensor: CPU Core #5, value: 
[21:11:44.860] [FrameStats]     Sensor: CPU Core #6, value: 
[21:11:44.860] [FrameStats]     Sensor: CPU Core #7, value: 
[21:11:44.860] [FrameStats]     Sensor: CPU Core #8, value: 
[21:11:44.860] [FrameStats]     Sensor: CPU Core #9, value: 
[21:11:44.860] [FrameStats]     Sensor: CPU Core #10, value: 
[21:11:44.860] [FrameStats]     Sensor: CPU Core #11, value: 
[21:11:44.860] [FrameStats]     Sensor: CPU Core #12, value: 
[21:11:44.860] [FrameStats]     Sensor: CPU Core #13, value: 
[21:11:44.860] [FrameStats]     Sensor: CPU Core #14, value: 
[21:11:44.860] [FrameStats]     Sensor: CPU Core #15, value: 
[21:11:44.860] [FrameStats]     Sensor: CPU Core #16, value: 
[21:11:44.860] [FrameStats]     Sensor: CPU Core #17, value: 
[21:11:44.861] [FrameStats]     Sensor: CPU Core #18, value: 
[21:11:44.861] [FrameStats]     Sensor: CPU Core #19, value: 
[21:11:44.861] [FrameStats]     Sensor: CPU Core #20, value: 
[21:11:44.861] [FrameStats]     Sensor: CPU Core #21, value: 
[21:11:44.861] [FrameStats]     Sensor: CPU Core #22, value: 
[21:11:44.861] [FrameStats]     Sensor: CPU Core #23, value: 
[21:11:44.861] [FrameStats]     Sensor: CPU Core #24, value: 
[21:11:44.861] [FrameStats]     Sensor: CPU Package, value: 
[21:11:44.861] [FrameStats]     Sensor: CPU Core #1 Distance to TjMax, value: 
[21:11:44.861] [FrameStats]     Sensor: CPU Core #2 Distance to TjMax, value: 
[21:11:44.861] [FrameStats]     Sensor: CPU Core #3 Distance to TjMax, value: 
[21:11:44.861] [FrameStats]     Sensor: CPU Core #4 Distance to TjMax, value: 
[21:11:44.861] [FrameStats]     Sensor: CPU Core #5 Distance to TjMax, value: 
[21:11:44.861] [FrameStats]     Sensor: CPU Core #6 Distance to TjMax, value: 
[21:11:44.861] [FrameStats]     Sensor: CPU Core #7 Distance to TjMax, value: 
[21:11:44.861] [FrameStats]     Sensor: CPU Core #8 Distance to TjMax, value: 
[21:11:44.861] [FrameStats]     Sensor: CPU Core #9 Distance to TjMax, value: 
[21:11:44.861] [FrameStats]     Sensor: CPU Core #10 Distance to TjMax, value: 
[21:11:44.862] [FrameStats]     Sensor: CPU Core #11 Distance to TjMax, value: 
[21:11:44.862] [FrameStats]     Sensor: CPU Core #12 Distance to TjMax, value: 
[21:11:44.862] [FrameStats]     Sensor: CPU Core #13 Distance to TjMax, value: 
[21:11:44.862] [FrameStats]     Sensor: CPU Core #14 Distance to TjMax, value: 
[21:11:44.862] [FrameStats]     Sensor: CPU Core #15 Distance to TjMax, value: 
[21:11:44.862] [FrameStats]     Sensor: CPU Core #16 Distance to TjMax, value: 
[21:11:44.862] [FrameStats]     Sensor: CPU Core #17 Distance to TjMax, value: 
[21:11:44.862] [FrameStats]     Sensor: CPU Core #18 Distance to TjMax, value: 
[21:11:44.862] [FrameStats]     Sensor: CPU Core #19 Distance to TjMax, value: 
[21:11:44.862] [FrameStats]     Sensor: CPU Core #20 Distance to TjMax, value: 
[21:11:44.862] [FrameStats]     Sensor: CPU Core #21 Distance to TjMax, value: 
[21:11:44.862] [FrameStats]     Sensor: CPU Core #22 Distance to TjMax, value: 
[21:11:44.862] [FrameStats]     Sensor: CPU Core #23 Distance to TjMax, value: 
[21:11:44.862] [FrameStats]     Sensor: CPU Core #24 Distance to TjMax, value: 
[21:11:44.862] [FrameStats]     Sensor: CPU Core #1, value: 
[21:11:44.862] [FrameStats]     Sensor: CPU Core #2, value: 
[21:11:44.863] [FrameStats]     Sensor: CPU Core #3, value: 
[21:11:44.863] [FrameStats]     Sensor: CPU Core #4, value: 
[21:11:44.863] [FrameStats]     Sensor: CPU Core #5, value: 
[21:11:44.863] [FrameStats]     Sensor: CPU Core #6, value: 
[21:11:44.863] [FrameStats]     Sensor: CPU Core #7, value: 
[21:11:44.863] [FrameStats]     Sensor: CPU Core #8, value: 
[21:11:44.863] [FrameStats]     Sensor: CPU Core #9, value: 
[21:11:44.864] [FrameStats]     Sensor: CPU Core #10, value: 
[21:11:44.864] [FrameStats]     Sensor: CPU Core #11, value: 
[21:11:44.864] [FrameStats]     Sensor: CPU Core #12, value: 
[21:11:44.864] [FrameStats]     Sensor: CPU Core #13, value: 
[21:11:44.864] [FrameStats]     Sensor: CPU Core #14, value: 
[21:11:44.864] [FrameStats]     Sensor: CPU Core #15, value: 
[21:11:44.864] [FrameStats]     Sensor: CPU Core #16, value: 
[21:11:44.864] [FrameStats]     Sensor: CPU Core #17, value: 
[21:11:44.864] [FrameStats]     Sensor: CPU Core #18, value: 
[21:11:44.864] [FrameStats]     Sensor: CPU Core #19, value: 
[21:11:44.864] [FrameStats]     Sensor: CPU Core #20, value: 
[21:11:44.864] [FrameStats]     Sensor: CPU Core #21, value: 
[21:11:44.864] [FrameStats]     Sensor: CPU Core #22, value: 
[21:11:44.864] [FrameStats]     Sensor: CPU Core #23, value: 
[21:11:44.864] [FrameStats]     Sensor: CPU Core #24, value: 
[21:11:44.865] [FrameStats] Hardware: Generic Memory
[21:11:44.865] [FrameStats]     Sensor: Memory Used, value: 22.01078
[21:11:44.865] [FrameStats]     Sensor: Memory Available, value: 9.703938
[21:11:44.865] [FrameStats]     Sensor: Memory, value: 69.40241
[21:11:44.865] [FrameStats]     Sensor: Virtual Memory Used, value: 42.28366
[21:11:44.865] [FrameStats]     Sensor: Virtual Memory Available, value: 3.894745
[21:11:44.865] [FrameStats]     Sensor: Virtual Memory, value: 91.56587
[21:11:44.865] [FrameStats] Hardware: NVIDIA GeForce RTX 4070 Laptop GPU
[21:11:44.865] [FrameStats]     Sensor: GPU Core, value: 61
[21:11:44.865] [FrameStats]     Sensor: GPU Core, value: 555
[21:11:44.865] [FrameStats]     Sensor: GPU Memory, value: 810
[21:11:44.865] [FrameStats]     Sensor: GPU Core, value: 0
[21:11:44.865] [FrameStats]     Sensor: GPU Memory Controller, value: 0
[21:11:44.865] [FrameStats]     Sensor: GPU Video Engine, value: 0
[21:11:44.865] [FrameStats]     Sensor: GPU Bus, value: 0
[21:11:44.865] [FrameStats]     Sensor: D3D Dedicated Memory Used, value: 801.2148
[21:11:44.865] [FrameStats]     Sensor: D3D Shared Memory Used, value: 230.9883
[21:11:44.865] [FrameStats]     Sensor: D3D 3D, value: 0
[21:11:44.865] [FrameStats]     Sensor: D3D Overlay, value: 0
[21:11:44.866] [FrameStats]     Sensor: D3D Video Decode, value: 0
[21:11:44.866] [FrameStats]     Sensor: D3D Copy, value: 0
[21:11:44.866] [FrameStats]     Sensor: D3D Copy, value: 0
[21:11:44.866] [FrameStats]     Sensor: D3D Security, value: 0
[21:11:44.866] [FrameStats]     Sensor: D3D Video Encode, value: 0
[21:11:44.866] [FrameStats]     Sensor: D3D Video Processing, value: 0
[21:11:44.866] [FrameStats]     Sensor: D3D VR, value: 0
[21:11:44.866] [FrameStats]     Sensor: GPU Hot Spot, value: 69.28125
[21:11:44.866] [FrameStats]     Sensor: GPU Memory Total, value: 8188
[21:11:44.866] [FrameStats]     Sensor: GPU Memory Free, value: 7153
[21:11:44.866] [FrameStats]     Sensor: GPU Memory Used, value: 1034
[21:11:44.866] [FrameStats]     Sensor: GPU Memory, value: 12.63993
[21:11:44.866] [FrameStats]     Sensor: GPU Package, value: 6.91
[21:11:44.866] [FrameStats]     Sensor: GPU PCIe Rx, value: 0
[21:11:44.866] [FrameStats]     Sensor: GPU PCIe Tx, value: 0
[21:11:44.866] [FrameStats] Hardware: Intel(R) UHD Graphics
[21:11:44.866] [FrameStats]     Sensor: D3D Shared Memory Total, value: 16237.93
[21:11:44.866] [FrameStats]     Sensor: D3D Shared Memory Free, value: 
[21:11:44.867] [FrameStats]     Sensor: D3D Shared Memory Used, value: 1844.77
[21:11:44.867] [FrameStats]     Sensor: D3D 3D, value: 0
[21:11:44.867] [FrameStats]     Sensor: D3D Video Decode, value: 0
[21:11:44.867] [FrameStats]     Sensor: D3D Copy, value: 0
[21:11:44.867] [FrameStats]     Sensor: D3D Video Processing, value: 0
[21:11:44.867] [FrameStats]     Sensor: D3D Video Decode, value: 0
[21:11:44.867] [FrameStats]     Sensor: D3D Other, value: 0
[21:11:44.867] [FrameStats]     Sensor: D3D Other, value: 0
[21:11:44.867] [FrameStats]     Sensor: D3D Other, value: 0
[21:11:44.867] [FrameStats]     Sensor: D3D Other, value: 0
[21:11:44.867] [FrameStats]     Sensor: D3D Other, value: 0
[21:11:44.867] [FrameStats]     Sensor: D3D GDI Render, value: 0
[21:11:44.867] [FrameStats]     Sensor: D3D Other, value: 0
[21:11:44.867] [FrameStats]     Sensor: D3D Other, value: 0
[21:11:44.867] [FrameStats] Hardware: L23M4PC3 
[21:11:44.867] [FrameStats]     Sensor: Designed Capacity, value: 99900
[21:11:44.867] [FrameStats]     Sensor: Fully-Charged Capacity, value: 94430
[21:11:44.868] [FrameStats]     Sensor: Degradation Level, value: 5.475475
[21:11:44.868] [FrameStats]     Sensor: Remaining Capacity, value: 94090
[21:11:44.868] [FrameStats]     Sensor: Charge Level, value: 99.63995
[21:11:44.868] [FrameStats]     Sensor: Voltage, value: 17.45
[21:11:44.868] [FrameStats]     Sensor: Charge/Discharge Current, value: 0
[21:11:44.868] [FrameStats]     Sensor: Charge/Discharge Rate, value: 0
[21:11:45.954] [UnityExplorer] [UniverseLib] Initialized new InputSystem support.
[21:11:46.010] [UnityExplorer] [UniverseLib] Loaded modern bundle for Unity 2022.3.11f1
[21:11:46.028] [UnityExplorer] [UniverseLib] UniverseLib 1.5.1 initialized.
[21:11:46.029] [UnityExplorer] Creating UI...
[21:11:46.520] [UnityExplorer] UnityExplorer 4.9.0 (Mono) initialized.
[21:11:46.914] [FrameStats] have options menu
[21:11:46.915] [FrameStats] localScale: (1.00, 1.00, 1.00)
[21:11:46.915] [FrameStats] added stats setting option
