
[22:40:45.729] ------------------------------
[22:40:45.751] MelonLoader v0.7.0 Open-Beta
[22:40:45.752] OS: Windows 11
[22:40:45.752] Hash Code: F2DCA88FB1569FD6750096CED35BBB808C50BA273E0D295347A24385B0B764CA
[22:40:45.752] ------------------------------
[22:40:45.753] Game Type: MonoBleedingEdge
[22:40:45.753] Game Arch: x64
[22:40:45.753] ------------------------------
[22:40:45.753] Command-Line: 
[22:40:45.754] ------------------------------
[22:40:45.754] Core::BasePath = C:\Users\Pytho\Projects\SDFrameStatsMod\StellarDrive_0.6.5
[22:40:45.754] Game::BasePath = C:\Users\Pytho\Projects\SDFrameStatsMod\StellarDrive_0.6.5
[22:40:45.754] Game::DataPath = C:\Users\Pytho\Projects\SDFrameStatsMod\StellarDrive_0.6.5\StellarDrive_Data
[22:40:45.754] Game::ApplicationPath = C:\Users\Pytho\Projects\SDFrameStatsMod\StellarDrive_0.6.5\StellarDrive.exe
[22:40:45.754] Runtime Type: net35
[22:40:45.823] ------------------------------
[22:40:45.823] Game Name: StellarDrive
[22:40:45.824] Game Developer: CuriousOwlGames
[22:40:45.826] Unity Version: 2022.3.11f1
[22:40:45.826] Game Version: UNKNOWN
[22:40:45.826] ------------------------------

[22:40:46.074] Preferences Loaded!

[22:40:46.094] Loading UserLibs...
[22:40:46.218] ------------------------------
[22:40:46.221] Melon Assembly loaded: '.\UserLibs\HidSharp.dll'
[22:40:46.222] SHA256 Hash: '61EB2E22A5620D789A23D389F1AF9D38FAFF4D85F46ADEDBC28FB22CFEC61BF9'
[22:40:46.228] Melon Assembly loaded: '.\UserLibs\LibreHardwareMonitorLib.dll'
[22:40:46.229] SHA256 Hash: '99B39B0B0AC865C38A33DFF7DEE080FF17AAC3337B2332812CA2D7BB13C89460'
[22:40:46.230] Melon Assembly loaded: '.\UserLibs\Microsoft.Win32.Registry.dll'
[22:40:46.230] SHA256 Hash: 'D641EB0065BD5CDB541C5BF0D2FF976720D35D62416AB959727651ABF0ABA2CA'
[22:40:46.230] Melon Assembly loaded: '.\UserLibs\System.Buffers.dll'
[22:40:46.231] SHA256 Hash: 'C65FFF603B283DC966D1A8B730C11D5E5E750E8021BD24640612F6CC3F2C6FB7'
[22:40:46.232] Melon Assembly loaded: '.\UserLibs\System.CodeDom.dll'
[22:40:46.233] SHA256 Hash: 'CF18C822A341A3932FC8C08D7F21BF015F7E3C2696619560C94B63629341376A'
[22:40:46.234] Melon Assembly loaded: '.\UserLibs\System.IO.FileSystem.AccessControl.dll'
[22:40:46.234] SHA256 Hash: 'D2D6CD3FEF822959B68A68A6AF6096963BBE6493D90E16F0AF65FEDE25D85F32'
[22:40:46.235] Melon Assembly loaded: '.\UserLibs\System.IO.Ports.dll'
[22:40:46.235] SHA256 Hash: 'B1ECEF838C8B833BE76D1EF75AD8A0B1FAD805FC951136C9E5256FD3CF15FC1B'
[22:40:46.236] Melon Assembly loaded: '.\UserLibs\System.Management.dll'
[22:40:46.238] SHA256 Hash: '205BF789DD38D8ABC5FDC9CD8653469400ED9D6386B07384609848B9C95D7721'
[22:40:46.240] Melon Assembly loaded: '.\UserLibs\System.Memory.dll'
[22:40:46.240] SHA256 Hash: 'D2E3949FCF3A3B3A20BB9A568A4DA582D9A90D64F34C0BDC07C9029BFE8F1858'
[22:40:46.243] Melon Assembly loaded: '.\UserLibs\System.Numerics.Vectors.dll'
[22:40:46.243] SHA256 Hash: '2324EE5A35674269225E2AA20957CE8830DBCA0CFFB918BD593F7A3222DEE480'
[22:40:46.244] Melon Assembly loaded: '.\UserLibs\System.Runtime.CompilerServices.Unsafe.dll'
[22:40:46.244] SHA256 Hash: 'BFC8F02A96934786CA5A0514A3B657021C12542E215E94B78FDCC74BFEFFE3D3'
[22:40:46.245] Melon Assembly loaded: '.\UserLibs\System.Security.AccessControl.dll'
[22:40:46.245] SHA256 Hash: '93084849C17A21F641C13C9F17545CFE18C1EC097561F3F0EBBBE26F358BA120'
[22:40:46.246] Melon Assembly loaded: '.\UserLibs\System.Security.Principal.Windows.dll'
[22:40:46.246] SHA256 Hash: '7828DFD952A9FD49404477BAFF714849177D9F18C0654ADAFADBDCAFB4B21F47'
[22:40:46.269] Melon Assembly loaded: '.\UserLibs\UniverseLib.Mono.dll'
[22:40:46.269] SHA256 Hash: '3B10913FFEAC9A0744583F0BB18218A5CFAFCBA467A7F9F99FA731E801A5A880'
[22:40:46.270] ------------------------------
[22:40:46.270] 0 UserLibs loaded.

[22:40:46.270] Loading Plugins...
[22:40:46.272] 0 Plugins loaded.


[22:40:47.003] Loading Mods...
[22:40:47.032] ------------------------------
[22:40:47.033] Melon Assembly loaded: '.\Mods\FrameStats.dll'
[22:40:47.033] SHA256 Hash: 'D65BFBC1DDE86D741CFB9DF214C3AC1F74D366C6A420A7ED64514FDBCC5257CC'
[22:40:47.049] Melon Assembly loaded: '.\Mods\UnityExplorer.ML.Mono.dll'
[22:40:47.049] SHA256 Hash: '7E6C95C5F0DB2D6B22F506AAD4D268A96250BD64D8E259B7E4073106250F36D2'

[22:40:47.077] ------------------------------
[22:40:47.077] FrameStats v1.0.0
[22:40:47.078] by oneshade
[22:40:47.078] Assembly: FrameStats.dll
[22:40:47.078] ------------------------------
[22:40:47.079] ------------------------------
[22:40:47.079] UnityExplorer v4.9.0
[22:40:47.079] by Sinai
[22:40:47.080] Assembly: UnityExplorer.ML.Mono.dll
[22:40:47.080] ------------------------------
[22:40:47.081] ------------------------------
[22:40:47.081] 2 Mods loaded.

[22:40:47.087] Support Module Loaded: C:\Users\Pytho\Projects\SDFrameStatsMod\StellarDrive_0.6.5\MelonLoader\Dependencies\SupportModules\Mono.dll
[22:40:47.098] [UnityExplorer] UnityExplorer 4.9.0 initializing...
[22:40:47.118] [UnityExplorer] [UniverseLib] UniverseLib 1.5.1 initializing...
[22:40:47.500] [UnityExplorer] [UniverseLib] Finished UniverseLib initial setup.
[22:40:47.505] [UnityExplorer] Initialized UnityCrashPrevention for: Canvas.get_renderingDisplaySize
[22:40:49.788] [FrameStats] scene MainMenu loaded, index 0
[22:40:50.323] [FrameStats] Loading asset bundle ui...
[22:40:50.327] [FrameStats]     Loaded asset FrameStatsPanel
[22:40:50.327] [FrameStats]     Loaded asset FrameStatsSettings
[22:40:50.714] [FrameStats] Hardware: Intel Core i9-14900HX
[22:40:50.717] [FrameStats]     Sensor: CPU Core #1 Thread #1, type: Load, value: 6.812161
[22:40:50.717] [FrameStats]     Sensor: CPU Core #1 Thread #2, type: Load, value: 0
[22:40:50.717] [FrameStats]     Sensor: CPU Core #2 Thread #1, type: Load, value: 0
[22:40:50.718] [FrameStats]     Sensor: CPU Core #2 Thread #2, type: Load, value: 0
[22:40:50.718] [FrameStats]     Sensor: CPU Core #3 Thread #1, type: Load, value: 16.40566
[22:40:50.718] [FrameStats]     Sensor: CPU Core #3 Thread #2, type: Load, value: 0
[22:40:50.718] [FrameStats]     Sensor: CPU Core #4 Thread #1, type: Load, value: 19.31244
[22:40:50.719] [FrameStats]     Sensor: CPU Core #4 Thread #2, type: Load, value: 0
[22:40:50.719] [FrameStats]     Sensor: CPU Core #5 Thread #1, type: Load, value: 28.60938
[22:40:50.719] [FrameStats]     Sensor: CPU Core #5 Thread #2, type: Load, value: 0
[22:40:50.719] [FrameStats]     Sensor: CPU Core #6 Thread #1, type: Load, value: 38.12805
[22:40:50.719] [FrameStats]     Sensor: CPU Core #6 Thread #2, type: Load, value: 0
[22:40:50.719] [FrameStats]     Sensor: CPU Core #7 Thread #1, type: Load, value: 5.385649
[22:40:50.719] [FrameStats]     Sensor: CPU Core #7 Thread #2, type: Load, value: 0
[22:40:50.719] [FrameStats]     Sensor: CPU Core #8 Thread #1, type: Load, value: 1.807755
[22:40:50.719] [FrameStats]     Sensor: CPU Core #8 Thread #2, type: Load, value: 0
[22:40:50.719] [FrameStats]     Sensor: CPU Core #9, type: Load, value: 8.359587
[22:40:50.720] [FrameStats]     Sensor: CPU Core #10, type: Load, value: 4.395568
[22:40:50.720] [FrameStats]     Sensor: CPU Core #11, type: Load, value: 4.420388
[22:40:50.720] [FrameStats]     Sensor: CPU Core #12, type: Load, value: 4.424363
[22:40:50.720] [FrameStats]     Sensor: CPU Core #13, type: Load, value: 4.945922
[22:40:50.720] [FrameStats]     Sensor: CPU Core #14, type: Load, value: 4.421669
[22:40:50.720] [FrameStats]     Sensor: CPU Core #15, type: Load, value: 4.405576
[22:40:50.720] [FrameStats]     Sensor: CPU Core #16, type: Load, value: 4.413301
[22:40:50.720] [FrameStats]     Sensor: CPU Core #17, type: Load, value: 15.98359
[22:40:50.721] [FrameStats]     Sensor: CPU Core #18, type: Load, value: 4.435384
[22:40:50.721] [FrameStats]     Sensor: CPU Core #19, type: Load, value: 4.430991
[22:40:50.721] [FrameStats]     Sensor: CPU Core #20, type: Load, value: 4.435974
[22:40:50.721] [FrameStats]     Sensor: CPU Core #21, type: Load, value: 12.14414
[22:40:50.721] [FrameStats]     Sensor: CPU Core #22, type: Load, value: 4.455864
[22:40:50.721] [FrameStats]     Sensor: CPU Core #23, type: Load, value: 4.457873
[22:40:50.721] [FrameStats]     Sensor: CPU Core #24, type: Load, value: 4.763156
[22:40:50.721] [FrameStats]     Sensor: CPU Total, type: Load, value: 5.760634
[22:40:50.721] [FrameStats]     Sensor: CPU Core Max, type: Load, value: 38.12805
[22:40:50.721] [FrameStats]     Sensor: Core Max, type: Temperature, value: 54
[22:40:50.722] [FrameStats]     Sensor: Core Average, type: Temperature, value: 52.66667
[22:40:50.722] [FrameStats]     Sensor: CPU Core #1, type: Temperature, value: 50
[22:40:50.722] [FrameStats]     Sensor: CPU Core #2, type: Temperature, value: 52
[22:40:50.722] [FrameStats]     Sensor: CPU Core #3, type: Temperature, value: 52
[22:40:50.722] [FrameStats]     Sensor: CPU Core #4, type: Temperature, value: 54
[22:40:50.722] [FrameStats]     Sensor: CPU Core #5, type: Temperature, value: 51
[22:40:50.722] [FrameStats]     Sensor: CPU Core #6, type: Temperature, value: 51
[22:40:50.722] [FrameStats]     Sensor: CPU Core #7, type: Temperature, value: 52
[22:40:50.722] [FrameStats]     Sensor: CPU Core #8, type: Temperature, value: 50
[22:40:50.722] [FrameStats]     Sensor: CPU Core #9, type: Temperature, value: 53
[22:40:50.722] [FrameStats]     Sensor: CPU Core #10, type: Temperature, value: 53
[22:40:50.722] [FrameStats]     Sensor: CPU Core #11, type: Temperature, value: 53
[22:40:50.722] [FrameStats]     Sensor: CPU Core #12, type: Temperature, value: 53
[22:40:50.722] [FrameStats]     Sensor: CPU Core #13, type: Temperature, value: 54
[22:40:50.722] [FrameStats]     Sensor: CPU Core #14, type: Temperature, value: 54
[22:40:50.722] [FrameStats]     Sensor: CPU Core #15, type: Temperature, value: 54
[22:40:50.722] [FrameStats]     Sensor: CPU Core #16, type: Temperature, value: 54
[22:40:50.722] [FrameStats]     Sensor: CPU Core #17, type: Temperature, value: 53
[22:40:50.722] [FrameStats]     Sensor: CPU Core #18, type: Temperature, value: 53
[22:40:50.722] [FrameStats]     Sensor: CPU Core #19, type: Temperature, value: 53
[22:40:50.723] [FrameStats]     Sensor: CPU Core #20, type: Temperature, value: 53
[22:40:50.723] [FrameStats]     Sensor: CPU Core #21, type: Temperature, value: 53
[22:40:50.723] [FrameStats]     Sensor: CPU Core #22, type: Temperature, value: 53
[22:40:50.723] [FrameStats]     Sensor: CPU Core #23, type: Temperature, value: 53
[22:40:50.723] [FrameStats]     Sensor: CPU Core #24, type: Temperature, value: 53
[22:40:50.723] [FrameStats]     Sensor: CPU Package, type: Temperature, value: 57
[22:40:50.723] [FrameStats]     Sensor: CPU Core #1 Distance to TjMax, type: Temperature, value: 50
[22:40:50.723] [FrameStats]     Sensor: CPU Core #2 Distance to TjMax, type: Temperature, value: 48
[22:40:50.723] [FrameStats]     Sensor: CPU Core #3 Distance to TjMax, type: Temperature, value: 48
[22:40:50.723] [FrameStats]     Sensor: CPU Core #4 Distance to TjMax, type: Temperature, value: 46
[22:40:50.723] [FrameStats]     Sensor: CPU Core #5 Distance to TjMax, type: Temperature, value: 49
[22:40:50.723] [FrameStats]     Sensor: CPU Core #6 Distance to TjMax, type: Temperature, value: 49
[22:40:50.723] [FrameStats]     Sensor: CPU Core #7 Distance to TjMax, type: Temperature, value: 48
[22:40:50.723] [FrameStats]     Sensor: CPU Core #8 Distance to TjMax, type: Temperature, value: 50
[22:40:50.723] [FrameStats]     Sensor: CPU Core #9 Distance to TjMax, type: Temperature, value: 47
[22:40:50.723] [FrameStats]     Sensor: CPU Core #10 Distance to TjMax, type: Temperature, value: 47
[22:40:50.723] [FrameStats]     Sensor: CPU Core #11 Distance to TjMax, type: Temperature, value: 47
[22:40:50.723] [FrameStats]     Sensor: CPU Core #12 Distance to TjMax, type: Temperature, value: 47
[22:40:50.723] [FrameStats]     Sensor: CPU Core #13 Distance to TjMax, type: Temperature, value: 46
[22:40:50.723] [FrameStats]     Sensor: CPU Core #14 Distance to TjMax, type: Temperature, value: 46
[22:40:50.723] [FrameStats]     Sensor: CPU Core #15 Distance to TjMax, type: Temperature, value: 46
[22:40:50.723] [FrameStats]     Sensor: CPU Core #16 Distance to TjMax, type: Temperature, value: 46
[22:40:50.723] [FrameStats]     Sensor: CPU Core #17 Distance to TjMax, type: Temperature, value: 47
[22:40:50.723] [FrameStats]     Sensor: CPU Core #18 Distance to TjMax, type: Temperature, value: 47
[22:40:50.724] [FrameStats]     Sensor: CPU Core #19 Distance to TjMax, type: Temperature, value: 47
[22:40:50.724] [FrameStats]     Sensor: CPU Core #20 Distance to TjMax, type: Temperature, value: 47
[22:40:50.724] [FrameStats]     Sensor: CPU Core #21 Distance to TjMax, type: Temperature, value: 47
[22:40:50.724] [FrameStats]     Sensor: CPU Core #22 Distance to TjMax, type: Temperature, value: 47
[22:40:50.724] [FrameStats]     Sensor: CPU Core #23 Distance to TjMax, type: Temperature, value: 47
[22:40:50.724] [FrameStats]     Sensor: CPU Core #24 Distance to TjMax, type: Temperature, value: 47
[22:40:50.724] [FrameStats]     Sensor: CPU Core #1, type: Clock, value: 3628.894
[22:40:50.724] [FrameStats]     Sensor: CPU Core #2, type: Clock, value: 3427.289
[22:40:50.724] [FrameStats]     Sensor: CPU Core #3, type: Clock, value: 3124.881
[22:40:50.724] [FrameStats]     Sensor: CPU Core #4, type: Clock, value: 2822.473
[22:40:50.724] [FrameStats]     Sensor: CPU Core #5, type: Clock, value: 2620.868
[22:40:50.724] [FrameStats]     Sensor: CPU Core #6, type: Clock, value: 2620.868
[22:40:50.724] [FrameStats]     Sensor: CPU Core #7, type: Clock, value: 2217.658
[22:40:50.724] [FrameStats]     Sensor: CPU Core #8, type: Clock, value: 2217.658
[22:40:50.724] [FrameStats]     Sensor: CPU Core #9, type: Clock, value: 1512.039
[22:40:50.724] [FrameStats]     Sensor: CPU Core #10, type: Clock, value: 1512.039
[22:40:50.724] [FrameStats]     Sensor: CPU Core #11, type: Clock, value: 1411.237
[22:40:50.724] [FrameStats]     Sensor: CPU Core #12, type: Clock, value: 1310.434
[22:40:50.724] [FrameStats]     Sensor: CPU Core #13, type: Clock, value: 1310.434
[22:40:50.724] [FrameStats]     Sensor: CPU Core #14, type: Clock, value: 1209.631
[22:40:50.724] [FrameStats]     Sensor: CPU Core #15, type: Clock, value: 1108.829
[22:40:50.724] [FrameStats]     Sensor: CPU Core #16, type: Clock, value: 1108.829
[22:40:50.724] [FrameStats]     Sensor: CPU Core #17, type: Clock, value: 1108.829
[22:40:50.724] [FrameStats]     Sensor: CPU Core #18, type: Clock, value: 1209.631
[22:40:50.724] [FrameStats]     Sensor: CPU Core #19, type: Clock, value: 1411.237
[22:40:50.724] [FrameStats]     Sensor: CPU Core #20, type: Clock, value: 1310.434
[22:40:50.724] [FrameStats]     Sensor: CPU Core #21, type: Clock, value: 1310.434
[22:40:50.724] [FrameStats]     Sensor: CPU Core #22, type: Clock, value: 1310.434
[22:40:50.724] [FrameStats]     Sensor: CPU Core #23, type: Clock, value: 1512.039
[22:40:50.725] [FrameStats]     Sensor: CPU Core #24, type: Clock, value: 1411.237
[22:40:50.725] [FrameStats]     Sensor: CPU Package, type: Power, value: 19.6843
[22:40:50.725] [FrameStats]     Sensor: CPU Cores, type: Power, value: 13.00757
[22:40:50.725] [FrameStats]     Sensor: CPU Memory, type: Power, value: 0
[22:40:50.725] [FrameStats]     Sensor: CPU Platform, type: Power, value: 47.16302
[22:40:50.725] [FrameStats]     Sensor: CPU Core, type: Voltage, value: 0.7030029
[22:40:50.725] [FrameStats]     Sensor: CPU Core #1, type: Voltage, value: 0.7330322
[22:40:50.725] [FrameStats]     Sensor: CPU Core #2, type: Voltage, value: 0.7330322
[22:40:50.725] [FrameStats]     Sensor: CPU Core #3, type: Voltage, value: 0.7364502
[22:40:50.725] [FrameStats]     Sensor: CPU Core #4, type: Voltage, value: 0.7364502
[22:40:50.725] [FrameStats]     Sensor: CPU Core #5, type: Voltage, value: 0.7364502
[22:40:50.725] [FrameStats]     Sensor: CPU Core #6, type: Voltage, value: 0.7364502
[22:40:50.725] [FrameStats]     Sensor: CPU Core #7, type: Voltage, value: 0.7414551
[22:40:50.725] [FrameStats]     Sensor: CPU Core #8, type: Voltage, value: 0.7414551
[22:40:50.725] [FrameStats]     Sensor: CPU Core #9, type: Voltage, value: 0.7364502
[22:40:50.725] [FrameStats]     Sensor: CPU Core #10, type: Voltage, value: 0.7364502
[22:40:50.725] [FrameStats]     Sensor: CPU Core #11, type: Voltage, value: 0.7414551
[22:40:50.725] [FrameStats]     Sensor: CPU Core #12, type: Voltage, value: 0.74646
[22:40:50.725] [FrameStats]     Sensor: CPU Core #13, type: Voltage, value: 0.7414551
[22:40:50.725] [FrameStats]     Sensor: CPU Core #14, type: Voltage, value: 0.7364502
[22:40:50.725] [FrameStats]     Sensor: CPU Core #15, type: Voltage, value: 0.7314453
[22:40:50.725] [FrameStats]     Sensor: CPU Core #16, type: Voltage, value: 0.7264404
[22:40:50.725] [FrameStats]     Sensor: CPU Core #17, type: Voltage, value: 0.7364502
[22:40:50.725] [FrameStats]     Sensor: CPU Core #18, type: Voltage, value: 0.7285156
[22:40:50.725] [FrameStats]     Sensor: CPU Core #19, type: Voltage, value: 0.7235107
[22:40:50.725] [FrameStats]     Sensor: CPU Core #20, type: Voltage, value: 0.7235107
[22:40:50.725] [FrameStats]     Sensor: CPU Core #21, type: Voltage, value: 0.7235107
[22:40:50.725] [FrameStats]     Sensor: CPU Core #22, type: Voltage, value: 0.7235107
[22:40:50.725] [FrameStats]     Sensor: CPU Core #23, type: Voltage, value: 0.7235107
[22:40:50.726] [FrameStats]     Sensor: CPU Core #24, type: Voltage, value: 0.7235107
[22:40:50.726] [FrameStats]     Sensor: Bus Speed, type: Clock, value: 100.8026
[22:40:50.726] [FrameStats] Hardware: Generic Memory
[22:40:50.726] [FrameStats]     Sensor: Memory Used, type: Data, value: 20.68469
[22:40:50.726] [FrameStats]     Sensor: Memory Available, type: Data, value: 11.03003
[22:40:50.726] [FrameStats]     Sensor: Memory, type: Load, value: 65.22111
[22:40:50.726] [FrameStats]     Sensor: Virtual Memory Used, type: Data, value: 40.37073
[22:40:50.726] [FrameStats]     Sensor: Virtual Memory Available, type: Data, value: 5.807682
[22:40:50.726] [FrameStats]     Sensor: Virtual Memory, type: Load, value: 87.42339
[22:40:50.726] [FrameStats] Hardware: NVIDIA GeForce RTX 4070 Laptop GPU
[22:40:50.726] [FrameStats]     Sensor: GPU Core, type: Temperature, value: 45
[22:40:50.726] [FrameStats]     Sensor: GPU Core, type: Clock, value: 600
[22:40:50.726] [FrameStats]     Sensor: GPU Memory, type: Clock, value: 810
[22:40:50.726] [FrameStats]     Sensor: GPU Core, type: Load, value: 5
[22:40:50.726] [FrameStats]     Sensor: GPU Memory Controller, type: Load, value: 0
[22:40:50.726] [FrameStats]     Sensor: GPU Video Engine, type: Load, value: 7
[22:40:50.726] [FrameStats]     Sensor: GPU Bus, type: Load, value: 4
[22:40:50.726] [FrameStats]     Sensor: D3D Dedicated Memory Used, type: SmallData, value: 595.1602
[22:40:50.726] [FrameStats]     Sensor: D3D Shared Memory Used, type: SmallData, value: 130.582
[22:40:50.726] [FrameStats]     Sensor: D3D 3D, type: Load, value: 0
[22:40:50.726] [FrameStats]     Sensor: D3D Overlay, type: Load, value: 0
[22:40:50.726] [FrameStats]     Sensor: D3D Video Decode, type: Load, value: 20.06211
[22:40:50.726] [FrameStats]     Sensor: D3D Copy, type: Load, value: 0
[22:40:50.726] [FrameStats]     Sensor: D3D Copy, type: Load, value: 0.5460774
[22:40:50.726] [FrameStats]     Sensor: D3D Security, type: Load, value: 0
[22:40:50.726] [FrameStats]     Sensor: D3D Video Encode, type: Load, value: 0
[22:40:50.726] [FrameStats]     Sensor: D3D Video Processing, type: Load, value: 0
[22:40:50.726] [FrameStats]     Sensor: D3D VR, type: Load, value: 0
[22:40:50.726] [FrameStats]     Sensor: GPU Hot Spot, type: Temperature, value: 52.40625
[22:40:50.727] [FrameStats]     Sensor: GPU Memory Total, type: SmallData, value: 8188
[22:40:50.727] [FrameStats]     Sensor: GPU Memory Free, type: SmallData, value: 7358
[22:40:50.727] [FrameStats]     Sensor: GPU Memory Used, type: SmallData, value: 829
[22:40:50.727] [FrameStats]     Sensor: GPU Memory, type: Load, value: 10.13011
[22:40:50.727] [FrameStats]     Sensor: GPU Package, type: Power, value: 10.48
[22:40:50.727] [FrameStats]     Sensor: GPU PCIe Rx, type: Throughput, value: 0
[22:40:50.727] [FrameStats]     Sensor: GPU PCIe Tx, type: Throughput, value: 0
[22:40:50.727] [FrameStats] Hardware: Intel(R) UHD Graphics
[22:40:50.727] [FrameStats]     Sensor: GPU Power, type: Power, value: 0
[22:40:50.727] [FrameStats]     Sensor: D3D Shared Memory Total, type: SmallData, value: 16237.93
[22:40:50.727] [FrameStats]     Sensor: D3D Shared Memory Free, type: SmallData, value: 
[22:40:50.727] [FrameStats]     Sensor: D3D Shared Memory Used, type: SmallData, value: 1651.809
[22:40:50.727] [FrameStats]     Sensor: D3D 3D, type: Load, value: 0
[22:40:50.727] [FrameStats]     Sensor: D3D Video Decode, type: Load, value: 0
[22:40:50.727] [FrameStats]     Sensor: D3D Copy, type: Load, value: 0
[22:40:50.727] [FrameStats]     Sensor: D3D Video Processing, type: Load, value: 0
[22:40:50.727] [FrameStats]     Sensor: D3D Video Decode, type: Load, value: 0
[22:40:50.727] [FrameStats]     Sensor: D3D Other, type: Load, value: 0
[22:40:50.727] [FrameStats]     Sensor: D3D Other, type: Load, value: 0
[22:40:50.727] [FrameStats]     Sensor: D3D Other, type: Load, value: 0
[22:40:50.727] [FrameStats]     Sensor: D3D Other, type: Load, value: 0
[22:40:50.727] [FrameStats]     Sensor: D3D Other, type: Load, value: 0
[22:40:50.727] [FrameStats]     Sensor: D3D GDI Render, type: Load, value: 0
[22:40:50.727] [FrameStats]     Sensor: D3D Other, type: Load, value: 0
[22:40:50.727] [FrameStats]     Sensor: D3D Other, type: Load, value: 0
[22:40:50.727] [FrameStats] Hardware: L23M4PC3 
[22:40:50.727] [FrameStats]     Sensor: Designed Capacity, type: Energy, value: 99900
[22:40:50.728] [FrameStats]     Sensor: Fully-Charged Capacity, type: Energy, value: 94430
[22:40:50.728] [FrameStats]     Sensor: Degradation Level, type: Level, value: 5.475475
[22:40:50.728] [FrameStats]     Sensor: Remaining Capacity, type: Energy, value: 94090
[22:40:50.728] [FrameStats]     Sensor: Charge Level, type: Level, value: 99.63995
[22:40:50.728] [FrameStats]     Sensor: Voltage, type: Voltage, value: 17.45
[22:40:50.728] [FrameStats]     Sensor: Charge/Discharge Current, type: Current, value: 0
[22:40:50.728] [FrameStats]     Sensor: Charge/Discharge Rate, type: Power, value: 0
[22:40:51.833] [UnityExplorer] [UniverseLib] Initialized new InputSystem support.
[22:40:51.891] [UnityExplorer] [UniverseLib] Loaded modern bundle for Unity 2022.3.11f1
[22:40:51.910] [UnityExplorer] [UniverseLib] UniverseLib 1.5.1 initialized.
[22:40:51.911] [UnityExplorer] Creating UI...
[22:40:52.401] [UnityExplorer] UnityExplorer 4.9.0 (Mono) initialized.
