
[21:17:50.590] ------------------------------
[21:17:50.612] MelonLoader v0.7.0 Open-Beta
[21:17:50.613] OS: Windows 11
[21:17:50.614] Hash Code: F2DCA88FB1569FD6750096CED35BBB808C50BA273E0D295347A24385B0B764CA
[21:17:50.614] ------------------------------
[21:17:50.615] Game Type: MonoBleedingEdge
[21:17:50.615] Game Arch: x64
[21:17:50.615] ------------------------------
[21:17:50.615] Command-Line: 
[21:17:50.616] ------------------------------
[21:17:50.616] Core::BasePath = C:\Users\Pytho\Projects\SDFrameStatsMod\StellarDrive_0.6.5
[21:17:50.616] Game::BasePath = C:\Users\Pytho\Projects\SDFrameStatsMod\StellarDrive_0.6.5
[21:17:50.617] Game::DataPath = C:\Users\Pytho\Projects\SDFrameStatsMod\StellarDrive_0.6.5\StellarDrive_Data
[21:17:50.617] Game::ApplicationPath = C:\Users\Pytho\Projects\SDFrameStatsMod\StellarDrive_0.6.5\StellarDrive.exe
[21:17:50.617] Runtime Type: net35
[21:17:50.683] ------------------------------
[21:17:50.683] Game Name: StellarDrive
[21:17:50.683] Game Developer: CuriousOwlGames
[21:17:50.685] Unity Version: 2022.3.11f1
[21:17:50.685] Game Version: UNKNOWN
[21:17:50.685] ------------------------------

[21:17:50.937] Preferences Loaded!

[21:17:50.956] Loading UserLibs...
[21:17:50.975] ------------------------------
[21:17:50.978] Melon Assembly loaded: '.\UserLibs\HidSharp.dll'
[21:17:50.979] SHA256 Hash: '61EB2E22A5620D789A23D389F1AF9D38FAFF4D85F46ADEDBC28FB22CFEC61BF9'
[21:17:50.985] Melon Assembly loaded: '.\UserLibs\LibreHardwareMonitorLib.dll'
[21:17:50.986] SHA256 Hash: '99B39B0B0AC865C38A33DFF7DEE080FF17AAC3337B2332812CA2D7BB13C89460'
[21:17:50.987] Melon Assembly loaded: '.\UserLibs\Microsoft.Win32.Registry.dll'
[21:17:50.987] SHA256 Hash: 'D641EB0065BD5CDB541C5BF0D2FF976720D35D62416AB959727651ABF0ABA2CA'
[21:17:50.988] Melon Assembly loaded: '.\UserLibs\System.Buffers.dll'
[21:17:50.988] SHA256 Hash: 'C65FFF603B283DC966D1A8B730C11D5E5E750E8021BD24640612F6CC3F2C6FB7'
[21:17:50.990] Melon Assembly loaded: '.\UserLibs\System.CodeDom.dll'
[21:17:50.990] SHA256 Hash: 'CF18C822A341A3932FC8C08D7F21BF015F7E3C2696619560C94B63629341376A'
[21:17:50.991] Melon Assembly loaded: '.\UserLibs\System.IO.FileSystem.AccessControl.dll'
[21:17:50.991] SHA256 Hash: 'D2D6CD3FEF822959B68A68A6AF6096963BBE6493D90E16F0AF65FEDE25D85F32'
[21:17:50.993] Melon Assembly loaded: '.\UserLibs\System.IO.Ports.dll'
[21:17:50.993] SHA256 Hash: 'B1ECEF838C8B833BE76D1EF75AD8A0B1FAD805FC951136C9E5256FD3CF15FC1B'
[21:17:50.994] Melon Assembly loaded: '.\UserLibs\System.Management.dll'
[21:17:50.994] SHA256 Hash: '205BF789DD38D8ABC5FDC9CD8653469400ED9D6386B07384609848B9C95D7721'
[21:17:50.996] Melon Assembly loaded: '.\UserLibs\System.Memory.dll'
[21:17:50.996] SHA256 Hash: 'D2E3949FCF3A3B3A20BB9A568A4DA582D9A90D64F34C0BDC07C9029BFE8F1858'
[21:17:50.998] Melon Assembly loaded: '.\UserLibs\System.Numerics.Vectors.dll'
[21:17:50.999] SHA256 Hash: '2324EE5A35674269225E2AA20957CE8830DBCA0CFFB918BD593F7A3222DEE480'
[21:17:50.999] Melon Assembly loaded: '.\UserLibs\System.Runtime.CompilerServices.Unsafe.dll'
[21:17:51.001] SHA256 Hash: 'BFC8F02A96934786CA5A0514A3B657021C12542E215E94B78FDCC74BFEFFE3D3'
[21:17:51.002] Melon Assembly loaded: '.\UserLibs\System.Security.AccessControl.dll'
[21:17:51.002] SHA256 Hash: '93084849C17A21F641C13C9F17545CFE18C1EC097561F3F0EBBBE26F358BA120'
[21:17:51.003] Melon Assembly loaded: '.\UserLibs\System.Security.Principal.Windows.dll'
[21:17:51.003] SHA256 Hash: '7828DFD952A9FD49404477BAFF714849177D9F18C0654ADAFADBDCAFB4B21F47'
[21:17:51.027] Melon Assembly loaded: '.\UserLibs\UniverseLib.Mono.dll'
[21:17:51.027] SHA256 Hash: '3B10913FFEAC9A0744583F0BB18218A5CFAFCBA467A7F9F99FA731E801A5A880'
[21:17:51.027] ------------------------------
[21:17:51.027] 0 UserLibs loaded.

[21:17:51.028] Loading Plugins...
[21:17:51.029] 0 Plugins loaded.


[21:17:51.832] Loading Mods...
[21:17:51.836] ------------------------------
[21:17:51.836] Melon Assembly loaded: '.\Mods\FrameStats.dll'
[21:17:51.837] SHA256 Hash: '601E73AA34A5384BC3E4F823068E1DEA82BC90B73904CB1EB68E57134BE12D2F'
[21:17:51.852] Melon Assembly loaded: '.\Mods\UnityExplorer.ML.Mono.dll'
[21:17:51.852] SHA256 Hash: '7E6C95C5F0DB2D6B22F506AAD4D268A96250BD64D8E259B7E4073106250F36D2'

[21:17:51.879] ------------------------------
[21:17:51.880] FrameStats v1.0.0
[21:17:51.880] by oneshade
[21:17:51.880] Assembly: FrameStats.dll
[21:17:51.880] ------------------------------
[21:17:51.881] ------------------------------
[21:17:51.881] UnityExplorer v4.9.0
[21:17:51.881] by Sinai
[21:17:51.881] Assembly: UnityExplorer.ML.Mono.dll
[21:17:51.882] ------------------------------
[21:17:51.882] ------------------------------
[21:17:51.882] 2 Mods loaded.

[21:17:51.888] Support Module Loaded: C:\Users\Pytho\Projects\SDFrameStatsMod\StellarDrive_0.6.5\MelonLoader\Dependencies\SupportModules\Mono.dll
[21:17:51.899] [UnityExplorer] UnityExplorer 4.9.0 initializing...
[21:17:51.919] [UnityExplorer] [UniverseLib] UniverseLib 1.5.1 initializing...
[21:17:52.291] [UnityExplorer] [UniverseLib] Finished UniverseLib initial setup.
[21:17:52.296] [UnityExplorer] Initialized UnityCrashPrevention for: Canvas.get_renderingDisplaySize
[21:17:54.569] [FrameStats] scene MainMenu loaded, index 0
[21:17:55.102] [FrameStats] Loading asset bundle ui...
[21:17:55.106] [FrameStats]     Loaded asset FrameStatsPanel
[21:17:55.106] [FrameStats]     Loaded asset FrameStatsSettings
[21:17:57.396] [FrameStats] Hardware: Intel Core i9-14900HX
[21:17:57.399] [FrameStats]     Sensor: CPU Core #1 Thread #1, value: 12.57171
[21:17:57.399] [FrameStats]     Sensor: CPU Core #1 Thread #2, value: 19.1465
[21:17:57.399] [FrameStats]     Sensor: CPU Core #2 Thread #1, value: 0
[21:17:57.399] [FrameStats]     Sensor: CPU Core #2 Thread #2, value: 8.700508
[21:17:57.399] [FrameStats]     Sensor: CPU Core #3 Thread #1, value: 0
[21:17:57.400] [FrameStats]     Sensor: CPU Core #3 Thread #2, value: 8.696729
[21:17:57.400] [FrameStats]     Sensor: CPU Core #4 Thread #1, value: 0
[21:17:57.400] [FrameStats]     Sensor: CPU Core #4 Thread #2, value: 21.93177
[21:17:57.400] [FrameStats]     Sensor: CPU Core #5 Thread #1, value: 39.72698
[21:17:57.400] [FrameStats]     Sensor: CPU Core #5 Thread #2, value: 8.781844
[21:17:57.400] [FrameStats]     Sensor: CPU Core #6 Thread #1, value: 0
[21:17:57.400] [FrameStats]     Sensor: CPU Core #6 Thread #2, value: 37.67904
[21:17:57.400] [FrameStats]     Sensor: CPU Core #7 Thread #1, value: 0
[21:17:57.400] [FrameStats]     Sensor: CPU Core #7 Thread #2, value: 8.693468
[21:17:57.401] [FrameStats]     Sensor: CPU Core #8 Thread #1, value: 0
[21:17:57.401] [FrameStats]     Sensor: CPU Core #8 Thread #2, value: 8.707083
[21:17:57.401] [FrameStats]     Sensor: CPU Core #9, value: 0
[21:17:57.401] [FrameStats]     Sensor: CPU Core #10, value: 0
[21:17:57.401] [FrameStats]     Sensor: CPU Core #11, value: 0
[21:17:57.401] [FrameStats]     Sensor: CPU Core #12, value: 0
[21:17:57.401] [FrameStats]     Sensor: CPU Core #13, value: 0
[21:17:57.401] [FrameStats]     Sensor: CPU Core #14, value: 0
[21:17:57.401] [FrameStats]     Sensor: CPU Core #15, value: 0
[21:17:57.401] [FrameStats]     Sensor: CPU Core #16, value: 0
[21:17:57.401] [FrameStats]     Sensor: CPU Core #17, value: 0
[21:17:57.402] [FrameStats]     Sensor: CPU Core #18, value: 0
[21:17:57.402] [FrameStats]     Sensor: CPU Core #19, value: 0
[21:17:57.402] [FrameStats]     Sensor: CPU Core #20, value: 0
[21:17:57.402] [FrameStats]     Sensor: CPU Core #21, value: 0
[21:17:57.402] [FrameStats]     Sensor: CPU Core #22, value: 0
[21:17:57.402] [FrameStats]     Sensor: CPU Core #23, value: 0
[21:17:57.402] [FrameStats]     Sensor: CPU Core #24, value: 0
[21:17:57.402] [FrameStats]     Sensor: CPU Total, value: 0
[21:17:57.402] [FrameStats]     Sensor: CPU Core Max, value: 39.72698
[21:17:57.402] [FrameStats]     Sensor: Core Max, value: 
[21:17:57.402] [FrameStats]     Sensor: Core Average, value: 
[21:17:57.402] [FrameStats]     Sensor: CPU Core #1, value: 
[21:17:57.402] [FrameStats]     Sensor: CPU Core #2, value: 
[21:17:57.403] [FrameStats]     Sensor: CPU Core #3, value: 
[21:17:57.403] [FrameStats]     Sensor: CPU Core #4, value: 
[21:17:57.403] [FrameStats]     Sensor: CPU Core #5, value: 
[21:17:57.403] [FrameStats]     Sensor: CPU Core #6, value: 
[21:17:57.403] [FrameStats]     Sensor: CPU Core #7, value: 
[21:17:57.403] [FrameStats]     Sensor: CPU Core #8, value: 
[21:17:57.403] [FrameStats]     Sensor: CPU Core #9, value: 
[21:17:57.403] [FrameStats]     Sensor: CPU Core #10, value: 
[21:17:57.403] [FrameStats]     Sensor: CPU Core #11, value: 
[21:17:57.403] [FrameStats]     Sensor: CPU Core #12, value: 
[21:17:57.403] [FrameStats]     Sensor: CPU Core #13, value: 
[21:17:57.403] [FrameStats]     Sensor: CPU Core #14, value: 
[21:17:57.403] [FrameStats]     Sensor: CPU Core #15, value: 
[21:17:57.403] [FrameStats]     Sensor: CPU Core #16, value: 
[21:17:57.403] [FrameStats]     Sensor: CPU Core #17, value: 
[21:17:57.404] [FrameStats]     Sensor: CPU Core #18, value: 
[21:17:57.404] [FrameStats]     Sensor: CPU Core #19, value: 
[21:17:57.404] [FrameStats]     Sensor: CPU Core #20, value: 
[21:17:57.404] [FrameStats]     Sensor: CPU Core #21, value: 
[21:17:57.404] [FrameStats]     Sensor: CPU Core #22, value: 
[21:17:57.404] [FrameStats]     Sensor: CPU Core #23, value: 
[21:17:57.405] [FrameStats]     Sensor: CPU Core #24, value: 
[21:17:57.405] [FrameStats]     Sensor: CPU Package, value: 
[21:17:57.405] [FrameStats]     Sensor: CPU Core #1 Distance to TjMax, value: 
[21:17:57.405] [FrameStats]     Sensor: CPU Core #2 Distance to TjMax, value: 
[21:17:57.405] [FrameStats]     Sensor: CPU Core #3 Distance to TjMax, value: 
[21:17:57.405] [FrameStats]     Sensor: CPU Core #4 Distance to TjMax, value: 
[21:17:57.406] [FrameStats]     Sensor: CPU Core #5 Distance to TjMax, value: 
[21:17:57.406] [FrameStats]     Sensor: CPU Core #6 Distance to TjMax, value: 
[21:17:57.406] [FrameStats]     Sensor: CPU Core #7 Distance to TjMax, value: 
[21:17:57.406] [FrameStats]     Sensor: CPU Core #8 Distance to TjMax, value: 
[21:17:57.406] [FrameStats]     Sensor: CPU Core #9 Distance to TjMax, value: 
[21:17:57.406] [FrameStats]     Sensor: CPU Core #10 Distance to TjMax, value: 
[21:17:57.406] [FrameStats]     Sensor: CPU Core #11 Distance to TjMax, value: 
[21:17:57.406] [FrameStats]     Sensor: CPU Core #12 Distance to TjMax, value: 
[21:17:57.406] [FrameStats]     Sensor: CPU Core #13 Distance to TjMax, value: 
[21:17:57.406] [FrameStats]     Sensor: CPU Core #14 Distance to TjMax, value: 
[21:17:57.406] [FrameStats]     Sensor: CPU Core #15 Distance to TjMax, value: 
[21:17:57.406] [FrameStats]     Sensor: CPU Core #16 Distance to TjMax, value: 
[21:17:57.406] [FrameStats]     Sensor: CPU Core #17 Distance to TjMax, value: 
[21:17:57.407] [FrameStats]     Sensor: CPU Core #18 Distance to TjMax, value: 
[21:17:57.407] [FrameStats]     Sensor: CPU Core #19 Distance to TjMax, value: 
[21:17:57.407] [FrameStats]     Sensor: CPU Core #20 Distance to TjMax, value: 
[21:17:57.407] [FrameStats]     Sensor: CPU Core #21 Distance to TjMax, value: 
[21:17:57.407] [FrameStats]     Sensor: CPU Core #22 Distance to TjMax, value: 
[21:17:57.407] [FrameStats]     Sensor: CPU Core #23 Distance to TjMax, value: 
[21:17:57.407] [FrameStats]     Sensor: CPU Core #24 Distance to TjMax, value: 
[21:17:57.407] [FrameStats]     Sensor: CPU Core #1, value: 
[21:17:57.407] [FrameStats]     Sensor: CPU Core #2, value: 
[21:17:57.407] [FrameStats]     Sensor: CPU Core #3, value: 
[21:17:57.407] [FrameStats]     Sensor: CPU Core #4, value: 
[21:17:57.407] [FrameStats]     Sensor: CPU Core #5, value: 
[21:17:57.407] [FrameStats]     Sensor: CPU Core #6, value: 
[21:17:57.407] [FrameStats]     Sensor: CPU Core #7, value: 
[21:17:57.407] [FrameStats]     Sensor: CPU Core #8, value: 
[21:17:57.407] [FrameStats]     Sensor: CPU Core #9, value: 
[21:17:57.408] [FrameStats]     Sensor: CPU Core #10, value: 
[21:17:57.408] [FrameStats]     Sensor: CPU Core #11, value: 
[21:17:57.408] [FrameStats]     Sensor: CPU Core #12, value: 
[21:17:57.408] [FrameStats]     Sensor: CPU Core #13, value: 
[21:17:57.408] [FrameStats]     Sensor: CPU Core #14, value: 
[21:17:57.408] [FrameStats]     Sensor: CPU Core #15, value: 
[21:17:57.408] [FrameStats]     Sensor: CPU Core #16, value: 
[21:17:57.408] [FrameStats]     Sensor: CPU Core #17, value: 
[21:17:57.408] [FrameStats]     Sensor: CPU Core #18, value: 
[21:17:57.408] [FrameStats]     Sensor: CPU Core #19, value: 
[21:17:57.408] [FrameStats]     Sensor: CPU Core #20, value: 
[21:17:57.408] [FrameStats]     Sensor: CPU Core #21, value: 
[21:17:57.408] [FrameStats]     Sensor: CPU Core #22, value: 
[21:17:57.408] [FrameStats]     Sensor: CPU Core #23, value: 
[21:17:57.408] [FrameStats]     Sensor: CPU Core #24, value: 
[21:17:57.408] [FrameStats] Hardware: Generic Memory
[21:17:57.408] [FrameStats]     Sensor: Memory Used, value: 21.40439
[21:17:57.409] [FrameStats]     Sensor: Memory Available, value: 10.31033
[21:17:57.409] [FrameStats]     Sensor: Memory, value: 67.4904
[21:17:57.409] [FrameStats]     Sensor: Virtual Memory Used, value: 42.3044
[21:17:57.409] [FrameStats]     Sensor: Virtual Memory Available, value: 3.874012
[21:17:57.409] [FrameStats]     Sensor: Virtual Memory, value: 91.61077
[21:17:57.409] [FrameStats] Hardware: NVIDIA GeForce RTX 4070 Laptop GPU
[21:17:57.409] [FrameStats]     Sensor: GPU Core, value: 52
[21:17:57.409] [FrameStats]     Sensor: GPU Core, value: 750
[21:17:57.409] [FrameStats]     Sensor: GPU Memory, value: 810
[21:17:57.409] [FrameStats]     Sensor: GPU Core, value: 0
[21:17:57.409] [FrameStats]     Sensor: GPU Memory Controller, value: 0
[21:17:57.409] [FrameStats]     Sensor: GPU Video Engine, value: 0
[21:17:57.409] [FrameStats]     Sensor: GPU Bus, value: 0
[21:17:57.409] [FrameStats]     Sensor: D3D Dedicated Memory Used, value: 801.6875
[21:17:57.409] [FrameStats]     Sensor: D3D Shared Memory Used, value: 230.2539
[21:17:57.409] [FrameStats]     Sensor: D3D 3D, value: 0
[21:17:57.409] [FrameStats]     Sensor: D3D Overlay, value: 0
[21:17:57.409] [FrameStats]     Sensor: D3D Video Decode, value: 16.43438
[21:17:57.410] [FrameStats]     Sensor: D3D Copy, value: 0
[21:17:57.410] [FrameStats]     Sensor: D3D Copy, value: 0.5744092
[21:17:57.410] [FrameStats]     Sensor: D3D Security, value: 0
[21:17:57.410] [FrameStats]     Sensor: D3D Video Encode, value: 0
[21:17:57.410] [FrameStats]     Sensor: D3D Video Processing, value: 0
[21:17:57.410] [FrameStats]     Sensor: D3D VR, value: 0
[21:17:57.410] [FrameStats]     Sensor: GPU Hot Spot, value: 59.21875
[21:17:57.410] [FrameStats]     Sensor: GPU Memory Total, value: 8188
[21:17:57.410] [FrameStats]     Sensor: GPU Memory Free, value: 7152
[21:17:57.410] [FrameStats]     Sensor: GPU Memory Used, value: 1035
[21:17:57.410] [FrameStats]     Sensor: GPU Memory, value: 12.64565
[21:17:57.410] [FrameStats]     Sensor: GPU Package, value: 8.92
[21:17:57.410] [FrameStats]     Sensor: GPU PCIe Rx, value: 0
[21:17:57.410] [FrameStats]     Sensor: GPU PCIe Tx, value: 0
[21:17:57.410] [FrameStats] Hardware: Intel(R) UHD Graphics
[21:17:57.410] [FrameStats]     Sensor: D3D Shared Memory Total, value: 16237.93
[21:17:57.410] [FrameStats]     Sensor: D3D Shared Memory Free, value: 
[21:17:57.411] [FrameStats]     Sensor: D3D Shared Memory Used, value: 1727.125
[21:17:57.411] [FrameStats]     Sensor: D3D 3D, value: 3.780048
[21:17:57.411] [FrameStats]     Sensor: D3D Video Decode, value: 0
[21:17:57.411] [FrameStats]     Sensor: D3D Copy, value: 0
[21:17:57.411] [FrameStats]     Sensor: D3D Video Processing, value: 0
[21:17:57.411] [FrameStats]     Sensor: D3D Video Decode, value: 0
[21:17:57.411] [FrameStats]     Sensor: D3D Other, value: 0
[21:17:57.411] [FrameStats]     Sensor: D3D Other, value: 0
[21:17:57.411] [FrameStats]     Sensor: D3D Other, value: 0
[21:17:57.411] [FrameStats]     Sensor: D3D Other, value: 0
[21:17:57.411] [FrameStats]     Sensor: D3D Other, value: 0
[21:17:57.411] [FrameStats]     Sensor: D3D GDI Render, value: 0
[21:17:57.411] [FrameStats]     Sensor: D3D Other, value: 0
[21:17:57.411] [FrameStats]     Sensor: D3D Other, value: 0
[21:17:57.411] [FrameStats] Hardware: L23M4PC3 
[21:17:57.411] [FrameStats]     Sensor: Designed Capacity, value: 99900
[21:17:57.412] [FrameStats]     Sensor: Fully-Charged Capacity, value: 94430
[21:17:57.412] [FrameStats]     Sensor: Degradation Level, value: 5.475475
[21:17:57.412] [FrameStats]     Sensor: Remaining Capacity, value: 94090
[21:17:57.412] [FrameStats]     Sensor: Charge Level, value: 99.63995
[21:17:57.412] [FrameStats]     Sensor: Voltage, value: 17.45
[21:17:57.412] [FrameStats]     Sensor: Charge/Discharge Current, value: 0
[21:17:57.412] [FrameStats]     Sensor: Charge/Discharge Rate, value: 0
[21:17:58.501] [UnityExplorer] [UniverseLib] Initialized new InputSystem support.
[21:17:58.554] [UnityExplorer] [UniverseLib] Loaded modern bundle for Unity 2022.3.11f1
[21:17:58.572] [UnityExplorer] [UniverseLib] UniverseLib 1.5.1 initialized.
[21:17:58.573] [UnityExplorer] Creating UI...
[21:17:59.051] [UnityExplorer] UnityExplorer 4.9.0 (Mono) initialized.
[21:17:59.142] [FrameStats] have options menu
[21:17:59.143] [FrameStats] localScale: (1.00, 1.00, 1.00)
[21:17:59.144] [FrameStats] added stats setting option
[21:37:45.978] Preferences Saved!
