
[23:03:59.880] ------------------------------
[23:03:59.904] MelonLoader v0.7.0 Open-Beta
[23:03:59.904] OS: Windows 11
[23:03:59.905] Hash Code: F2DCA88FB1569FD6750096CED35BBB808C50BA273E0D295347A24385B0B764CA
[23:03:59.905] ------------------------------
[23:03:59.906] Game Type: MonoBleedingEdge
[23:03:59.906] Game Arch: x64
[23:03:59.906] ------------------------------
[23:03:59.906] Command-Line: 
[23:03:59.906] ------------------------------
[23:03:59.907] Core::BasePath = C:\Users\Pytho\Projects\SDFrameStatsMod\StellarDrive_0.6.5
[23:03:59.907] Game::BasePath = C:\Users\Pytho\Projects\SDFrameStatsMod\StellarDrive_0.6.5
[23:03:59.916] Game::DataPath = C:\Users\Pytho\Projects\SDFrameStatsMod\StellarDrive_0.6.5\StellarDrive_Data
[23:03:59.916] Game::ApplicationPath = C:\Users\Pytho\Projects\SDFrameStatsMod\StellarDrive_0.6.5\StellarDrive.exe
[23:03:59.916] Runtime Type: net35
[23:03:59.984] ------------------------------
[23:03:59.985] Game Name: StellarDrive
[23:03:59.985] Game Developer: CuriousOwlGames
[23:03:59.987] Unity Version: 2022.3.11f1
[23:03:59.987] Game Version: UNKNOWN
[23:03:59.987] ------------------------------

[23:04:00.234] Preferences Loaded!

[23:04:00.255] Loading UserLibs...
[23:04:00.372] ------------------------------
[23:04:00.376] Melon Assembly loaded: '.\UserLibs\HidSharp.dll'
[23:04:00.376] SHA256 Hash: '61EB2E22A5620D789A23D389F1AF9D38FAFF4D85F46ADEDBC28FB22CFEC61BF9'
[23:04:00.383] Melon Assembly loaded: '.\UserLibs\LibreHardwareMonitorLib.dll'
[23:04:00.383] SHA256 Hash: '99B39B0B0AC865C38A33DFF7DEE080FF17AAC3337B2332812CA2D7BB13C89460'
[23:04:00.384] Melon Assembly loaded: '.\UserLibs\Microsoft.Win32.Registry.dll'
[23:04:00.385] SHA256 Hash: 'D641EB0065BD5CDB541C5BF0D2FF976720D35D62416AB959727651ABF0ABA2CA'
[23:04:00.386] Melon Assembly loaded: '.\UserLibs\System.Buffers.dll'
[23:04:00.386] SHA256 Hash: 'C65FFF603B283DC966D1A8B730C11D5E5E750E8021BD24640612F6CC3F2C6FB7'
[23:04:00.388] Melon Assembly loaded: '.\UserLibs\System.CodeDom.dll'
[23:04:00.388] SHA256 Hash: 'CF18C822A341A3932FC8C08D7F21BF015F7E3C2696619560C94B63629341376A'
[23:04:00.389] Melon Assembly loaded: '.\UserLibs\System.IO.FileSystem.AccessControl.dll'
[23:04:00.389] SHA256 Hash: 'D2D6CD3FEF822959B68A68A6AF6096963BBE6493D90E16F0AF65FEDE25D85F32'
[23:04:00.390] Melon Assembly loaded: '.\UserLibs\System.IO.Ports.dll'
[23:04:00.392] SHA256 Hash: 'B1ECEF838C8B833BE76D1EF75AD8A0B1FAD805FC951136C9E5256FD3CF15FC1B'
[23:04:00.393] Melon Assembly loaded: '.\UserLibs\System.Management.dll'
[23:04:00.393] SHA256 Hash: '205BF789DD38D8ABC5FDC9CD8653469400ED9D6386B07384609848B9C95D7721'
[23:04:00.395] Melon Assembly loaded: '.\UserLibs\System.Memory.dll'
[23:04:00.395] SHA256 Hash: 'D2E3949FCF3A3B3A20BB9A568A4DA582D9A90D64F34C0BDC07C9029BFE8F1858'
[23:04:00.397] Melon Assembly loaded: '.\UserLibs\System.Numerics.Vectors.dll'
[23:04:00.398] SHA256 Hash: '2324EE5A35674269225E2AA20957CE8830DBCA0CFFB918BD593F7A3222DEE480'
[23:04:00.398] Melon Assembly loaded: '.\UserLibs\System.Runtime.CompilerServices.Unsafe.dll'
[23:04:00.398] SHA256 Hash: 'BFC8F02A96934786CA5A0514A3B657021C12542E215E94B78FDCC74BFEFFE3D3'
[23:04:00.399] Melon Assembly loaded: '.\UserLibs\System.Security.AccessControl.dll'
[23:04:00.400] SHA256 Hash: '93084849C17A21F641C13C9F17545CFE18C1EC097561F3F0EBBBE26F358BA120'
[23:04:00.400] Melon Assembly loaded: '.\UserLibs\System.Security.Principal.Windows.dll'
[23:04:00.401] SHA256 Hash: '7828DFD952A9FD49404477BAFF714849177D9F18C0654ADAFADBDCAFB4B21F47'
[23:04:00.424] Melon Assembly loaded: '.\UserLibs\UniverseLib.Mono.dll'
[23:04:00.424] SHA256 Hash: '3B10913FFEAC9A0744583F0BB18218A5CFAFCBA467A7F9F99FA731E801A5A880'
[23:04:00.424] ------------------------------
[23:04:00.424] 0 UserLibs loaded.

[23:04:00.424] Loading Plugins...
[23:04:00.426] 0 Plugins loaded.


[23:04:01.269] Loading Mods...
[23:04:01.298] ------------------------------
[23:04:01.299] Melon Assembly loaded: '.\Mods\FrameStats.dll'
[23:04:01.299] SHA256 Hash: 'DBF5DA8BF8FA1BBF36B8DFDFD5061EED8175A13A66267A2BFE1DFEF6D6F9DF79'
[23:04:01.315] Melon Assembly loaded: '.\Mods\UnityExplorer.ML.Mono.dll'
[23:04:01.315] SHA256 Hash: '7E6C95C5F0DB2D6B22F506AAD4D268A96250BD64D8E259B7E4073106250F36D2'

[23:04:01.340] ------------------------------
[23:04:01.340] FrameStats v1.0.0
[23:04:01.340] by oneshade
[23:04:01.341] Assembly: FrameStats.dll
[23:04:01.341] ------------------------------
[23:04:01.342] ------------------------------
[23:04:01.342] UnityExplorer v4.9.0
[23:04:01.342] by Sinai
[23:04:01.342] Assembly: UnityExplorer.ML.Mono.dll
[23:04:01.343] ------------------------------
[23:04:01.343] ------------------------------
[23:04:01.343] 2 Mods loaded.

[23:04:01.349] Support Module Loaded: C:\Users\Pytho\Projects\SDFrameStatsMod\StellarDrive_0.6.5\MelonLoader\Dependencies\SupportModules\Mono.dll
[23:04:01.372] [FrameStats] Loading asset bundle ui...
[23:04:01.385] [FrameStats]     Loaded asset FrameStatsPanel
[23:04:01.385] [FrameStats]     Loaded asset FrameStatsSettings
[23:04:01.388] [UnityExplorer] UnityExplorer 4.9.0 initializing...
[23:04:01.405] [UnityExplorer] [UniverseLib] UniverseLib 1.5.1 initializing...
[23:04:01.778] [UnityExplorer] [UniverseLib] Finished UniverseLib initial setup.
[23:04:01.783] [UnityExplorer] Initialized UnityCrashPrevention for: Canvas.get_renderingDisplaySize
[23:04:04.057] [FrameStats] scene MainMenu loaded, index 0
[23:04:05.670] [UnityExplorer] [UniverseLib] Initialized new InputSystem support.
[23:04:05.724] [UnityExplorer] [UniverseLib] Loaded modern bundle for Unity 2022.3.11f1
[23:04:05.741] [UnityExplorer] [UniverseLib] UniverseLib 1.5.1 initialized.
[23:04:05.742] [UnityExplorer] Creating UI...
[23:04:06.226] [UnityExplorer] UnityExplorer 4.9.0 (Mono) initialized.
[23:04:07.263] [FrameStats] have options menu
[23:04:07.265] [FrameStats] added frame stats settings
[23:04:08.366] [FrameStats] Toggle: False
[23:04:09.798] [FrameStats] lost options menu
[23:04:12.311] [FrameStats] scene MainGame loaded, index 1
[23:04:12.313] [FrameStats] frame stats updater awake
[23:04:12.314] [FrameStats] added frame stats panel
[23:04:17.714] [FrameStats] have options menu
[23:04:17.714] [FrameStats] added frame stats settings
[23:04:21.285] [FrameStats] Toggle: True
[23:04:21.290] [FrameStats] frame stats update
[23:04:21.300] [FrameStats] frame stats update
[23:04:21.303] [FrameStats] frame stats update
[23:04:21.310] [FrameStats] frame stats update
[23:04:21.317] [FrameStats] frame stats update
[23:04:21.323] [FrameStats] frame stats update
[23:04:21.327] [FrameStats] frame stats update
[23:04:21.331] [FrameStats] frame stats update
[23:04:21.337] [FrameStats] frame stats update
[23:04:21.340] [FrameStats] frame stats update
[23:04:21.347] [FrameStats] frame stats update
[23:04:21.352] [FrameStats] frame stats update
[23:04:21.362] [FrameStats] frame stats update
[23:04:21.366] [FrameStats] frame stats update
[23:04:21.374] [FrameStats] frame stats update
[23:04:21.386] [FrameStats] frame stats update
[23:04:21.395] [FrameStats] frame stats update
[23:04:21.399] [FrameStats] frame stats update
[23:04:21.406] [FrameStats] frame stats update
[23:04:21.410] [FrameStats] frame stats update
[23:04:21.416] [FrameStats] frame stats update
[23:04:21.420] [FrameStats] frame stats update
[23:04:21.427] [FrameStats] frame stats update
[23:04:21.431] [FrameStats] frame stats update
[23:04:21.441] [FrameStats] frame stats update
[23:04:21.445] [FrameStats] frame stats update
[23:04:21.451] [FrameStats] frame stats update
[23:04:21.458] [FrameStats] frame stats update
[23:04:21.464] [FrameStats] frame stats update
[23:04:21.468] [FrameStats] frame stats update
[23:04:21.474] [FrameStats] frame stats update
[23:04:21.481] [FrameStats] frame stats update
[23:04:21.485] [FrameStats] frame stats update
[23:04:21.489] [FrameStats] frame stats update
[23:04:21.495] [FrameStats] frame stats update
[23:04:21.499] [FrameStats] frame stats update
[23:04:21.506] [FrameStats] frame stats update
[23:04:21.510] [FrameStats] frame stats update
[23:04:21.520] [FrameStats] frame stats update
[23:04:21.524] [FrameStats] frame stats update
[23:04:21.531] [FrameStats] frame stats update
[23:04:21.537] [FrameStats] frame stats update
[23:04:21.543] [FrameStats] frame stats update
[23:04:21.548] [FrameStats] frame stats update
[23:04:21.557] [FrameStats] frame stats update
[23:04:21.561] [FrameStats] frame stats update
[23:04:21.568] [FrameStats] frame stats update
[23:04:21.574] [FrameStats] frame stats update
[23:04:21.581] [FrameStats] frame stats update
[23:04:21.585] [FrameStats] frame stats update
[23:04:21.589] [FrameStats] frame stats update
[23:04:21.595] [FrameStats] frame stats update
[23:04:21.599] [FrameStats] frame stats update
[23:04:21.606] [FrameStats] frame stats update
[23:04:21.610] [FrameStats] frame stats update
[23:04:21.620] [FrameStats] frame stats update
[23:04:21.624] [FrameStats] frame stats update
[23:04:21.631] [FrameStats] frame stats update
[23:04:21.637] [FrameStats] frame stats update
[23:04:21.641] [FrameStats] frame stats update
[23:04:21.647] [FrameStats] frame stats update
[23:04:21.652] [FrameStats] frame stats update
[23:04:21.662] [FrameStats] frame stats update
[23:04:21.666] [FrameStats] frame stats update
[23:04:21.674] [FrameStats] frame stats update
[23:04:21.678] [FrameStats] frame stats update
[23:04:21.685] [FrameStats] frame stats update
[23:04:21.689] [FrameStats] frame stats update
[23:04:21.695] [FrameStats] frame stats update
[23:04:21.701] [FrameStats] frame stats update
[23:04:21.706] [FrameStats] frame stats update
[23:04:21.710] [FrameStats] frame stats update
[23:04:21.716] [FrameStats] frame stats update
[23:04:21.720] [FrameStats] frame stats update
[23:04:21.727] [FrameStats] frame stats update
[23:04:21.731] [FrameStats] frame stats update
[23:04:21.737] [FrameStats] frame stats update
[23:04:21.743] [FrameStats] frame stats update
[23:04:21.747] [FrameStats] frame stats update
[23:04:21.751] [FrameStats] frame stats update
[23:04:21.758] [FrameStats] frame stats update
[23:04:21.762] [FrameStats] frame stats update
[23:04:21.768] [FrameStats] frame stats update
[23:04:21.774] [FrameStats] frame stats update
[23:04:21.778] [FrameStats] frame stats update
[23:04:21.785] [FrameStats] frame stats update
[23:04:21.789] [FrameStats] frame stats update
[23:04:21.799] [FrameStats] frame stats update
[23:04:21.806] [FrameStats] frame stats update
[23:04:21.810] [FrameStats] frame stats update
[23:04:21.820] [FrameStats] frame stats update
[23:04:21.825] [FrameStats] frame stats update
[23:04:21.831] [FrameStats] frame stats update
[23:04:21.836] [FrameStats] frame stats update
[23:04:21.840] [FrameStats] frame stats update
[23:04:21.847] [FrameStats] frame stats update
[23:04:21.851] [FrameStats] frame stats update
[23:04:21.857] [FrameStats] frame stats update
[23:04:21.861] [FrameStats] frame stats update
[23:04:21.868] [FrameStats] frame stats update
[23:04:21.874] [FrameStats] frame stats update
[23:04:21.878] [FrameStats] frame stats update
[23:04:21.885] [FrameStats] frame stats update
[23:04:21.889] [FrameStats] frame stats update
[23:04:21.895] [FrameStats] frame stats update
[23:04:21.899] [FrameStats] frame stats update
[23:04:21.906] [FrameStats] frame stats update
[23:04:21.910] [FrameStats] frame stats update
[23:04:21.916] [FrameStats] frame stats update
[23:04:21.919] [FrameStats] frame stats update
[23:04:21.926] [FrameStats] frame stats update
[23:04:21.930] [FrameStats] frame stats update
[23:04:21.941] [FrameStats] frame stats update
[23:04:21.944] [FrameStats] frame stats update
[23:04:21.951] [FrameStats] frame stats update
[23:04:21.957] [FrameStats] frame stats update
[23:04:21.961] [FrameStats] frame stats update
[23:04:21.968] [FrameStats] frame stats update
[23:04:21.974] [FrameStats] frame stats update
[23:04:21.978] [FrameStats] frame stats update
[23:04:21.985] [FrameStats] frame stats update
[23:04:21.989] [FrameStats] frame stats update
[23:04:21.999] [FrameStats] frame stats update
[23:04:22.003] [FrameStats] frame stats update
[23:04:22.010] [FrameStats] frame stats update
[23:04:22.016] [FrameStats] frame stats update
[23:04:22.020] [FrameStats] frame stats update
[23:04:22.026] [FrameStats] frame stats update
[23:04:22.030] [FrameStats] frame stats update
[23:04:22.041] [FrameStats] frame stats update
[23:04:22.045] [FrameStats] frame stats update
[23:04:22.051] [FrameStats] frame stats update
[23:04:22.058] [FrameStats] frame stats update
[23:04:22.062] [FrameStats] frame stats update
[23:04:22.068] [FrameStats] frame stats update
[23:04:22.074] [FrameStats] frame stats update
[23:04:22.078] [FrameStats] frame stats update
[23:04:22.085] [FrameStats] frame stats update
[23:04:22.089] [FrameStats] frame stats update
[23:04:22.095] [FrameStats] frame stats update
[23:04:22.101] [FrameStats] frame stats update
[23:04:22.105] [FrameStats] frame stats update
[23:04:22.110] [FrameStats] frame stats update
[23:04:22.116] [FrameStats] frame stats update
[23:04:22.119] [FrameStats] frame stats update
[23:04:22.126] [FrameStats] frame stats update
[23:04:22.130] [FrameStats] frame stats update
[23:04:22.137] [FrameStats] frame stats update
[23:04:22.141] [FrameStats] frame stats update
[23:04:22.147] [FrameStats] frame stats update
[23:04:22.151] [FrameStats] frame stats update
[23:04:22.157] [FrameStats] frame stats update
[23:04:22.161] [FrameStats] frame stats update
[23:04:22.168] [FrameStats] frame stats update
[23:04:22.174] [FrameStats] frame stats update
[23:04:22.178] [FrameStats] frame stats update
[23:04:22.185] [FrameStats] frame stats update
[23:04:22.189] [FrameStats] frame stats update
[23:04:22.199] [FrameStats] frame stats update
[23:04:22.204] [FrameStats] frame stats update
[23:04:22.210] [FrameStats] frame stats update
[23:04:22.216] [FrameStats] frame stats update
[23:04:22.220] [FrameStats] frame stats update
[23:04:22.226] [FrameStats] frame stats update
[23:04:22.231] [FrameStats] frame stats update
[23:04:22.241] [FrameStats] frame stats update
[23:04:22.245] [FrameStats] frame stats update
[23:04:22.252] [FrameStats] frame stats update
[23:04:22.257] [FrameStats] frame stats update
[23:04:22.261] [FrameStats] frame stats update
[23:04:22.268] [FrameStats] frame stats update
[23:04:22.274] [FrameStats] frame stats update
[23:04:22.278] [FrameStats] frame stats update
[23:04:22.285] [FrameStats] frame stats update
[23:04:22.289] [FrameStats] frame stats update
[23:04:22.295] [FrameStats] frame stats update
[23:04:22.299] [FrameStats] frame stats update
[23:04:22.306] [FrameStats] frame stats update
[23:04:22.310] [FrameStats] frame stats update
[23:04:22.320] [FrameStats] frame stats update
[23:04:22.324] [FrameStats] frame stats update
[23:04:22.331] [FrameStats] frame stats update
[23:04:22.337] [FrameStats] frame stats update
[23:04:22.340] [FrameStats] frame stats update
[23:04:22.347] [FrameStats] frame stats update
[23:04:22.352] [FrameStats] frame stats update
[23:04:22.357] [FrameStats] frame stats update
[23:04:22.364] [FrameStats] frame stats update
[23:04:22.368] [FrameStats] frame stats update
[23:04:22.374] [FrameStats] frame stats update
[23:04:22.378] [FrameStats] frame stats update
[23:04:22.385] [FrameStats] frame stats update
[23:04:22.389] [FrameStats] frame stats update
[23:04:22.399] [FrameStats] frame stats update
[23:04:22.403] [FrameStats] frame stats update
[23:04:22.410] [FrameStats] frame stats update
[23:04:22.416] [FrameStats] frame stats update
[23:04:22.419] [FrameStats] frame stats update
[23:04:22.426] [FrameStats] frame stats update
[23:04:22.430] [FrameStats] frame stats update
[23:04:22.437] [FrameStats] frame stats update
[23:04:22.440] [FrameStats] frame stats update
[23:04:22.447] [FrameStats] frame stats update
[23:04:22.451] [FrameStats] frame stats update
[23:04:22.457] [FrameStats] frame stats update
[23:04:22.461] [FrameStats] frame stats update
[23:04:22.468] [FrameStats] frame stats update
[23:04:22.474] [FrameStats] frame stats update
[23:04:22.478] [FrameStats] frame stats update
[23:04:22.485] [FrameStats] frame stats update
[23:04:22.489] [FrameStats] frame stats update
[23:04:22.495] [FrameStats] frame stats update
[23:04:22.499] [FrameStats] frame stats update
[23:04:22.505] [FrameStats] frame stats update
[23:04:22.510] [FrameStats] frame stats update
[23:04:22.520] [FrameStats] frame stats update
[23:04:22.524] [FrameStats] frame stats update
[23:04:22.531] [FrameStats] frame stats update
[23:04:22.536] [FrameStats] frame stats update
[23:04:22.540] [FrameStats] frame stats update
[23:04:22.547] [FrameStats] frame stats update
[23:04:22.552] [FrameStats] frame stats update
[23:04:22.562] [FrameStats] frame stats update
[23:04:22.565] [FrameStats] frame stats update
[23:04:22.574] [FrameStats] frame stats update
[23:04:22.578] [FrameStats] frame stats update
[23:04:22.585] [FrameStats] frame stats update
[23:04:22.589] [FrameStats] frame stats update
[23:04:22.595] [FrameStats] frame stats update
[23:04:22.598] [FrameStats] frame stats update
[23:04:22.605] [FrameStats] frame stats update
[23:04:22.610] [FrameStats] frame stats update
[23:04:22.616] [FrameStats] frame stats update
[23:04:22.620] [FrameStats] frame stats update
[23:04:22.626] [FrameStats] frame stats update
[23:04:22.630] [FrameStats] frame stats update
[23:04:22.636] [FrameStats] frame stats update
[23:04:22.640] [FrameStats] frame stats update
[23:04:22.647] [FrameStats] frame stats update
[23:04:22.651] [FrameStats] frame stats update
[23:04:22.657] [FrameStats] frame stats update
[23:04:22.661] [FrameStats] frame stats update
[23:04:22.668] [FrameStats] frame stats update
[23:04:22.674] [FrameStats] frame stats update
[23:04:22.678] [FrameStats] frame stats update
[23:04:22.685] [FrameStats] frame stats update
[23:04:22.689] [FrameStats] frame stats update
[23:04:22.695] [FrameStats] frame stats update
[23:04:22.698] [FrameStats] Toggle: False
[23:04:25.244] [FrameStats] Toggle: True
[23:04:25.251] [FrameStats] frame stats update
[23:04:25.257] [FrameStats] frame stats update
[23:04:25.263] [FrameStats] frame stats update
[23:04:25.268] [FrameStats] frame stats update
[23:04:25.272] [FrameStats] frame stats update
[23:04:25.278] [FrameStats] frame stats update
[23:04:25.284] [FrameStats] frame stats update
[23:04:25.288] [FrameStats] frame stats update
[23:04:25.295] [FrameStats] frame stats update
[23:04:25.301] [FrameStats] frame stats update
[23:04:25.305] [FrameStats] frame stats update
[23:04:25.309] [FrameStats] frame stats update
[23:04:25.315] [FrameStats] frame stats update
[23:04:25.319] [FrameStats] frame stats update
[23:04:25.326] [FrameStats] frame stats update
[23:04:25.330] [FrameStats] frame stats update
[23:04:25.341] [FrameStats] frame stats update
[23:04:25.344] [FrameStats] frame stats update
[23:04:25.351] [FrameStats] frame stats update
[23:04:25.357] [FrameStats] frame stats update
[23:04:25.361] [FrameStats] frame stats update
[23:04:25.368] [FrameStats] frame stats update
[23:04:25.372] [FrameStats] frame stats update
[23:04:25.378] [FrameStats] frame stats update
[23:04:25.381] [FrameStats] frame stats update
[23:04:25.389] [FrameStats] frame stats update
[23:04:25.395] [FrameStats] frame stats update
[23:04:25.398] [FrameStats] frame stats update
[23:04:25.405] [FrameStats] frame stats update
[23:04:25.409] [FrameStats] frame stats update
[23:04:25.420] [FrameStats] frame stats update
[23:04:25.423] [FrameStats] frame stats update
[23:04:25.430] [FrameStats] frame stats update
[23:04:25.437] [FrameStats] frame stats update
[23:04:25.441] [FrameStats] frame stats update
[23:04:25.447] [FrameStats] frame stats update
[23:04:25.451] [FrameStats] frame stats update
[23:04:25.457] [FrameStats] frame stats update
[23:04:25.461] [FrameStats] frame stats update
[23:04:25.468] [FrameStats] frame stats update
[23:04:25.472] [FrameStats] frame stats update
[23:04:25.478] [FrameStats] frame stats update
[23:04:25.488] [FrameStats] frame stats update
[23:04:25.494] [FrameStats] frame stats update
[23:04:25.498] [FrameStats] frame stats update
[23:04:25.505] [FrameStats] frame stats update
[23:04:25.509] [FrameStats] frame stats update
[23:04:25.519] [FrameStats] frame stats update
[23:04:25.523] [FrameStats] frame stats update
[23:04:25.530] [FrameStats] frame stats update
[23:04:25.536] [FrameStats] frame stats update
[23:04:25.540] [FrameStats] frame stats update
[23:04:25.547] [FrameStats] frame stats update
[23:04:25.551] [FrameStats] frame stats update
[23:04:25.561] [FrameStats] frame stats update
[23:04:25.566] [FrameStats] frame stats update
[23:04:25.572] [FrameStats] frame stats update
[23:04:25.578] [FrameStats] frame stats update
[23:04:25.582] [FrameStats] frame stats update
[23:04:25.588] [FrameStats] frame stats update
[23:04:25.594] [FrameStats] frame stats update
[23:04:25.598] [FrameStats] frame stats update
[23:04:25.605] [FrameStats] frame stats update
[23:04:25.609] [FrameStats] frame stats update
[23:04:25.615] [FrameStats] frame stats update
[23:04:25.619] [FrameStats] frame stats update
[23:04:25.626] [FrameStats] frame stats update
[23:04:25.630] [FrameStats] frame stats update
[23:04:25.636] [FrameStats] frame stats update
[23:04:25.640] [FrameStats] frame stats update
[23:04:25.647] [FrameStats] frame stats update
[23:04:25.651] [FrameStats] frame stats update
[23:04:25.657] [FrameStats] frame stats update
[23:04:25.660] [FrameStats] frame stats update
[23:04:25.668] [FrameStats] frame stats update
[23:04:25.672] [FrameStats] frame stats update
[23:04:25.678] [FrameStats] frame stats update
[23:04:25.681] [FrameStats] frame stats update
[23:04:25.688] [FrameStats] frame stats update
[23:04:25.694] [FrameStats] frame stats update
[23:04:25.698] [FrameStats] frame stats update
[23:04:25.705] [FrameStats] frame stats update
[23:04:25.709] [FrameStats] frame stats update
[23:04:25.715] [FrameStats] frame stats update
[23:04:25.719] [FrameStats] frame stats update
[23:04:25.726] [FrameStats] frame stats update
[23:04:25.730] [FrameStats] frame stats update
[23:04:25.736] [FrameStats] frame stats update
[23:04:25.740] [FrameStats] frame stats update
[23:04:25.747] [FrameStats] frame stats update
[23:04:25.751] [FrameStats] frame stats update
[23:04:25.757] [FrameStats] frame stats update
[23:04:25.761] [FrameStats] frame stats update
[23:04:25.768] [FrameStats] frame stats update
[23:04:25.772] [FrameStats] frame stats update
[23:04:25.778] [FrameStats] frame stats update
[23:04:25.782] [FrameStats] frame stats update
[23:04:25.788] [FrameStats] frame stats update
[23:04:25.794] [FrameStats] frame stats update
[23:04:25.798] [FrameStats] frame stats update
[23:04:25.806] [FrameStats] frame stats update
[23:04:25.815] [FrameStats] frame stats update
[23:04:25.819] [FrameStats] frame stats update
[23:04:25.826] [FrameStats] frame stats update
[23:04:25.830] [FrameStats] frame stats update
[23:04:25.837] [FrameStats] frame stats update
[23:04:25.840] [FrameStats] frame stats update
[23:04:25.847] [FrameStats] frame stats update
[23:04:25.851] [FrameStats] frame stats update
[23:04:25.857] [FrameStats] frame stats update
[23:04:25.861] [FrameStats] frame stats update
[23:04:25.868] [FrameStats] frame stats update
[23:04:25.872] [FrameStats] frame stats update
[23:04:25.878] [FrameStats] frame stats update
[23:04:25.881] [FrameStats] frame stats update
[23:04:25.889] [FrameStats] frame stats update
[23:04:25.894] [FrameStats] frame stats update
[23:04:25.898] [FrameStats] frame stats update
[23:04:25.905] [FrameStats] frame stats update
[23:04:25.909] [FrameStats] frame stats update
[23:04:25.920] [FrameStats] frame stats update
[23:04:25.924] [FrameStats] frame stats update
[23:04:25.930] [FrameStats] frame stats update
[23:04:25.936] [FrameStats] frame stats update
[23:04:25.940] [FrameStats] frame stats update
[23:04:25.947] [FrameStats] frame stats update
[23:04:25.951] [FrameStats] frame stats update
[23:04:25.961] [FrameStats] frame stats update
[23:04:25.965] [FrameStats] frame stats update
[23:04:25.972] [FrameStats] frame stats update
[23:04:25.978] [FrameStats] frame stats update
[23:04:25.981] [FrameStats] frame stats update
[23:04:25.989] [FrameStats] frame stats update
[23:04:25.994] [FrameStats] frame stats update
[23:04:25.998] [FrameStats] frame stats update
[23:04:26.005] [FrameStats] frame stats update
[23:04:26.009] [FrameStats] frame stats update
[23:04:26.019] [FrameStats] frame stats update
[23:04:26.023] [FrameStats] frame stats update
[23:04:26.030] [FrameStats] frame stats update
[23:04:26.036] [FrameStats] frame stats update
[23:04:26.040] [FrameStats] frame stats update
[23:04:26.047] [FrameStats] frame stats update
[23:04:26.051] [FrameStats] frame stats update
[23:04:26.057] [FrameStats] frame stats update
[23:04:26.061] [FrameStats] frame stats update
[23:04:26.068] [FrameStats] frame stats update
[23:04:26.072] [FrameStats] frame stats update
[23:04:26.078] [FrameStats] frame stats update
[23:04:26.082] [FrameStats] frame stats update
[23:04:26.088] [FrameStats] frame stats update
[23:04:26.094] [FrameStats] frame stats update
[23:04:26.098] [FrameStats] frame stats update
[23:04:26.105] [FrameStats] frame stats update
[23:04:26.109] [FrameStats] frame stats update
[23:04:26.119] [FrameStats] frame stats update
[23:04:26.123] [FrameStats] frame stats update
[23:04:26.130] [FrameStats] frame stats update
[23:04:26.136] [FrameStats] frame stats update
[23:04:26.140] [FrameStats] frame stats update
[23:04:26.147] [FrameStats] frame stats update
[23:04:26.151] [FrameStats] frame stats update
[23:04:26.157] [FrameStats] frame stats update
[23:04:26.161] [FrameStats] frame stats update
[23:04:26.167] [FrameStats] frame stats update
[23:04:26.172] [FrameStats] frame stats update
[23:04:26.178] [FrameStats] frame stats update
[23:04:26.181] [FrameStats] frame stats update
[23:04:26.189] [FrameStats] frame stats update
[23:04:26.194] [FrameStats] frame stats update
[23:04:26.198] [FrameStats] frame stats update
[23:04:26.205] [FrameStats] frame stats update
[23:04:26.209] [FrameStats] Toggle: False
[23:04:28.167] [FrameStats] lost options menu
[23:04:44.135] [FrameStats] frame stats updater destroyed
[23:04:44.159] Preferences Saved!
