
[15:49:26.857] ------------------------------
[15:49:26.879] MelonLoader v0.7.0 Open-Beta
[15:49:26.880] OS: Windows 11
[15:49:26.881] Hash Code: F2DCA88FB1569FD6750096CED35BBB808C50BA273E0D295347A24385B0B764CA
[15:49:26.881] ------------------------------
[15:49:26.882] Game Type: MonoBleedingEdge
[15:49:26.882] Game Arch: x64
[15:49:26.882] ------------------------------
[15:49:26.882] Command-Line: 
[15:49:26.882] ------------------------------
[15:49:26.882] Core::BasePath = C:\Users\Pytho\Projects\SDFrameStatsMod\StellarDrive_0.6.5
[15:49:26.883] Game::BasePath = C:\Users\Pytho\Projects\SDFrameStatsMod\StellarDrive_0.6.5
[15:49:26.883] Game::DataPath = C:\Users\Pytho\Projects\SDFrameStatsMod\StellarDrive_0.6.5\StellarDrive_Data
[15:49:26.883] Game::ApplicationPath = C:\Users\Pytho\Projects\SDFrameStatsMod\StellarDrive_0.6.5\StellarDrive.exe
[15:49:26.883] Runtime Type: net35
[15:49:26.951] ------------------------------
[15:49:26.951] Game Name: StellarDrive
[15:49:26.951] Game Developer: CuriousOwlGames
[15:49:26.953] Unity Version: 2022.3.11f1
[15:49:26.953] Game Version: UNKNOWN
[15:49:26.953] ------------------------------

[15:49:27.204] Preferences Loaded!

[15:49:27.223] Loading UserLibs...
[15:49:27.243] ------------------------------
[15:49:27.247] Melon Assembly loaded: '.\UserLibs\HidSharp.dll'
[15:49:27.247] SHA256 Hash: '61EB2E22A5620D789A23D389F1AF9D38FAFF4D85F46ADEDBC28FB22CFEC61BF9'
[15:49:27.253] Melon Assembly loaded: '.\UserLibs\LibreHardwareMonitorLib.dll'
[15:49:27.254] SHA256 Hash: '99B39B0B0AC865C38A33DFF7DEE080FF17AAC3337B2332812CA2D7BB13C89460'
[15:49:27.255] Melon Assembly loaded: '.\UserLibs\Microsoft.Win32.Registry.dll'
[15:49:27.255] SHA256 Hash: '340933AD6701077AE9B8035E4671803D86074AB32F2DE8165ACFDB954BD260F6'
[15:49:27.256] Melon Assembly loaded: '.\UserLibs\System.Buffers.dll'
[15:49:27.256] SHA256 Hash: 'C65FFF603B283DC966D1A8B730C11D5E5E750E8021BD24640612F6CC3F2C6FB7'
[15:49:27.258] Melon Assembly loaded: '.\UserLibs\System.CodeDom.dll'
[15:49:27.258] SHA256 Hash: 'CF18C822A341A3932FC8C08D7F21BF015F7E3C2696619560C94B63629341376A'
[15:49:27.259] Melon Assembly loaded: '.\UserLibs\System.IO.FileSystem.AccessControl.dll'
[15:49:27.259] SHA256 Hash: 'D2D6CD3FEF822959B68A68A6AF6096963BBE6493D90E16F0AF65FEDE25D85F32'
[15:49:27.260] Melon Assembly loaded: '.\UserLibs\System.IO.Ports.dll'
[15:49:27.260] SHA256 Hash: 'B1ECEF838C8B833BE76D1EF75AD8A0B1FAD805FC951136C9E5256FD3CF15FC1B'
[15:49:27.263] Melon Assembly loaded: '.\UserLibs\System.Management.dll'
[15:49:27.263] SHA256 Hash: '205BF789DD38D8ABC5FDC9CD8653469400ED9D6386B07384609848B9C95D7721'
[15:49:27.265] Melon Assembly loaded: '.\UserLibs\System.Memory.dll'
[15:49:27.265] SHA256 Hash: 'D2E3949FCF3A3B3A20BB9A568A4DA582D9A90D64F34C0BDC07C9029BFE8F1858'
[15:49:27.267] Melon Assembly loaded: '.\UserLibs\System.Numerics.Vectors.dll'
[15:49:27.267] SHA256 Hash: '2324EE5A35674269225E2AA20957CE8830DBCA0CFFB918BD593F7A3222DEE480'
[15:49:27.268] Melon Assembly loaded: '.\UserLibs\System.Runtime.CompilerServices.Unsafe.dll'
[15:49:27.268] SHA256 Hash: 'BFC8F02A96934786CA5A0514A3B657021C12542E215E94B78FDCC74BFEFFE3D3'
[15:49:27.269] Melon Assembly loaded: '.\UserLibs\System.Security.AccessControl.dll'
[15:49:27.270] SHA256 Hash: '93084849C17A21F641C13C9F17545CFE18C1EC097561F3F0EBBBE26F358BA120'
[15:49:27.270] Melon Assembly loaded: '.\UserLibs\System.Security.Principal.Windows.dll'
[15:49:27.271] SHA256 Hash: '7828DFD952A9FD49404477BAFF714849177D9F18C0654ADAFADBDCAFB4B21F47'
[15:49:27.293] Melon Assembly loaded: '.\UserLibs\UniverseLib.Mono.dll'
[15:49:27.294] SHA256 Hash: '3B10913FFEAC9A0744583F0BB18218A5CFAFCBA467A7F9F99FA731E801A5A880'
[15:49:27.294] ------------------------------
[15:49:27.294] 0 UserLibs loaded.

[15:49:27.294] Loading Plugins...
[15:49:27.296] 0 Plugins loaded.


[15:49:28.070] Loading Mods...
[15:49:28.072] ------------------------------
[15:49:28.073] Melon Assembly loaded: '.\Mods\FrameStats.dll'
[15:49:28.073] SHA256 Hash: '6E90BF8F162C9BACBED5E81F0430037296997C75F24C52478ACCFB564AD440F9'
[15:49:28.088] Melon Assembly loaded: '.\Mods\UnityExplorer.ML.Mono.dll'
[15:49:28.089] SHA256 Hash: '7E6C95C5F0DB2D6B22F506AAD4D268A96250BD64D8E259B7E4073106250F36D2'

[15:49:28.120] ------------------------------
[15:49:28.121] FrameStats v1.0.0
[15:49:28.121] by oneshade
[15:49:28.121] Assembly: FrameStats.dll
[15:49:28.121] ------------------------------
[15:49:28.123] ------------------------------
[15:49:28.123] UnityExplorer v4.9.0
[15:49:28.123] by Sinai
[15:49:28.123] Assembly: UnityExplorer.ML.Mono.dll
[15:49:28.123] ------------------------------
[15:49:28.123] ------------------------------
[15:49:28.123] 2 Mods loaded.

[15:49:28.128] Support Module Loaded: C:\Users\Pytho\Projects\SDFrameStatsMod\StellarDrive_0.6.5\MelonLoader\Dependencies\SupportModules\Mono.dll
[15:49:28.137] [FrameStats] melon initialized
[15:49:28.140] [UnityExplorer] UnityExplorer 4.9.0 initializing...
[15:49:28.159] [UnityExplorer] [UniverseLib] UniverseLib 1.5.1 initializing...
[15:49:28.533] [UnityExplorer] [UniverseLib] Finished UniverseLib initial setup.
[15:49:28.538] [UnityExplorer] Initialized UnityCrashPrevention for: Canvas.get_renderingDisplaySize
[15:49:30.843] [FrameStats] scene MainMenu loaded, index 0
[15:49:32.478] [UnityExplorer] [UniverseLib] Initialized new InputSystem support.
[15:49:32.532] [UnityExplorer] [UniverseLib] Loaded modern bundle for Unity 2022.3.11f1
[15:49:32.550] [UnityExplorer] [UniverseLib] UniverseLib 1.5.1 initialized.
[15:49:32.551] [UnityExplorer] Creating UI...
[15:49:33.050] [UnityExplorer] UnityExplorer 4.9.0 (Mono) initialized.
[15:49:36.023] Preferences Saved!
