
[15:43:06.388] ------------------------------
[15:43:06.410] MelonLoader v0.7.0 Open-Beta
[15:43:06.411] OS: Windows 11
[15:43:06.411] Hash Code: F2DCA88FB1569FD6750096CED35BBB808C50BA273E0D295347A24385B0B764CA
[15:43:06.412] ------------------------------
[15:43:06.413] Game Type: MonoBleedingEdge
[15:43:06.413] Game Arch: x64
[15:43:06.413] ------------------------------
[15:43:06.414] Command-Line: 
[15:43:06.414] ------------------------------
[15:43:06.415] Core::BasePath = C:\Users\Pytho\Projects\SDFrameStatsMod\StellarDrive_0.6.5
[15:43:06.415] Game::BasePath = C:\Users\Pytho\Projects\SDFrameStatsMod\StellarDrive_0.6.5
[15:43:06.416] Game::DataPath = C:\Users\Pytho\Projects\SDFrameStatsMod\StellarDrive_0.6.5\StellarDrive_Data
[15:43:06.416] Game::ApplicationPath = C:\Users\Pytho\Projects\SDFrameStatsMod\StellarDrive_0.6.5\StellarDrive.exe
[15:43:06.416] Runtime Type: net35
[15:43:06.494] ------------------------------
[15:43:06.495] Game Name: StellarDrive
[15:43:06.495] Game Developer: CuriousOwlGames
[15:43:06.497] Unity Version: 2022.3.11f1
[15:43:06.497] Game Version: UNKNOWN
[15:43:06.497] ------------------------------

[15:43:06.750] Preferences Loaded!

[15:43:06.770] Loading UserLibs...
[15:43:06.894] ------------------------------
[15:43:06.898] Melon Assembly loaded: '.\UserLibs\HidSharp.dll'
[15:43:06.898] SHA256 Hash: '61EB2E22A5620D789A23D389F1AF9D38FAFF4D85F46ADEDBC28FB22CFEC61BF9'
[15:43:06.904] Melon Assembly loaded: '.\UserLibs\LibreHardwareMonitorLib.dll'
[15:43:06.904] SHA256 Hash: '99B39B0B0AC865C38A33DFF7DEE080FF17AAC3337B2332812CA2D7BB13C89460'
[15:43:06.905] Melon Assembly loaded: '.\UserLibs\Microsoft.Win32.Registry.dll'
[15:43:06.905] SHA256 Hash: 'D641EB0065BD5CDB541C5BF0D2FF976720D35D62416AB959727651ABF0ABA2CA'
[15:43:06.906] Melon Assembly loaded: '.\UserLibs\System.Buffers.dll'
[15:43:06.906] SHA256 Hash: 'C65FFF603B283DC966D1A8B730C11D5E5E750E8021BD24640612F6CC3F2C6FB7'
[15:43:06.908] Melon Assembly loaded: '.\UserLibs\System.CodeDom.dll'
[15:43:06.908] SHA256 Hash: 'CF18C822A341A3932FC8C08D7F21BF015F7E3C2696619560C94B63629341376A'
[15:43:06.909] Melon Assembly loaded: '.\UserLibs\System.IO.FileSystem.AccessControl.dll'
[15:43:06.909] SHA256 Hash: 'D2D6CD3FEF822959B68A68A6AF6096963BBE6493D90E16F0AF65FEDE25D85F32'
[15:43:06.910] Melon Assembly loaded: '.\UserLibs\System.IO.Ports.dll'
[15:43:06.911] SHA256 Hash: 'B1ECEF838C8B833BE76D1EF75AD8A0B1FAD805FC951136C9E5256FD3CF15FC1B'
[15:43:06.913] Melon Assembly loaded: '.\UserLibs\System.Management.dll'
[15:43:06.913] SHA256 Hash: '205BF789DD38D8ABC5FDC9CD8653469400ED9D6386B07384609848B9C95D7721'
[15:43:06.914] Melon Assembly loaded: '.\UserLibs\System.Memory.dll'
[15:43:06.915] SHA256 Hash: 'D2E3949FCF3A3B3A20BB9A568A4DA582D9A90D64F34C0BDC07C9029BFE8F1858'
[15:43:06.917] Melon Assembly loaded: '.\UserLibs\System.Numerics.Vectors.dll'
[15:43:06.917] SHA256 Hash: '2324EE5A35674269225E2AA20957CE8830DBCA0CFFB918BD593F7A3222DEE480'
[15:43:06.918] Melon Assembly loaded: '.\UserLibs\System.Runtime.CompilerServices.Unsafe.dll'
[15:43:06.918] SHA256 Hash: 'BFC8F02A96934786CA5A0514A3B657021C12542E215E94B78FDCC74BFEFFE3D3'
[15:43:06.920] Melon Assembly loaded: '.\UserLibs\System.Security.AccessControl.dll'
[15:43:06.928] SHA256 Hash: '93084849C17A21F641C13C9F17545CFE18C1EC097561F3F0EBBBE26F358BA120'
[15:43:06.930] Melon Assembly loaded: '.\UserLibs\System.Security.Principal.Windows.dll'
[15:43:06.930] SHA256 Hash: '7828DFD952A9FD49404477BAFF714849177D9F18C0654ADAFADBDCAFB4B21F47'
[15:43:06.953] Melon Assembly loaded: '.\UserLibs\UniverseLib.Mono.dll'
[15:43:06.953] SHA256 Hash: '3B10913FFEAC9A0744583F0BB18218A5CFAFCBA467A7F9F99FA731E801A5A880'
[15:43:06.955] ------------------------------
[15:43:06.955] 0 UserLibs loaded.

[15:43:06.956] Loading Plugins...
[15:43:06.957] 0 Plugins loaded.


[15:43:07.742] Loading Mods...
[15:43:07.768] ------------------------------
[15:43:07.770] Melon Assembly loaded: '.\Mods\FrameStats.dll'
[15:43:07.770] SHA256 Hash: 'C3A3D5D1EC7F2E42E4AA58371571A54E265007F1D0D4E464475EBB1D7323B146'
[15:43:07.786] Melon Assembly loaded: '.\Mods\UnityExplorer.ML.Mono.dll'
[15:43:07.786] SHA256 Hash: '7E6C95C5F0DB2D6B22F506AAD4D268A96250BD64D8E259B7E4073106250F36D2'

[15:43:07.811] ------------------------------
[15:43:07.811] FrameStats v1.0.0
[15:43:07.811] by oneshade
[15:43:07.812] Assembly: FrameStats.dll
[15:43:07.812] ------------------------------
[15:43:07.813] ------------------------------
[15:43:07.813] UnityExplorer v4.9.0
[15:43:07.813] by Sinai
[15:43:07.813] Assembly: UnityExplorer.ML.Mono.dll
[15:43:07.813] ------------------------------
[15:43:07.814] ------------------------------
[15:43:07.814] 2 Mods loaded.

[15:43:07.819] Support Module Loaded: C:\Users\Pytho\Projects\SDFrameStatsMod\StellarDrive_0.6.5\MelonLoader\Dependencies\SupportModules\Mono.dll
[15:43:07.841] [FrameStats] Loading asset bundle ui...
[15:43:07.854] [FrameStats]     Loaded asset FrameStatsPanel
[15:43:07.854] [FrameStats]     Loaded asset FrameStatsSettings
[15:43:07.857] [UnityExplorer] UnityExplorer 4.9.0 initializing...
[15:43:07.872] [UnityExplorer] [UniverseLib] UniverseLib 1.5.1 initializing...
[15:43:08.239] [UnityExplorer] [UniverseLib] Finished UniverseLib initial setup.
[15:43:08.243] [UnityExplorer] Initialized UnityCrashPrevention for: Canvas.get_renderingDisplaySize
[15:43:10.515] [FrameStats] scene MainMenu loaded, index 0
[15:43:12.121] [UnityExplorer] [UniverseLib] Initialized new InputSystem support.
[15:43:12.174] [UnityExplorer] [UniverseLib] Loaded modern bundle for Unity 2022.3.11f1
[15:43:12.190] [UnityExplorer] [UniverseLib] UniverseLib 1.5.1 initialized.
[15:43:12.191] [UnityExplorer] Creating UI...
[15:43:12.673] [UnityExplorer] UnityExplorer 4.9.0 (Mono) initialized.
[15:43:14.148] [FrameStats] have options menu
[15:43:14.149] [FrameStats] added stats setting option
[15:43:16.476] [FrameStats] Toggle: False
[15:43:16.734] [FrameStats] Toggle: True
[15:43:18.250] Preferences Saved!
