
[22:49:08.722] ------------------------------
[22:49:08.744] MelonLoader v0.7.0 Open-Beta
[22:49:08.745] OS: Windows 11
[22:49:08.745] Hash Code: F2DCA88FB1569FD6750096CED35BBB808C50BA273E0D295347A24385B0B764CA
[22:49:08.745] ------------------------------
[22:49:08.746] Game Type: MonoBleedingEdge
[22:49:08.746] Game Arch: x64
[22:49:08.747] ------------------------------
[22:49:08.747] Command-Line: 
[22:49:08.747] ------------------------------
[22:49:08.747] Core::BasePath = C:\Users\Pytho\Projects\SDFrameStatsMod\StellarDrive_0.6.5
[22:49:08.747] Game::BasePath = C:\Users\Pytho\Projects\SDFrameStatsMod\StellarDrive_0.6.5
[22:49:08.748] Game::DataPath = C:\Users\Pytho\Projects\SDFrameStatsMod\StellarDrive_0.6.5\StellarDrive_Data
[22:49:08.748] Game::ApplicationPath = C:\Users\Pytho\Projects\SDFrameStatsMod\StellarDrive_0.6.5\StellarDrive.exe
[22:49:08.748] Runtime Type: net35
[22:49:08.816] ------------------------------
[22:49:08.816] Game Name: StellarDrive
[22:49:08.817] Game Developer: CuriousOwlGames
[22:49:08.818] Unity Version: 2022.3.11f1
[22:49:08.819] Game Version: UNKNOWN
[22:49:08.819] ------------------------------

[22:49:09.073] Preferences Loaded!

[22:49:09.092] Loading UserLibs...
[22:49:09.111] ------------------------------
[22:49:09.114] Melon Assembly loaded: '.\UserLibs\HidSharp.dll'
[22:49:09.115] SHA256 Hash: '61EB2E22A5620D789A23D389F1AF9D38FAFF4D85F46ADEDBC28FB22CFEC61BF9'
[22:49:09.121] Melon Assembly loaded: '.\UserLibs\LibreHardwareMonitorLib.dll'
[22:49:09.121] SHA256 Hash: '99B39B0B0AC865C38A33DFF7DEE080FF17AAC3337B2332812CA2D7BB13C89460'
[22:49:09.122] Melon Assembly loaded: '.\UserLibs\Microsoft.Win32.Registry.dll'
[22:49:09.122] SHA256 Hash: 'D641EB0065BD5CDB541C5BF0D2FF976720D35D62416AB959727651ABF0ABA2CA'
[22:49:09.123] Melon Assembly loaded: '.\UserLibs\System.Buffers.dll'
[22:49:09.123] SHA256 Hash: 'C65FFF603B283DC966D1A8B730C11D5E5E750E8021BD24640612F6CC3F2C6FB7'
[22:49:09.125] Melon Assembly loaded: '.\UserLibs\System.CodeDom.dll'
[22:49:09.126] SHA256 Hash: 'CF18C822A341A3932FC8C08D7F21BF015F7E3C2696619560C94B63629341376A'
[22:49:09.128] Melon Assembly loaded: '.\UserLibs\System.IO.FileSystem.AccessControl.dll'
[22:49:09.129] SHA256 Hash: 'D2D6CD3FEF822959B68A68A6AF6096963BBE6493D90E16F0AF65FEDE25D85F32'
[22:49:09.130] Melon Assembly loaded: '.\UserLibs\System.IO.Ports.dll'
[22:49:09.130] SHA256 Hash: 'B1ECEF838C8B833BE76D1EF75AD8A0B1FAD805FC951136C9E5256FD3CF15FC1B'
[22:49:09.131] Melon Assembly loaded: '.\UserLibs\System.Management.dll'
[22:49:09.132] SHA256 Hash: '205BF789DD38D8ABC5FDC9CD8653469400ED9D6386B07384609848B9C95D7721'
[22:49:09.133] Melon Assembly loaded: '.\UserLibs\System.Memory.dll'
[22:49:09.133] SHA256 Hash: 'D2E3949FCF3A3B3A20BB9A568A4DA582D9A90D64F34C0BDC07C9029BFE8F1858'
[22:49:09.136] Melon Assembly loaded: '.\UserLibs\System.Numerics.Vectors.dll'
[22:49:09.136] SHA256 Hash: '2324EE5A35674269225E2AA20957CE8830DBCA0CFFB918BD593F7A3222DEE480'
[22:49:09.137] Melon Assembly loaded: '.\UserLibs\System.Runtime.CompilerServices.Unsafe.dll'
[22:49:09.137] SHA256 Hash: 'BFC8F02A96934786CA5A0514A3B657021C12542E215E94B78FDCC74BFEFFE3D3'
[22:49:09.138] Melon Assembly loaded: '.\UserLibs\System.Security.AccessControl.dll'
[22:49:09.138] SHA256 Hash: '93084849C17A21F641C13C9F17545CFE18C1EC097561F3F0EBBBE26F358BA120'
[22:49:09.139] Melon Assembly loaded: '.\UserLibs\System.Security.Principal.Windows.dll'
[22:49:09.140] SHA256 Hash: '7828DFD952A9FD49404477BAFF714849177D9F18C0654ADAFADBDCAFB4B21F47'
[22:49:09.162] Melon Assembly loaded: '.\UserLibs\UniverseLib.Mono.dll'
[22:49:09.163] SHA256 Hash: '3B10913FFEAC9A0744583F0BB18218A5CFAFCBA467A7F9F99FA731E801A5A880'
[22:49:09.163] ------------------------------
[22:49:09.164] 0 UserLibs loaded.

[22:49:09.164] Loading Plugins...
[22:49:09.165] 0 Plugins loaded.


[22:49:09.860] Loading Mods...
[22:49:09.862] ------------------------------
[22:49:09.863] Melon Assembly loaded: '.\Mods\FrameStats.dll'
[22:49:09.863] SHA256 Hash: '32CF260C871328581B3A8748BAD8F5092D544D6F37DB0E20F44D697A45FCD84B'
[22:49:09.879] Melon Assembly loaded: '.\Mods\UnityExplorer.ML.Mono.dll'
[22:49:09.879] SHA256 Hash: '7E6C95C5F0DB2D6B22F506AAD4D268A96250BD64D8E259B7E4073106250F36D2'

[22:49:09.904] ------------------------------
[22:49:09.905] FrameStats v1.0.0
[22:49:09.905] by oneshade
[22:49:09.905] Assembly: FrameStats.dll
[22:49:09.905] ------------------------------
[22:49:09.906] ------------------------------
[22:49:09.907] UnityExplorer v4.9.0
[22:49:09.907] by Sinai
[22:49:09.907] Assembly: UnityExplorer.ML.Mono.dll
[22:49:09.908] ------------------------------
[22:49:09.908] ------------------------------
[22:49:09.908] 2 Mods loaded.

[22:49:09.914] Support Module Loaded: C:\Users\Pytho\Projects\SDFrameStatsMod\StellarDrive_0.6.5\MelonLoader\Dependencies\SupportModules\Mono.dll
[22:49:09.924] [UnityExplorer] UnityExplorer 4.9.0 initializing...
[22:49:09.942] [UnityExplorer] [UniverseLib] UniverseLib 1.5.1 initializing...
[22:49:10.311] [UnityExplorer] [UniverseLib] Finished UniverseLib initial setup.
[22:49:10.316] [UnityExplorer] Initialized UnityCrashPrevention for: Canvas.get_renderingDisplaySize
[22:49:12.591] [FrameStats] scene MainMenu loaded, index 0
[22:49:13.128] [FrameStats] Loading asset bundle ui...
[22:49:13.131] [FrameStats]     Loaded asset FrameStatsPanel
[22:49:13.131] [FrameStats]     Loaded asset FrameStatsSettings
[22:49:13.644] [FrameStats] Hardware: Intel Core i9-14900HX
[22:49:13.645] [FrameStats]     Sensor: CPU Core #1 Thread #1, type: Load, value: 16.89994
[22:49:13.646] [FrameStats]     Sensor: CPU Core #1 Thread #2, type: Load, value: 1.212263
[22:49:13.646] [FrameStats]     Sensor: CPU Core #2 Thread #1, type: Load, value: 5.669827
[22:49:13.646] [FrameStats]     Sensor: CPU Core #2 Thread #2, type: Load, value: 1.19909
[22:49:13.646] [FrameStats]     Sensor: CPU Core #3 Thread #1, type: Load, value: 1.867586
[22:49:13.646] [FrameStats]     Sensor: CPU Core #3 Thread #2, type: Load, value: 1.22577
[22:49:13.646] [FrameStats]     Sensor: CPU Core #4 Thread #1, type: Load, value: 1.471931
[22:49:13.646] [FrameStats]     Sensor: CPU Core #4 Thread #2, type: Load, value: 1.198655
[22:49:13.646] [FrameStats]     Sensor: CPU Core #5 Thread #1, type: Load, value: 1.724869
[22:49:13.646] [FrameStats]     Sensor: CPU Core #5 Thread #2, type: Load, value: 70.19277
[22:49:13.646] [FrameStats]     Sensor: CPU Core #6 Thread #1, type: Load, value: 65.19138
[22:49:13.646] [FrameStats]     Sensor: CPU Core #6 Thread #2, type: Load, value: 1.239544
[22:49:13.646] [FrameStats]     Sensor: CPU Core #7 Thread #1, type: Load, value: 0
[22:49:13.646] [FrameStats]     Sensor: CPU Core #7 Thread #2, type: Load, value: 23.84777
[22:49:13.646] [FrameStats]     Sensor: CPU Core #8 Thread #1, type: Load, value: 11.6318
[22:49:13.646] [FrameStats]     Sensor: CPU Core #8 Thread #2, type: Load, value: 6.189567
[22:49:13.646] [FrameStats]     Sensor: CPU Core #9, type: Load, value: 2.42095
[22:49:13.646] [FrameStats]     Sensor: CPU Core #10, type: Load, value: 1.288557
[22:49:13.646] [FrameStats]     Sensor: CPU Core #11, type: Load, value: 1.293474
[22:49:13.646] [FrameStats]     Sensor: CPU Core #12, type: Load, value: 1.299775
[22:49:13.646] [FrameStats]     Sensor: CPU Core #13, type: Load, value: 3.133744
[22:49:13.646] [FrameStats]     Sensor: CPU Core #14, type: Load, value: 1.287514
[22:49:13.646] [FrameStats]     Sensor: CPU Core #15, type: Load, value: 1.285189
[22:49:13.647] [FrameStats]     Sensor: CPU Core #16, type: Load, value: 1.299232
[22:49:13.647] [FrameStats]     Sensor: CPU Core #17, type: Load, value: 1.322341
[22:49:13.647] [FrameStats]     Sensor: CPU Core #18, type: Load, value: 13.41299
[22:49:13.647] [FrameStats]     Sensor: CPU Core #19, type: Load, value: 1.319408
[22:49:13.647] [FrameStats]     Sensor: CPU Core #20, type: Load, value: 1.311427
[22:49:13.647] [FrameStats]     Sensor: CPU Core #21, type: Load, value: 13.69997
[22:49:13.647] [FrameStats]     Sensor: CPU Core #22, type: Load, value: 1.303244
[22:49:13.647] [FrameStats]     Sensor: CPU Core #23, type: Load, value: 1.303411
[22:49:13.647] [FrameStats]     Sensor: CPU Core #24, type: Load, value: 1.484734
[22:49:13.647] [FrameStats]     Sensor: CPU Total, type: Load, value: 7.975352
[22:49:13.647] [FrameStats]     Sensor: CPU Core Max, type: Load, value: 70.19277
[22:49:13.647] [FrameStats]     Sensor: Core Max, type: Temperature, value: 64
[22:49:13.647] [FrameStats]     Sensor: Core Average, type: Temperature, value: 58.95833
[22:49:13.647] [FrameStats]     Sensor: CPU Core #1, type: Temperature, value: 59
[22:49:13.647] [FrameStats]     Sensor: CPU Core #2, type: Temperature, value: 58
[22:49:13.647] [FrameStats]     Sensor: CPU Core #3, type: Temperature, value: 58
[22:49:13.647] [FrameStats]     Sensor: CPU Core #4, type: Temperature, value: 63
[22:49:13.647] [FrameStats]     Sensor: CPU Core #5, type: Temperature, value: 64
[22:49:13.647] [FrameStats]     Sensor: CPU Core #6, type: Temperature, value: 62
[22:49:13.647] [FrameStats]     Sensor: CPU Core #7, type: Temperature, value: 59
[22:49:13.647] [FrameStats]     Sensor: CPU Core #8, type: Temperature, value: 56
[22:49:13.647] [FrameStats]     Sensor: CPU Core #9, type: Temperature, value: 58
[22:49:13.647] [FrameStats]     Sensor: CPU Core #10, type: Temperature, value: 58
[22:49:13.647] [FrameStats]     Sensor: CPU Core #11, type: Temperature, value: 58
[22:49:13.647] [FrameStats]     Sensor: CPU Core #12, type: Temperature, value: 58
[22:49:13.647] [FrameStats]     Sensor: CPU Core #13, type: Temperature, value: 59
[22:49:13.647] [FrameStats]     Sensor: CPU Core #14, type: Temperature, value: 59
[22:49:13.647] [FrameStats]     Sensor: CPU Core #15, type: Temperature, value: 59
[22:49:13.647] [FrameStats]     Sensor: CPU Core #16, type: Temperature, value: 59
[22:49:13.647] [FrameStats]     Sensor: CPU Core #17, type: Temperature, value: 58
[22:49:13.648] [FrameStats]     Sensor: CPU Core #18, type: Temperature, value: 58
[22:49:13.648] [FrameStats]     Sensor: CPU Core #19, type: Temperature, value: 58
[22:49:13.648] [FrameStats]     Sensor: CPU Core #20, type: Temperature, value: 58
[22:49:13.648] [FrameStats]     Sensor: CPU Core #21, type: Temperature, value: 59
[22:49:13.648] [FrameStats]     Sensor: CPU Core #22, type: Temperature, value: 59
[22:49:13.648] [FrameStats]     Sensor: CPU Core #23, type: Temperature, value: 59
[22:49:13.648] [FrameStats]     Sensor: CPU Core #24, type: Temperature, value: 59
[22:49:13.648] [FrameStats]     Sensor: CPU Package, type: Temperature, value: 64
[22:49:13.648] [FrameStats]     Sensor: CPU Core #1 Distance to TjMax, type: Temperature, value: 41
[22:49:13.648] [FrameStats]     Sensor: CPU Core #2 Distance to TjMax, type: Temperature, value: 42
[22:49:13.648] [FrameStats]     Sensor: CPU Core #3 Distance to TjMax, type: Temperature, value: 42
[22:49:13.648] [FrameStats]     Sensor: CPU Core #4 Distance to TjMax, type: Temperature, value: 37
[22:49:13.648] [FrameStats]     Sensor: CPU Core #5 Distance to TjMax, type: Temperature, value: 36
[22:49:13.648] [FrameStats]     Sensor: CPU Core #6 Distance to TjMax, type: Temperature, value: 38
[22:49:13.648] [FrameStats]     Sensor: CPU Core #7 Distance to TjMax, type: Temperature, value: 41
[22:49:13.648] [FrameStats]     Sensor: CPU Core #8 Distance to TjMax, type: Temperature, value: 44
[22:49:13.648] [FrameStats]     Sensor: CPU Core #9 Distance to TjMax, type: Temperature, value: 42
[22:49:13.648] [FrameStats]     Sensor: CPU Core #10 Distance to TjMax, type: Temperature, value: 42
[22:49:13.648] [FrameStats]     Sensor: CPU Core #11 Distance to TjMax, type: Temperature, value: 42
[22:49:13.648] [FrameStats]     Sensor: CPU Core #12 Distance to TjMax, type: Temperature, value: 42
[22:49:13.648] [FrameStats]     Sensor: CPU Core #13 Distance to TjMax, type: Temperature, value: 41
[22:49:13.648] [FrameStats]     Sensor: CPU Core #14 Distance to TjMax, type: Temperature, value: 41
[22:49:13.648] [FrameStats]     Sensor: CPU Core #15 Distance to TjMax, type: Temperature, value: 41
[22:49:13.648] [FrameStats]     Sensor: CPU Core #16 Distance to TjMax, type: Temperature, value: 41
[22:49:13.648] [FrameStats]     Sensor: CPU Core #17 Distance to TjMax, type: Temperature, value: 42
[22:49:13.649] [FrameStats]     Sensor: CPU Core #18 Distance to TjMax, type: Temperature, value: 42
[22:49:13.649] [FrameStats]     Sensor: CPU Core #19 Distance to TjMax, type: Temperature, value: 42
[22:49:13.649] [FrameStats]     Sensor: CPU Core #20 Distance to TjMax, type: Temperature, value: 42
[22:49:13.649] [FrameStats]     Sensor: CPU Core #21 Distance to TjMax, type: Temperature, value: 41
[22:49:13.649] [FrameStats]     Sensor: CPU Core #22 Distance to TjMax, type: Temperature, value: 41
[22:49:13.649] [FrameStats]     Sensor: CPU Core #23 Distance to TjMax, type: Temperature, value: 41
[22:49:13.649] [FrameStats]     Sensor: CPU Core #24 Distance to TjMax, type: Temperature, value: 41
[22:49:13.649] [FrameStats]     Sensor: CPU Core #1, type: Clock, value: 4536.048
[22:49:13.649] [FrameStats]     Sensor: CPU Core #2, type: Clock, value: 4536.048
[22:49:13.649] [FrameStats]     Sensor: CPU Core #3, type: Clock, value: 4334.446
[22:49:13.649] [FrameStats]     Sensor: CPU Core #4, type: Clock, value: 4435.247
[22:49:13.649] [FrameStats]     Sensor: CPU Core #5, type: Clock, value: 4536.048
[22:49:13.649] [FrameStats]     Sensor: CPU Core #6, type: Clock, value: 4334.446
[22:49:13.649] [FrameStats]     Sensor: CPU Core #7, type: Clock, value: 4536.048
[22:49:13.649] [FrameStats]     Sensor: CPU Core #8, type: Clock, value: 4536.048
[22:49:13.649] [FrameStats]     Sensor: CPU Core #9, type: Clock, value: 3628.838
[22:49:13.649] [FrameStats]     Sensor: CPU Core #10, type: Clock, value: 3628.838
[22:49:13.649] [FrameStats]     Sensor: CPU Core #11, type: Clock, value: 3628.838
[22:49:13.649] [FrameStats]     Sensor: CPU Core #12, type: Clock, value: 3628.838
[22:49:13.649] [FrameStats]     Sensor: CPU Core #13, type: Clock, value: 3628.838
[22:49:13.649] [FrameStats]     Sensor: CPU Core #14, type: Clock, value: 3628.838
[22:49:13.649] [FrameStats]     Sensor: CPU Core #15, type: Clock, value: 3628.838
[22:49:13.649] [FrameStats]     Sensor: CPU Core #16, type: Clock, value: 3628.838
[22:49:13.649] [FrameStats]     Sensor: CPU Core #17, type: Clock, value: 3628.838
[22:49:13.649] [FrameStats]     Sensor: CPU Core #18, type: Clock, value: 3628.838
[22:49:13.649] [FrameStats]     Sensor: CPU Core #19, type: Clock, value: 3628.838
[22:49:13.649] [FrameStats]     Sensor: CPU Core #20, type: Clock, value: 3628.838
[22:49:13.649] [FrameStats]     Sensor: CPU Core #21, type: Clock, value: 3628.838
[22:49:13.649] [FrameStats]     Sensor: CPU Core #22, type: Clock, value: 3628.838
[22:49:13.649] [FrameStats]     Sensor: CPU Core #23, type: Clock, value: 3628.838
[22:49:13.649] [FrameStats]     Sensor: CPU Core #24, type: Clock, value: 3628.838
[22:49:13.650] [FrameStats]     Sensor: CPU Package, type: Power, value: 26.39523
[22:49:13.650] [FrameStats]     Sensor: CPU Cores, type: Power, value: 19.79811
[22:49:13.650] [FrameStats]     Sensor: CPU Memory, type: Power, value: 0
[22:49:13.650] [FrameStats]     Sensor: CPU Platform, type: Power, value: 54.98801
[22:49:13.650] [FrameStats]     Sensor: CPU Core, type: Voltage, value: 1.153931
[22:49:13.650] [FrameStats]     Sensor: CPU Core #1, type: Voltage, value: 1.153931
[22:49:13.650] [FrameStats]     Sensor: CPU Core #2, type: Voltage, value: 1.138916
[22:49:13.650] [FrameStats]     Sensor: CPU Core #3, type: Voltage, value: 1.118896
[22:49:13.650] [FrameStats]     Sensor: CPU Core #4, type: Voltage, value: 1.148926
[22:49:13.650] [FrameStats]     Sensor: CPU Core #5, type: Voltage, value: 1.118896
[22:49:13.650] [FrameStats]     Sensor: CPU Core #6, type: Voltage, value: 1.118896
[22:49:13.650] [FrameStats]     Sensor: CPU Core #7, type: Voltage, value: 1.133911
[22:49:13.650] [FrameStats]     Sensor: CPU Core #8, type: Voltage, value: 1.138428
[22:49:13.650] [FrameStats]     Sensor: CPU Core #9, type: Voltage, value: 1.123413
[22:49:13.650] [FrameStats]     Sensor: CPU Core #10, type: Voltage, value: 1.123413
[22:49:13.650] [FrameStats]     Sensor: CPU Core #11, type: Voltage, value: 1.123413
[22:49:13.650] [FrameStats]     Sensor: CPU Core #12, type: Voltage, value: 1.113403
[22:49:13.650] [FrameStats]     Sensor: CPU Core #13, type: Voltage, value: 1.113403
[22:49:13.650] [FrameStats]     Sensor: CPU Core #14, type: Voltage, value: 1.113403
[22:49:13.650] [FrameStats]     Sensor: CPU Core #15, type: Voltage, value: 1.123413
[22:49:13.650] [FrameStats]     Sensor: CPU Core #16, type: Voltage, value: 1.123413
[22:49:13.650] [FrameStats]     Sensor: CPU Core #17, type: Voltage, value: 1.123413
[22:49:13.650] [FrameStats]     Sensor: CPU Core #18, type: Voltage, value: 1.123413
[22:49:13.650] [FrameStats]     Sensor: CPU Core #19, type: Voltage, value: 1.123413
[22:49:13.650] [FrameStats]     Sensor: CPU Core #20, type: Voltage, value: 1.113403
[22:49:13.650] [FrameStats]     Sensor: CPU Core #21, type: Voltage, value: 1.113403
[22:49:13.650] [FrameStats]     Sensor: CPU Core #22, type: Voltage, value: 1.113403
[22:49:13.650] [FrameStats]     Sensor: CPU Core #23, type: Voltage, value: 1.108398
[22:49:13.650] [FrameStats]     Sensor: CPU Core #24, type: Voltage, value: 1.128418
[22:49:13.650] [FrameStats]     Sensor: Bus Speed, type: Clock, value: 100.8011
[22:49:13.651] [FrameStats] Hardware: Generic Memory
[22:49:13.651] [FrameStats]     Sensor: Memory Used, type: Data, value: 21.24474
[22:49:13.651] [FrameStats]     Sensor: Memory Available, type: Data, value: 10.46997
[22:49:13.651] [FrameStats]     Sensor: Memory, type: Load, value: 66.98701
[22:49:13.651] [FrameStats]     Sensor: Virtual Memory Used, type: Data, value: 41.14742
[22:49:13.651] [FrameStats]     Sensor: Virtual Memory Available, type: Data, value: 5.030994
[22:49:13.651] [FrameStats]     Sensor: Virtual Memory, type: Load, value: 89.10531
[22:49:13.651] [FrameStats] Hardware: NVIDIA GeForce RTX 4070 Laptop GPU
[22:49:13.651] [FrameStats]     Sensor: GPU Core, type: Temperature, value: 50
[22:49:13.651] [FrameStats]     Sensor: GPU Core, type: Clock, value: 465
[22:49:13.651] [FrameStats]     Sensor: GPU Memory, type: Clock, value: 810
[22:49:13.651] [FrameStats]     Sensor: GPU Core, type: Load, value: 0
[22:49:13.651] [FrameStats]     Sensor: GPU Memory Controller, type: Load, value: 0
[22:49:13.651] [FrameStats]     Sensor: GPU Video Engine, type: Load, value: 8
[22:49:13.651] [FrameStats]     Sensor: GPU Bus, type: Load, value: 0
[22:49:13.651] [FrameStats]     Sensor: D3D Dedicated Memory Used, type: SmallData, value: 670.9492
[22:49:13.651] [FrameStats]     Sensor: D3D Shared Memory Used, type: SmallData, value: 165.1875
[22:49:13.651] [FrameStats]     Sensor: D3D 3D, type: Load, value: 0
[22:49:13.651] [FrameStats]     Sensor: D3D Overlay, type: Load, value: 0
[22:49:13.651] [FrameStats]     Sensor: D3D Video Decode, type: Load, value: 6.753909
[22:49:13.651] [FrameStats]     Sensor: D3D Copy, type: Load, value: 0
[22:49:13.651] [FrameStats]     Sensor: D3D Copy, type: Load, value: 0.04021607
[22:49:13.651] [FrameStats]     Sensor: D3D Security, type: Load, value: 0
[22:49:13.651] [FrameStats]     Sensor: D3D Video Encode, type: Load, value: 0
[22:49:13.651] [FrameStats]     Sensor: D3D Video Processing, type: Load, value: 0
[22:49:13.651] [FrameStats]     Sensor: D3D VR, type: Load, value: 0
[22:49:13.651] [FrameStats]     Sensor: GPU Hot Spot, type: Temperature, value: 57.25
[22:49:13.651] [FrameStats]     Sensor: GPU Memory Total, type: SmallData, value: 8188
[22:49:13.651] [FrameStats]     Sensor: GPU Memory Free, type: SmallData, value: 7283
[22:49:13.651] [FrameStats]     Sensor: GPU Memory Used, type: SmallData, value: 904
[22:49:13.651] [FrameStats]     Sensor: GPU Memory, type: Load, value: 11.05257
[22:49:13.651] [FrameStats]     Sensor: GPU Package, type: Power, value: 11.326
[22:49:13.652] [FrameStats]     Sensor: GPU PCIe Rx, type: Throughput, value: 4096
[22:49:13.652] [FrameStats]     Sensor: GPU PCIe Tx, type: Throughput, value: 0
[22:49:13.652] [FrameStats] Hardware: Intel(R) UHD Graphics
[22:49:13.652] [FrameStats]     Sensor: GPU Power, type: Power, value: 0
[22:49:13.652] [FrameStats]     Sensor: D3D Shared Memory Total, type: SmallData, value: 16237.93
[22:49:13.652] [FrameStats]     Sensor: D3D Shared Memory Free, type: SmallData, value: 
[22:49:13.652] [FrameStats]     Sensor: D3D Shared Memory Used, type: SmallData, value: 1784.375
[22:49:13.652] [FrameStats]     Sensor: D3D 3D, type: Load, value: 0
[22:49:13.652] [FrameStats]     Sensor: D3D Video Decode, type: Load, value: 0
[22:49:13.652] [FrameStats]     Sensor: D3D Copy, type: Load, value: 0
[22:49:13.652] [FrameStats]     Sensor: D3D Video Processing, type: Load, value: 0
[22:49:13.652] [FrameStats]     Sensor: D3D Video Decode, type: Load, value: 0
[22:49:13.652] [FrameStats]     Sensor: D3D Other, type: Load, value: 0
[22:49:13.652] [FrameStats]     Sensor: D3D Other, type: Load, value: 0
[22:49:13.652] [FrameStats]     Sensor: D3D Other, type: Load, value: 0
[22:49:13.652] [FrameStats]     Sensor: D3D Other, type: Load, value: 0
[22:49:13.652] [FrameStats]     Sensor: D3D Other, type: Load, value: 0
[22:49:13.652] [FrameStats]     Sensor: D3D GDI Render, type: Load, value: 0
[22:49:13.652] [FrameStats]     Sensor: D3D Other, type: Load, value: 0
[22:49:13.652] [FrameStats]     Sensor: D3D Other, type: Load, value: 0
[22:49:13.652] [FrameStats] Hardware: L23M4PC3 
[22:49:13.652] [FrameStats]     Sensor: Designed Capacity, type: Energy, value: 99900
[22:49:13.652] [FrameStats]     Sensor: Fully-Charged Capacity, type: Energy, value: 94430
[22:49:13.653] [FrameStats]     Sensor: Degradation Level, type: Level, value: 5.475475
[22:49:13.655] [FrameStats]     Sensor: Remaining Capacity, type: Energy, value: 94090
[22:49:13.655] [FrameStats]     Sensor: Charge Level, type: Level, value: 99.63995
[22:49:13.655] [FrameStats]     Sensor: Voltage, type: Voltage, value: 17.448
[22:49:13.655] [FrameStats]     Sensor: Charge/Discharge Current, type: Current, value: 0
[22:49:13.655] [FrameStats]     Sensor: Charge/Discharge Rate, type: Power, value: 0
[22:49:14.765] [UnityExplorer] [UniverseLib] Initialized new InputSystem support.
[22:49:14.821] [UnityExplorer] [UniverseLib] Loaded modern bundle for Unity 2022.3.11f1
[22:49:14.838] [UnityExplorer] [UniverseLib] UniverseLib 1.5.1 initialized.
[22:49:14.839] [UnityExplorer] Creating UI...
[22:49:15.325] [UnityExplorer] UnityExplorer 4.9.0 (Mono) initialized.
