
[12:41:59.133] ------------------------------
[12:41:59.156] MelonLoader v0.7.0 Open-Beta
[12:41:59.157] OS: Windows 11
[12:41:59.157] Hash Code: F2DCA88FB1569FD6750096CED35BBB808C50BA273E0D295347A24385B0B764CA
[12:41:59.157] ------------------------------
[12:41:59.158] Game Type: MonoBleedingEdge
[12:41:59.158] Game Arch: x64
[12:41:59.159] ------------------------------
[12:41:59.159] Command-Line: 
[12:41:59.159] ------------------------------
[12:41:59.159] Core::BasePath = C:\Users\Pytho\Projects\SDFrameStatsMod\StellarDrive_0.6.5
[12:41:59.159] Game::BasePath = C:\Users\Pytho\Projects\SDFrameStatsMod\StellarDrive_0.6.5
[12:41:59.160] Game::DataPath = C:\Users\Pytho\Projects\SDFrameStatsMod\StellarDrive_0.6.5\StellarDrive_Data
[12:41:59.160] Game::ApplicationPath = C:\Users\Pytho\Projects\SDFrameStatsMod\StellarDrive_0.6.5\StellarDrive.exe
[12:41:59.160] Runtime Type: net35
[12:41:59.228] ------------------------------
[12:41:59.228] Game Name: StellarDrive
[12:41:59.229] Game Developer: CuriousOwlGames
[12:41:59.230] Unity Version: 2022.3.11f1
[12:41:59.231] Game Version: UNKNOWN
[12:41:59.231] ------------------------------

[12:41:59.477] Preferences Loaded!

[12:41:59.498] Loading UserLibs...
[12:41:59.517] ------------------------------
[12:41:59.520] Melon Assembly loaded: '.\UserLibs\HidSharp.dll'
[12:41:59.521] SHA256 Hash: '61EB2E22A5620D789A23D389F1AF9D38FAFF4D85F46ADEDBC28FB22CFEC61BF9'
[12:41:59.527] Melon Assembly loaded: '.\UserLibs\LibreHardwareMonitorLib.dll'
[12:41:59.527] SHA256 Hash: '99B39B0B0AC865C38A33DFF7DEE080FF17AAC3337B2332812CA2D7BB13C89460'
[12:41:59.528] Melon Assembly loaded: '.\UserLibs\Microsoft.Win32.Registry.dll'
[12:41:59.528] SHA256 Hash: 'D641EB0065BD5CDB541C5BF0D2FF976720D35D62416AB959727651ABF0ABA2CA'
[12:41:59.529] Melon Assembly loaded: '.\UserLibs\System.Buffers.dll'
[12:41:59.529] SHA256 Hash: 'C65FFF603B283DC966D1A8B730C11D5E5E750E8021BD24640612F6CC3F2C6FB7'
[12:41:59.531] Melon Assembly loaded: '.\UserLibs\System.CodeDom.dll'
[12:41:59.531] SHA256 Hash: 'CF18C822A341A3932FC8C08D7F21BF015F7E3C2696619560C94B63629341376A'
[12:41:59.532] Melon Assembly loaded: '.\UserLibs\System.IO.FileSystem.AccessControl.dll'
[12:41:59.533] SHA256 Hash: 'D2D6CD3FEF822959B68A68A6AF6096963BBE6493D90E16F0AF65FEDE25D85F32'
[12:41:59.534] Melon Assembly loaded: '.\UserLibs\System.IO.Ports.dll'
[12:41:59.534] SHA256 Hash: 'B1ECEF838C8B833BE76D1EF75AD8A0B1FAD805FC951136C9E5256FD3CF15FC1B'
[12:41:59.536] Melon Assembly loaded: '.\UserLibs\System.Management.dll'
[12:41:59.536] SHA256 Hash: '205BF789DD38D8ABC5FDC9CD8653469400ED9D6386B07384609848B9C95D7721'
[12:41:59.538] Melon Assembly loaded: '.\UserLibs\System.Memory.dll'
[12:41:59.538] SHA256 Hash: 'D2E3949FCF3A3B3A20BB9A568A4DA582D9A90D64F34C0BDC07C9029BFE8F1858'
[12:41:59.542] Melon Assembly loaded: '.\UserLibs\System.Numerics.Vectors.dll'
[12:41:59.543] SHA256 Hash: '2324EE5A35674269225E2AA20957CE8830DBCA0CFFB918BD593F7A3222DEE480'
[12:41:59.544] Melon Assembly loaded: '.\UserLibs\System.Runtime.CompilerServices.Unsafe.dll'
[12:41:59.544] SHA256 Hash: 'BFC8F02A96934786CA5A0514A3B657021C12542E215E94B78FDCC74BFEFFE3D3'
[12:41:59.545] Melon Assembly loaded: '.\UserLibs\System.Security.AccessControl.dll'
[12:41:59.545] SHA256 Hash: '93084849C17A21F641C13C9F17545CFE18C1EC097561F3F0EBBBE26F358BA120'
[12:41:59.546] Melon Assembly loaded: '.\UserLibs\System.Security.Principal.Windows.dll'
[12:41:59.546] SHA256 Hash: '7828DFD952A9FD49404477BAFF714849177D9F18C0654ADAFADBDCAFB4B21F47'
[12:41:59.568] Melon Assembly loaded: '.\UserLibs\UniverseLib.Mono.dll'
[12:41:59.569] SHA256 Hash: '3B10913FFEAC9A0744583F0BB18218A5CFAFCBA467A7F9F99FA731E801A5A880'
[12:41:59.569] ------------------------------
[12:41:59.569] 0 UserLibs loaded.

[12:41:59.569] Loading Plugins...
[12:41:59.570] 0 Plugins loaded.


[12:42:00.313] Loading Mods...
[12:42:00.314] ------------------------------
[12:42:00.315] Melon Assembly loaded: '.\Mods\FrameStats.dll'
[12:42:00.315] SHA256 Hash: 'A570541C5171306EFA12D537B60029F5C5B96266813CDDE2BA6E7D26A26AE0A1'
[12:42:00.331] Melon Assembly loaded: '.\Mods\UnityExplorer.ML.Mono.dll'
[12:42:00.331] SHA256 Hash: '7E6C95C5F0DB2D6B22F506AAD4D268A96250BD64D8E259B7E4073106250F36D2'

[12:42:00.354] ------------------------------
[12:42:00.355] FrameStats v1.0.0
[12:42:00.355] by oneshade
[12:42:00.355] Assembly: FrameStats.dll
[12:42:00.355] ------------------------------
[12:42:00.356] ------------------------------
[12:42:00.357] UnityExplorer v4.9.0
[12:42:00.357] by Sinai
[12:42:00.357] Assembly: UnityExplorer.ML.Mono.dll
[12:42:00.357] ------------------------------
[12:42:00.358] ------------------------------
[12:42:00.358] 2 Mods loaded.

[12:42:00.363] Support Module Loaded: C:\Users\Pytho\Projects\SDFrameStatsMod\StellarDrive_0.6.5\MelonLoader\Dependencies\SupportModules\Mono.dll
[12:42:00.385] [FrameStats] Loading asset bundle ui...
[12:42:00.398] [FrameStats]     Loaded asset FrameStatsPanel
[12:42:00.398] [FrameStats]     Loaded asset FrameStatsSettings
[12:42:00.402] [UnityExplorer] UnityExplorer 4.9.0 initializing...
[12:42:00.417] [UnityExplorer] [UniverseLib] UniverseLib 1.5.1 initializing...
[12:42:00.783] [UnityExplorer] [UniverseLib] Finished UniverseLib initial setup.
[12:42:00.788] [UnityExplorer] Initialized UnityCrashPrevention for: Canvas.get_renderingDisplaySize
[12:42:03.056] [FrameStats] scene MainMenu loaded, index 0
[12:42:04.663] [UnityExplorer] [UniverseLib] Initialized new InputSystem support.
[12:42:04.716] [UnityExplorer] [UniverseLib] Loaded modern bundle for Unity 2022.3.11f1
[12:42:04.732] [UnityExplorer] [UniverseLib] UniverseLib 1.5.1 initialized.
[12:42:04.733] [UnityExplorer] Creating UI...
[12:42:05.211] [UnityExplorer] UnityExplorer 4.9.0 (Mono) initialized.
[12:42:05.288] [FrameStats] have options menu
[12:42:05.291] [FrameStats] added stats setting option
[12:42:11.252] Preferences Saved!
