
[16:19:20.082] ------------------------------
[16:19:20.103] MelonLoader v0.7.0 Open-Beta
[16:19:20.104] OS: Windows 11
[16:19:20.105] Hash Code: F2DCA88FB1569FD6750096CED35BBB808C50BA273E0D295347A24385B0B764CA
[16:19:20.105] ------------------------------
[16:19:20.106] Game Type: MonoBleedingEdge
[16:19:20.106] Game Arch: x64
[16:19:20.106] ------------------------------
[16:19:20.106] Command-Line: 
[16:19:20.106] ------------------------------
[16:19:20.106] Core::BasePath = C:\Users\Pytho\Projects\SDFrameStatsMod\StellarDrive_0.6.5
[16:19:20.106] Game::BasePath = C:\Users\Pytho\Projects\SDFrameStatsMod\StellarDrive_0.6.5
[16:19:20.115] Game::DataPath = C:\Users\Pytho\Projects\SDFrameStatsMod\StellarDrive_0.6.5\StellarDrive_Data
[16:19:20.115] Game::ApplicationPath = C:\Users\Pytho\Projects\SDFrameStatsMod\StellarDrive_0.6.5\StellarDrive.exe
[16:19:20.115] Runtime Type: net35
[16:19:20.200] ------------------------------
[16:19:20.200] Game Name: StellarDrive
[16:19:20.200] Game Developer: CuriousOwlGames
[16:19:20.202] Unity Version: 2022.3.11f1
[16:19:20.203] Game Version: UNKNOWN
[16:19:20.203] ------------------------------

[16:19:20.451] Preferences Loaded!

[16:19:20.470] Loading UserLibs...
[16:19:20.588] ------------------------------
[16:19:20.590] Melon Assembly loaded: '.\UserLibs\FrameStats.dll'
[16:19:20.590] SHA256 Hash: '6215D25F22AFF28408F48F4BD4B963EF4BCA30179D73A8B241090E6D88DCAB98'
[16:19:20.592] Melon Assembly loaded: '.\UserLibs\HidSharp.dll'
[16:19:20.593] SHA256 Hash: '61EB2E22A5620D789A23D389F1AF9D38FAFF4D85F46ADEDBC28FB22CFEC61BF9'
[16:19:20.599] Melon Assembly loaded: '.\UserLibs\LibreHardwareMonitorLib.dll'
[16:19:20.599] SHA256 Hash: '99B39B0B0AC865C38A33DFF7DEE080FF17AAC3337B2332812CA2D7BB13C89460'
[16:19:20.600] Melon Assembly loaded: '.\UserLibs\Microsoft.Win32.Registry.dll'
[16:19:20.601] SHA256 Hash: '340933AD6701077AE9B8035E4671803D86074AB32F2DE8165ACFDB954BD260F6'
[16:19:20.602] Melon Assembly loaded: '.\UserLibs\System.Buffers.dll'
[16:19:20.602] SHA256 Hash: 'C65FFF603B283DC966D1A8B730C11D5E5E750E8021BD24640612F6CC3F2C6FB7'
[16:19:20.604] Melon Assembly loaded: '.\UserLibs\System.CodeDom.dll'
[16:19:20.604] SHA256 Hash: 'CF18C822A341A3932FC8C08D7F21BF015F7E3C2696619560C94B63629341376A'
[16:19:20.605] Melon Assembly loaded: '.\UserLibs\System.IO.FileSystem.AccessControl.dll'
[16:19:20.605] SHA256 Hash: 'D2D6CD3FEF822959B68A68A6AF6096963BBE6493D90E16F0AF65FEDE25D85F32'
[16:19:20.607] Melon Assembly loaded: '.\UserLibs\System.IO.Ports.dll'
[16:19:20.608] SHA256 Hash: 'B1ECEF838C8B833BE76D1EF75AD8A0B1FAD805FC951136C9E5256FD3CF15FC1B'
[16:19:20.609] Melon Assembly loaded: '.\UserLibs\System.Management.dll'
[16:19:20.609] SHA256 Hash: '205BF789DD38D8ABC5FDC9CD8653469400ED9D6386B07384609848B9C95D7721'
[16:19:20.611] Melon Assembly loaded: '.\UserLibs\System.Memory.dll'
[16:19:20.612] SHA256 Hash: 'D2E3949FCF3A3B3A20BB9A568A4DA582D9A90D64F34C0BDC07C9029BFE8F1858'
[16:19:20.614] Melon Assembly loaded: '.\UserLibs\System.Numerics.Vectors.dll'
[16:19:20.615] SHA256 Hash: '2324EE5A35674269225E2AA20957CE8830DBCA0CFFB918BD593F7A3222DEE480'
[16:19:20.615] Melon Assembly loaded: '.\UserLibs\System.Runtime.CompilerServices.Unsafe.dll'
[16:19:20.616] SHA256 Hash: 'BFC8F02A96934786CA5A0514A3B657021C12542E215E94B78FDCC74BFEFFE3D3'
[16:19:20.619] Melon Assembly loaded: '.\UserLibs\System.Security.AccessControl.dll'
[16:19:20.619] SHA256 Hash: '93084849C17A21F641C13C9F17545CFE18C1EC097561F3F0EBBBE26F358BA120'
[16:19:20.620] Melon Assembly loaded: '.\UserLibs\System.Security.Principal.Windows.dll'
[16:19:20.620] SHA256 Hash: '7828DFD952A9FD49404477BAFF714849177D9F18C0654ADAFADBDCAFB4B21F47'
[16:19:20.643] Melon Assembly loaded: '.\UserLibs\UniverseLib.Mono.dll'
[16:19:20.644] SHA256 Hash: '3B10913FFEAC9A0744583F0BB18218A5CFAFCBA467A7F9F99FA731E801A5A880'
[16:19:20.644] ------------------------------
[16:19:20.644] 0 UserLibs loaded.

[16:19:20.644] Loading Plugins...
[16:19:20.646] 0 Plugins loaded.


[16:19:21.416] Loading Mods...
[16:19:21.419] ------------------------------
[16:19:21.434] Melon Assembly loaded: '.\Mods\UnityExplorer.ML.Mono.dll'
[16:19:21.434] SHA256 Hash: '7E6C95C5F0DB2D6B22F506AAD4D268A96250BD64D8E259B7E4073106250F36D2'

[16:19:21.461] ------------------------------
[16:19:21.462] FrameStats v1.0.0
[16:19:21.462] by oneshade
[16:19:21.462] Assembly: FrameStats.dll
[16:19:21.462] ------------------------------
[16:19:21.464] ------------------------------
[16:19:21.464] UnityExplorer v4.9.0
[16:19:21.464] by Sinai
[16:19:21.464] Assembly: UnityExplorer.ML.Mono.dll
[16:19:21.464] ------------------------------
[16:19:21.465] ------------------------------
[16:19:21.465] 2 Mods loaded.

[16:19:21.470] Support Module Loaded: C:\Users\Pytho\Projects\SDFrameStatsMod\StellarDrive_0.6.5\MelonLoader\Dependencies\SupportModules\Mono.dll
[16:19:21.479] [FrameStats] melon initialized
[16:19:23.715] [FrameStats] System.TypeInitializationException: The type initializer for 'Microsoft.Win32.Registry' threw an exception. ---> System.PlatformNotSupportedException: Registry is not supported on this platform.
  at Microsoft.Win32.RegistryKey.OpenBaseKeyCore (Microsoft.Win32.RegistryHive hKey, Microsoft.Win32.RegistryView view) [0x00005] in <10f9050c1ee045cfa0fa00441b2f880c>:0 
  at Microsoft.Win32.RegistryKey.OpenBaseKey (Microsoft.Win32.RegistryHive hKey, Microsoft.Win32.RegistryView view) [0x00006] in <10f9050c1ee045cfa0fa00441b2f880c>:0 
  at Microsoft.Win32.Registry..cctor () [0x00000] in <10f9050c1ee045cfa0fa00441b2f880c>:0 
   --- End of inner exception stack trace ---
  at LibreHardwareMonitor.Hardware.Gpu.IntelIntegratedGpu.GetName (System.String deviceId) [0x00010] in <68110a6e11af4459b7132ce9f46579a6>:0 
  at LibreHardwareMonitor.Hardware.Gpu.IntelIntegratedGpu..ctor (LibreHardwareMonitor.Hardware.Cpu.IntelCpu intelCpu, System.String deviceId, LibreHardwareMonitor.Hardware.D3DDisplayDevice+D3DDeviceInfo deviceInfo, LibreHardwareMonitor.Hardware.ISettings settings) [0x00000] in <68110a6e11af4459b7132ce9f46579a6>:0 
  at LibreHardwareMonitor.Hardware.Gpu.IntelGpuGroup..ctor (System.Collections.Generic.List`1[T] intelCpus, LibreHardwareMonitor.Hardware.ISettings settings) [0x0028f] in <68110a6e11af4459b7132ce9f46579a6>:0 
  at LibreHardwareMonitor.Hardware.Computer.AddGroups () [0x00082] in <68110a6e11af4459b7132ce9f46579a6>:0 
  at LibreHardwareMonitor.Hardware.Computer.Open () [0x00023] in <68110a6e11af4459b7132ce9f46579a6>:0 
  at FrameStats.Core.OnInitializeMelon () [0x00011] in <cfa7104423c64c7e9dc0f7ce653c9dd9>:0 
  at MelonLoader.MelonBase.LoaderInitialized () [0x00000] in D:\a\MelonLoader\MelonLoader\MelonLoader\Melons\MelonBase.cs:447 
[16:19:23.719] [UnityExplorer] UnityExplorer 4.9.0 initializing...
[16:19:23.736] [UnityExplorer] [UniverseLib] UniverseLib 1.5.1 initializing...
[16:19:24.093] [UnityExplorer] [UniverseLib] Finished UniverseLib initial setup.
[16:19:24.101] [UnityExplorer] Initialized UnityCrashPrevention for: Canvas.get_renderingDisplaySize
[16:19:26.376] [FrameStats] scene MainMenu loaded, index 0
[16:19:27.981] [UnityExplorer] [UniverseLib] Initialized new InputSystem support.
[16:19:28.035] [UnityExplorer] [UniverseLib] Loaded modern bundle for Unity 2022.3.11f1
[16:19:28.052] [UnityExplorer] [UniverseLib] UniverseLib 1.5.1 initialized.
[16:19:28.053] [UnityExplorer] Creating UI...
[16:19:28.543] [UnityExplorer] UnityExplorer 4.9.0 (Mono) initialized.
[16:23:46.385] Preferences Saved!
