
[12:51:54.977] ------------------------------
[12:51:55.001] MelonLoader v0.7.0 Open-Beta
[12:51:55.002] OS: Windows 11
[12:51:55.002] Hash Code: F2DCA88FB1569FD6750096CED35BBB808C50BA273E0D295347A24385B0B764CA
[12:51:55.002] ------------------------------
[12:51:55.003] Game Type: MonoBleedingEdge
[12:51:55.003] Game Arch: x64
[12:51:55.004] ------------------------------
[12:51:55.004] Command-Line: 
[12:51:55.004] ------------------------------
[12:51:55.004] Core::BasePath = C:\Users\Pytho\Projects\SDFrameStatsMod\StellarDrive_0.6.5
[12:51:55.004] Game::BasePath = C:\Users\Pytho\Projects\SDFrameStatsMod\StellarDrive_0.6.5
[12:51:55.013] Game::DataPath = C:\Users\Pytho\Projects\SDFrameStatsMod\StellarDrive_0.6.5\StellarDrive_Data
[12:51:55.013] Game::ApplicationPath = C:\Users\Pytho\Projects\SDFrameStatsMod\StellarDrive_0.6.5\StellarDrive.exe
[12:51:55.013] Runtime Type: net35
[12:51:55.080] ------------------------------
[12:51:55.080] Game Name: StellarDrive
[12:51:55.081] Game Developer: CuriousOwlGames
[12:51:55.082] Unity Version: 2022.3.11f1
[12:51:55.083] Game Version: UNKNOWN
[12:51:55.083] ------------------------------

[12:51:55.327] Preferences Loaded!

[12:51:55.346] Loading UserLibs...
[12:51:55.456] ------------------------------
[12:51:55.459] Melon Assembly loaded: '.\UserLibs\HidSharp.dll'
[12:51:55.459] SHA256 Hash: '61EB2E22A5620D789A23D389F1AF9D38FAFF4D85F46ADEDBC28FB22CFEC61BF9'
[12:51:55.466] Melon Assembly loaded: '.\UserLibs\LibreHardwareMonitorLib.dll'
[12:51:55.466] SHA256 Hash: '99B39B0B0AC865C38A33DFF7DEE080FF17AAC3337B2332812CA2D7BB13C89460'
[12:51:55.467] Melon Assembly loaded: '.\UserLibs\Microsoft.Win32.Registry.dll'
[12:51:55.467] SHA256 Hash: 'D641EB0065BD5CDB541C5BF0D2FF976720D35D62416AB959727651ABF0ABA2CA'
[12:51:55.468] Melon Assembly loaded: '.\UserLibs\System.Buffers.dll'
[12:51:55.468] SHA256 Hash: 'C65FFF603B283DC966D1A8B730C11D5E5E750E8021BD24640612F6CC3F2C6FB7'
[12:51:55.470] Melon Assembly loaded: '.\UserLibs\System.CodeDom.dll'
[12:51:55.470] SHA256 Hash: 'CF18C822A341A3932FC8C08D7F21BF015F7E3C2696619560C94B63629341376A'
[12:51:55.471] Melon Assembly loaded: '.\UserLibs\System.IO.FileSystem.AccessControl.dll'
[12:51:55.471] SHA256 Hash: 'D2D6CD3FEF822959B68A68A6AF6096963BBE6493D90E16F0AF65FEDE25D85F32'
[12:51:55.472] Melon Assembly loaded: '.\UserLibs\System.IO.Ports.dll'
[12:51:55.472] SHA256 Hash: 'B1ECEF838C8B833BE76D1EF75AD8A0B1FAD805FC951136C9E5256FD3CF15FC1B'
[12:51:55.474] Melon Assembly loaded: '.\UserLibs\System.Management.dll'
[12:51:55.475] SHA256 Hash: '205BF789DD38D8ABC5FDC9CD8653469400ED9D6386B07384609848B9C95D7721'
[12:51:55.477] Melon Assembly loaded: '.\UserLibs\System.Memory.dll'
[12:51:55.477] SHA256 Hash: 'D2E3949FCF3A3B3A20BB9A568A4DA582D9A90D64F34C0BDC07C9029BFE8F1858'
[12:51:55.480] Melon Assembly loaded: '.\UserLibs\System.Numerics.Vectors.dll'
[12:51:55.480] SHA256 Hash: '2324EE5A35674269225E2AA20957CE8830DBCA0CFFB918BD593F7A3222DEE480'
[12:51:55.481] Melon Assembly loaded: '.\UserLibs\System.Runtime.CompilerServices.Unsafe.dll'
[12:51:55.481] SHA256 Hash: 'BFC8F02A96934786CA5A0514A3B657021C12542E215E94B78FDCC74BFEFFE3D3'
[12:51:55.482] Melon Assembly loaded: '.\UserLibs\System.Security.AccessControl.dll'
[12:51:55.482] SHA256 Hash: '93084849C17A21F641C13C9F17545CFE18C1EC097561F3F0EBBBE26F358BA120'
[12:51:55.483] Melon Assembly loaded: '.\UserLibs\System.Security.Principal.Windows.dll'
[12:51:55.483] SHA256 Hash: '7828DFD952A9FD49404477BAFF714849177D9F18C0654ADAFADBDCAFB4B21F47'
[12:51:55.506] Melon Assembly loaded: '.\UserLibs\UniverseLib.Mono.dll'
[12:51:55.506] SHA256 Hash: '3B10913FFEAC9A0744583F0BB18218A5CFAFCBA467A7F9F99FA731E801A5A880'
[12:51:55.507] ------------------------------
[12:51:55.507] 0 UserLibs loaded.

[12:51:55.507] Loading Plugins...
[12:51:55.509] 0 Plugins loaded.


[12:51:56.441] Loading Mods...
[12:51:56.444] ------------------------------
[12:51:56.445] Melon Assembly loaded: '.\Mods\FrameStats.dll'
[12:51:56.445] SHA256 Hash: '5F6E375D0CA6F376180DDFA19C337CCFCBC8E22E6AA6A750BD0E0B8777F9DD90'
[12:51:56.461] Melon Assembly loaded: '.\Mods\UnityExplorer.ML.Mono.dll'
[12:51:56.461] SHA256 Hash: '7E6C95C5F0DB2D6B22F506AAD4D268A96250BD64D8E259B7E4073106250F36D2'

[12:51:56.486] ------------------------------
[12:51:56.487] FrameStats v1.0.0
[12:51:56.487] by oneshade
[12:51:56.487] Assembly: FrameStats.dll
[12:51:56.489] ------------------------------
[12:51:56.490] ------------------------------
[12:51:56.490] UnityExplorer v4.9.0
[12:51:56.490] by Sinai
[12:51:56.490] Assembly: UnityExplorer.ML.Mono.dll
[12:51:56.490] ------------------------------
[12:51:56.490] ------------------------------
[12:51:56.490] 2 Mods loaded.

[12:51:56.496] Support Module Loaded: C:\Users\Pytho\Projects\SDFrameStatsMod\StellarDrive_0.6.5\MelonLoader\Dependencies\SupportModules\Mono.dll
[12:51:56.504] [FrameStats] melon initialized
[12:51:58.947] [FrameStats] Hardware: Intel Core i9-14900HX
[12:51:58.951] [FrameStats] 	Sensor: CPU Core #1 Thread #1, value: 6.666451
[12:51:58.952] [FrameStats] 	Sensor: CPU Core #1 Thread #2, value: 8.115
[12:51:58.952] [FrameStats] 	Sensor: CPU Core #2 Thread #1, value: 0
[12:51:58.952] [FrameStats] 	Sensor: CPU Core #2 Thread #2, value: 15.59787
[12:51:58.952] [FrameStats] 	Sensor: CPU Core #3 Thread #1, value: 10.66842
[12:51:58.953] [FrameStats] 	Sensor: CPU Core #3 Thread #2, value: 0
[12:51:58.953] [FrameStats] 	Sensor: CPU Core #4 Thread #1, value: 0
[12:51:58.953] [FrameStats] 	Sensor: CPU Core #4 Thread #2, value: 0
[12:51:58.953] [FrameStats] 	Sensor: CPU Core #5 Thread #1, value: 14.63949
[12:51:58.953] [FrameStats] 	Sensor: CPU Core #5 Thread #2, value: 0
[12:51:58.953] [FrameStats] 	Sensor: CPU Core #6 Thread #1, value: 0
[12:51:58.954] [FrameStats] 	Sensor: CPU Core #6 Thread #2, value: 48.24751
[12:51:58.954] [FrameStats] 	Sensor: CPU Core #7 Thread #1, value: 0
[12:51:58.954] [FrameStats] 	Sensor: CPU Core #7 Thread #2, value: 0
[12:51:58.954] [FrameStats] 	Sensor: CPU Core #8 Thread #1, value: 0
[12:51:58.954] [FrameStats] 	Sensor: CPU Core #8 Thread #2, value: 0
[12:51:58.954] [FrameStats] 	Sensor: CPU Core #9, value: 0
[12:51:58.955] [FrameStats] 	Sensor: CPU Core #10, value: 0
[12:51:58.955] [FrameStats] 	Sensor: CPU Core #11, value: 0
[12:51:58.955] [FrameStats] 	Sensor: CPU Core #12, value: 0
[12:51:58.956] [FrameStats] 	Sensor: CPU Core #13, value: 0
[12:51:58.956] [FrameStats] 	Sensor: CPU Core #14, value: 0
[12:51:58.956] [FrameStats] 	Sensor: CPU Core #15, value: 0
[12:51:58.956] [FrameStats] 	Sensor: CPU Core #16, value: 0
[12:51:58.956] [FrameStats] 	Sensor: CPU Core #17, value: 0
[12:51:58.957] [FrameStats] 	Sensor: CPU Core #18, value: 0
[12:51:58.957] [FrameStats] 	Sensor: CPU Core #19, value: 0
[12:51:58.957] [FrameStats] 	Sensor: CPU Core #20, value: 0
[12:51:58.957] [FrameStats] 	Sensor: CPU Core #21, value: 0
[12:51:58.957] [FrameStats] 	Sensor: CPU Core #22, value: 0
[12:51:58.957] [FrameStats] 	Sensor: CPU Core #23, value: 0
[12:51:58.958] [FrameStats] 	Sensor: CPU Core #24, value: 9.925377
[12:51:58.958] [FrameStats] 	Sensor: CPU Total, value: 0
[12:51:58.958] [FrameStats] 	Sensor: CPU Core Max, value: 48.24751
[12:51:58.958] [FrameStats] 	Sensor: Core Max, value: 
[12:51:58.958] [FrameStats] 	Sensor: Core Average, value: 
[12:51:58.958] [FrameStats] 	Sensor: CPU Core #1, value: 
[12:51:58.959] [FrameStats] 	Sensor: CPU Core #2, value: 
[12:51:58.959] [FrameStats] 	Sensor: CPU Core #3, value: 
[12:51:58.959] [FrameStats] 	Sensor: CPU Core #4, value: 
[12:51:58.959] [FrameStats] 	Sensor: CPU Core #5, value: 
[12:51:58.960] [FrameStats] 	Sensor: CPU Core #6, value: 
[12:51:58.960] [FrameStats] 	Sensor: CPU Core #7, value: 
[12:51:58.960] [FrameStats] 	Sensor: CPU Core #8, value: 
[12:51:58.960] [FrameStats] 	Sensor: CPU Core #9, value: 
[12:51:58.960] [FrameStats] 	Sensor: CPU Core #10, value: 
[12:51:58.960] [FrameStats] 	Sensor: CPU Core #11, value: 
[12:51:58.960] [FrameStats] 	Sensor: CPU Core #12, value: 
[12:51:58.961] [FrameStats] 	Sensor: CPU Core #13, value: 
[12:51:58.961] [FrameStats] 	Sensor: CPU Core #14, value: 
[12:51:58.961] [FrameStats] 	Sensor: CPU Core #15, value: 
[12:51:58.961] [FrameStats] 	Sensor: CPU Core #16, value: 
[12:51:58.961] [FrameStats] 	Sensor: CPU Core #17, value: 
[12:51:58.961] [FrameStats] 	Sensor: CPU Core #18, value: 
[12:51:58.961] [FrameStats] 	Sensor: CPU Core #19, value: 
[12:51:58.961] [FrameStats] 	Sensor: CPU Core #20, value: 
[12:51:58.961] [FrameStats] 	Sensor: CPU Core #21, value: 
[12:51:58.961] [FrameStats] 	Sensor: CPU Core #22, value: 
[12:51:58.961] [FrameStats] 	Sensor: CPU Core #23, value: 
[12:51:58.961] [FrameStats] 	Sensor: CPU Core #24, value: 
[12:51:58.961] [FrameStats] 	Sensor: CPU Package, value: 
[12:51:58.961] [FrameStats] 	Sensor: CPU Core #1 Distance to TjMax, value: 
[12:51:58.961] [FrameStats] 	Sensor: CPU Core #2 Distance to TjMax, value: 
[12:51:58.961] [FrameStats] 	Sensor: CPU Core #3 Distance to TjMax, value: 
[12:51:58.961] [FrameStats] 	Sensor: CPU Core #4 Distance to TjMax, value: 
[12:51:58.961] [FrameStats] 	Sensor: CPU Core #5 Distance to TjMax, value: 
[12:51:58.961] [FrameStats] 	Sensor: CPU Core #6 Distance to TjMax, value: 
[12:51:58.961] [FrameStats] 	Sensor: CPU Core #7 Distance to TjMax, value: 
[12:51:58.961] [FrameStats] 	Sensor: CPU Core #8 Distance to TjMax, value: 
[12:51:58.961] [FrameStats] 	Sensor: CPU Core #9 Distance to TjMax, value: 
[12:51:58.961] [FrameStats] 	Sensor: CPU Core #10 Distance to TjMax, value: 
[12:51:58.961] [FrameStats] 	Sensor: CPU Core #11 Distance to TjMax, value: 
[12:51:58.962] [FrameStats] 	Sensor: CPU Core #12 Distance to TjMax, value: 
[12:51:58.962] [FrameStats] 	Sensor: CPU Core #13 Distance to TjMax, value: 
[12:51:58.962] [FrameStats] 	Sensor: CPU Core #14 Distance to TjMax, value: 
[12:51:58.962] [FrameStats] 	Sensor: CPU Core #15 Distance to TjMax, value: 
[12:51:58.962] [FrameStats] 	Sensor: CPU Core #16 Distance to TjMax, value: 
[12:51:58.962] [FrameStats] 	Sensor: CPU Core #17 Distance to TjMax, value: 
[12:51:58.962] [FrameStats] 	Sensor: CPU Core #18 Distance to TjMax, value: 
[12:51:58.962] [FrameStats] 	Sensor: CPU Core #19 Distance to TjMax, value: 
[12:51:58.962] [FrameStats] 	Sensor: CPU Core #20 Distance to TjMax, value: 
[12:51:58.962] [FrameStats] 	Sensor: CPU Core #21 Distance to TjMax, value: 
[12:51:58.962] [FrameStats] 	Sensor: CPU Core #22 Distance to TjMax, value: 
[12:51:58.962] [FrameStats] 	Sensor: CPU Core #23 Distance to TjMax, value: 
[12:51:58.962] [FrameStats] 	Sensor: CPU Core #24 Distance to TjMax, value: 
[12:51:58.962] [FrameStats] 	Sensor: CPU Core #1, value: 
[12:51:58.962] [FrameStats] 	Sensor: CPU Core #2, value: 
[12:51:58.962] [FrameStats] 	Sensor: CPU Core #3, value: 
[12:51:58.962] [FrameStats] 	Sensor: CPU Core #4, value: 
[12:51:58.962] [FrameStats] 	Sensor: CPU Core #5, value: 
[12:51:58.962] [FrameStats] 	Sensor: CPU Core #6, value: 
[12:51:58.962] [FrameStats] 	Sensor: CPU Core #7, value: 
[12:51:58.962] [FrameStats] 	Sensor: CPU Core #8, value: 
[12:51:58.962] [FrameStats] 	Sensor: CPU Core #9, value: 
[12:51:58.962] [FrameStats] 	Sensor: CPU Core #10, value: 
[12:51:58.962] [FrameStats] 	Sensor: CPU Core #11, value: 
[12:51:58.962] [FrameStats] 	Sensor: CPU Core #12, value: 
[12:51:58.962] [FrameStats] 	Sensor: CPU Core #13, value: 
[12:51:58.962] [FrameStats] 	Sensor: CPU Core #14, value: 
[12:51:58.963] [FrameStats] 	Sensor: CPU Core #15, value: 
[12:51:58.963] [FrameStats] 	Sensor: CPU Core #16, value: 
[12:51:58.963] [FrameStats] 	Sensor: CPU Core #17, value: 
[12:51:58.963] [FrameStats] 	Sensor: CPU Core #18, value: 
[12:51:58.963] [FrameStats] 	Sensor: CPU Core #19, value: 
[12:51:58.963] [FrameStats] 	Sensor: CPU Core #20, value: 
[12:51:58.964] [FrameStats] 	Sensor: CPU Core #21, value: 
[12:51:58.964] [FrameStats] 	Sensor: CPU Core #22, value: 
[12:51:58.964] [FrameStats] 	Sensor: CPU Core #23, value: 
[12:51:58.964] [FrameStats] 	Sensor: CPU Core #24, value: 
[12:51:58.964] [FrameStats] Hardware: Generic Memory
[12:51:58.964] [FrameStats] 	Sensor: Memory Used, value: 16.98858
[12:51:58.964] [FrameStats] 	Sensor: Memory Available, value: 14.72614
[12:51:58.964] [FrameStats] 	Sensor: Memory, value: 53.56687
[12:51:58.964] [FrameStats] 	Sensor: Virtual Memory Used, value: 33.73156
[12:51:58.964] [FrameStats] 	Sensor: Virtual Memory Available, value: 9.483158
[12:51:58.964] [FrameStats] 	Sensor: Virtual Memory, value: 78.05572
[12:51:58.964] [FrameStats] Hardware: NVIDIA GeForce RTX 4070 Laptop GPU
[12:51:58.964] [FrameStats] 	Sensor: GPU Core, value: 45
[12:51:58.964] [FrameStats] 	Sensor: GPU Core, value: 360
[12:51:58.964] [FrameStats] 	Sensor: GPU Memory, value: 810
[12:51:58.964] [FrameStats] 	Sensor: GPU Core, value: 0
[12:51:58.964] [FrameStats] 	Sensor: GPU Memory Controller, value: 0
[12:51:58.964] [FrameStats] 	Sensor: GPU Video Engine, value: 0
[12:51:58.965] [FrameStats] 	Sensor: GPU Bus, value: 0
[12:51:58.965] [FrameStats] 	Sensor: D3D Dedicated Memory Used, value: 412.832
[12:51:58.965] [FrameStats] 	Sensor: D3D Shared Memory Used, value: 146.0391
[12:51:58.965] [FrameStats] 	Sensor: D3D 3D, value: 0
[12:51:58.965] [FrameStats] 	Sensor: D3D Overlay, value: 0
[12:51:58.965] [FrameStats] 	Sensor: D3D Video Decode, value: 0
[12:51:58.965] [FrameStats] 	Sensor: D3D Copy, value: 0
[12:51:58.966] [FrameStats] 	Sensor: D3D Copy, value: 0
[12:51:58.966] [FrameStats] 	Sensor: D3D Security, value: 0
[12:51:58.966] [FrameStats] 	Sensor: D3D Video Encode, value: 0
[12:51:58.966] [FrameStats] 	Sensor: D3D Video Processing, value: 0
[12:51:58.966] [FrameStats] 	Sensor: D3D VR, value: 0
[12:51:58.966] [FrameStats] 	Sensor: GPU Hot Spot, value: 51.6875
[12:51:58.966] [FrameStats] 	Sensor: GPU Memory Total, value: 8188
[12:51:58.966] [FrameStats] 	Sensor: GPU Memory Free, value: 7540
[12:51:58.966] [FrameStats] 	Sensor: GPU Memory Used, value: 647
[12:51:58.966] [FrameStats] 	Sensor: GPU Memory, value: 7.907151
[12:51:58.966] [FrameStats] 	Sensor: GPU Package, value: 12.665
[12:51:58.966] [FrameStats] 	Sensor: GPU PCIe Rx, value: 1024
[12:51:58.966] [FrameStats] 	Sensor: GPU PCIe Tx, value: 0
[12:51:58.966] [FrameStats] Hardware: Intel(R) UHD Graphics
[12:51:58.966] [FrameStats] 	Sensor: D3D Shared Memory Total, value: 16237.93
[12:51:58.966] [FrameStats] 	Sensor: D3D Shared Memory Free, value: 
[12:51:58.966] [FrameStats] 	Sensor: D3D Shared Memory Used, value: 1379.426
[12:51:58.966] [FrameStats] 	Sensor: D3D 3D, value: 0
[12:51:58.966] [FrameStats] 	Sensor: D3D Video Decode, value: 0
[12:51:58.966] [FrameStats] 	Sensor: D3D Copy, value: 0
[12:51:58.966] [FrameStats] 	Sensor: D3D Video Processing, value: 0
[12:51:58.966] [FrameStats] 	Sensor: D3D Video Decode, value: 0
[12:51:58.966] [FrameStats] 	Sensor: D3D Other, value: 0
[12:51:58.966] [FrameStats] 	Sensor: D3D Other, value: 0
[12:51:58.966] [FrameStats] 	Sensor: D3D Other, value: 0
[12:51:58.966] [FrameStats] 	Sensor: D3D Other, value: 0
[12:51:58.966] [FrameStats] 	Sensor: D3D Other, value: 0
[12:51:58.966] [FrameStats] 	Sensor: D3D GDI Render, value: 0
[12:51:58.966] [FrameStats] 	Sensor: D3D Other, value: 0
[12:51:58.966] [FrameStats] 	Sensor: D3D Other, value: 0
[12:51:58.966] [FrameStats] Hardware: L23M4PC3 
[12:51:58.967] [FrameStats] 	Sensor: Designed Capacity, value: 99900
[12:51:58.967] [FrameStats] 	Sensor: Fully-Charged Capacity, value: 94430
[12:51:58.967] [FrameStats] 	Sensor: Degradation Level, value: 5.475475
[12:51:58.967] [FrameStats] 	Sensor: Remaining Capacity, value: 92250
[12:51:58.967] [FrameStats] 	Sensor: Charge Level, value: 97.69141
[12:51:58.967] [FrameStats] 	Sensor: Voltage, value: 17.554
[12:51:58.967] [FrameStats] 	Sensor: Charge Current, value: 0.6389996
[12:51:58.967] [FrameStats] 	Sensor: Charge Rate, value: 11.217
[12:51:58.975] [UnityExplorer] UnityExplorer 4.9.0 initializing...
[12:51:58.992] [UnityExplorer] [UniverseLib] UniverseLib 1.5.1 initializing...
[12:51:59.352] [UnityExplorer] [UniverseLib] Finished UniverseLib initial setup.
[12:51:59.360] [UnityExplorer] Initialized UnityCrashPrevention for: Canvas.get_renderingDisplaySize
[12:52:01.627] [FrameStats] scene MainMenu loaded, index 0
[12:52:03.234] [UnityExplorer] [UniverseLib] Initialized new InputSystem support.
[12:52:03.289] [UnityExplorer] [UniverseLib] Loaded modern bundle for Unity 2022.3.11f1
[12:52:03.307] [UnityExplorer] [UniverseLib] UniverseLib 1.5.1 initialized.
[12:52:03.308] [UnityExplorer] Creating UI...
[12:52:03.794] [UnityExplorer] UnityExplorer 4.9.0 (Mono) initialized.
[12:52:24.831] Preferences Saved!
