
[22:28:06.098] ------------------------------
[22:28:06.120] MelonLoader v0.7.0 Open-Beta
[22:28:06.122] OS: Windows 11
[22:28:06.122] Hash Code: F2DCA88FB1569FD6750096CED35BBB808C50BA273E0D295347A24385B0B764CA
[22:28:06.122] ------------------------------
[22:28:06.124] Game Type: MonoBleedingEdge
[22:28:06.124] Game Arch: x64
[22:28:06.124] ------------------------------
[22:28:06.124] Command-Line: 
[22:28:06.124] ------------------------------
[22:28:06.125] Core::BasePath = C:\Users\Pytho\Projects\SDFrameStatsMod\StellarDrive_0.6.5
[22:28:06.125] Game::BasePath = C:\Users\Pytho\Projects\SDFrameStatsMod\StellarDrive_0.6.5
[22:28:06.133] Game::DataPath = C:\Users\Pytho\Projects\SDFrameStatsMod\StellarDrive_0.6.5\StellarDrive_Data
[22:28:06.133] Game::ApplicationPath = C:\Users\Pytho\Projects\SDFrameStatsMod\StellarDrive_0.6.5\StellarDrive.exe
[22:28:06.133] Runtime Type: net35
[22:28:06.203] ------------------------------
[22:28:06.204] Game Name: StellarDrive
[22:28:06.204] Game Developer: CuriousOwlGames
[22:28:06.206] Unity Version: 2022.3.11f1
[22:28:06.206] Game Version: UNKNOWN
[22:28:06.206] ------------------------------

[22:28:06.453] Preferences Loaded!

[22:28:06.472] Loading UserLibs...
[22:28:06.577] ------------------------------
[22:28:06.581] Melon Assembly loaded: '.\UserLibs\HidSharp.dll'
[22:28:06.582] SHA256 Hash: '61EB2E22A5620D789A23D389F1AF9D38FAFF4D85F46ADEDBC28FB22CFEC61BF9'
[22:28:06.588] Melon Assembly loaded: '.\UserLibs\LibreHardwareMonitorLib.dll'
[22:28:06.588] SHA256 Hash: '99B39B0B0AC865C38A33DFF7DEE080FF17AAC3337B2332812CA2D7BB13C89460'
[22:28:06.589] Melon Assembly loaded: '.\UserLibs\Microsoft.Win32.Registry.dll'
[22:28:06.589] SHA256 Hash: 'D641EB0065BD5CDB541C5BF0D2FF976720D35D62416AB959727651ABF0ABA2CA'
[22:28:06.590] Melon Assembly loaded: '.\UserLibs\System.Buffers.dll'
[22:28:06.590] SHA256 Hash: 'C65FFF603B283DC966D1A8B730C11D5E5E750E8021BD24640612F6CC3F2C6FB7'
[22:28:06.592] Melon Assembly loaded: '.\UserLibs\System.CodeDom.dll'
[22:28:06.593] SHA256 Hash: 'CF18C822A341A3932FC8C08D7F21BF015F7E3C2696619560C94B63629341376A'
[22:28:06.594] Melon Assembly loaded: '.\UserLibs\System.IO.FileSystem.AccessControl.dll'
[22:28:06.594] SHA256 Hash: 'D2D6CD3FEF822959B68A68A6AF6096963BBE6493D90E16F0AF65FEDE25D85F32'
[22:28:06.595] Melon Assembly loaded: '.\UserLibs\System.IO.Ports.dll'
[22:28:06.595] SHA256 Hash: 'B1ECEF838C8B833BE76D1EF75AD8A0B1FAD805FC951136C9E5256FD3CF15FC1B'
[22:28:06.597] Melon Assembly loaded: '.\UserLibs\System.Management.dll'
[22:28:06.597] SHA256 Hash: '205BF789DD38D8ABC5FDC9CD8653469400ED9D6386B07384609848B9C95D7721'
[22:28:06.599] Melon Assembly loaded: '.\UserLibs\System.Memory.dll'
[22:28:06.599] SHA256 Hash: 'D2E3949FCF3A3B3A20BB9A568A4DA582D9A90D64F34C0BDC07C9029BFE8F1858'
[22:28:06.601] Melon Assembly loaded: '.\UserLibs\System.Numerics.Vectors.dll'
[22:28:06.601] SHA256 Hash: '2324EE5A35674269225E2AA20957CE8830DBCA0CFFB918BD593F7A3222DEE480'
[22:28:06.604] Melon Assembly loaded: '.\UserLibs\System.Runtime.CompilerServices.Unsafe.dll'
[22:28:06.604] SHA256 Hash: 'BFC8F02A96934786CA5A0514A3B657021C12542E215E94B78FDCC74BFEFFE3D3'
[22:28:06.606] Melon Assembly loaded: '.\UserLibs\System.Security.AccessControl.dll'
[22:28:06.606] SHA256 Hash: '93084849C17A21F641C13C9F17545CFE18C1EC097561F3F0EBBBE26F358BA120'
[22:28:06.607] Melon Assembly loaded: '.\UserLibs\System.Security.Principal.Windows.dll'
[22:28:06.607] SHA256 Hash: '7828DFD952A9FD49404477BAFF714849177D9F18C0654ADAFADBDCAFB4B21F47'
[22:28:06.630] Melon Assembly loaded: '.\UserLibs\UniverseLib.Mono.dll'
[22:28:06.630] SHA256 Hash: '3B10913FFEAC9A0744583F0BB18218A5CFAFCBA467A7F9F99FA731E801A5A880'
[22:28:06.630] ------------------------------
[22:28:06.630] 0 UserLibs loaded.

[22:28:06.630] Loading Plugins...
[22:28:06.632] 0 Plugins loaded.


[22:28:07.405] Loading Mods...
[22:28:07.433] ------------------------------
[22:28:07.434] Melon Assembly loaded: '.\Mods\FrameStats.dll'
[22:28:07.434] SHA256 Hash: '517B9A23A55F7F0A22794BC208D6ECD1157F4880AF8286B9D6B5AC12F459D39A'
[22:28:07.449] Melon Assembly loaded: '.\Mods\UnityExplorer.ML.Mono.dll'
[22:28:07.449] SHA256 Hash: '7E6C95C5F0DB2D6B22F506AAD4D268A96250BD64D8E259B7E4073106250F36D2'

[22:28:07.472] ------------------------------
[22:28:07.473] FrameStats v1.0.0
[22:28:07.473] by oneshade
[22:28:07.473] Assembly: FrameStats.dll
[22:28:07.473] ------------------------------
[22:28:07.474] ------------------------------
[22:28:07.474] UnityExplorer v4.9.0
[22:28:07.474] by Sinai
[22:28:07.474] Assembly: UnityExplorer.ML.Mono.dll
[22:28:07.475] ------------------------------
[22:28:07.475] ------------------------------
[22:28:07.475] 2 Mods loaded.

[22:28:07.480] Support Module Loaded: C:\Users\Pytho\Projects\SDFrameStatsMod\StellarDrive_0.6.5\MelonLoader\Dependencies\SupportModules\Mono.dll
[22:28:07.502] [FrameStats] Loading asset bundle ui...
[22:28:07.516] [FrameStats]     Loaded asset FrameStatsPanel
[22:28:07.516] [FrameStats]     Loaded asset FrameStatsSettings
[22:28:07.519] [UnityExplorer] UnityExplorer 4.9.0 initializing...
[22:28:07.534] [UnityExplorer] [UniverseLib] UniverseLib 1.5.1 initializing...
[22:28:07.892] [UnityExplorer] [UniverseLib] Finished UniverseLib initial setup.
[22:28:07.897] [UnityExplorer] Initialized UnityCrashPrevention for: Canvas.get_renderingDisplaySize
[22:28:10.175] [FrameStats] scene MainMenu loaded, index 0
[22:28:11.782] [UnityExplorer] [UniverseLib] Initialized new InputSystem support.
[22:28:11.834] [UnityExplorer] [UniverseLib] Loaded modern bundle for Unity 2022.3.11f1
[22:28:11.849] [UnityExplorer] [UniverseLib] UniverseLib 1.5.1 initialized.
[22:28:11.851] [UnityExplorer] Creating UI...
[22:28:12.326] [UnityExplorer] UnityExplorer 4.9.0 (Mono) initialized.
[22:28:12.404] [FrameStats] have options menu
[22:28:12.405] [FrameStats] added frame stats settings
[22:28:21.880] [FrameStats] Toggle: False
[22:28:22.681] [FrameStats] Toggle: True
[22:28:24.680] [FrameStats] lost options menu
[22:28:26.713] [FrameStats] scene MainGame loaded, index 1
[22:28:28.984] [FrameStats] frame stats updates enabled
[22:28:28.985] [FrameStats] added frame stats panel
[22:28:29.243] [FrameStats] frame stats update
[22:28:29.580] [FrameStats] frame stats update
[22:28:29.623] [FrameStats] frame stats update
[22:28:29.640] [FrameStats] frame stats update
[22:28:29.710] [FrameStats] frame stats update
[22:28:29.875] [FrameStats] frame stats update
[22:28:30.842] [FrameStats] frame stats update
[22:28:31.554] [FrameStats] frame stats update
[22:28:31.760] [FrameStats] frame stats update
[22:28:31.910] [FrameStats] frame stats update
[22:28:31.972] [FrameStats] frame stats update
[22:28:31.982] [FrameStats] frame stats update
[22:28:31.995] [FrameStats] frame stats update
[22:28:32.002] [FrameStats] frame stats update
[22:28:32.018] [FrameStats] frame stats update
[22:28:32.034] [FrameStats] frame stats update
[22:28:32.047] [FrameStats] frame stats update
[22:28:32.064] [FrameStats] frame stats update
[22:28:32.080] [FrameStats] frame stats update
[22:28:32.095] [FrameStats] frame stats update
[22:28:32.109] [FrameStats] frame stats update
[22:28:32.127] [FrameStats] frame stats update
[22:28:32.143] [FrameStats] frame stats update
[22:28:32.160] [FrameStats] frame stats update
[22:28:32.173] [FrameStats] frame stats update
[22:28:32.188] [FrameStats] frame stats update
[22:28:32.202] [FrameStats] frame stats update
[22:28:32.221] [FrameStats] frame stats update
[22:28:32.235] [FrameStats] frame stats update
[22:28:32.249] [FrameStats] frame stats update
[22:28:32.266] [FrameStats] frame stats update
[22:28:32.280] [FrameStats] frame stats update
[22:28:32.299] [FrameStats] frame stats update
[22:28:32.311] [FrameStats] frame stats update
[22:28:32.329] [FrameStats] frame stats update
[22:28:32.344] [FrameStats] frame stats update
[22:28:32.359] [FrameStats] frame stats update
[22:28:32.374] [FrameStats] frame stats update
[22:28:32.387] [FrameStats] frame stats update
[22:28:32.405] [FrameStats] frame stats update
[22:28:32.418] [FrameStats] frame stats update
[22:28:32.437] [FrameStats] frame stats update
[22:28:32.448] [FrameStats] frame stats update
[22:28:32.466] [FrameStats] frame stats update
[22:28:32.481] [FrameStats] frame stats update
[22:28:32.496] [FrameStats] frame stats update
[22:28:32.513] [FrameStats] frame stats update
[22:28:32.525] [FrameStats] frame stats update
[22:28:32.542] [FrameStats] frame stats update
[22:28:32.558] [FrameStats] frame stats update
[22:28:32.572] [FrameStats] frame stats update
[22:28:32.587] [FrameStats] frame stats update
[22:28:32.602] [FrameStats] frame stats update
[22:28:32.619] [FrameStats] frame stats update
[22:28:32.632] [FrameStats] frame stats update
[22:28:32.647] [FrameStats] frame stats update
[22:28:32.685] [FrameStats] frame stats update
[22:28:32.702] [FrameStats] frame stats update
[22:28:32.712] [FrameStats] frame stats update
[22:28:32.724] [FrameStats] frame stats update
[22:28:32.742] [FrameStats] frame stats update
[22:28:32.754] [FrameStats] frame stats update
[22:28:32.779] [FrameStats] frame stats update
[22:28:32.788] [FrameStats] frame stats update
[22:28:32.801] [FrameStats] frame stats update
[22:28:32.818] [FrameStats] frame stats update
[22:28:32.831] [FrameStats] frame stats update
[22:28:32.850] [FrameStats] frame stats update
[22:28:32.864] [FrameStats] frame stats update
[22:28:32.880] [FrameStats] frame stats update
[22:28:32.895] [FrameStats] frame stats update
[22:28:32.908] [FrameStats] frame stats update
[22:28:32.927] [FrameStats] frame stats update
[22:28:32.943] [FrameStats] frame stats update
[22:28:32.958] [FrameStats] frame stats update
[22:28:32.972] [FrameStats] frame stats update
[22:28:32.985] [FrameStats] frame stats update
[22:28:33.003] [FrameStats] frame stats update
[22:28:33.019] [FrameStats] frame stats update
[22:28:33.035] [FrameStats] frame stats update
[22:28:33.047] [FrameStats] frame stats update
[22:28:33.066] [FrameStats] frame stats update
[22:28:33.078] [FrameStats] frame stats update
[22:28:33.097] [FrameStats] frame stats update
[22:28:33.112] [FrameStats] frame stats update
[22:28:33.128] [FrameStats] frame stats update
[22:28:33.142] [FrameStats] frame stats update
[22:28:33.158] [FrameStats] frame stats update
[22:28:33.174] [FrameStats] frame stats update
[22:28:33.187] [FrameStats] frame stats update
[22:28:33.206] [FrameStats] frame stats update
[22:28:33.219] [FrameStats] frame stats update
[22:28:33.240] [FrameStats] frame stats update
[22:28:33.251] [FrameStats] frame stats update
[22:28:33.267] [FrameStats] frame stats update
[22:28:33.286] [FrameStats] frame stats update
[22:28:33.302] [FrameStats] frame stats update
[22:28:33.316] [FrameStats] frame stats update
[22:28:33.329] [FrameStats] frame stats update
[22:28:33.348] [FrameStats] frame stats update
[22:28:33.364] [FrameStats] frame stats update
[22:28:33.380] [FrameStats] frame stats update
[22:28:33.392] [FrameStats] frame stats update
[22:28:33.407] [FrameStats] frame stats update
[22:28:33.423] [FrameStats] frame stats update
[22:28:33.446] [FrameStats] frame stats update
[22:28:33.454] [FrameStats] frame stats update
[22:28:33.469] [FrameStats] frame stats update
[22:28:33.489] [FrameStats] frame stats update
[22:28:33.504] [FrameStats] frame stats update
[22:28:33.519] [FrameStats] frame stats update
[22:28:33.531] [FrameStats] frame stats update
[22:28:33.546] [FrameStats] frame stats update
[22:28:33.565] [FrameStats] frame stats update
[22:28:33.579] [FrameStats] frame stats update
[22:28:33.596] [FrameStats] frame stats update
[22:28:33.609] [FrameStats] frame stats update
[22:28:33.622] [FrameStats] frame stats update
[22:28:33.640] [FrameStats] frame stats update
[22:28:33.656] [FrameStats] frame stats update
[22:28:33.671] [FrameStats] frame stats update
[22:28:33.684] [FrameStats] frame stats update
[22:28:33.702] [FrameStats] frame stats update
[22:28:33.718] [FrameStats] frame stats update
[22:28:33.731] [FrameStats] frame stats update
[22:28:33.749] [FrameStats] frame stats update
[22:28:33.765] [FrameStats] frame stats update
[22:28:33.780] [FrameStats] frame stats update
[22:28:33.794] [FrameStats] frame stats update
[22:28:33.813] [FrameStats] frame stats update
[22:28:33.825] [FrameStats] frame stats update
[22:28:33.840] [FrameStats] frame stats update
[22:28:33.859] [FrameStats] frame stats update
[22:28:33.871] [FrameStats] frame stats update
[22:28:33.891] [FrameStats] frame stats update
[22:28:33.903] [FrameStats] frame stats update
[22:28:33.918] [FrameStats] frame stats update
[22:28:33.925] [FrameStats] frame stats update
[22:28:33.929] [FrameStats] frame stats update
[22:28:33.939] [FrameStats] frame stats update
[22:28:33.943] [FrameStats] frame stats update
[22:28:33.949] [FrameStats] frame stats update
[22:28:33.953] [FrameStats] frame stats update
[22:28:33.964] [FrameStats] frame stats update
[22:28:33.967] [FrameStats] frame stats update
[22:28:33.977] [FrameStats] frame stats update
[22:28:33.980] [FrameStats] frame stats update
[22:28:33.987] [FrameStats] frame stats update
[22:28:33.991] [FrameStats] frame stats update
[22:28:34.001] [FrameStats] frame stats update
[22:28:34.005] [FrameStats] frame stats update
[22:28:34.012] [FrameStats] frame stats update
[22:28:34.018] [FrameStats] frame stats update
[22:28:34.024] [FrameStats] frame stats update
[22:28:34.028] [FrameStats] frame stats update
[22:28:34.040] [FrameStats] frame stats update
[22:28:34.043] [FrameStats] frame stats update
[22:28:34.049] [FrameStats] frame stats update
[22:28:34.053] [FrameStats] frame stats update
[22:28:34.060] [FrameStats] frame stats update
[22:28:34.064] [FrameStats] frame stats update
[22:28:34.070] [FrameStats] frame stats update
[22:28:34.077] [FrameStats] frame stats update
[22:28:34.080] [FrameStats] frame stats update
[22:28:34.087] [FrameStats] frame stats update
[22:28:34.091] [FrameStats] frame stats update
[22:28:34.097] [FrameStats] frame stats update
[22:28:34.101] [FrameStats] frame stats update
[22:28:34.108] [FrameStats] frame stats update
[22:28:34.112] [FrameStats] frame stats update
[22:28:34.118] [FrameStats] frame stats update
[22:28:34.122] [FrameStats] frame stats update
[22:28:34.128] [FrameStats] frame stats update
[22:28:34.133] [FrameStats] frame stats update
[22:28:34.140] [FrameStats] frame stats update
[22:28:34.143] [FrameStats] frame stats update
[22:28:34.149] [FrameStats] frame stats update
[22:28:34.153] [FrameStats] frame stats update
[22:28:34.164] [FrameStats] frame stats update
[22:28:34.167] [FrameStats] frame stats update
[22:28:34.178] [FrameStats] frame stats update
[22:28:34.181] [FrameStats] frame stats update
[22:28:34.187] [FrameStats] frame stats update
[22:28:34.191] [FrameStats] frame stats update
[22:28:34.197] [FrameStats] frame stats update
[22:28:34.201] [FrameStats] frame stats update
[22:28:34.208] [FrameStats] frame stats update
[22:28:34.212] [FrameStats] frame stats update
[22:28:34.218] [FrameStats] frame stats update
[22:28:34.222] [FrameStats] frame stats update
[22:28:34.228] [FrameStats] frame stats update
[22:28:34.233] [FrameStats] frame stats update
[22:28:34.239] [FrameStats] frame stats update
[22:28:34.243] [FrameStats] frame stats update
[22:28:34.249] [FrameStats] frame stats update
[22:28:34.253] [FrameStats] frame stats update
[22:28:34.260] [FrameStats] frame stats update
[22:28:34.263] [FrameStats] frame stats update
[22:28:34.270] [FrameStats] frame stats update
[22:28:34.277] [FrameStats] frame stats update
[22:28:34.280] [FrameStats] frame stats update
[22:28:34.287] [FrameStats] frame stats update
[22:28:34.291] [FrameStats] frame stats update
[22:28:34.297] [FrameStats] frame stats update
[22:28:34.301] [FrameStats] frame stats update
[22:28:34.308] [FrameStats] frame stats update
[22:28:34.312] [FrameStats] frame stats update
[22:28:34.318] [FrameStats] frame stats update
[22:28:34.322] [FrameStats] frame stats update
[22:28:34.328] [FrameStats] frame stats update
[22:28:34.334] [FrameStats] frame stats update
[22:28:34.341] [FrameStats] frame stats update
[22:28:34.346] [FrameStats] frame stats update
[22:28:34.350] [FrameStats] frame stats update
[22:28:34.354] [FrameStats] frame stats update
[22:28:34.360] [FrameStats] frame stats update
[22:28:34.365] [FrameStats] frame stats update
[22:28:34.370] [FrameStats] frame stats update
[22:28:34.377] [FrameStats] frame stats update
[22:28:34.381] [FrameStats] frame stats update
[22:28:34.387] [FrameStats] frame stats update
[22:28:34.391] [FrameStats] frame stats update
[22:28:34.398] [FrameStats] frame stats update
[22:28:34.402] [FrameStats] frame stats update
[22:28:34.408] [FrameStats] frame stats update
[22:28:34.412] [FrameStats] frame stats update
[22:28:34.419] [FrameStats] frame stats update
[22:28:34.422] [FrameStats] frame stats update
[22:28:34.429] [FrameStats] frame stats update
[22:28:34.437] [FrameStats] frame stats update
[22:28:34.444] [FrameStats] frame stats update
[22:28:34.448] [FrameStats] frame stats update
[22:28:34.454] [FrameStats] frame stats update
[22:28:34.460] [FrameStats] frame stats update
[22:28:34.465] [FrameStats] frame stats update
[22:28:34.470] [FrameStats] frame stats update
[22:28:34.477] [FrameStats] frame stats update
[22:28:34.483] [FrameStats] frame stats update
[22:28:34.487] [FrameStats] frame stats update
[22:28:34.491] [FrameStats] frame stats update
[22:28:34.497] [FrameStats] frame stats update
[22:28:34.501] [FrameStats] frame stats update
[22:28:34.508] [FrameStats] frame stats update
[22:28:34.512] [FrameStats] frame stats update
[22:28:34.518] [FrameStats] frame stats update
[22:28:34.522] [FrameStats] frame stats update
[22:28:34.529] [FrameStats] frame stats update
[22:28:34.533] [FrameStats] frame stats update
[22:28:34.546] [FrameStats] frame stats update
[22:28:34.549] [FrameStats] frame stats update
[22:28:34.561] [FrameStats] frame stats update
[22:28:34.565] [FrameStats] frame stats update
[22:28:34.571] [FrameStats] frame stats update
[22:28:34.577] [FrameStats] frame stats update
[22:28:34.583] [FrameStats] frame stats update
[22:28:34.587] [FrameStats] frame stats update
[22:28:34.591] [FrameStats] frame stats update
[22:28:34.598] [FrameStats] frame stats update
[22:28:34.604] [FrameStats] frame stats update
[22:28:34.608] [FrameStats] frame stats update
[22:28:34.619] [FrameStats] frame stats update
[22:28:34.623] [FrameStats] frame stats update
[22:28:34.628] [FrameStats] frame stats update
[22:28:34.633] [FrameStats] frame stats update
[22:28:34.641] [FrameStats] frame stats update
[22:28:34.646] [FrameStats] frame stats update
[22:28:34.653] [FrameStats] frame stats update
[22:28:34.665] [FrameStats] frame stats update
[22:28:34.669] [FrameStats] frame stats update
[22:28:34.678] [FrameStats] frame stats update
[22:28:34.681] [FrameStats] frame stats update
[22:28:34.687] [FrameStats] frame stats update
[22:28:34.691] [FrameStats] frame stats update
[22:28:34.698] [FrameStats] frame stats update
[22:28:34.701] [FrameStats] frame stats update
[22:28:34.708] [FrameStats] frame stats update
[22:28:34.712] [FrameStats] frame stats update
[22:28:34.724] [FrameStats] frame stats update
[22:28:34.728] [FrameStats] frame stats update
[22:28:34.733] [FrameStats] frame stats update
[22:28:34.740] [FrameStats] frame stats update
[22:28:34.744] [FrameStats] frame stats update
[22:28:34.750] [FrameStats] frame stats update
[22:28:34.753] [FrameStats] frame stats update
[22:28:34.761] [FrameStats] frame stats update
[22:28:34.764] [FrameStats] frame stats update
[22:28:34.771] [FrameStats] frame stats update
[22:28:34.776] [FrameStats] frame stats update
[22:28:34.781] [FrameStats] frame stats update
[22:28:34.787] [FrameStats] frame stats update
[22:28:34.791] [FrameStats] frame stats update
[22:28:34.803] [FrameStats] frame stats update
[22:28:34.807] [FrameStats] frame stats update
[22:28:34.812] [FrameStats] frame stats update
[22:28:34.818] [FrameStats] frame stats update
[22:28:34.822] [FrameStats] frame stats update
[22:28:34.829] [FrameStats] frame stats update
[22:28:34.833] [FrameStats] frame stats update
[22:28:34.844] [FrameStats] frame stats update
[22:28:34.848] [FrameStats] frame stats update
[22:28:34.854] [FrameStats] frame stats update
[22:28:34.860] [FrameStats] frame stats update
[22:28:34.864] [FrameStats] frame stats update
[22:28:34.870] [FrameStats] frame stats update
[22:28:34.877] [FrameStats] frame stats update
[22:28:34.880] [FrameStats] frame stats update
[22:28:34.887] [FrameStats] frame stats update
[22:28:34.891] [FrameStats] frame stats update
[22:28:34.898] [FrameStats] frame stats update
[22:28:34.901] [FrameStats] frame stats update
[22:28:34.908] [FrameStats] frame stats update
[22:28:34.912] [FrameStats] frame stats update
[22:28:34.918] [FrameStats] frame stats update
[22:28:34.922] [FrameStats] frame stats update
[22:28:34.929] [FrameStats] frame stats update
[22:28:34.933] [FrameStats] frame stats update
[22:28:34.944] [FrameStats] frame stats update
[22:28:34.948] [FrameStats] frame stats update
[22:28:34.954] [FrameStats] frame stats update
[22:28:34.960] [FrameStats] frame stats update
[22:28:34.966] [FrameStats] frame stats update
[22:28:34.970] [FrameStats] frame stats update
[22:28:34.977] [FrameStats] frame stats update
[22:28:34.981] [FrameStats] frame stats update
[22:28:34.987] [FrameStats] frame stats update
[22:28:34.991] [FrameStats] frame stats update
[22:28:35.003] [FrameStats] frame stats update
[22:28:35.007] [FrameStats] frame stats update
[22:28:35.012] [FrameStats] frame stats update
[22:28:35.019] [FrameStats] frame stats update
[22:28:35.022] [FrameStats] frame stats update
[22:28:35.029] [FrameStats] frame stats update
[22:28:35.032] [FrameStats] frame stats update
[22:28:35.039] [FrameStats] frame stats update
[22:28:35.043] [FrameStats] frame stats update
[22:28:35.050] [FrameStats] frame stats update
[22:28:35.053] [FrameStats] frame stats update
[22:28:35.060] [FrameStats] frame stats update
[22:28:35.064] [FrameStats] frame stats update
[22:28:35.070] [FrameStats] frame stats update
[22:28:35.077] [FrameStats] frame stats update
[22:28:35.080] [FrameStats] frame stats update
[22:28:35.087] [FrameStats] frame stats update
[22:28:35.091] [FrameStats] frame stats update
[22:28:35.103] [FrameStats] frame stats update
[22:28:35.108] [FrameStats] frame stats update
[22:28:35.112] [FrameStats] frame stats update
[22:28:35.119] [FrameStats] frame stats update
[22:28:35.122] [FrameStats] frame stats update
[22:28:35.129] [FrameStats] frame stats update
[22:28:35.133] [FrameStats] frame stats update
[22:28:35.139] [FrameStats] frame stats update
[22:28:35.143] [FrameStats] frame stats update
[22:28:35.154] [FrameStats] frame stats update
[22:28:35.162] [FrameStats] frame stats update
[22:28:35.168] [FrameStats] frame stats update
[22:28:35.172] [FrameStats] frame stats update
[22:28:35.181] [FrameStats] frame stats update
[22:28:35.186] [FrameStats] frame stats update
[22:28:35.191] [FrameStats] frame stats update
[22:28:35.197] [FrameStats] frame stats update
[22:28:35.204] [FrameStats] frame stats update
[22:28:35.207] [FrameStats] frame stats update
[22:28:35.220] [FrameStats] frame stats update
[22:28:35.223] [FrameStats] frame stats update
[22:28:35.229] [FrameStats] frame stats update
[22:28:35.233] [FrameStats] frame stats update
[22:28:35.244] [FrameStats] frame stats update
[22:28:35.248] [FrameStats] frame stats update
[22:28:35.254] [FrameStats] frame stats update
[22:28:35.260] [FrameStats] frame stats update
[22:28:35.266] [FrameStats] frame stats update
[22:28:35.270] [FrameStats] frame stats update
[22:28:35.281] [FrameStats] frame stats update
[22:28:35.285] [FrameStats] frame stats update
[22:28:35.291] [FrameStats] frame stats update
[22:28:35.298] [FrameStats] frame stats update
[22:28:35.302] [FrameStats] frame stats update
[22:28:35.308] [FrameStats] frame stats update
[22:28:35.312] [FrameStats] frame stats update
[22:28:35.323] [FrameStats] frame stats update
[22:28:35.327] [FrameStats] frame stats update
[22:28:35.333] [FrameStats] frame stats update
[22:28:35.340] [FrameStats] frame stats update
[22:28:35.345] [FrameStats] frame stats update
[22:28:35.350] [FrameStats] frame stats update
[22:28:35.361] [FrameStats] frame stats update
[22:28:35.365] [FrameStats] frame stats update
[22:28:35.370] [FrameStats] frame stats update
[22:28:35.377] [FrameStats] frame stats update
[22:28:35.381] [FrameStats] frame stats update
[22:28:35.387] [FrameStats] frame stats update
[22:28:35.391] [FrameStats] frame stats update
[22:28:35.403] [FrameStats] frame stats update
[22:28:35.407] [FrameStats] frame stats update
[22:28:35.412] [FrameStats] frame stats update
[22:28:35.419] [FrameStats] frame stats update
[22:28:35.423] [FrameStats] frame stats update
[22:28:35.429] [FrameStats] frame stats update
[22:28:35.433] [FrameStats] frame stats update
[22:28:35.440] [FrameStats] frame stats update
[22:28:35.444] [FrameStats] frame stats update
[22:28:35.450] [FrameStats] frame stats update
[22:28:35.453] [FrameStats] frame stats update
[22:28:35.465] [FrameStats] frame stats update
[22:28:35.469] [FrameStats] frame stats update
[22:28:35.477] [FrameStats] frame stats update
[22:28:35.481] [FrameStats] frame stats update
[22:28:35.487] [FrameStats] frame stats update
[22:28:35.491] [FrameStats] frame stats update
[22:28:35.502] [FrameStats] frame stats update
[22:28:35.506] [FrameStats] frame stats update
[22:28:35.512] [FrameStats] frame stats update
[22:28:35.518] [FrameStats] frame stats update
[22:28:35.525] [FrameStats] frame stats update
[22:28:35.528] [FrameStats] frame stats update
[22:28:35.541] [FrameStats] frame stats update
[22:28:35.545] [FrameStats] frame stats update
[22:28:35.549] [FrameStats] frame stats update
[22:28:35.554] [FrameStats] frame stats update
[22:28:35.560] [FrameStats] frame stats update
[22:28:35.564] [FrameStats] frame stats update
[22:28:35.570] [FrameStats] frame stats update
[22:28:35.577] [FrameStats] frame stats update
[22:28:35.583] [FrameStats] frame stats update
[22:28:35.587] [FrameStats] frame stats update
[22:28:35.591] [FrameStats] frame stats update
[22:28:35.598] [FrameStats] frame stats update
[22:28:35.602] [FrameStats] frame stats update
[22:28:35.608] [FrameStats] frame stats update
[22:28:35.612] [FrameStats] frame stats update
[22:28:35.619] [FrameStats] frame stats update
[22:28:35.623] [FrameStats] frame stats update
[22:28:35.628] [FrameStats] frame stats update
[22:28:35.633] [FrameStats] frame stats update
[22:28:35.640] [FrameStats] frame stats update
[22:28:35.645] [FrameStats] frame stats update
[22:28:35.649] [FrameStats] frame stats update
[22:28:35.654] [FrameStats] frame stats update
[22:28:35.660] [FrameStats] frame stats update
[22:28:35.666] [FrameStats] frame stats update
[22:28:35.670] [FrameStats] frame stats update
[22:28:35.682] [FrameStats] frame stats update
[22:28:35.686] [FrameStats] frame stats update
[22:28:35.691] [FrameStats] frame stats update
[22:28:35.698] [FrameStats] frame stats update
[22:28:35.702] [FrameStats] frame stats update
[22:28:35.708] [FrameStats] frame stats update
[22:28:35.712] [FrameStats] frame stats update
[22:28:35.719] [FrameStats] frame stats update
[22:28:35.723] [FrameStats] frame stats update
[22:28:35.729] [FrameStats] frame stats update
[22:28:35.733] [FrameStats] frame stats update
[22:28:35.740] [FrameStats] frame stats update
[22:28:35.744] [FrameStats] frame stats update
[22:28:35.750] [FrameStats] frame stats update
[22:28:35.753] [FrameStats] frame stats update
[22:28:35.760] [FrameStats] frame stats update
[22:28:35.764] [FrameStats] frame stats update
[22:28:35.770] [FrameStats] frame stats update
[22:28:35.777] [FrameStats] frame stats update
[22:28:35.783] [FrameStats] frame stats update
[22:28:35.787] [FrameStats] frame stats update
[22:28:35.798] [FrameStats] frame stats update
[22:28:35.803] [FrameStats] frame stats update
[22:28:35.808] [FrameStats] frame stats update
[22:28:35.812] [FrameStats] frame stats update
[22:28:35.823] [FrameStats] frame stats update
[22:28:35.827] [FrameStats] frame stats update
[22:28:35.833] [FrameStats] frame stats update
[22:28:35.839] [FrameStats] frame stats update
[22:28:35.846] [FrameStats] frame stats update
[22:28:35.850] [FrameStats] frame stats update
[22:28:35.861] [FrameStats] frame stats update
[22:28:35.865] [FrameStats] frame stats update
[22:28:35.870] [FrameStats] frame stats update
[22:28:35.877] [FrameStats] frame stats update
[22:28:35.883] [FrameStats] frame stats update
[22:28:35.887] [FrameStats] frame stats update
[22:28:35.898] [FrameStats] frame stats update
[22:28:35.902] [FrameStats] frame stats update
[22:28:35.907] [FrameStats] frame stats update
[22:28:35.912] [FrameStats] frame stats update
[22:28:35.918] [FrameStats] frame stats update
[22:28:35.922] [FrameStats] frame stats update
[22:28:35.928] [FrameStats] frame stats update
[22:28:35.932] [FrameStats] frame stats update
[22:28:35.939] [FrameStats] frame stats update
[22:28:35.943] [FrameStats] frame stats update
[22:28:35.949] [FrameStats] frame stats update
[22:28:35.953] [FrameStats] frame stats update
[22:28:35.960] [FrameStats] frame stats update
[22:28:35.964] [FrameStats] frame stats update
[22:28:35.970] [FrameStats] frame stats update
[22:28:35.977] [FrameStats] frame stats update
[22:28:35.980] [FrameStats] frame stats update
[22:28:35.987] [FrameStats] frame stats update
[22:28:35.991] [FrameStats] frame stats update
[22:28:35.997] [FrameStats] frame stats update
[22:28:36.001] [FrameStats] frame stats update
[22:28:36.008] [FrameStats] frame stats update
[22:28:36.012] [FrameStats] frame stats update
[22:28:36.018] [FrameStats] frame stats update
[22:28:36.022] [FrameStats] frame stats update
[22:28:36.028] [FrameStats] frame stats update
[22:28:36.032] [FrameStats] frame stats update
[22:28:36.039] [FrameStats] frame stats update
[22:28:36.043] [FrameStats] frame stats update
[22:28:36.049] [FrameStats] frame stats update
[22:28:36.053] [FrameStats] frame stats update
[22:28:36.060] [FrameStats] frame stats update
[22:28:36.063] [FrameStats] frame stats update
[22:28:36.070] [FrameStats] frame stats update
[22:28:36.077] [FrameStats] frame stats update
[22:28:36.080] [FrameStats] frame stats update
[22:28:36.087] [FrameStats] frame stats update
[22:28:36.091] [FrameStats] frame stats update
[22:28:36.097] [FrameStats] frame stats update
[22:28:36.102] [FrameStats] frame stats update
[22:28:36.107] [FrameStats] frame stats update
[22:28:36.111] [FrameStats] frame stats update
[22:28:36.118] [FrameStats] frame stats update
[22:28:36.122] [FrameStats] frame stats update
[22:28:36.128] [FrameStats] frame stats update
[22:28:36.133] [FrameStats] frame stats update
[22:28:36.140] [FrameStats] frame stats update
[22:28:36.143] [FrameStats] frame stats update
[22:28:36.149] [FrameStats] frame stats update
[22:28:36.153] [FrameStats] frame stats update
[22:28:36.160] [FrameStats] frame stats update
[22:28:36.164] [FrameStats] frame stats update
[22:28:36.170] [FrameStats] frame stats update
[22:28:36.177] [FrameStats] frame stats update
[22:28:36.181] [FrameStats] frame stats update
[22:28:36.187] [FrameStats] frame stats update
[22:28:36.191] [FrameStats] frame stats update
[22:28:36.197] [FrameStats] frame stats update
[22:28:36.201] [FrameStats] frame stats update
[22:28:36.208] [FrameStats] frame stats update
[22:28:36.212] [FrameStats] frame stats update
[22:28:36.218] [FrameStats] frame stats update
[22:28:36.222] [FrameStats] frame stats update
[22:28:36.228] [FrameStats] frame stats update
[22:28:36.232] [FrameStats] frame stats update
[22:28:36.240] [FrameStats] frame stats update
[22:28:36.244] [FrameStats] frame stats update
[22:28:36.249] [FrameStats] frame stats update
[22:28:36.253] [FrameStats] frame stats update
[22:28:36.260] [FrameStats] frame stats update
[22:28:36.266] [FrameStats] frame stats update
[22:28:36.270] [FrameStats] frame stats update
[22:28:36.281] [FrameStats] frame stats update
[22:28:36.285] [FrameStats] frame stats update
[22:28:36.291] [FrameStats] frame stats update
[22:28:36.297] [FrameStats] frame stats update
[22:28:36.301] [FrameStats] frame stats update
[22:28:36.307] [FrameStats] frame stats update
[22:28:36.312] [FrameStats] frame stats update
[22:28:36.320] [FrameStats] frame stats update
[22:28:36.330] [FrameStats] have options menu
[22:28:36.330] [FrameStats] added frame stats settings
[22:28:36.331] [FrameStats] frame stats update
[22:28:36.338] [FrameStats] frame stats update
[22:28:36.341] [FrameStats] frame stats update
[22:28:36.346] [FrameStats] frame stats update
[22:28:36.354] [FrameStats] frame stats update
[22:28:36.363] [FrameStats] frame stats update
[22:28:36.372] [FrameStats] frame stats update
[22:28:36.378] [FrameStats] frame stats update
[22:28:36.382] [FrameStats] frame stats update
[22:28:36.391] [FrameStats] frame stats update
[22:28:36.397] [FrameStats] frame stats update
[22:28:36.401] [FrameStats] frame stats update
[22:28:36.407] [FrameStats] frame stats update
[22:28:36.411] [FrameStats] frame stats update
[22:28:36.418] [FrameStats] frame stats update
[22:28:36.421] [FrameStats] frame stats update
[22:28:36.428] [FrameStats] frame stats update
[22:28:36.433] [FrameStats] frame stats update
[22:28:36.438] [FrameStats] frame stats update
[22:28:36.442] [FrameStats] frame stats update
[22:28:36.449] [FrameStats] frame stats update
[22:28:36.453] [FrameStats] frame stats update
[22:28:36.459] [FrameStats] frame stats update
[22:28:36.463] [FrameStats] frame stats update
[22:28:36.470] [FrameStats] frame stats update
[22:28:36.476] [FrameStats] frame stats update
[22:28:36.479] [FrameStats] frame stats update
[22:28:36.487] [FrameStats] frame stats update
[22:28:36.491] [FrameStats] frame stats update
[22:28:36.497] [FrameStats] frame stats update
[22:28:36.500] [FrameStats] frame stats update
[22:28:36.508] [FrameStats] frame stats update
[22:28:36.512] [FrameStats] frame stats update
[22:28:36.518] [FrameStats] frame stats update
[22:28:36.521] [FrameStats] frame stats update
[22:28:36.528] [FrameStats] frame stats update
[22:28:36.532] [FrameStats] frame stats update
[22:28:36.543] [FrameStats] frame stats update
[22:28:36.547] [FrameStats] frame stats update
[22:28:36.553] [FrameStats] frame stats update
[22:28:36.559] [FrameStats] frame stats update
[22:28:36.563] [FrameStats] frame stats update
[22:28:36.570] [FrameStats] frame stats update
[22:28:36.576] [FrameStats] frame stats update
[22:28:36.580] [FrameStats] frame stats update
[22:28:36.587] [FrameStats] frame stats update
[22:28:36.591] [FrameStats] frame stats update
[22:28:36.597] [FrameStats] frame stats update
[22:28:36.600] [FrameStats] frame stats update
[22:28:36.608] [FrameStats] frame stats update
[22:28:36.612] [FrameStats] frame stats update
[22:28:36.617] [FrameStats] frame stats update
[22:28:36.621] [FrameStats] frame stats update
[22:28:36.628] [FrameStats] frame stats update
[22:28:36.632] [FrameStats] frame stats update
[22:28:36.639] [FrameStats] frame stats update
[22:28:36.642] [FrameStats] frame stats update
[22:28:36.649] [FrameStats] frame stats update
[22:28:36.657] [FrameStats] frame stats update
[22:28:36.664] [FrameStats] frame stats update
[22:28:36.668] [FrameStats] frame stats update
[22:28:36.676] [FrameStats] frame stats update
[22:28:36.681] [FrameStats] frame stats update
[22:28:36.687] [FrameStats] frame stats update
[22:28:36.691] [FrameStats] frame stats update
[22:28:36.697] [FrameStats] frame stats update
[22:28:36.701] [FrameStats] frame stats update
[22:28:36.708] [FrameStats] frame stats update
[22:28:36.712] [FrameStats] frame stats update
[22:28:36.722] [FrameStats] frame stats update
[22:28:36.726] [FrameStats] frame stats update
[22:28:36.733] [FrameStats] frame stats update
[22:28:36.739] [FrameStats] frame stats update
[22:28:36.743] [FrameStats] frame stats update
[22:28:36.750] [FrameStats] frame stats update
[22:28:36.754] [FrameStats] frame stats update
[22:28:36.764] [FrameStats] frame stats update
[22:28:36.768] [FrameStats] frame stats update
[22:28:36.776] [FrameStats] frame stats update
[22:28:36.780] [FrameStats] frame stats update
[22:28:36.787] [FrameStats] frame stats update
[22:28:36.792] [FrameStats] frame stats update
[22:28:36.801] [FrameStats] frame stats update
[22:28:36.805] [FrameStats] frame stats update
[22:28:36.812] [FrameStats] frame stats update
[22:28:36.818] [FrameStats] frame stats update
[22:28:36.824] [FrameStats] frame stats update
[22:28:36.828] [FrameStats] frame stats update
[22:28:36.839] [FrameStats] frame stats update
[22:28:36.843] [FrameStats] frame stats update
[22:28:36.849] [FrameStats] frame stats update
[22:28:36.854] [FrameStats] frame stats update
[22:28:36.860] [FrameStats] frame stats update
[22:28:36.866] [FrameStats] frame stats update
[22:28:36.870] [FrameStats] frame stats update
[22:28:36.880] [FrameStats] frame stats update
[22:28:36.883] [FrameStats] frame stats update
[22:28:36.891] [FrameStats] frame stats update
[22:28:36.897] [FrameStats] frame stats update
[22:28:36.900] [FrameStats] frame stats update
[22:28:36.908] [FrameStats] frame stats update
[22:28:36.911] [FrameStats] frame stats update
[22:28:36.917] [FrameStats] frame stats update
[22:28:36.921] [FrameStats] frame stats update
[22:28:36.929] [FrameStats] frame stats update
[22:28:36.932] [FrameStats] frame stats update
[22:28:36.942] [FrameStats] frame stats update
[22:28:36.946] [FrameStats] frame stats update
[22:28:36.953] [FrameStats] frame stats update
[22:28:36.959] [FrameStats] frame stats update
[22:28:36.963] [FrameStats] frame stats update
[22:28:36.970] [FrameStats] frame stats update
[22:28:36.976] [FrameStats] frame stats update
[22:28:36.979] [FrameStats] frame stats update
[22:28:36.987] [FrameStats] frame stats update
[22:28:36.991] [FrameStats] frame stats update
[22:28:36.997] [FrameStats] frame stats update
[22:28:37.001] [FrameStats] frame stats update
[22:28:37.008] [FrameStats] frame stats update
[22:28:37.012] [FrameStats] frame stats update
[22:28:37.022] [FrameStats] frame stats update
[22:28:37.027] [FrameStats] frame stats update
[22:28:37.032] [FrameStats] frame stats update
[22:28:37.039] [FrameStats] frame stats update
[22:28:37.043] [FrameStats] frame stats update
[22:28:37.049] [FrameStats] frame stats update
[22:28:37.053] [FrameStats] frame stats update
[22:28:37.059] [FrameStats] frame stats update
[22:28:37.063] [FrameStats] frame stats update
[22:28:37.071] [FrameStats] frame stats update
[22:28:37.077] [FrameStats] frame stats update
[22:28:37.083] [FrameStats] frame stats update
[22:28:37.087] [FrameStats] frame stats update
[22:28:37.097] [FrameStats] frame stats update
[22:28:37.101] [FrameStats] frame stats update
[22:28:37.108] [FrameStats] frame stats update
[22:28:37.112] [FrameStats] frame stats update
[22:28:37.122] [FrameStats] frame stats update
[22:28:37.126] [FrameStats] frame stats update
[22:28:37.133] [FrameStats] frame stats update
[22:28:37.138] [FrameStats] frame stats update
[22:28:37.145] [FrameStats] frame stats update
[22:28:37.149] [FrameStats] frame stats update
[22:28:37.160] [FrameStats] frame stats update
[22:28:37.164] [FrameStats] frame stats update
[22:28:37.170] [FrameStats] frame stats update
[22:28:37.176] [FrameStats] frame stats update
[22:28:37.183] [FrameStats] frame stats update
[22:28:37.187] [FrameStats] frame stats update
[22:28:37.191] [FrameStats] frame stats update
[22:28:37.197] [FrameStats] frame stats update
[22:28:37.201] [FrameStats] frame stats update
[22:28:37.208] [FrameStats] frame stats update
[22:28:37.211] [FrameStats] frame stats update
[22:28:37.222] [FrameStats] frame stats update
[22:28:37.226] [FrameStats] frame stats update
[22:28:37.233] [FrameStats] frame stats update
[22:28:37.239] [FrameStats] frame stats update
[22:28:37.243] [FrameStats] frame stats update
[22:28:37.249] [FrameStats] frame stats update
[22:28:37.253] [FrameStats] frame stats update
[22:28:37.259] [FrameStats] frame stats update
[22:28:37.263] [FrameStats] frame stats update
[22:28:37.270] [FrameStats] frame stats update
[22:28:37.276] [FrameStats] frame stats update
[22:28:37.283] [FrameStats] frame stats update
[22:28:37.287] [FrameStats] frame stats update
[22:28:37.297] [FrameStats] frame stats update
[22:28:37.301] [FrameStats] frame stats update
[22:28:37.308] [FrameStats] frame stats update
[22:28:37.312] [FrameStats] frame stats update
[22:28:37.322] [FrameStats] frame stats update
[22:28:37.326] [FrameStats] frame stats update
[22:28:37.332] [FrameStats] frame stats update
[22:28:37.339] [FrameStats] frame stats update
[22:28:37.343] [FrameStats] frame stats update
[22:28:37.349] [FrameStats] frame stats update
[22:28:37.353] [FrameStats] frame stats update
[22:28:37.364] [FrameStats] frame stats update
[22:28:37.368] [FrameStats] frame stats update
[22:28:37.376] [FrameStats] frame stats update
[22:28:37.380] [FrameStats] frame stats update
[22:28:37.387] [FrameStats] frame stats update
[22:28:37.391] [FrameStats] frame stats update
[22:28:37.396] [FrameStats] frame stats update
[22:28:37.400] [FrameStats] frame stats update
[22:28:37.409] [FrameStats] frame stats update
[22:28:37.412] [FrameStats] frame stats update
[22:28:37.422] [FrameStats] frame stats update
[22:28:37.426] [FrameStats] frame stats update
[22:28:37.433] [FrameStats] frame stats update
[22:28:37.438] [FrameStats] frame stats update
[22:28:37.442] [FrameStats] frame stats update
[22:28:37.449] [FrameStats] frame stats update
[22:28:37.453] [FrameStats] frame stats update
[22:28:37.464] [FrameStats] frame stats update
[22:28:37.468] [FrameStats] frame stats update
[22:28:37.476] [FrameStats] frame stats update
[22:28:37.480] [FrameStats] frame stats update
[22:28:37.486] [FrameStats] frame stats update
[22:28:37.491] [FrameStats] frame stats update
[22:28:37.496] [FrameStats] frame stats update
[22:28:37.500] [FrameStats] frame stats update
[22:28:37.508] [FrameStats] frame stats update
[22:28:37.511] [FrameStats] frame stats update
[22:28:37.522] [FrameStats] frame stats update
[22:28:37.526] [FrameStats] frame stats update
[22:28:37.533] [FrameStats] frame stats update
[22:28:37.539] [FrameStats] frame stats update
[22:28:37.545] [FrameStats] frame stats update
[22:28:37.549] [FrameStats] frame stats update
[22:28:37.553] [FrameStats] frame stats update
[22:28:37.560] [FrameStats] frame stats update
[22:28:37.564] [FrameStats] frame stats update
[22:28:37.570] [FrameStats] frame stats update
[22:28:37.576] [FrameStats] frame stats update
[22:28:37.580] [FrameStats] frame stats update
[22:28:37.587] [FrameStats] frame stats update
[22:28:37.591] [FrameStats] frame stats update
[22:28:37.597] [FrameStats] frame stats update
[22:28:37.601] [FrameStats] frame stats update
[22:28:37.607] [FrameStats] frame stats update
[22:28:37.612] [FrameStats] frame stats update
[22:28:37.618] [FrameStats] frame stats update
[22:28:37.622] [FrameStats] frame stats update
[22:28:37.629] [FrameStats] frame stats update
[22:28:37.632] [FrameStats] frame stats update
[22:28:37.643] [FrameStats] frame stats update
[22:28:37.647] [FrameStats] frame stats update
[22:28:37.653] [FrameStats] frame stats update
[22:28:37.660] [FrameStats] frame stats update
[22:28:37.663] [FrameStats] frame stats update
[22:28:37.670] [FrameStats] frame stats update
[22:28:37.676] [FrameStats] frame stats update
[22:28:37.682] [FrameStats] frame stats update
[22:28:37.686] [FrameStats] frame stats update
[22:28:37.691] [FrameStats] frame stats update
[22:28:37.696] [FrameStats] frame stats update
[22:28:37.703] [FrameStats] frame stats update
[22:28:37.708] [FrameStats] frame stats update
[22:28:37.711] [FrameStats] frame stats update
[22:28:37.717] [FrameStats] frame stats update
[22:28:37.721] [FrameStats] frame stats update
[22:28:37.728] [FrameStats] frame stats update
[22:28:37.733] [FrameStats] frame stats update
[22:28:37.738] [FrameStats] frame stats update
[22:28:37.742] [FrameStats] frame stats update
[22:28:37.749] [FrameStats] frame stats update
[22:28:37.753] [FrameStats] frame stats update
[22:28:37.759] [FrameStats] frame stats update
[22:28:37.762] [FrameStats] frame stats update
[22:28:37.770] [FrameStats] frame stats update
[22:28:37.776] [FrameStats] frame stats update
[22:28:37.779] [FrameStats] frame stats update
[22:28:37.787] [FrameStats] frame stats update
[22:28:37.791] [FrameStats] frame stats update
[22:28:37.801] [FrameStats] frame stats update
[22:28:37.804] [FrameStats] frame stats update
[22:28:37.812] [FrameStats] frame stats update
[22:28:37.817] [FrameStats] frame stats update
[22:28:37.824] [FrameStats] frame stats update
[22:28:37.828] [FrameStats] frame stats update
[22:28:37.839] [FrameStats] frame stats update
[22:28:37.844] [FrameStats] frame stats update
[22:28:37.849] [FrameStats] frame stats update
[22:28:37.853] [FrameStats] frame stats update
[22:28:37.859] [FrameStats] frame stats update
[22:28:37.863] [FrameStats] frame stats update
[22:28:37.870] [FrameStats] frame stats update
[22:28:37.876] [FrameStats] frame stats update
[22:28:37.879] [FrameStats] frame stats update
[22:28:37.887] [FrameStats] frame stats update
[22:28:37.891] [FrameStats] frame stats update
[22:28:37.900] [FrameStats] frame stats update
[22:28:37.904] [FrameStats] frame stats update
[22:28:37.911] [FrameStats] frame stats update
[22:28:37.917] [FrameStats] frame stats update
[22:28:37.921] [FrameStats] frame stats update
[22:28:37.928] [FrameStats] frame stats update
[22:28:37.932] [FrameStats] frame stats update
[22:28:37.938] [FrameStats] frame stats update
[22:28:37.942] [FrameStats] frame stats update
[22:28:37.949] [FrameStats] frame stats update
[22:28:37.953] [FrameStats] frame stats update
[22:28:37.959] [FrameStats] frame stats update
[22:28:37.969] [FrameStats] frame stats updates disabled
[22:28:37.969] [FrameStats] Toggle: False
[22:28:39.903] [FrameStats] lost options menu
[22:28:48.435] [FrameStats] scene MainMenu loaded, index 0
[22:28:54.988] [FrameStats] have options menu
[22:28:54.989] [FrameStats] added frame stats settings
[22:28:56.533] [FrameStats] System.NullReferenceException
  at (wrapper managed-to-native) UnityEngine.GameObject.SetActive(UnityEngine.GameObject,bool)
  at FrameStats.Core+<>c__DisplayClass9_0.<CreateFrameStatsPanelUI>b__0 (System.Boolean prevValue, System.Boolean curValue) [0x00001] in <b6b01e404338415488eb0841a12a4bfc>:0 
  at MelonLoader.MelonEvent`2+<>c__DisplayClass1_0[T1,T2].<Invoke>b__0 (MelonLoader.LemonAction`2[T1,T2] x) [0x00000] in D:\a\MelonLoader\MelonLoader\MelonLoader\Melons\Events\MelonEvent.cs:192 
  at MelonLoader.MelonEventBase`1[T].Invoke (System.Action`1[T] delegateInvoker) [0x00018] in D:\a\MelonLoader\MelonLoader\MelonLoader\Melons\Events\MelonEvent.cs:143 
[22:28:56.533] [FrameStats] Toggle: True
[22:28:59.967] Preferences Saved!
